[09-05|08:15:35.371] INFO <P Chain> platformvm/vm.go:113 using VM execution config {"config": {"network":{"max-validator-set-staleness":60000000000,"target-gossip-size":20480,"push-gossip-percent-stake":0.9,"push-gossip-num-validators":100,"push-gossip-num-peers":0,"push-regossip-num-validators":10,"push-regossip-num-peers":0,"push-gossip-discarded-cache-size":16384,"push-gossip-max-regossip-frequency":30000000000,"push-gossip-frequency":500000000,"pull-gossip-poll-size":1,"pull-gossip-frequency":1500000000,"pull-gossip-throttling-period":10000000000,"pull-gossip-throttling-limit":2,"expected-bloom-filter-elements":8192,"expected-bloom-filter-false-positive-probability":0.01,"max-bloom-filter-false-positive-probability":0.05},"block-cache-size":67108864,"tx-cache-size":134217728,"transformed-subnet-tx-cache-size":4194304,"reward-utxos-cache-size":2048,"chain-cache-size":2048,"chain-db-cache-size":2048,"block-id-cache-size":8192,"fx-owner-cache-size":4194304,"subnet-manager-cache-size":4194304,"checksums-enabled":false,"mempool-prune-frequency":1800000000000}}
[09-05|08:15:35.394] INFO <P Chain> platformvm/vm.go:224 initializing last accepted {"blkID": "2ACQo7Mgm9ZEpU5jRzpWwihDdNA1pXidiQZWT6oc1PbXkCLBpd"}
[09-05|08:15:35.395] INFO <P Chain> proposervm/vm.go:211 initialized proposervm {"state": "before fork"}
[09-05|08:15:35.395] INFO <P Chain> state/state.go:2413 starting block reindexing
[09-05|08:15:35.397] INFO <P Chain> snowman/engine.go:93 initializing consensus engine
[09-05|08:15:35.398] INFO <P Chain> state/state.go:2518 finished block reindexing {"numIndicesUpdated": 0, "numIndicesChecked": 1, "duration": "2.533583ms"}
[09-05|08:15:35.400] INFO <P Chain> bootstrap/bootstrapper.go:170 starting bootstrapper {"lastAcceptedID": "2ACQo7Mgm9ZEpU5jRzpWwihDdNA1pXidiQZWT6oc1PbXkCLBpd", "lastAcceptedHeight": 0}
[09-05|08:15:35.460] INFO <P Chain> bootstrap/bootstrapper.go:375 starting to fetch blocks {"numKnownBlocks": 0, "numAcceptedBlocks": 1, "numMissingBlocks": 1}
[09-05|08:15:35.461] INFO <P Chain> bootstrap/storage.go:195 executing blocks {"numToExecute": 0}
[09-05|08:15:35.461] INFO <P Chain> bootstrap/storage.go:187 executed blocks {"numExecuted": 0, "numToExecute": 0, "halted": false, "duration": "137.75µs"}
[09-05|08:15:35.461] INFO <P Chain> bootstrap/bootstrapper.go:702 waiting for the remaining chains in this subnet to finish syncing
[09-05|08:15:35.502] INFO <P Chain> snowman/engine.go:513 starting consensus {"lastAcceptedID": "2ACQo7Mgm9ZEpU5jRzpWwihDdNA1pXidiQZWT6oc1PbXkCLBpd", "lastAcceptedHeight": 0}
[09-05|08:15:35.503] INFO <P Chain> validators/logger.go:50 node added to validator set {"subnetID": "11111111111111111111111111111111LpoYY", "nodeID": "NodeID-P7oB2McjBGgW2NXXWVYjV8JEDFoW9xDE5", "publicKey": "0xa37e938a8e1fb71286ae1a9dc81585bae5c63d8cae3b95160ce9acce621c8ee64afa0491a2c757ba24d8be2da1052090", "txID": "sujDpd96gPJPJiM7ter1X4RNEhEECwuWS8NmAc6yPA2oCNzjy", "weight": 2000000000000000}
[09-05|08:16:23.023] INFO <P Chain> proposervm/block.go:271 built block {"blkID": "bz5hoigy5ESJ86YTuKU4NjCcX1inZ3UXZMLwBG4regNyGgEkB", "innerBlkID": "HKTbVyqALEia2zBxoSJib8b68egd8VkPehrF3LDorxMqEdqya", "height": 4, "pChainHeight": 0, "parentTimestamp": "[09-05|08:16:22.000]", "blockTimestamp": "[09-05|08:16:23.000]"}
[09-05|08:16:30.019] INFO <P Chain> proposervm/block.go:271 built block {"blkID": "NuJzRRxSECr8iLHF3bzXZH46A2NVjcpsPbB4czuUDjMnRTwXd", "innerBlkID": "2pzBxZy5oGfnVU8P7aecGDL9xd9j5DwKU3pw7p8DKe95DN9J6R", "height": 11, "pChainHeight": 0, "parentTimestamp": "[09-05|08:16:29.000]", "blockTimestamp": "[09-05|08:16:30.000]"}
[09-05|08:16:41.018] INFO <P Chain> proposervm/block.go:271 built block {"blkID": "21VfJSiuNuHEqd6iwi5hhB9uKTcMVb3oSuZkzpSH1j8kBxwndr", "innerBlkID": "jtGNmq5qMyorzxjj6n9kkAzHuyEMoUh1pQrc3nxAsv6LynKAN", "height": 22, "pChainHeight": 0, "parentTimestamp": "[09-05|08:16:40.000]", "blockTimestamp": "[09-05|08:16:41.000]"}
[09-05|08:16:43.021] INFO <P Chain> proposervm/block.go:271 built block {"blkID": "26tjR7Ekx68umAg6sxxEZTG4GLDaXHUkp18v3PV5bxpo5S9tAZ", "innerBlkID": "24bCg3vYx87odCcKMNL4yuKJvkRWPB8Q4ipeepiXSCc4v4MM8a", "height": 24, "pChainHeight": 0, "parentTimestamp": "[09-05|08:16:42.000]", "blockTimestamp": "[09-05|08:16:43.000]"}
[09-05|08:16:44.019] INFO <P Chain> proposervm/block.go:271 built block {"blkID": "2sahN4ouzQr1HtRUh9SBUqvc5U2ypLPsdRreK715PJ38VgKxsa", "innerBlkID": "b5RQGo6AFqavUB7PVWWe41SjZa7CFdoz1UMCj5g21EcuaD9nS", "height": 25, "pChainHeight": 0, "parentTimestamp": "[09-05|08:16:43.000]", "blockTimestamp": "[09-05|08:16:44.000]"}
[09-05|08:16:59.024] INFO <P Chain> proposervm/block.go:271 built block {"blkID": "Pyr44XfRzfmf39DiLc3WSiWsTJGtQrkqGtbvqgofZUE3coRRV", "innerBlkID": "czz2N5ZRmNZG37bXG4eVoNGDrA4JF688jaCnW9s9rezUcFAu7", "height": 40, "pChainHeight": 0, "parentTimestamp": "[09-05|08:16:58.000]", "blockTimestamp": "[09-05|08:16:59.000]"}
[09-05|08:17:01.019] INFO <P Chain> proposervm/block.go:271 built block {"blkID": "2ZS1tWF9BztyaE8jKGKvkd2tbsFWvqr35rx51mDqBE83nkejDZ", "innerBlkID": "2nA6ZwE5d1Tg1GR8JNB3oQ3E9vLvhvzTDcucC4wmYPCRp6QLvV", "height": 42, "pChainHeight": 0, "parentTimestamp": "[09-05|08:17:00.000]", "blockTimestamp": "[09-05|08:17:01.000]"}
[09-05|08:17:02.021] INFO <P Chain> proposervm/block.go:271 built block {"blkID": "hdBGWbbSgAkFqnbTao8byUYh29SK7GyTjVGKgSMHawVQJdPvT", "innerBlkID": "BKhNZTtgVBM1sAY3dYfFyqoxyTT3wPtTb8fRxbc7FqguDbgrB", "height": 43, "pChainHeight": 0, "parentTimestamp": "[09-05|08:17:01.000]", "blockTimestamp": "[09-05|08:17:02.000]"}
[09-05|08:17:04.021] INFO <P Chain> proposervm/block.go:271 built block {"blkID": "2f4TrZaJCDYNsCGzaCz37aTjh3mxw95mPt69RqUHSPJUZ1J8Yq", "innerBlkID": "d94Byjmt93Qk6r5EGL36qbo4GZDDRZLTAGYFk6sgcsXuVTdrF", "height": 45, "pChainHeight": 0, "parentTimestamp": "[09-05|08:17:03.000]", "blockTimestamp": "[09-05|08:17:04.000]"}
[09-05|08:17:07.023] INFO <P Chain> proposervm/block.go:271 built block {"blkID": "28i9QKtN3x2rp8PHJW2hdjfPqMRb3bW8oET7vXfbBidfxJmEnr", "innerBlkID": "GsLqpFgf1ux1XDWHDJSWhmQAG1UbApa3Pzn5JghLoWiaWk8VC", "height": 48, "pChainHeight": 0, "parentTimestamp": "[09-05|08:17:06.000]", "blockTimestamp": "[09-05|08:17:07.000]"}
[09-05|08:17:10.018] INFO <P Chain> proposervm/block.go:271 built block {"blkID": "2DUtyG9ep4n4CUtmKWBY2Qq6ba2uFahvSBgvdnL8YNX8rD39Tj", "innerBlkID": "2m1JvLypCJYybYfVpRVxnTyJHdRbnVSYEbR2qzA3ra7o2RFM75", "height": 51, "pChainHeight": 0, "parentTimestamp": "[09-05|08:17:09.000]", "blockTimestamp": "[09-05|08:17:10.000]"}
[09-05|08:17:23.808] INFO <P Chain> snowman/engine.go:437 shutting down consensus engine
[09-05|08:17:23.811] INFO <P Chain> router/chain_router.go:383 chain shutdown {"shutdownDuration": "1.239666ms"}
[09-05|08:17:26.049] INFO <P Chain> platformvm/vm.go:113 using VM execution config {"config": {"network":{"max-validator-set-staleness":60000000000,"target-gossip-size":20480,"push-gossip-percent-stake":0.9,"push-gossip-num-validators":100,"push-gossip-num-peers":0,"push-regossip-num-validators":10,"push-regossip-num-peers":0,"push-gossip-discarded-cache-size":16384,"push-gossip-max-regossip-frequency":30000000000,"push-gossip-frequency":500000000,"pull-gossip-poll-size":1,"pull-gossip-frequency":1500000000,"pull-gossip-throttling-period":10000000000,"pull-gossip-throttling-limit":2,"expected-bloom-filter-elements":8192,"expected-bloom-filter-false-positive-probability":0.01,"max-bloom-filter-false-positive-probability":0.05},"block-cache-size":67108864,"tx-cache-size":134217728,"transformed-subnet-tx-cache-size":4194304,"reward-utxos-cache-size":2048,"chain-cache-size":2048,"chain-db-cache-size":2048,"block-id-cache-size":8192,"fx-owner-cache-size":4194304,"subnet-manager-cache-size":4194304,"checksums-enabled":false,"mempool-prune-frequency":1800000000000}}
[09-05|08:17:26.065] INFO <P Chain> platformvm/vm.go:224 initializing last accepted {"blkID": "257MTwp69MxJxj2vh6wYSSKtMaApL26iaqxovNWtiQKCHdaqXq"}
[09-05|08:17:26.066] INFO <P Chain> state/state.go:2398 blocks already reindexed
[09-05|08:17:26.066] INFO <P Chain> proposervm/vm.go:205 initialized proposervm {"state": "after fork", "forkHeight": 1, "lastAcceptedHeight": 60}
[09-05|08:17:26.067] INFO <P Chain> snowman/engine.go:93 initializing consensus engine
[09-05|08:17:26.070] INFO <P Chain> bootstrap/bootstrapper.go:170 starting bootstrapper {"lastAcceptedID": "2wP4VghWa6vEGEw9QYSUNqRUZgmtQV2pJgJFiAEekZJBCWkXUi", "lastAcceptedHeight": 60}
[09-05|08:17:26.132] INFO <P Chain> bootstrap/bootstrapper.go:375 starting to fetch blocks {"numKnownBlocks": 0, "numAcceptedBlocks": 1, "numMissingBlocks": 1}
[09-05|08:17:26.133] INFO <P Chain> bootstrap/storage.go:195 executing blocks {"numToExecute": 0}
[09-05|08:17:26.133] INFO <P Chain> bootstrap/storage.go:187 executed blocks {"numExecuted": 0, "numToExecute": 0, "halted": false, "duration": "138.166µs"}
[09-05|08:17:26.133] INFO <P Chain> bootstrap/bootstrapper.go:702 waiting for the remaining chains in this subnet to finish syncing
[09-05|08:17:30.390] INFO <P Chain> snowman/engine.go:513 starting consensus {"lastAcceptedID": "2wP4VghWa6vEGEw9QYSUNqRUZgmtQV2pJgJFiAEekZJBCWkXUi", "lastAcceptedHeight": 60}
[09-05|08:17:30.391] INFO <P Chain> validators/logger.go:50 node added to validator set {"subnetID": "11111111111111111111111111111111LpoYY", "nodeID": "NodeID-P7oB2McjBGgW2NXXWVYjV8JEDFoW9xDE5", "publicKey": "0xa37e938a8e1fb71286ae1a9dc81585bae5c63d8cae3b95160ce9acce621c8ee64afa0491a2c757ba24d8be2da1052090", "txID": "sujDpd96gPJPJiM7ter1X4RNEhEECwuWS8NmAc6yPA2oCNzjy", "weight": 2000000000000000}
[09-05|08:17:30.392] INFO <P Chain> validators/logger.go:50 node added to validator set {"subnetID": "2qCBYBymAdCag6uLRwj2jSFsfuKsQBoGWrH2xkvDVz86giGPpW", "nodeID": "NodeID-P7oB2McjBGgW2NXXWVYjV8JEDFoW9xDE5", "publicKey": null, "txID": "eksL1G6zjoQyGrY4JjvZzGZ81uKZf3iKTM95wmX1L3CpgAKjX", "weight": 1000}
[09-05|08:17:30.392] INFO <P Chain> validators/logger.go:50 node added to validator set {"subnetID": "MH6UtWKL5Lq9cKc65rahtLUUhdobY68YspyFrcquVEEgC4hUM", "nodeID": "NodeID-P7oB2McjBGgW2NXXWVYjV8JEDFoW9xDE5", "publicKey": null, "txID": "iugawV7EzBUbcdc8eXRG9eLZuJsbRxRf4k22dHtrRJXhsxav9", "weight": 1000}
[09-05|08:17:30.392] INFO <P Chain> validators/logger.go:50 node added to validator set {"subnetID": "2KhsQJhH3VqS7WWMreodAAHpGfGCUNuGQDSaP2vUT29p1HELBV", "nodeID": "NodeID-P7oB2McjBGgW2NXXWVYjV8JEDFoW9xDE5", "publicKey": null, "txID": "Gh9DexXcevBA8N1EjKyXgjFqoQe49Vf4kZ2PPzepYMMxkPt8A", "weight": 1000}
[09-05|08:17:30.392] INFO <P Chain> validators/logger.go:50 node added to validator set {"subnetID": "2STpMLkdZQmgqYNoR4EvKLxx9n21sdMYCbmLqi3G6Rt4Ys8SBZ", "nodeID": "NodeID-P7oB2McjBGgW2NXXWVYjV8JEDFoW9xDE5", "publicKey": null, "txID": "2svUZYCmU58E7QouBNQGE2vYRC5RLw2vrFs1WGMGHjANuBAoLn", "weight": 1000}
[09-05|08:17:30.392] INFO <P Chain> validators/logger.go:50 node added to validator set {"subnetID": "2VoVDitz4SX5Q4QgPZ9Byw3yZoGjf6hCqJB3AGerQTELFhJTne", "nodeID": "NodeID-P7oB2McjBGgW2NXXWVYjV8JEDFoW9xDE5", "publicKey": null, "txID": "2AZc17YMksnRbCUKgwN7y2CCh2dPkdem53ee279KR1LXRsvjWp", "weight": 1000}
[09-05|08:17:30.392] INFO <P Chain> validators/logger.go:50 node added to validator set {"subnetID": "2XAE7zqeF6zXg49DToaKcmWNk82KP9XW2BaNSu4KJgrvDDADBi", "nodeID": "NodeID-P7oB2McjBGgW2NXXWVYjV8JEDFoW9xDE5", "publicKey": null, "txID": "25V9gJ99RDukYmXJ6hGvtfaWQmLyjP1EvU1Bt9t2EipnQoRWxL", "weight": 1000}
[09-05|08:17:30.392] INFO <P Chain> validators/logger.go:50 node added to validator set {"subnetID": "2hKZdtWvgT3Vv61HmEGtrPDfhK3my453WCxihdZ9VABFx7Ymnn", "nodeID": "NodeID-P7oB2McjBGgW2NXXWVYjV8JEDFoW9xDE5", "publicKey": null, "txID": "6RaXcgeVA58r7c1WPkhWTnQCd1LT1YzQ7NKgMGsBd9hGdizWa", "weight": 1000}
[09-05|08:17:30.392] INFO <P Chain> validators/logger.go:50 node added to validator set {"subnetID": "2AKbBT8jFUfUsUJ2hhRiDUnAAajJdNhTKeNgEe3q77spMj1N8F", "nodeID": "NodeID-P7oB2McjBGgW2NXXWVYjV8JEDFoW9xDE5", "publicKey": null, "txID": "27HuCs3mFVBTUuXrnRenXf5dcuRsUyDfLtgx8JDHiLnMfrEF3n", "weight": 1000}
[09-05|08:17:30.392] INFO <P Chain> validators/logger.go:50 node added to validator set {"subnetID": "2fzAQUaqigEnxFBshUwX9SFDQJWSpwkbeK9QChPBerY9rHpJAq", "nodeID": "NodeID-P7oB2McjBGgW2NXXWVYjV8JEDFoW9xDE5", "publicKey": null, "txID": "whmEXWuCu8K4kGArxcYdLRnKQUQdX7dGdmhorLvXZjK9F8Mr", "weight": 1000}
[09-05|08:17:30.392] INFO <P Chain> validators/logger.go:50 node added to validator set {"subnetID": "2r4pr33uUBQxkxJkVnFQjGjVToQnpQa6CVD3j7WyKuwNa76JpV", "nodeID": "NodeID-P7oB2McjBGgW2NXXWVYjV8JEDFoW9xDE5", "publicKey": null, "txID": "4VNqxWCoijV8vumUTLgytJzYukAythNAkfB6LyvK3hhWbVBB8", "weight": 1000}
[09-05|08:17:59.568] INFO <P Chain> snowman/engine.go:437 shutting down consensus engine
[09-05|08:17:59.571] INFO <P Chain> router/chain_router.go:383 chain shutdown {"shutdownDuration": "1.883583ms"}
[09-07|07:45:27.486] INFO <P Chain> platformvm/vm.go:113 using VM execution config {"config": {"network":{"max-validator-set-staleness":60000000000,"target-gossip-size":20480,"push-gossip-percent-stake":0.9,"push-gossip-num-validators":100,"push-gossip-num-peers":0,"push-regossip-num-validators":10,"push-regossip-num-peers":0,"push-gossip-discarded-cache-size":16384,"push-gossip-max-regossip-frequency":30000000000,"push-gossip-frequency":500000000,"pull-gossip-poll-size":1,"pull-gossip-frequency":1500000000,"pull-gossip-throttling-period":10000000000,"pull-gossip-throttling-limit":2,"expected-bloom-filter-elements":8192,"expected-bloom-filter-false-positive-probability":0.01,"max-bloom-filter-false-positive-probability":0.05},"block-cache-size":67108864,"tx-cache-size":134217728,"transformed-subnet-tx-cache-size":4194304,"reward-utxos-cache-size":2048,"chain-cache-size":2048,"chain-db-cache-size":2048,"block-id-cache-size":8192,"fx-owner-cache-size":4194304,"subnet-manager-cache-size":4194304,"checksums-enabled":false,"mempool-prune-frequency":1800000000000}}
[09-07|07:45:27.500] INFO <P Chain> platformvm/vm.go:224 initializing last accepted {"blkID": "257MTwp69MxJxj2vh6wYSSKtMaApL26iaqxovNWtiQKCHdaqXq"}
[09-07|07:45:27.500] INFO <P Chain> proposervm/vm.go:205 initialized proposervm {"state": "after fork", "forkHeight": 1, "lastAcceptedHeight": 60}
[09-07|07:45:27.501] INFO <P Chain> snowman/engine.go:93 initializing consensus engine
[09-07|07:45:27.502] INFO <P Chain> bootstrap/bootstrapper.go:170 starting bootstrapper {"lastAcceptedID": "2wP4VghWa6vEGEw9QYSUNqRUZgmtQV2pJgJFiAEekZJBCWkXUi", "lastAcceptedHeight": 60}
[09-07|07:45:27.502] INFO <P Chain> state/state.go:2398 blocks already reindexed
[09-07|07:45:27.654] INFO <P Chain> bootstrap/bootstrapper.go:375 starting to fetch blocks {"numKnownBlocks": 0, "numAcceptedBlocks": 1, "numMissingBlocks": 1}
[09-07|07:45:27.655] INFO <P Chain> bootstrap/storage.go:195 executing blocks {"numToExecute": 0}
[09-07|07:45:27.655] INFO <P Chain> bootstrap/storage.go:187 executed blocks {"numExecuted": 0, "numToExecute": 0, "halted": false, "duration": "108.164µs"}
[09-07|07:45:27.655] INFO <P Chain> bootstrap/bootstrapper.go:702 waiting for the remaining chains in this subnet to finish syncing
[09-07|07:45:27.675] INFO <P Chain> snowman/engine.go:513 starting consensus {"lastAcceptedID": "2wP4VghWa6vEGEw9QYSUNqRUZgmtQV2pJgJFiAEekZJBCWkXUi", "lastAcceptedHeight": 60}
[09-07|07:45:27.675] INFO <P Chain> validators/logger.go:50 node added to validator set {"subnetID": "11111111111111111111111111111111LpoYY", "nodeID": "NodeID-P7oB2McjBGgW2NXXWVYjV8JEDFoW9xDE5", "publicKey": "0xa37e938a8e1fb71286ae1a9dc81585bae5c63d8cae3b95160ce9acce621c8ee64afa0491a2c757ba24d8be2da1052090", "txID": "sujDpd96gPJPJiM7ter1X4RNEhEECwuWS8NmAc6yPA2oCNzjy", "weight": 2000000000000000}
[09-07|07:45:27.675] INFO <P Chain> validators/logger.go:50 node added to validator set {"subnetID": "2hKZdtWvgT3Vv61HmEGtrPDfhK3my453WCxihdZ9VABFx7Ymnn", "nodeID": "NodeID-P7oB2McjBGgW2NXXWVYjV8JEDFoW9xDE5", "publicKey": null, "txID": "6RaXcgeVA58r7c1WPkhWTnQCd1LT1YzQ7NKgMGsBd9hGdizWa", "weight": 1000}
[09-07|07:45:27.676] INFO <P Chain> validators/logger.go:50 node added to validator set {"subnetID": "2qCBYBymAdCag6uLRwj2jSFsfuKsQBoGWrH2xkvDVz86giGPpW", "nodeID": "NodeID-P7oB2McjBGgW2NXXWVYjV8JEDFoW9xDE5", "publicKey": null, "txID": "eksL1G6zjoQyGrY4JjvZzGZ81uKZf3iKTM95wmX1L3CpgAKjX", "weight": 1000}
[09-07|07:45:27.676] INFO <P Chain> validators/logger.go:50 node added to validator set {"subnetID": "2r4pr33uUBQxkxJkVnFQjGjVToQnpQa6CVD3j7WyKuwNa76JpV", "nodeID": "NodeID-P7oB2McjBGgW2NXXWVYjV8JEDFoW9xDE5", "publicKey": null, "txID": "4VNqxWCoijV8vumUTLgytJzYukAythNAkfB6LyvK3hhWbVBB8", "weight": 1000}
[09-07|07:45:27.676] INFO <P Chain> validators/logger.go:50 node added to validator set {"subnetID": "2KhsQJhH3VqS7WWMreodAAHpGfGCUNuGQDSaP2vUT29p1HELBV", "nodeID": "NodeID-P7oB2McjBGgW2NXXWVYjV8JEDFoW9xDE5", "publicKey": null, "txID": "Gh9DexXcevBA8N1EjKyXgjFqoQe49Vf4kZ2PPzepYMMxkPt8A", "weight": 1000}
[09-07|07:45:27.676] INFO <P Chain> validators/logger.go:50 node added to validator set {"subnetID": "2STpMLkdZQmgqYNoR4EvKLxx9n21sdMYCbmLqi3G6Rt4Ys8SBZ", "nodeID": "NodeID-P7oB2McjBGgW2NXXWVYjV8JEDFoW9xDE5", "publicKey": null, "txID": "2svUZYCmU58E7QouBNQGE2vYRC5RLw2vrFs1WGMGHjANuBAoLn", "weight": 1000}
[09-07|07:45:27.676] INFO <P Chain> validators/logger.go:50 node added to validator set {"subnetID": "2XAE7zqeF6zXg49DToaKcmWNk82KP9XW2BaNSu4KJgrvDDADBi", "nodeID": "NodeID-P7oB2McjBGgW2NXXWVYjV8JEDFoW9xDE5", "publicKey": null, "txID": "25V9gJ99RDukYmXJ6hGvtfaWQmLyjP1EvU1Bt9t2EipnQoRWxL", "weight": 1000}
[09-07|07:45:27.676] INFO <P Chain> validators/logger.go:50 node added to validator set {"subnetID": "2fzAQUaqigEnxFBshUwX9SFDQJWSpwkbeK9QChPBerY9rHpJAq", "nodeID": "NodeID-P7oB2McjBGgW2NXXWVYjV8JEDFoW9xDE5", "publicKey": null, "txID": "whmEXWuCu8K4kGArxcYdLRnKQUQdX7dGdmhorLvXZjK9F8Mr", "weight": 1000}
[09-07|07:45:27.676] INFO <P Chain> validators/logger.go:50 node added to validator set {"subnetID": "2AKbBT8jFUfUsUJ2hhRiDUnAAajJdNhTKeNgEe3q77spMj1N8F", "nodeID": "NodeID-P7oB2McjBGgW2NXXWVYjV8JEDFoW9xDE5", "publicKey": null, "txID": "27HuCs3mFVBTUuXrnRenXf5dcuRsUyDfLtgx8JDHiLnMfrEF3n", "weight": 1000}
[09-07|07:45:27.676] INFO <P Chain> validators/logger.go:50 node added to validator set {"subnetID": "2VoVDitz4SX5Q4QgPZ9Byw3yZoGjf6hCqJB3AGerQTELFhJTne", "nodeID": "NodeID-P7oB2McjBGgW2NXXWVYjV8JEDFoW9xDE5", "publicKey": null, "txID": "2AZc17YMksnRbCUKgwN7y2CCh2dPkdem53ee279KR1LXRsvjWp", "weight": 1000}
[09-07|07:45:27.676] INFO <P Chain> validators/logger.go:50 node added to validator set {"subnetID": "MH6UtWKL5Lq9cKc65rahtLUUhdobY68YspyFrcquVEEgC4hUM", "nodeID": "NodeID-P7oB2McjBGgW2NXXWVYjV8JEDFoW9xDE5", "publicKey": null, "txID": "iugawV7EzBUbcdc8eXRG9eLZuJsbRxRf4k22dHtrRJXhsxav9", "weight": 1000}
