[09-05|08:15:29.788] INFO <P Chain> platformvm/vm.go:113 using VM execution config {"config": {"network":{"max-validator-set-staleness":60000000000,"target-gossip-size":20480,"push-gossip-percent-stake":0.9,"push-gossip-num-validators":100,"push-gossip-num-peers":0,"push-regossip-num-validators":10,"push-regossip-num-peers":0,"push-gossip-discarded-cache-size":16384,"push-gossip-max-regossip-frequency":30000000000,"push-gossip-frequency":500000000,"pull-gossip-poll-size":1,"pull-gossip-frequency":1500000000,"pull-gossip-throttling-period":10000000000,"pull-gossip-throttling-limit":2,"expected-bloom-filter-elements":8192,"expected-bloom-filter-false-positive-probability":0.01,"max-bloom-filter-false-positive-probability":0.05},"block-cache-size":67108864,"tx-cache-size":134217728,"transformed-subnet-tx-cache-size":4194304,"reward-utxos-cache-size":2048,"chain-cache-size":2048,"chain-db-cache-size":2048,"block-id-cache-size":8192,"fx-owner-cache-size":4194304,"subnet-manager-cache-size":4194304,"checksums-enabled":false,"mempool-prune-frequency":1800000000000}}
[09-05|08:15:29.811] INFO <P Chain> platformvm/vm.go:224 initializing last accepted {"blkID": "2ACQo7Mgm9ZEpU5jRzpWwihDdNA1pXidiQZWT6oc1PbXkCLBpd"}
[09-05|08:15:29.813] INFO <P Chain> state/state.go:2413 starting block reindexing
[09-05|08:15:29.813] INFO <P Chain> proposervm/vm.go:211 initialized proposervm {"state": "before fork"}
[09-05|08:15:29.815] INFO <P Chain> snowman/engine.go:93 initializing consensus engine
[09-05|08:15:29.816] INFO <P Chain> state/state.go:2518 finished block reindexing {"numIndicesUpdated": 0, "numIndicesChecked": 1, "duration": "2.993ms"}
[09-05|08:15:29.818] INFO <P Chain> bootstrap/bootstrapper.go:170 starting bootstrapper {"lastAcceptedID": "2ACQo7Mgm9ZEpU5jRzpWwihDdNA1pXidiQZWT6oc1PbXkCLBpd", "lastAcceptedHeight": 0}
[09-05|08:15:29.819] INFO <P Chain> bootstrap/bootstrapper.go:251 bootstrapping skipped {"reason": "no provided bootstraps"}
[09-05|08:15:29.819] INFO <P Chain> bootstrap/bootstrapper.go:375 starting to fetch blocks {"numKnownBlocks": 0, "numAcceptedBlocks": 0, "numMissingBlocks": 0}
[09-05|08:15:29.819] INFO <P Chain> bootstrap/storage.go:195 executing blocks {"numToExecute": 0}
[09-05|08:15:29.819] INFO <P Chain> bootstrap/storage.go:187 executed blocks {"numExecuted": 0, "numToExecute": 0, "halted": false, "duration": "91.875µs"}
[09-05|08:15:29.819] INFO <P Chain> bootstrap/bootstrapper.go:702 waiting for the remaining chains in this subnet to finish syncing
[09-05|08:15:39.132] INFO <P Chain> snowman/engine.go:513 starting consensus {"lastAcceptedID": "2ACQo7Mgm9ZEpU5jRzpWwihDdNA1pXidiQZWT6oc1PbXkCLBpd", "lastAcceptedHeight": 0}
[09-05|08:15:39.133] INFO <P Chain> validators/logger.go:50 node added to validator set {"subnetID": "11111111111111111111111111111111LpoYY", "nodeID": "NodeID-7Xhw2mDxuDS44j42TCB6U5579esbSt3Lg", "publicKey": "0xb3ebbe748a1f06d19ee25d4e345ba8d6b5a426498a140c2519b518e3e6224abd7895075892f361acf24c10af968bc7de", "txID": "2WQeVozcDLQsqCwc7SJVJGnPZ7Qu8eTTDH4nX6JXnoPR7Avpsg", "weight": 2000000000000000}
[09-05|08:16:20.492] INFO <P Chain> proposervm/pre_fork_block.go:228 built block {"blkID": "277qGUmud66n5VtsH1WqAJ8ZiFXxaivFMdU5qGCW2eUxxsP2Yj", "innerBlkID": "4UTY3WzwtRpPWrKPAnFSxAoDwhcVBxaecFae6NnNEEuDMRFEd", "height": 1, "pChainHeight": 0, "parentTimestamp": "[09-05|08:15:28.000]", "blockTimestamp": "[09-05|08:16:20.000]"}
[09-05|08:16:27.026] INFO <P Chain> proposervm/block.go:271 built block {"blkID": "RJuzYAFeq1VC2mqb9bpSXvMN9FF8CBuS8DzTgsYyqZQ3bCxwL", "innerBlkID": "6GCJBuyfdEuSXZC4ZCQATzT38hNJzu7BzjnHUsGH39LuuLAg7", "height": 8, "pChainHeight": 0, "parentTimestamp": "[09-05|08:16:26.000]", "blockTimestamp": "[09-05|08:16:27.000]"}
[09-05|08:16:28.021] INFO <P Chain> proposervm/block.go:271 built block {"blkID": "pARTfkTrYZ2CncvutzcexZFRUsZX3kDAnEVLxFkyRCkaCfiBn", "innerBlkID": "sdCUirJ2kkr7DQasxPRsNiVhXHeyiFmh7qj2NmUd6tCGKZd3x", "height": 9, "pChainHeight": 0, "parentTimestamp": "[09-05|08:16:27.000]", "blockTimestamp": "[09-05|08:16:28.000]"}
[09-05|08:16:42.023] INFO <P Chain> proposervm/block.go:271 built block {"blkID": "2GNKPKU5Z6Tcr1PteD5w5h1mTQFKmmZYe2nzS5b8Z6oANikFfJ", "innerBlkID": "DGbqoCvXu32SghySsFsq8Z6vDWaWj2eZG7GHRPdw8fWYAxq5u", "height": 23, "pChainHeight": 0, "parentTimestamp": "[09-05|08:16:41.000]", "blockTimestamp": "[09-05|08:16:42.000]"}
[09-05|08:16:46.022] INFO <P Chain> proposervm/block.go:271 built block {"blkID": "SW8WbEbmGY2rbvsSyVPDw2LJQvj9gszsBerARMLcfCfYVAisy", "innerBlkID": "ytUY3vVFzr96WgxdNuB7VZQG3eYjd3mpmeuyryc9UTvQF3TV6", "height": 27, "pChainHeight": 0, "parentTimestamp": "[09-05|08:16:45.000]", "blockTimestamp": "[09-05|08:16:46.000]"}
[09-05|08:16:49.024] INFO <P Chain> proposervm/block.go:271 built block {"blkID": "2faFvG1aKoagATZdQ5N2Z9YUdiHrXfidD6FGjAPHszG9BJN3qW", "innerBlkID": "viTnDhoQDgbxPoW3dJokvwzi29bxnw3xAScM4N78eLTj2njJt", "height": 30, "pChainHeight": 0, "parentTimestamp": "[09-05|08:16:48.000]", "blockTimestamp": "[09-05|08:16:49.000]"}
[09-05|08:16:52.021] INFO <P Chain> proposervm/block.go:271 built block {"blkID": "2tcz84QMWgmjz3KB9ysRY2pPxER6LZ4mEwuK6F1NHv26UPQd1h", "innerBlkID": "2RGmcHWVLvWHPZoqhPVo5WzAgQa9ekaBoXC79KFoQzVD5mYLxc", "height": 33, "pChainHeight": 0, "parentTimestamp": "[09-05|08:16:51.000]", "blockTimestamp": "[09-05|08:16:52.000]"}
[09-05|08:16:55.019] INFO <P Chain> proposervm/block.go:271 built block {"blkID": "hvDFHMW6EijBJyA7v2ArzFfHKxz9Bdrx7CQJf2N2PMx9FUymy", "innerBlkID": "2ioYus3acNuY82kTiBPvtXS4CPLffUMYaFs6gT8WV4qN3P7Lxt", "height": 36, "pChainHeight": 0, "parentTimestamp": "[09-05|08:16:54.000]", "blockTimestamp": "[09-05|08:16:55.000]"}
[09-05|08:17:09.020] INFO <P Chain> proposervm/block.go:271 built block {"blkID": "nJ4d8vpMmh6WmZwELS7sXJkBoB8DeBbgUSpM6bQbyztdgj2Ng", "innerBlkID": "ne2wvJUoEpq3aYB6fcHWv3QGPiRchjLcDtowaW6PytjTTf9oe", "height": 50, "pChainHeight": 0, "parentTimestamp": "[09-05|08:17:08.000]", "blockTimestamp": "[09-05|08:17:09.000]"}
[09-05|08:17:11.015] INFO <P Chain> proposervm/block.go:271 built block {"blkID": "2k6xCfDUysDFj4F6sBkCz141ShKsvGkZgueoWiUoR12hgYeyHm", "innerBlkID": "9sxGG28sGoySbZ4vmfa4KriKzELPR63AM7N63JwBTBnjB6676", "height": 52, "pChainHeight": 0, "parentTimestamp": "[09-05|08:17:10.000]", "blockTimestamp": "[09-05|08:17:11.000]"}
[09-05|08:17:18.023] INFO <P Chain> proposervm/block.go:271 built block {"blkID": "JNRzyiKfMMJ8dmpAAMyaHw8LXfE5EyAULyjjaCB6RDEFHz6zX", "innerBlkID": "kN9cg5YUYgNBsAdDJDeQKDVyuqdwnEnyvmEPfgUigMLhmxHxv", "height": 59, "pChainHeight": 0, "parentTimestamp": "[09-05|08:17:17.000]", "blockTimestamp": "[09-05|08:17:18.000]"}
[09-05|08:17:19.073] INFO <P Chain> snowman/engine.go:437 shutting down consensus engine
[09-05|08:17:19.075] INFO <P Chain> router/chain_router.go:383 chain shutdown {"shutdownDuration": "2.592542ms"}
[09-05|08:17:20.811] INFO <P Chain> platformvm/vm.go:113 using VM execution config {"config": {"network":{"max-validator-set-staleness":60000000000,"target-gossip-size":20480,"push-gossip-percent-stake":0.9,"push-gossip-num-validators":100,"push-gossip-num-peers":0,"push-regossip-num-validators":10,"push-regossip-num-peers":0,"push-gossip-discarded-cache-size":16384,"push-gossip-max-regossip-frequency":30000000000,"push-gossip-frequency":500000000,"pull-gossip-poll-size":1,"pull-gossip-frequency":1500000000,"pull-gossip-throttling-period":10000000000,"pull-gossip-throttling-limit":2,"expected-bloom-filter-elements":8192,"expected-bloom-filter-false-positive-probability":0.01,"max-bloom-filter-false-positive-probability":0.05},"block-cache-size":67108864,"tx-cache-size":134217728,"transformed-subnet-tx-cache-size":4194304,"reward-utxos-cache-size":2048,"chain-cache-size":2048,"chain-db-cache-size":2048,"block-id-cache-size":8192,"fx-owner-cache-size":4194304,"subnet-manager-cache-size":4194304,"checksums-enabled":false,"mempool-prune-frequency":1800000000000}}
[09-05|08:17:20.828] INFO <P Chain> platformvm/vm.go:224 initializing last accepted {"blkID": "257MTwp69MxJxj2vh6wYSSKtMaApL26iaqxovNWtiQKCHdaqXq"}
[09-05|08:17:20.829] INFO <P Chain> state/state.go:2398 blocks already reindexed
[09-05|08:17:20.830] INFO <P Chain> proposervm/vm.go:205 initialized proposervm {"state": "after fork", "forkHeight": 1, "lastAcceptedHeight": 60}
[09-05|08:17:20.831] INFO <P Chain> snowman/engine.go:93 initializing consensus engine
[09-05|08:17:20.833] INFO <P Chain> bootstrap/bootstrapper.go:170 starting bootstrapper {"lastAcceptedID": "2wP4VghWa6vEGEw9QYSUNqRUZgmtQV2pJgJFiAEekZJBCWkXUi", "lastAcceptedHeight": 60}
[09-05|08:17:28.769] INFO <P Chain> bootstrap/bootstrapper.go:375 starting to fetch blocks {"numKnownBlocks": 0, "numAcceptedBlocks": 1, "numMissingBlocks": 1}
[09-05|08:17:28.770] INFO <P Chain> bootstrap/storage.go:195 executing blocks {"numToExecute": 0}
[09-05|08:17:28.770] INFO <P Chain> bootstrap/storage.go:187 executed blocks {"numExecuted": 0, "numToExecute": 0, "halted": false, "duration": "270.625µs"}
[09-05|08:17:28.771] INFO <P Chain> bootstrap/bootstrapper.go:702 waiting for the remaining chains in this subnet to finish syncing
[09-05|08:17:30.826] INFO <P Chain> snowman/engine.go:513 starting consensus {"lastAcceptedID": "2wP4VghWa6vEGEw9QYSUNqRUZgmtQV2pJgJFiAEekZJBCWkXUi", "lastAcceptedHeight": 60}
[09-05|08:17:30.827] INFO <P Chain> validators/logger.go:50 node added to validator set {"subnetID": "11111111111111111111111111111111LpoYY", "nodeID": "NodeID-7Xhw2mDxuDS44j42TCB6U5579esbSt3Lg", "publicKey": "0xb3ebbe748a1f06d19ee25d4e345ba8d6b5a426498a140c2519b518e3e6224abd7895075892f361acf24c10af968bc7de", "txID": "2WQeVozcDLQsqCwc7SJVJGnPZ7Qu8eTTDH4nX6JXnoPR7Avpsg", "weight": 2000000000000000}
[09-05|08:17:30.827] INFO <P Chain> validators/logger.go:50 node added to validator set {"subnetID": "2XAE7zqeF6zXg49DToaKcmWNk82KP9XW2BaNSu4KJgrvDDADBi", "nodeID": "NodeID-7Xhw2mDxuDS44j42TCB6U5579esbSt3Lg", "publicKey": null, "txID": "EAYL5o5rZdN7bSrmXAZBkq14hKxok9VzEYLaQr4MsYmg7XT6S", "weight": 1000}
[09-05|08:17:30.827] INFO <P Chain> validators/logger.go:50 node added to validator set {"subnetID": "2qCBYBymAdCag6uLRwj2jSFsfuKsQBoGWrH2xkvDVz86giGPpW", "nodeID": "NodeID-7Xhw2mDxuDS44j42TCB6U5579esbSt3Lg", "publicKey": null, "txID": "fXAsrSjb3zyaMeqoaApLZUwqz52m3dxa5jp3dfgw4cB4PLnsw", "weight": 1000}
[09-05|08:17:30.827] INFO <P Chain> validators/logger.go:50 node added to validator set {"subnetID": "MH6UtWKL5Lq9cKc65rahtLUUhdobY68YspyFrcquVEEgC4hUM", "nodeID": "NodeID-7Xhw2mDxuDS44j42TCB6U5579esbSt3Lg", "publicKey": null, "txID": "LFHCzhhNgEHTptgZs15usmQDWdfvAFjtEgbrJbshcTt86tf9J", "weight": 1000}
[09-05|08:17:30.827] INFO <P Chain> validators/logger.go:50 node added to validator set {"subnetID": "2AKbBT8jFUfUsUJ2hhRiDUnAAajJdNhTKeNgEe3q77spMj1N8F", "nodeID": "NodeID-7Xhw2mDxuDS44j42TCB6U5579esbSt3Lg", "publicKey": null, "txID": "2jK25arZCSnEvWTHWyCdSBaEmCJDFR6dRy77DsR9VcE5bpNktB", "weight": 1000}
[09-05|08:17:30.827] INFO <P Chain> validators/logger.go:50 node added to validator set {"subnetID": "2KhsQJhH3VqS7WWMreodAAHpGfGCUNuGQDSaP2vUT29p1HELBV", "nodeID": "NodeID-7Xhw2mDxuDS44j42TCB6U5579esbSt3Lg", "publicKey": null, "txID": "2myxj5bQwyPaquj4JMeZZtQKpyEzA43xoe8aRzasbKSx146iAz", "weight": 1000}
[09-05|08:17:30.827] INFO <P Chain> validators/logger.go:50 node added to validator set {"subnetID": "2STpMLkdZQmgqYNoR4EvKLxx9n21sdMYCbmLqi3G6Rt4Ys8SBZ", "nodeID": "NodeID-7Xhw2mDxuDS44j42TCB6U5579esbSt3Lg", "publicKey": null, "txID": "2hDzrCvZGHgLgV4tjSB1NkBHDBMyWECT9MBaxrmTF6gVFjwQuo", "weight": 1000}
[09-05|08:17:30.827] INFO <P Chain> validators/logger.go:50 node added to validator set {"subnetID": "2VoVDitz4SX5Q4QgPZ9Byw3yZoGjf6hCqJB3AGerQTELFhJTne", "nodeID": "NodeID-7Xhw2mDxuDS44j42TCB6U5579esbSt3Lg", "publicKey": null, "txID": "2hXBFfwZAtFvtg7g44CdRHpxfjEH7KzncragAjYJPKRpYtDW4A", "weight": 1000}
[09-05|08:17:30.827] INFO <P Chain> validators/logger.go:50 node added to validator set {"subnetID": "2fzAQUaqigEnxFBshUwX9SFDQJWSpwkbeK9QChPBerY9rHpJAq", "nodeID": "NodeID-7Xhw2mDxuDS44j42TCB6U5579esbSt3Lg", "publicKey": null, "txID": "j5tQw6EnPB5n8CBjoEiY12MrxMMM8cqkBfQpHAVipnc1n5GNB", "weight": 1000}
[09-05|08:17:30.828] INFO <P Chain> validators/logger.go:50 node added to validator set {"subnetID": "2hKZdtWvgT3Vv61HmEGtrPDfhK3my453WCxihdZ9VABFx7Ymnn", "nodeID": "NodeID-7Xhw2mDxuDS44j42TCB6U5579esbSt3Lg", "publicKey": null, "txID": "2nmbjppXSGgReH9ZDGggqPFTjUH5VsaFxZJ4CfiF2nbzmHPXyW", "weight": 1000}
[09-05|08:17:30.828] INFO <P Chain> validators/logger.go:50 node added to validator set {"subnetID": "2r4pr33uUBQxkxJkVnFQjGjVToQnpQa6CVD3j7WyKuwNa76JpV", "nodeID": "NodeID-7Xhw2mDxuDS44j42TCB6U5579esbSt3Lg", "publicKey": null, "txID": "WKmxgJjr3uFXZSab575y8rJ7PyHq5TjhMXrTgqw7LJ6wiEENP", "weight": 1000}
[09-05|08:17:59.512] INFO <P Chain> snowman/engine.go:437 shutting down consensus engine
[09-05|08:17:59.513] INFO <P Chain> router/chain_router.go:383 chain shutdown {"shutdownDuration": "1.714667ms"}
[09-07|07:45:24.917] INFO <P Chain> platformvm/vm.go:113 using VM execution config {"config": {"network":{"max-validator-set-staleness":60000000000,"target-gossip-size":20480,"push-gossip-percent-stake":0.9,"push-gossip-num-validators":100,"push-gossip-num-peers":0,"push-regossip-num-validators":10,"push-regossip-num-peers":0,"push-gossip-discarded-cache-size":16384,"push-gossip-max-regossip-frequency":30000000000,"push-gossip-frequency":500000000,"pull-gossip-poll-size":1,"pull-gossip-frequency":1500000000,"pull-gossip-throttling-period":10000000000,"pull-gossip-throttling-limit":2,"expected-bloom-filter-elements":8192,"expected-bloom-filter-false-positive-probability":0.01,"max-bloom-filter-false-positive-probability":0.05},"block-cache-size":67108864,"tx-cache-size":134217728,"transformed-subnet-tx-cache-size":4194304,"reward-utxos-cache-size":2048,"chain-cache-size":2048,"chain-db-cache-size":2048,"block-id-cache-size":8192,"fx-owner-cache-size":4194304,"subnet-manager-cache-size":4194304,"checksums-enabled":false,"mempool-prune-frequency":1800000000000}}
[09-07|07:45:24.950] INFO <P Chain> platformvm/vm.go:224 initializing last accepted {"blkID": "257MTwp69MxJxj2vh6wYSSKtMaApL26iaqxovNWtiQKCHdaqXq"}
[09-07|07:45:24.951] INFO <P Chain> proposervm/vm.go:205 initialized proposervm {"state": "after fork", "forkHeight": 1, "lastAcceptedHeight": 60}
[09-07|07:45:24.953] INFO <P Chain> snowman/engine.go:93 initializing consensus engine
[09-07|07:45:24.953] INFO <P Chain> bootstrap/bootstrapper.go:170 starting bootstrapper {"lastAcceptedID": "2wP4VghWa6vEGEw9QYSUNqRUZgmtQV2pJgJFiAEekZJBCWkXUi", "lastAcceptedHeight": 60}
[09-07|07:45:24.954] INFO <P Chain> bootstrap/bootstrapper.go:251 bootstrapping skipped {"reason": "no provided bootstraps"}
[09-07|07:45:24.954] INFO <P Chain> bootstrap/bootstrapper.go:375 starting to fetch blocks {"numKnownBlocks": 0, "numAcceptedBlocks": 0, "numMissingBlocks": 0}
[09-07|07:45:24.954] INFO <P Chain> bootstrap/storage.go:195 executing blocks {"numToExecute": 0}
[09-07|07:45:24.954] INFO <P Chain> bootstrap/storage.go:187 executed blocks {"numExecuted": 0, "numToExecute": 0, "halted": false, "duration": "30.71µs"}
[09-07|07:45:24.954] INFO <P Chain> bootstrap/bootstrapper.go:702 waiting for the remaining chains in this subnet to finish syncing
[09-07|07:45:24.953] INFO <P Chain> state/state.go:2398 blocks already reindexed
[09-07|07:45:32.174] INFO <P Chain> snowman/engine.go:513 starting consensus {"lastAcceptedID": "2wP4VghWa6vEGEw9QYSUNqRUZgmtQV2pJgJFiAEekZJBCWkXUi", "lastAcceptedHeight": 60}
[09-07|07:45:32.174] INFO <P Chain> validators/logger.go:50 node added to validator set {"subnetID": "11111111111111111111111111111111LpoYY", "nodeID": "NodeID-7Xhw2mDxuDS44j42TCB6U5579esbSt3Lg", "publicKey": "0xb3ebbe748a1f06d19ee25d4e345ba8d6b5a426498a140c2519b518e3e6224abd7895075892f361acf24c10af968bc7de", "txID": "2WQeVozcDLQsqCwc7SJVJGnPZ7Qu8eTTDH4nX6JXnoPR7Avpsg", "weight": 2000000000000000}
[09-07|07:45:32.174] INFO <P Chain> validators/logger.go:50 node added to validator set {"subnetID": "2hKZdtWvgT3Vv61HmEGtrPDfhK3my453WCxihdZ9VABFx7Ymnn", "nodeID": "NodeID-7Xhw2mDxuDS44j42TCB6U5579esbSt3Lg", "publicKey": null, "txID": "2nmbjppXSGgReH9ZDGggqPFTjUH5VsaFxZJ4CfiF2nbzmHPXyW", "weight": 1000}
[09-07|07:45:32.174] INFO <P Chain> validators/logger.go:50 node added to validator set {"subnetID": "2KhsQJhH3VqS7WWMreodAAHpGfGCUNuGQDSaP2vUT29p1HELBV", "nodeID": "NodeID-7Xhw2mDxuDS44j42TCB6U5579esbSt3Lg", "publicKey": null, "txID": "2myxj5bQwyPaquj4JMeZZtQKpyEzA43xoe8aRzasbKSx146iAz", "weight": 1000}
[09-07|07:45:32.174] INFO <P Chain> validators/logger.go:50 node added to validator set {"subnetID": "2STpMLkdZQmgqYNoR4EvKLxx9n21sdMYCbmLqi3G6Rt4Ys8SBZ", "nodeID": "NodeID-7Xhw2mDxuDS44j42TCB6U5579esbSt3Lg", "publicKey": null, "txID": "2hDzrCvZGHgLgV4tjSB1NkBHDBMyWECT9MBaxrmTF6gVFjwQuo", "weight": 1000}
[09-07|07:45:32.174] INFO <P Chain> validators/logger.go:50 node added to validator set {"subnetID": "2XAE7zqeF6zXg49DToaKcmWNk82KP9XW2BaNSu4KJgrvDDADBi", "nodeID": "NodeID-7Xhw2mDxuDS44j42TCB6U5579esbSt3Lg", "publicKey": null, "txID": "EAYL5o5rZdN7bSrmXAZBkq14hKxok9VzEYLaQr4MsYmg7XT6S", "weight": 1000}
[09-07|07:45:32.174] INFO <P Chain> validators/logger.go:50 node added to validator set {"subnetID": "2fzAQUaqigEnxFBshUwX9SFDQJWSpwkbeK9QChPBerY9rHpJAq", "nodeID": "NodeID-7Xhw2mDxuDS44j42TCB6U5579esbSt3Lg", "publicKey": null, "txID": "j5tQw6EnPB5n8CBjoEiY12MrxMMM8cqkBfQpHAVipnc1n5GNB", "weight": 1000}
[09-07|07:45:32.174] INFO <P Chain> validators/logger.go:50 node added to validator set {"subnetID": "MH6UtWKL5Lq9cKc65rahtLUUhdobY68YspyFrcquVEEgC4hUM", "nodeID": "NodeID-7Xhw2mDxuDS44j42TCB6U5579esbSt3Lg", "publicKey": null, "txID": "LFHCzhhNgEHTptgZs15usmQDWdfvAFjtEgbrJbshcTt86tf9J", "weight": 1000}
[09-07|07:45:32.174] INFO <P Chain> validators/logger.go:50 node added to validator set {"subnetID": "2AKbBT8jFUfUsUJ2hhRiDUnAAajJdNhTKeNgEe3q77spMj1N8F", "nodeID": "NodeID-7Xhw2mDxuDS44j42TCB6U5579esbSt3Lg", "publicKey": null, "txID": "2jK25arZCSnEvWTHWyCdSBaEmCJDFR6dRy77DsR9VcE5bpNktB", "weight": 1000}
[09-07|07:45:32.174] INFO <P Chain> validators/logger.go:50 node added to validator set {"subnetID": "2VoVDitz4SX5Q4QgPZ9Byw3yZoGjf6hCqJB3AGerQTELFhJTne", "nodeID": "NodeID-7Xhw2mDxuDS44j42TCB6U5579esbSt3Lg", "publicKey": null, "txID": "2hXBFfwZAtFvtg7g44CdRHpxfjEH7KzncragAjYJPKRpYtDW4A", "weight": 1000}
[09-07|07:45:32.174] INFO <P Chain> validators/logger.go:50 node added to validator set {"subnetID": "2qCBYBymAdCag6uLRwj2jSFsfuKsQBoGWrH2xkvDVz86giGPpW", "nodeID": "NodeID-7Xhw2mDxuDS44j42TCB6U5579esbSt3Lg", "publicKey": null, "txID": "fXAsrSjb3zyaMeqoaApLZUwqz52m3dxa5jp3dfgw4cB4PLnsw", "weight": 1000}
[09-07|07:45:32.174] INFO <P Chain> validators/logger.go:50 node added to validator set {"subnetID": "2r4pr33uUBQxkxJkVnFQjGjVToQnpQa6CVD3j7WyKuwNa76JpV", "nodeID": "NodeID-7Xhw2mDxuDS44j42TCB6U5579esbSt3Lg", "publicKey": null, "txID": "WKmxgJjr3uFXZSab575y8rJ7PyHq5TjhMXrTgqw7LJ6wiEENP", "weight": 1000}
