[09-05|08:15:31.237] INFO <P Chain> platformvm/vm.go:113 using VM execution config {"config": {"network":{"max-validator-set-staleness":60000000000,"target-gossip-size":20480,"push-gossip-percent-stake":0.9,"push-gossip-num-validators":100,"push-gossip-num-peers":0,"push-regossip-num-validators":10,"push-regossip-num-peers":0,"push-gossip-discarded-cache-size":16384,"push-gossip-max-regossip-frequency":30000000000,"push-gossip-frequency":500000000,"pull-gossip-poll-size":1,"pull-gossip-frequency":1500000000,"pull-gossip-throttling-period":10000000000,"pull-gossip-throttling-limit":2,"expected-bloom-filter-elements":8192,"expected-bloom-filter-false-positive-probability":0.01,"max-bloom-filter-false-positive-probability":0.05},"block-cache-size":67108864,"tx-cache-size":134217728,"transformed-subnet-tx-cache-size":4194304,"reward-utxos-cache-size":2048,"chain-cache-size":2048,"chain-db-cache-size":2048,"block-id-cache-size":8192,"fx-owner-cache-size":4194304,"subnet-manager-cache-size":4194304,"checksums-enabled":false,"mempool-prune-frequency":1800000000000}}
[09-05|08:15:31.262] INFO <P Chain> platformvm/vm.go:224 initializing last accepted {"blkID": "2ACQo7Mgm9ZEpU5jRzpWwihDdNA1pXidiQZWT6oc1PbXkCLBpd"}
[09-05|08:15:31.264] INFO <P Chain> proposervm/vm.go:211 initialized proposervm {"state": "before fork"}
[09-05|08:15:31.264] INFO <P Chain> state/state.go:2413 starting block reindexing
[09-05|08:15:31.266] INFO <P Chain> snowman/engine.go:93 initializing consensus engine
[09-05|08:15:31.267] INFO <P Chain> state/state.go:2518 finished block reindexing {"numIndicesUpdated": 0, "numIndicesChecked": 1, "duration": "3.168167ms"}
[09-05|08:15:31.270] INFO <P Chain> bootstrap/bootstrapper.go:170 starting bootstrapper {"lastAcceptedID": "2ACQo7Mgm9ZEpU5jRzpWwihDdNA1pXidiQZWT6oc1PbXkCLBpd", "lastAcceptedHeight": 0}
[09-05|08:15:31.346] INFO <P Chain> bootstrap/bootstrapper.go:375 starting to fetch blocks {"numKnownBlocks": 0, "numAcceptedBlocks": 1, "numMissingBlocks": 1}
[09-05|08:15:31.346] INFO <P Chain> bootstrap/storage.go:195 executing blocks {"numToExecute": 0}
[09-05|08:15:31.346] INFO <P Chain> bootstrap/storage.go:187 executed blocks {"numExecuted": 0, "numToExecute": 0, "halted": false, "duration": "124.834µs"}
[09-05|08:15:31.346] INFO <P Chain> bootstrap/bootstrapper.go:702 waiting for the remaining chains in this subnet to finish syncing
[09-05|08:15:36.650] INFO <P Chain> snowman/engine.go:513 starting consensus {"lastAcceptedID": "2ACQo7Mgm9ZEpU5jRzpWwihDdNA1pXidiQZWT6oc1PbXkCLBpd", "lastAcceptedHeight": 0}
[09-05|08:15:36.651] INFO <P Chain> validators/logger.go:50 node added to validator set {"subnetID": "11111111111111111111111111111111LpoYY", "nodeID": "NodeID-MFrZFVCXPv5iCn6M9K6XduxGTYp891xXZ", "publicKey": "0x8b49c4259529a801cc961c72248773b550379ff718a49f4ccc0e1f2ac338fe204432329aa1712f408f97eee12b22dd05", "txID": "2Jivm38gZPJpFpKGTVyjZ2B6QLw3Xn8Ao5oGiE1QxQ9LFoV5RV", "weight": 2000000000000000}
[09-05|08:16:29.019] INFO <P Chain> proposervm/block.go:271 built block {"blkID": "2NBCU6DMHB1uMH3syojgTQe4RaeDKPZK2Z7D9eWmkCv5zxeNpT", "innerBlkID": "cJonefsa6e7AFx5GAgxv8eo9oV3Ahjvx1iXif7y32gq4xS9WK", "height": 10, "pChainHeight": 0, "parentTimestamp": "[09-05|08:16:28.000]", "blockTimestamp": "[09-05|08:16:29.000]"}
[09-05|08:16:35.021] INFO <P Chain> proposervm/block.go:271 built block {"blkID": "AFQ7N5b1Gjsaw8hNfMd3b55qPoarFZvRtmDdPzq9fpf1nfmgZ", "innerBlkID": "UBsND1yZDhzqDZ7JCkkCzpnVU4uzZJMERBu7P7SNfzBKUA59Z", "height": 16, "pChainHeight": 0, "parentTimestamp": "[09-05|08:16:34.000]", "blockTimestamp": "[09-05|08:16:35.000]"}
[09-05|08:16:39.018] INFO <P Chain> proposervm/block.go:271 built block {"blkID": "2Z1bWAitC5xzg9NzcXwKVk568kqDSyQF26NmvueTetmMYJswJn", "innerBlkID": "27j9ir4WVbexDqV7JyjTiVq2qdZNR9kgL55rpAuFfTe1rnbYfw", "height": 20, "pChainHeight": 0, "parentTimestamp": "[09-05|08:16:38.000]", "blockTimestamp": "[09-05|08:16:39.000]"}
[09-05|08:16:47.013] INFO <P Chain> proposervm/block.go:271 built block {"blkID": "2r3kaUhfUjKf6G1JjwQQqVuWxbZveUW9fhApoxx4iToygVT5Fr", "innerBlkID": "2Ac34U9eeE7AJZwD1veukCp83ife3LUvbR7Bqp6ScZnsup25ig", "height": 28, "pChainHeight": 0, "parentTimestamp": "[09-05|08:16:46.000]", "blockTimestamp": "[09-05|08:16:47.000]"}
[09-05|08:16:48.021] INFO <P Chain> proposervm/block.go:271 built block {"blkID": "2Z16gghxSiZwFux1is7NSn9tNTCnx5GjqC6uzxas95TUpdwL6P", "innerBlkID": "PY6ixfW7RQd1iDy2ejiH2KxrgQe1iX5pxkjSQ91HoXs72R4aM", "height": 29, "pChainHeight": 0, "parentTimestamp": "[09-05|08:16:47.000]", "blockTimestamp": "[09-05|08:16:48.000]"}
[09-05|08:16:53.021] INFO <P Chain> proposervm/block.go:271 built block {"blkID": "UAeBbmemZSL4qTN6rpJdX3o3AhY67zUNvqsPM7x4iybN7Enif", "innerBlkID": "QWHXnCAmmH77hVNKmhuJJd66pdtvvyfVffhp1EZQYcvnF2FWM", "height": 34, "pChainHeight": 0, "parentTimestamp": "[09-05|08:16:52.000]", "blockTimestamp": "[09-05|08:16:53.000]"}
[09-05|08:17:03.022] INFO <P Chain> proposervm/block.go:271 built block {"blkID": "eGmnwhCjD5jGp3XRoQsqbgg37RRRwiWrTqe2CV2xSgMSUEvFb", "innerBlkID": "KRTWe2E2gXbb8nNsDz6GaZ2TRK3hQvTJiLWapzuFY2PCQvvck", "height": 44, "pChainHeight": 0, "parentTimestamp": "[09-05|08:17:02.000]", "blockTimestamp": "[09-05|08:17:03.000]"}
[09-05|08:17:05.021] INFO <P Chain> proposervm/block.go:271 built block {"blkID": "2crv9wKAPdjj7bYp6kUdQZa9QywLGA6uzBNfAcgQGJ92sh356b", "innerBlkID": "2vLXRFsPsW1E7LfEd2FYezYSnbnwa6Ytuecd7yE5pvav8okDRT", "height": 46, "pChainHeight": 0, "parentTimestamp": "[09-05|08:17:04.000]", "blockTimestamp": "[09-05|08:17:05.000]"}
[09-05|08:17:06.022] INFO <P Chain> proposervm/block.go:271 built block {"blkID": "2HkdzDgeq6fQhDcEtVtx99ARHN7eQUzT6k5Phxa21teFsw2a5j", "innerBlkID": "2MLy65kS5NzAYEhVms8Qb3TPm9Fuec84ZeSEFoG7op3a9Lpwhc", "height": 47, "pChainHeight": 0, "parentTimestamp": "[09-05|08:17:05.000]", "blockTimestamp": "[09-05|08:17:06.000]"}
[09-05|08:17:15.025] INFO <P Chain> proposervm/block.go:271 built block {"blkID": "22vJsP4FXXgFLZzoYKYnpEbLWWQwyJtZwLbgyrD6KNyHYydP3m", "innerBlkID": "EuG2Ve3YJtbPfFdsHhwVqpTYRNKBsBKV6yMkVkA4qHJvRcue5", "height": 56, "pChainHeight": 0, "parentTimestamp": "[09-05|08:17:14.000]", "blockTimestamp": "[09-05|08:17:15.000]"}
[09-05|08:17:16.022] INFO <P Chain> proposervm/block.go:271 built block {"blkID": "2VTSkgMjt2uyoVNwbVVTHXMz5M2J1s1DFU8D68ngQMJ6yrjhFd", "innerBlkID": "jXGfJvgdNZPXVPZCjJxG8jsQ7etdfLDMTV9TQNdNUPUiFrxGC", "height": 57, "pChainHeight": 0, "parentTimestamp": "[09-05|08:17:15.000]", "blockTimestamp": "[09-05|08:17:16.000]"}
[09-05|08:17:19.935] INFO <P Chain> snowman/engine.go:437 shutting down consensus engine
[09-05|08:17:19.938] INFO <P Chain> router/chain_router.go:383 chain shutdown {"shutdownDuration": "2.107375ms"}
[09-05|08:17:22.121] INFO <P Chain> platformvm/vm.go:113 using VM execution config {"config": {"network":{"max-validator-set-staleness":60000000000,"target-gossip-size":20480,"push-gossip-percent-stake":0.9,"push-gossip-num-validators":100,"push-gossip-num-peers":0,"push-regossip-num-validators":10,"push-regossip-num-peers":0,"push-gossip-discarded-cache-size":16384,"push-gossip-max-regossip-frequency":30000000000,"push-gossip-frequency":500000000,"pull-gossip-poll-size":1,"pull-gossip-frequency":1500000000,"pull-gossip-throttling-period":10000000000,"pull-gossip-throttling-limit":2,"expected-bloom-filter-elements":8192,"expected-bloom-filter-false-positive-probability":0.01,"max-bloom-filter-false-positive-probability":0.05},"block-cache-size":67108864,"tx-cache-size":134217728,"transformed-subnet-tx-cache-size":4194304,"reward-utxos-cache-size":2048,"chain-cache-size":2048,"chain-db-cache-size":2048,"block-id-cache-size":8192,"fx-owner-cache-size":4194304,"subnet-manager-cache-size":4194304,"checksums-enabled":false,"mempool-prune-frequency":1800000000000}}
[09-05|08:17:22.138] INFO <P Chain> platformvm/vm.go:224 initializing last accepted {"blkID": "257MTwp69MxJxj2vh6wYSSKtMaApL26iaqxovNWtiQKCHdaqXq"}
[09-05|08:17:22.139] INFO <P Chain> state/state.go:2398 blocks already reindexed
[09-05|08:17:22.139] INFO <P Chain> proposervm/vm.go:205 initialized proposervm {"state": "after fork", "forkHeight": 1, "lastAcceptedHeight": 60}
[09-05|08:17:22.140] INFO <P Chain> snowman/engine.go:93 initializing consensus engine
[09-05|08:17:22.143] INFO <P Chain> bootstrap/bootstrapper.go:170 starting bootstrapper {"lastAcceptedID": "2wP4VghWa6vEGEw9QYSUNqRUZgmtQV2pJgJFiAEekZJBCWkXUi", "lastAcceptedHeight": 60}
[09-05|08:17:27.208] INFO <P Chain> bootstrap/bootstrapper.go:375 starting to fetch blocks {"numKnownBlocks": 0, "numAcceptedBlocks": 1, "numMissingBlocks": 1}
[09-05|08:17:27.210] INFO <P Chain> bootstrap/storage.go:195 executing blocks {"numToExecute": 0}
[09-05|08:17:27.210] INFO <P Chain> bootstrap/storage.go:187 executed blocks {"numExecuted": 0, "numToExecute": 0, "halted": false, "duration": "230.208µs"}
[09-05|08:17:27.210] INFO <P Chain> bootstrap/bootstrapper.go:702 waiting for the remaining chains in this subnet to finish syncing
[09-05|08:17:31.258] INFO <P Chain> snowman/engine.go:513 starting consensus {"lastAcceptedID": "2wP4VghWa6vEGEw9QYSUNqRUZgmtQV2pJgJFiAEekZJBCWkXUi", "lastAcceptedHeight": 60}
[09-05|08:17:31.259] INFO <P Chain> validators/logger.go:50 node added to validator set {"subnetID": "11111111111111111111111111111111LpoYY", "nodeID": "NodeID-MFrZFVCXPv5iCn6M9K6XduxGTYp891xXZ", "publicKey": "0x8b49c4259529a801cc961c72248773b550379ff718a49f4ccc0e1f2ac338fe204432329aa1712f408f97eee12b22dd05", "txID": "2Jivm38gZPJpFpKGTVyjZ2B6QLw3Xn8Ao5oGiE1QxQ9LFoV5RV", "weight": 2000000000000000}
[09-05|08:17:31.259] INFO <P Chain> validators/logger.go:50 node added to validator set {"subnetID": "MH6UtWKL5Lq9cKc65rahtLUUhdobY68YspyFrcquVEEgC4hUM", "nodeID": "NodeID-MFrZFVCXPv5iCn6M9K6XduxGTYp891xXZ", "publicKey": null, "txID": "jNttv8RjxzfzbpKTbpq9RhTPuxNguV6wm8tH9D3wWYjoPovPt", "weight": 1000}
[09-05|08:17:31.259] INFO <P Chain> validators/logger.go:50 node added to validator set {"subnetID": "2AKbBT8jFUfUsUJ2hhRiDUnAAajJdNhTKeNgEe3q77spMj1N8F", "nodeID": "NodeID-MFrZFVCXPv5iCn6M9K6XduxGTYp891xXZ", "publicKey": null, "txID": "28ZTCxaj3qSavNaz6sejExDhhdyo1hRtdowa29h3xKpjh2RrSn", "weight": 1000}
[09-05|08:17:31.259] INFO <P Chain> validators/logger.go:50 node added to validator set {"subnetID": "2KhsQJhH3VqS7WWMreodAAHpGfGCUNuGQDSaP2vUT29p1HELBV", "nodeID": "NodeID-MFrZFVCXPv5iCn6M9K6XduxGTYp891xXZ", "publicKey": null, "txID": "2bXqk47B5tgke5UpQ4J4EmnA3unjwqW8sjEw5i1HXKzdnMNHdh", "weight": 1000}
[09-05|08:17:31.259] INFO <P Chain> validators/logger.go:50 node added to validator set {"subnetID": "2r4pr33uUBQxkxJkVnFQjGjVToQnpQa6CVD3j7WyKuwNa76JpV", "nodeID": "NodeID-MFrZFVCXPv5iCn6M9K6XduxGTYp891xXZ", "publicKey": null, "txID": "VfskX2j2qTDx8euwnMhXEv8fiDoq25UtJpR2dMDncrELmLZgZ", "weight": 1000}
[09-05|08:17:31.259] INFO <P Chain> validators/logger.go:50 node added to validator set {"subnetID": "2fzAQUaqigEnxFBshUwX9SFDQJWSpwkbeK9QChPBerY9rHpJAq", "nodeID": "NodeID-MFrZFVCXPv5iCn6M9K6XduxGTYp891xXZ", "publicKey": null, "txID": "MY5skwWyja4NNvXGejVUg4syDEpBDRxXLPMJbEsuYHtBM73oE", "weight": 1000}
[09-05|08:17:31.259] INFO <P Chain> validators/logger.go:50 node added to validator set {"subnetID": "2hKZdtWvgT3Vv61HmEGtrPDfhK3my453WCxihdZ9VABFx7Ymnn", "nodeID": "NodeID-MFrZFVCXPv5iCn6M9K6XduxGTYp891xXZ", "publicKey": null, "txID": "8WjwFP5TWNa1UBvVeyxqg7ERKZjZpeuWFot6ch5JsmPCcMngR", "weight": 1000}
[09-05|08:17:31.259] INFO <P Chain> validators/logger.go:50 node added to validator set {"subnetID": "2qCBYBymAdCag6uLRwj2jSFsfuKsQBoGWrH2xkvDVz86giGPpW", "nodeID": "NodeID-MFrZFVCXPv5iCn6M9K6XduxGTYp891xXZ", "publicKey": null, "txID": "29Ay9U7sxtjQzAfusUtUvyeHRsoQ7RR8GknhRkzLEcVautkYhY", "weight": 1000}
[09-05|08:17:31.259] INFO <P Chain> validators/logger.go:50 node added to validator set {"subnetID": "2STpMLkdZQmgqYNoR4EvKLxx9n21sdMYCbmLqi3G6Rt4Ys8SBZ", "nodeID": "NodeID-MFrZFVCXPv5iCn6M9K6XduxGTYp891xXZ", "publicKey": null, "txID": "2uwq9e73Kff3mPqpUeKofoD4iJLokzDDsUeM1phUsRuYD6aSxn", "weight": 1000}
[09-05|08:17:31.259] INFO <P Chain> validators/logger.go:50 node added to validator set {"subnetID": "2VoVDitz4SX5Q4QgPZ9Byw3yZoGjf6hCqJB3AGerQTELFhJTne", "nodeID": "NodeID-MFrZFVCXPv5iCn6M9K6XduxGTYp891xXZ", "publicKey": null, "txID": "f9s7n21oHYCey7GKkGsFUDT782J7e15kgV5LrMDUYr94EwVAW", "weight": 1000}
[09-05|08:17:31.259] INFO <P Chain> validators/logger.go:50 node added to validator set {"subnetID": "2XAE7zqeF6zXg49DToaKcmWNk82KP9XW2BaNSu4KJgrvDDADBi", "nodeID": "NodeID-MFrZFVCXPv5iCn6M9K6XduxGTYp891xXZ", "publicKey": null, "txID": "2JW4MN75YGACzdjUn4hJbJGNt43fVRGxUTarRXax5bSf8uDoDq", "weight": 1000}
[09-05|08:17:59.527] INFO <P Chain> snowman/engine.go:437 shutting down consensus engine
[09-05|08:17:59.529] INFO <P Chain> router/chain_router.go:383 chain shutdown {"shutdownDuration": "1.865542ms"}
[09-07|07:45:25.539] INFO <P Chain> platformvm/vm.go:113 using VM execution config {"config": {"network":{"max-validator-set-staleness":60000000000,"target-gossip-size":20480,"push-gossip-percent-stake":0.9,"push-gossip-num-validators":100,"push-gossip-num-peers":0,"push-regossip-num-validators":10,"push-regossip-num-peers":0,"push-gossip-discarded-cache-size":16384,"push-gossip-max-regossip-frequency":30000000000,"push-gossip-frequency":500000000,"pull-gossip-poll-size":1,"pull-gossip-frequency":1500000000,"pull-gossip-throttling-period":10000000000,"pull-gossip-throttling-limit":2,"expected-bloom-filter-elements":8192,"expected-bloom-filter-false-positive-probability":0.01,"max-bloom-filter-false-positive-probability":0.05},"block-cache-size":67108864,"tx-cache-size":134217728,"transformed-subnet-tx-cache-size":4194304,"reward-utxos-cache-size":2048,"chain-cache-size":2048,"chain-db-cache-size":2048,"block-id-cache-size":8192,"fx-owner-cache-size":4194304,"subnet-manager-cache-size":4194304,"checksums-enabled":false,"mempool-prune-frequency":1800000000000}}
[09-07|07:45:25.576] INFO <P Chain> platformvm/vm.go:224 initializing last accepted {"blkID": "257MTwp69MxJxj2vh6wYSSKtMaApL26iaqxovNWtiQKCHdaqXq"}
[09-07|07:45:25.576] INFO <P Chain> proposervm/vm.go:205 initialized proposervm {"state": "after fork", "forkHeight": 1, "lastAcceptedHeight": 60}
[09-07|07:45:25.577] INFO <P Chain> snowman/engine.go:93 initializing consensus engine
[09-07|07:45:25.580] INFO <P Chain> bootstrap/bootstrapper.go:170 starting bootstrapper {"lastAcceptedID": "2wP4VghWa6vEGEw9QYSUNqRUZgmtQV2pJgJFiAEekZJBCWkXUi", "lastAcceptedHeight": 60}
[09-07|07:45:25.578] INFO <P Chain> state/state.go:2398 blocks already reindexed
[09-07|07:45:25.715] INFO <P Chain> bootstrap/bootstrapper.go:375 starting to fetch blocks {"numKnownBlocks": 0, "numAcceptedBlocks": 1, "numMissingBlocks": 1}
[09-07|07:45:25.715] INFO <P Chain> bootstrap/storage.go:195 executing blocks {"numToExecute": 0}
[09-07|07:45:25.715] INFO <P Chain> bootstrap/storage.go:187 executed blocks {"numExecuted": 0, "numToExecute": 0, "halted": false, "duration": "281.968µs"}
[09-07|07:45:25.715] INFO <P Chain> bootstrap/bootstrapper.go:702 waiting for the remaining chains in this subnet to finish syncing
[09-07|07:45:29.689] INFO <P Chain> snowman/engine.go:513 starting consensus {"lastAcceptedID": "2wP4VghWa6vEGEw9QYSUNqRUZgmtQV2pJgJFiAEekZJBCWkXUi", "lastAcceptedHeight": 60}
[09-07|07:45:29.689] INFO <P Chain> validators/logger.go:50 node added to validator set {"subnetID": "11111111111111111111111111111111LpoYY", "nodeID": "NodeID-MFrZFVCXPv5iCn6M9K6XduxGTYp891xXZ", "publicKey": "0x8b49c4259529a801cc961c72248773b550379ff718a49f4ccc0e1f2ac338fe204432329aa1712f408f97eee12b22dd05", "txID": "2Jivm38gZPJpFpKGTVyjZ2B6QLw3Xn8Ao5oGiE1QxQ9LFoV5RV", "weight": 2000000000000000}
[09-07|07:45:29.689] INFO <P Chain> validators/logger.go:50 node added to validator set {"subnetID": "2XAE7zqeF6zXg49DToaKcmWNk82KP9XW2BaNSu4KJgrvDDADBi", "nodeID": "NodeID-MFrZFVCXPv5iCn6M9K6XduxGTYp891xXZ", "publicKey": null, "txID": "2JW4MN75YGACzdjUn4hJbJGNt43fVRGxUTarRXax5bSf8uDoDq", "weight": 1000}
[09-07|07:45:29.689] INFO <P Chain> validators/logger.go:50 node added to validator set {"subnetID": "2hKZdtWvgT3Vv61HmEGtrPDfhK3my453WCxihdZ9VABFx7Ymnn", "nodeID": "NodeID-MFrZFVCXPv5iCn6M9K6XduxGTYp891xXZ", "publicKey": null, "txID": "8WjwFP5TWNa1UBvVeyxqg7ERKZjZpeuWFot6ch5JsmPCcMngR", "weight": 1000}
[09-07|07:45:29.689] INFO <P Chain> validators/logger.go:50 node added to validator set {"subnetID": "2r4pr33uUBQxkxJkVnFQjGjVToQnpQa6CVD3j7WyKuwNa76JpV", "nodeID": "NodeID-MFrZFVCXPv5iCn6M9K6XduxGTYp891xXZ", "publicKey": null, "txID": "VfskX2j2qTDx8euwnMhXEv8fiDoq25UtJpR2dMDncrELmLZgZ", "weight": 1000}
[09-07|07:45:29.690] INFO <P Chain> validators/logger.go:50 node added to validator set {"subnetID": "2KhsQJhH3VqS7WWMreodAAHpGfGCUNuGQDSaP2vUT29p1HELBV", "nodeID": "NodeID-MFrZFVCXPv5iCn6M9K6XduxGTYp891xXZ", "publicKey": null, "txID": "2bXqk47B5tgke5UpQ4J4EmnA3unjwqW8sjEw5i1HXKzdnMNHdh", "weight": 1000}
[09-07|07:45:29.690] INFO <P Chain> validators/logger.go:50 node added to validator set {"subnetID": "2STpMLkdZQmgqYNoR4EvKLxx9n21sdMYCbmLqi3G6Rt4Ys8SBZ", "nodeID": "NodeID-MFrZFVCXPv5iCn6M9K6XduxGTYp891xXZ", "publicKey": null, "txID": "2uwq9e73Kff3mPqpUeKofoD4iJLokzDDsUeM1phUsRuYD6aSxn", "weight": 1000}
[09-07|07:45:29.690] INFO <P Chain> validators/logger.go:50 node added to validator set {"subnetID": "2VoVDitz4SX5Q4QgPZ9Byw3yZoGjf6hCqJB3AGerQTELFhJTne", "nodeID": "NodeID-MFrZFVCXPv5iCn6M9K6XduxGTYp891xXZ", "publicKey": null, "txID": "f9s7n21oHYCey7GKkGsFUDT782J7e15kgV5LrMDUYr94EwVAW", "weight": 1000}
[09-07|07:45:29.690] INFO <P Chain> validators/logger.go:50 node added to validator set {"subnetID": "MH6UtWKL5Lq9cKc65rahtLUUhdobY68YspyFrcquVEEgC4hUM", "nodeID": "NodeID-MFrZFVCXPv5iCn6M9K6XduxGTYp891xXZ", "publicKey": null, "txID": "jNttv8RjxzfzbpKTbpq9RhTPuxNguV6wm8tH9D3wWYjoPovPt", "weight": 1000}
[09-07|07:45:29.690] INFO <P Chain> validators/logger.go:50 node added to validator set {"subnetID": "2AKbBT8jFUfUsUJ2hhRiDUnAAajJdNhTKeNgEe3q77spMj1N8F", "nodeID": "NodeID-MFrZFVCXPv5iCn6M9K6XduxGTYp891xXZ", "publicKey": null, "txID": "28ZTCxaj3qSavNaz6sejExDhhdyo1hRtdowa29h3xKpjh2RrSn", "weight": 1000}
[09-07|07:45:29.690] INFO <P Chain> validators/logger.go:50 node added to validator set {"subnetID": "2fzAQUaqigEnxFBshUwX9SFDQJWSpwkbeK9QChPBerY9rHpJAq", "nodeID": "NodeID-MFrZFVCXPv5iCn6M9K6XduxGTYp891xXZ", "publicKey": null, "txID": "MY5skwWyja4NNvXGejVUg4syDEpBDRxXLPMJbEsuYHtBM73oE", "weight": 1000}
[09-07|07:45:29.690] INFO <P Chain> validators/logger.go:50 node added to validator set {"subnetID": "2qCBYBymAdCag6uLRwj2jSFsfuKsQBoGWrH2xkvDVz86giGPpW", "nodeID": "NodeID-MFrZFVCXPv5iCn6M9K6XduxGTYp891xXZ", "publicKey": null, "txID": "29Ay9U7sxtjQzAfusUtUvyeHRsoQ7RR8GknhRkzLEcVautkYhY", "weight": 1000}
