[09-05|08:15:35.300] INFO node/node.go:143 initializing node {"version": "avalanchego/1.11.11", "nodeID": "NodeID-P7oB2McjBGgW2NXXWVYjV8JEDFoW9xDE5", "stakingKeyType": "RSA", "nodePOP": {"publicKey":"0xa37e938a8e1fb71286ae1a9dc81585bae5c63d8cae3b95160ce9acce621c8ee64afa0491a2c757ba24d8be2da1052090","proofOfPossession":"0x8e01fe13a6fa3ca5be4f78230b0d03ffff4741f186ddebf9a04819e8011eb9c1b81debad2e52a35ec89f4dfc517884b9075e46968d6c735f17cca3ab5c07a2cdc181233fcd8e9260d9fa7edc12572dff13972c9b3233f34258fb34d9e6b732ba"}, "providedFlags": {"api-admin-enabled":"true","bootstrap-ids":"NodeID-7Xhw2mDxuDS44j42TCB6U5579esbSt3Lg,NodeID-MFrZFVCXPv5iCn6M9K6XduxGTYp891xXZ,NodeID-NFBbbJ4qCmNaCzeW7sxErhvWqvEQMnYcN,NodeID-GWPcbFJZFfZreETSoWjPimr846mXEKCtu","bootstrap-ips":"127.0.0.1:9651,127.0.0.1:9653,127.0.0.1:9655,127.0.0.1:9657","chain-config-dir":"/var/folders/2g/px5t4c492nqf5pn7y2_qs6xw0000gp/T/network-runner-root-data/network_20240905_081528/node5/chainConfigs","config-file":"/var/folders/2g/px5t4c492nqf5pn7y2_qs6xw0000gp/T/network-runner-root-data/network_20240905_081528/node5/configs/config.json","data-dir":"/var/folders/2g/px5t4c492nqf5pn7y2_qs6xw0000gp/T/network-runner-root-data/network_20240905_081528/node5","db-dir":"/var/folders/2g/px5t4c492nqf5pn7y2_qs6xw0000gp/T/network-runner-root-data/network_20240905_081528/node5/db","genesis-file":"/var/folders/2g/px5t4c492nqf5pn7y2_qs6xw0000gp/T/network-runner-root-data/network_20240905_081528/node5/configs/genesis.json","health-check-frequency":"2s","http-port":"9658","index-enabled":"true","log-dir":"/var/folders/2g/px5t4c492nqf5pn7y2_qs6xw0000gp/T/network-runner-root-data/network_20240905_081528/node5/logs","log-display-level":"INFO","log-level":"INFO","network-id":"1337","network-max-reconnect-delay":"1s","public-ip":"127.0.0.1","staking-port":"9659","subnet-config-dir":"/var/folders/2g/px5t4c492nqf5pn7y2_qs6xw0000gp/T/network-runner-root-data/network_20240905_081528/node5/subnetConfigs"}, "config": {"httpConfig":{"readTimeout":30000000000,"readHeaderTimeout":30000000000,"writeHeaderTimeout":30000000000,"idleTimeout":120000000000,"apiConfig":{"indexerConfig":{"indexAPIEnabled":true,"indexAllowIncomplete":false},"adminAPIEnabled":true,"infoAPIEnabled":true,"keystoreAPIEnabled":false,"metricsAPIEnabled":true,"healthAPIEnabled":true},"httpHost":"127.0.0.1","httpPort":9658,"httpsEnabled":false,"httpAllowedOrigins":["*"],"httpAllowedHosts":["localhost"],"shutdownTimeout":10000000000,"shutdownWait":0},"ipConfig":{"publicIP":"127.0.0.1","publicIPResolutionService":"","publicIPResolutionFreq":300000000000,"listenHost":"","listenPort":9659},"stakingConfig":{"uptimeRequirement":0.8,"minValidatorStake":2000000000000,"maxValidatorStake":3000000000000000,"minDelegatorStake":25000000000,"minDelegationFee":20000,"minStakeDuration":86400000000000,"maxStakeDuration":31536000000000000,"rewardConfig":{"maxConsumptionRate":120000,"minConsumptionRate":100000,"mintingPeriod":31536000000000000,"supplyCap":720000000000000000},"sybilProtectionEnabled":true,"partialSyncPrimaryNetwork":false,"sybilProtectionDisabledWeight":100,"stakingKeyPath":"/var/folders/2g/px5t4c492nqf5pn7y2_qs6xw0000gp/T/network-runner-root-data/network_20240905_081528/node5/staking/staker.key","stakingCertPath":"/var/folders/2g/px5t4c492nqf5pn7y2_qs6xw0000gp/T/network-runner-root-data/network_20240905_081528/node5/staking/staker.crt","stakingSignerPath":"/var/folders/2g/px5t4c492nqf5pn7y2_qs6xw0000gp/T/network-runner-root-data/network_20240905_081528/node5/staking/signer.key"},"txFeeConfig":{"createAssetTxFee":1000000,"staticFeeConfig":{"txFee":1000000,"createSubnetTxFee":100000000,"transformSubnetTxFee":100000000,"createBlockchainTxFee":100000000,"addPrimaryNetworkValidatorFee":0,"addPrimaryNetworkDelegatorFee":0,"addSubnetValidatorFee":1000000,"addSubnetDelegatorFee":1000000},"dynamicFeeConfig":{"weights":[1,1,1,1],"maxCapacity":1000000,"maxPerSecond":1000,"targetPerSecond":500,"minPrice":1,"excessConversionConstant":5000}},"stateSyncConfig":{"stateSyncIDs":null,"stateSyncIPs":null},"bootstrapConfig":{"bootstrapBeaconConnectionTimeout":60000000000,"bootstrapAncestorsMaxContainersSent":2000,"bootstrapAncestorsMaxContainersReceived":2000,"bootstrapMaxTimeGetAncestors":50000000,"bootstrappers":[{"id":"NodeID-7Xhw2mDxuDS44j42TCB6U5579esbSt3Lg","ip":"127.0.0.1:9651"},{"id":"NodeID-MFrZFVCXPv5iCn6M9K6XduxGTYp891xXZ","ip":"127.0.0.1:9653"},{"id":"NodeID-NFBbbJ4qCmNaCzeW7sxErhvWqvEQMnYcN","ip":"127.0.0.1:9655"},{"id":"NodeID-GWPcbFJZFfZreETSoWjPimr846mXEKCtu","ip":"127.0.0.1:9657"}]},"databaseConfig":{"readOnly":false,"path":"/var/folders/2g/px5t4c492nqf5pn7y2_qs6xw0000gp/T/network-runner-root-data/network_20240905_081528/node5/db/network-1337","name":"leveldb"},"upgradeConfig":{"apricotPhase1Time":"2020-12-05T05:00:00Z","apricotPhase2Time":"2020-12-05T05:00:00Z","apricotPhase3Time":"2020-12-05T05:00:00Z","apricotPhase4Time":"2020-12-05T05:00:00Z","apricotPhase4MinPChainHeight":0,"apricotPhase5Time":"2020-12-05T05:00:00Z","apricotPhasePre6Time":"2020-12-05T05:00:00Z","apricotPhase6Time":"2020-12-05T05:00:00Z","apricotPhasePost6Time":"2020-12-05T05:00:00Z","banffTime":"2020-12-05T05:00:00Z","cortinaTime":"2020-12-05T05:00:00Z","cortinaXChainStopVertexID":"11111111111111111111111111111111LpoYY","durangoTime":"2020-12-05T05:00:00Z","etnaTime":"2020-12-05T05:00:00Z"},"avaxAssetID":"28VTWcsTZ55draGkmjdcS9CFFv4zC3PbvVjkyoqxzNC7Y5msRP","networkID":1337,"healthCheckFreq":2000000000,"networkConfig":{"healthConfig":{"minConnectedPeers":1,"maxTimeSinceMsgReceived":60000000000,"maxTimeSinceMsgSent":60000000000,"maxPortionSendQueueBytesFull":0.9,"maxSendFailRate":0.9,"sendFailRateHalflife":10000000000},"peerListGossipConfig":{"peerListNumValidatorIPs":15,"peerListPullGossipFreq":2000000000,"peerListBloomResetFreq":60000000000},"timeoutConfigs":{"pingPongTimeout":30000000000,"readHandshakeTimeout":15000000000},"delayConfig":{"initialReconnectDelay":1000000000,"maxReconnectDelay":1000000000},"throttlerConfig":{"inboundConnUpgradeThrottlerConfig":{"upgradeCooldown":10000000000,"maxRecentConnsUpgraded":2560},"inboundMsgThrottlerConfig":{"byteThrottlerConfig":{"vdrAllocSize":33554432,"atLargeAllocSize":6291456,"nodeMaxAtLargeBytes":2097152},"bandwidthThrottlerConfig":{"bandwidthRefillRate":524288,"bandwidthMaxBurstRate":2097152},"cpuThrottlerConfig":{"maxRecheckDelay":5000000000},"diskThrottlerConfig":{"maxRecheckDelay":5000000000},"maxProcessingMsgsPerNode":1024},"outboundMsgThrottlerConfig":{"vdrAllocSize":33554432,"atLargeAllocSize":33554432,"nodeMaxAtLargeBytes":2097152},"maxInboundConnsPerSec":256},"proxyEnabled":false,"proxyReadHeaderTimeout":3000000000,"dialerConfig":{"throttleRps":50,"connectionTimeout":30000000000},"tlsKeyLogFile":"","myNodeID":"NodeID-111111111111111111116DBWJs","myIP":null,"networkID":0,"maxClockDifference":60000000000,"pingFrequency":22500000000,"allowPrivateIPs":true,"supportedACPs":[],"objectedACPs":[],"compressionType":"zstd","uptimeMetricFreq":30000000000,"requireValidatorToConnect":false,"maximumInboundMessageTimeout":10000000000,"peerReadBufferSize":8192,"peerWriteBufferSize":8192},"adaptiveTimeoutConfig":{"initialTimeout":5000000000,"minimumTimeout":2000000000,"maximumTimeout":10000000000,"timeoutCoefficient":2,"timeoutHalflife":300000000000},"benchlistConfig":{"threshold":10,"minimumFailingDuration":150000000000,"duration":900000000000,"maxPortion":0.08333333333333333},"profilerConfig":{"dir":"/var/folders/2g/px5t4c492nqf5pn7y2_qs6xw0000gp/T/network-runner-root-data/network_20240905_081528/node5/profiles","enabled":false,"freq":900000000000,"maxNumFiles":5},"loggingConfig":{"maxSize":8,"maxFiles":7,"maxAge":0,"directory":"/var/folders/2g/px5t4c492nqf5pn7y2_qs6xw0000gp/T/network-runner-root-data/network_20240905_081528/node5/logs","compress":false,"disableWriterDisplaying":false,"logLevel":"INFO","displayLevel":"INFO","logFormat":"PLAIN"},"pluginDir":"/var/folders/2g/px5t4c492nqf5pn7y2_qs6xw0000gp/T/network-runner-root-data/network_20240905_081528/node5/plugins","fdLimit":10240,"meterVMEnabled":true,"routerHealthConfig":{"maxDropRate":1,"maxDropRateHalflife":10000000000,"maxOutstandingRequests":1024,"maxOutstandingDuration":300000000000,"maxRunTimeRequests":10000000000},"consensusShutdownTimeout":60000000000,"consensusGossipFreq":100000000,"consensusAppConcurrency":2,"trackedSubnets":[],"subnetConfigs":{"11111111111111111111111111111111LpoYY":{"validatorOnly":false,"allowedNodes":[],"consensusParameters":{"k":20,"alphaPreference":15,"alphaConfidence":15,"beta":20,"concurrentRepolls":4,"optimalProcessing":10,"maxOutstandingItems":256,"maxItemProcessingTime":30000000000},"proposerMinBlockDelay":1000000000,"proposerNumHistoricalBlocks":0}},"chainAliases":null,"vmAliases":null,"systemTrackerProcessingHalflife":15000000000,"systemTrackerFrequency":500000000,"systemTrackerCPUHalflife":15000000000,"systemTrackerDiskHalflife":60000000000,"cpuTargeterConfig":{"vdrAlloc":14,"maxNonVdrUsage":11.200000000000001,"maxNonVdrNodeUsage":1.75},"diskTargeterConfig":{"vdrAlloc":1073741824000,"maxNonVdrUsage":1073741824000,"maxNonVdrNodeUsage":1073741824000},"requiredAvailableDiskSpace":536870912,"warningThresholdAvailableDiskSpace":1073741824,"traceConfig":{"exporterConfig":{"type":"unknown","endpoint":"","headers":null,"insecure":false},"enabled":false,"traceSampleRate":0,"appName":"","version":""},"useCurrentHeight":false,"chainDataDir":"/var/folders/2g/px5t4c492nqf5pn7y2_qs6xw0000gp/T/network-runner-root-data/network_20240905_081528/node5/chainData","processContextFilePath":"/var/folders/2g/px5t4c492nqf5pn7y2_qs6xw0000gp/T/network-runner-root-data/network_20240905_081528/node5/process.json"}}
[09-05|08:15:35.306] INFO node/node.go:952 initializing NAT
[09-05|08:15:35.308] INFO node/node.go:970 initializing API server
[09-05|08:15:35.309] INFO server/server.go:149 API created {"allowedOrigins": ["*"]}
[09-05|08:15:35.309] INFO node/node.go:1340 initializing metrics API
[09-05|08:15:35.309] INFO server/server.go:235 adding route {"url": "/ext/metrics", "endpoint": ""}
[09-05|08:15:35.310] INFO leveldb/db.go:205 creating leveldb {"config": {"blockCacheCapacity":12582912,"blockSize":0,"compactionExpandLimitFactor":0,"compactionGPOverlapsFactor":0,"compactionL0Trigger":0,"compactionSourceLimitFactor":0,"compactionTableSize":0,"compactionTableSizeMultiplier":0,"compactionTableSizeMultiplierPerLevel":null,"compactionTotalSize":0,"compactionTotalSizeMultiplier":0,"disableSeeksCompaction":true,"openFilesCacheCapacity":1024,"writeBuffer":6291456,"filterBitsPerKey":10,"maxManifestFileSize":9223372036854775807,"metricUpdateFrequency":10000000000}}
[09-05|08:15:35.341] INFO node/node.go:850 initializing database {"genesisHash": "2UWhdhRYYjvKFFh3peEh1smyw6uaNpheqX5gkmdTauXmn9vffP"}
[09-05|08:15:35.341] INFO node/node.go:1298 initializing keystore
[09-05|08:15:35.342] INFO node/node.go:1305 skipping keystore API initialization because it has been disabled
[09-05|08:15:35.342] INFO node/node.go:1290 initializing SharedMemory
[09-05|08:15:35.360] WARN node/node.go:497 P2P IP is private, you will not be publicly discoverable {"ip": "127.0.0.1"}
[09-05|08:15:35.360] INFO node/node.go:512 initializing networking {"ip": "127.0.0.1:9659"}
[09-05|08:15:35.362] INFO node/node.go:1464 initializing Health API
[09-05|08:15:35.362] INFO health/worker.go:115 registered new check and initialized its state to failing {"name": "health", "name": "network", "tags": ["application"]}
[09-05|08:15:35.363] INFO health/worker.go:115 registered new check and initialized its state to failing {"name": "health", "name": "router", "tags": ["application"]}
[09-05|08:15:35.363] INFO health/worker.go:115 registered new check and initialized its state to failing {"name": "health", "name": "database", "tags": ["application"]}
[09-05|08:15:35.363] INFO health/worker.go:115 registered new check and initialized its state to failing {"name": "health", "name": "diskspace", "tags": ["application"]}
[09-05|08:15:35.363] INFO server/server.go:235 adding route {"url": "/ext/health", "endpoint": ""}
[09-05|08:15:35.363] INFO server/server.go:235 adding route {"url": "/ext/health", "endpoint": "/readiness"}
[09-05|08:15:35.363] INFO server/server.go:235 adding route {"url": "/ext/health", "endpoint": "/health"}
[09-05|08:15:35.363] INFO server/server.go:235 adding route {"url": "/ext/health", "endpoint": "/liveness"}
[09-05|08:15:35.363] INFO node/node.go:1063 adding the default VM aliases
[09-05|08:15:35.364] INFO node/node.go:1207 initializing VMs
[09-05|08:15:35.365] INFO node/node.go:1359 initializing admin API
[09-05|08:15:35.365] INFO server/server.go:235 adding route {"url": "/ext/admin", "endpoint": ""}
[09-05|08:15:35.365] INFO node/node.go:1413 initializing info API
[09-05|08:15:35.366] INFO server/server.go:235 adding route {"url": "/ext/info", "endpoint": ""}
[09-05|08:15:35.366] INFO node/node.go:1549 initializing chain aliases
[09-05|08:15:35.366] INFO node/node.go:1576 initializing API aliases
[09-05|08:15:35.367] INFO node/node.go:1386 skipping profiler initialization because it has been disabled
[09-05|08:15:35.367] INFO node/node.go:928 initializing chains
[09-05|08:15:35.368] INFO health/worker.go:261 check started passing {"name": "health", "name": "database", "tags": ["application"]}
[09-05|08:15:35.368] INFO health/worker.go:261 check started passing {"name": "health", "name": "diskspace", "tags": ["application"]}
[09-05|08:15:35.369] INFO chains/manager.go:375 creating chain {"subnetID": "11111111111111111111111111111111LpoYY", "chainID": "11111111111111111111111111111111LpoYY", "vmID": "rWhpuQPF1kb72esV2momhMuTYGkEb1oL29pt2EBXWmSy4kxnT"}
[09-05|08:15:35.369] INFO health/worker.go:261 check started passing {"name": "health", "name": "router", "tags": ["application"]}
[09-05|08:15:35.370] INFO chains/manager.go:1172 creating proposervm wrapper {"activationTime": "[12-05|05:00:00.000]", "minPChainHeight": 0, "minBlockDelay": "1s", "numHistoricalBlocks": 0}
[09-05|08:15:35.398] INFO health/worker.go:115 registered new check and initialized its state to failing {"name": "health", "name": "P", "tags": ["11111111111111111111111111111111LpoYY"]}
[09-05|08:15:35.399] INFO server/server.go:210 adding route {"url": "/ext/bc/11111111111111111111111111111111LpoYY", "endpoint": ""}
[09-05|08:15:35.399] INFO indexer/index.go:84 created new index {"nextAcceptedIndex": 0}
[09-05|08:15:35.399] INFO server/server.go:235 adding route {"url": "/ext/index/P", "endpoint": "/block"}
[09-05|08:15:35.400] INFO health/worker.go:115 registered new check and initialized its state to failing {"name": "readiness", "name": "bootstrapped", "tags": ["application"]}
[09-05|08:15:35.400] INFO health/worker.go:115 registered new check and initialized its state to failing {"name": "health", "name": "bootstrapped", "tags": ["application"]}
[09-05|08:15:35.401] INFO chains/manager.go:1493 starting chain creator
[09-05|08:15:35.402] INFO node/node.go:661 writing process context {"path": "/var/folders/2g/px5t4c492nqf5pn7y2_qs6xw0000gp/T/network-runner-root-data/network_20240905_081528/node5/process.json"}
[09-05|08:15:35.410] INFO node/node.go:688 API server listening {"uri": "http://127.0.0.1:9658"}
[09-05|08:15:35.461] INFO chains/manager.go:375 creating chain {"subnetID": "11111111111111111111111111111111LpoYY", "chainID": "NeA134STyTVwife7gYeNQ6Hwi5GPGC2X7aUFvWsnusnpM2do6", "vmID": "mgj786NP7uDwBCcq6YwThhaN8FLyybkCa4zBWTQbNgmK6k9A6"}
[09-05|08:15:35.462] INFO chains/manager.go:1172 creating proposervm wrapper {"activationTime": "[12-05|05:00:00.000]", "minPChainHeight": 0, "minBlockDelay": "1s", "numHistoricalBlocks": 0}
[09-05|08:15:35.484] INFO health/worker.go:115 registered new check and initialized its state to failing {"name": "health", "name": "C", "tags": ["11111111111111111111111111111111LpoYY"]}
[09-05|08:15:35.486] INFO server/server.go:210 adding route {"url": "/ext/bc/NeA134STyTVwife7gYeNQ6Hwi5GPGC2X7aUFvWsnusnpM2do6", "endpoint": "/rpc"}
[09-05|08:15:35.486] INFO server/server.go:210 adding route {"url": "/ext/bc/NeA134STyTVwife7gYeNQ6Hwi5GPGC2X7aUFvWsnusnpM2do6", "endpoint": "/ws"}
[09-05|08:15:35.486] INFO server/server.go:210 adding route {"url": "/ext/bc/NeA134STyTVwife7gYeNQ6Hwi5GPGC2X7aUFvWsnusnpM2do6", "endpoint": "/avax"}
[09-05|08:15:35.486] INFO indexer/index.go:84 created new index {"nextAcceptedIndex": 0}
[09-05|08:15:35.487] INFO server/server.go:235 adding route {"url": "/ext/index/C", "endpoint": "/block"}
[09-05|08:15:35.487] INFO chains/manager.go:375 creating chain {"subnetID": "11111111111111111111111111111111LpoYY", "chainID": "2NuxE6iXPyM9tknyHCVkTGQVM6Bj2rYMNW7tRd4aNiXXE3oPcB", "vmID": "jvYyfQTxGMJLuGWa55kdP2p2zSUYsQ5Raupu4TW34ZAUBAbtq"}
[09-05|08:15:35.492] INFO chains/manager.go:768 creating proposervm wrapper {"activationTime": "[12-05|05:00:00.000]", "minPChainHeight": 0, "minBlockDelay": "1s", "numHistoricalBlocks": 0}
[09-05|08:15:35.493] INFO health/worker.go:115 registered new check and initialized its state to failing {"name": "health", "name": "X", "tags": ["11111111111111111111111111111111LpoYY"]}
[09-05|08:15:35.494] INFO server/server.go:210 adding route {"url": "/ext/bc/2NuxE6iXPyM9tknyHCVkTGQVM6Bj2rYMNW7tRd4aNiXXE3oPcB", "endpoint": ""}
[09-05|08:15:35.494] INFO server/server.go:210 adding route {"url": "/ext/bc/2NuxE6iXPyM9tknyHCVkTGQVM6Bj2rYMNW7tRd4aNiXXE3oPcB", "endpoint": "/wallet"}
[09-05|08:15:35.494] INFO server/server.go:210 adding route {"url": "/ext/bc/2NuxE6iXPyM9tknyHCVkTGQVM6Bj2rYMNW7tRd4aNiXXE3oPcB", "endpoint": "/events"}
[09-05|08:15:35.494] INFO indexer/index.go:84 created new index {"nextAcceptedIndex": 0}
[09-05|08:15:35.494] INFO server/server.go:235 adding route {"url": "/ext/index/X", "endpoint": "/block"}
[09-05|08:15:35.494] INFO indexer/index.go:84 created new index {"nextAcceptedIndex": 0}
[09-05|08:15:35.494] INFO server/server.go:235 adding route {"url": "/ext/index/X", "endpoint": "/vtx"}
[09-05|08:15:35.494] INFO indexer/index.go:84 created new index {"nextAcceptedIndex": 0}
[09-05|08:15:35.494] INFO server/server.go:235 adding route {"url": "/ext/index/X", "endpoint": "/tx"}
[09-05|08:15:37.368] INFO health/worker.go:261 check started passing {"name": "health", "name": "network", "tags": ["application"]}
[09-05|08:15:37.369] INFO health/worker.go:261 check started passing {"name": "health", "name": "bootstrapped", "tags": ["application"]}
[09-05|08:15:37.369] INFO health/worker.go:261 check started passing {"name": "readiness", "name": "bootstrapped", "tags": ["application"]}
[09-05|08:15:37.370] INFO health/worker.go:261 check started passing {"name": "health", "name": "X", "tags": ["11111111111111111111111111111111LpoYY"]}
[09-05|08:15:37.370] INFO health/worker.go:261 check started passing {"name": "health", "name": "P", "tags": ["11111111111111111111111111111111LpoYY"]}
[09-05|08:15:37.370] INFO health/worker.go:261 check started passing {"name": "health", "name": "C", "tags": ["11111111111111111111111111111111LpoYY"]}
[09-05|08:17:21.369] WARN health/worker.go:252 check started failing {"name": "health", "name": "X", "tags": ["11111111111111111111111111111111LpoYY"], "error": "not connected to enough stake: connected to 60.000000%; required at least 80.000000%"}
[09-05|08:17:21.370] WARN health/worker.go:252 check started failing {"name": "health", "name": "P", "tags": ["11111111111111111111111111111111LpoYY"], "error": "not connected to enough stake: connected to 60.000000%; required at least 80.000000%"}
[09-05|08:17:21.370] WARN health/worker.go:252 check started failing {"name": "health", "name": "C", "tags": ["11111111111111111111111111111111LpoYY"], "error": "not connected to enough stake: connected to 60.000000%; required at least 80.000000%"}
[09-05|08:17:23.806] INFO node/node.go:1666 shutting down node {"exitCode": 0}
[09-05|08:17:23.807] INFO health/worker.go:115 registered new check and initialized its state to failing {"name": "health", "name": "shuttingDown", "tags": ["application"]}
[09-05|08:17:23.807] INFO chains/manager.go:1524 shutting down chain manager
[09-05|08:17:23.807] INFO router/chain_router.go:360 shutting down chain router
[09-05|08:17:23.811] INFO network/network.go:1125 shutting down the p2p networking
[09-05|08:17:23.812] INFO nat/nat.go:193 Unmapped all ports
[09-05|08:17:23.812] INFO node/node.go:1715 cleaning up plugin runtimes
[09-05|08:17:23.813] INFO node/node.go:1744 finished node shutdown
[09-05|08:17:25.960] INFO node/node.go:143 initializing node {"version": "avalanchego/1.11.11", "nodeID": "NodeID-P7oB2McjBGgW2NXXWVYjV8JEDFoW9xDE5", "stakingKeyType": "RSA", "nodePOP": {"publicKey":"0xa37e938a8e1fb71286ae1a9dc81585bae5c63d8cae3b95160ce9acce621c8ee64afa0491a2c757ba24d8be2da1052090","proofOfPossession":"0x8e01fe13a6fa3ca5be4f78230b0d03ffff4741f186ddebf9a04819e8011eb9c1b81debad2e52a35ec89f4dfc517884b9075e46968d6c735f17cca3ab5c07a2cdc181233fcd8e9260d9fa7edc12572dff13972c9b3233f34258fb34d9e6b732ba"}, "providedFlags": {"api-admin-enabled":"true","bootstrap-ids":"NodeID-GWPcbFJZFfZreETSoWjPimr846mXEKCtu,NodeID-7Xhw2mDxuDS44j42TCB6U5579esbSt3Lg,NodeID-MFrZFVCXPv5iCn6M9K6XduxGTYp891xXZ,NodeID-NFBbbJ4qCmNaCzeW7sxErhvWqvEQMnYcN","bootstrap-ips":"127.0.0.1:9657,127.0.0.1:9651,127.0.0.1:9653,127.0.0.1:9655","chain-config-dir":"/var/folders/2g/px5t4c492nqf5pn7y2_qs6xw0000gp/T/network-runner-root-data/network_20240905_081528/node5/chainConfigs","config-file":"/var/folders/2g/px5t4c492nqf5pn7y2_qs6xw0000gp/T/network-runner-root-data/network_20240905_081528/node5/configs/config.json","data-dir":"/var/folders/2g/px5t4c492nqf5pn7y2_qs6xw0000gp/T/network-runner-root-data/network_20240905_081528/node5","db-dir":"/var/folders/2g/px5t4c492nqf5pn7y2_qs6xw0000gp/T/network-runner-root-data/network_20240905_081528/node5/db","genesis-file":"/var/folders/2g/px5t4c492nqf5pn7y2_qs6xw0000gp/T/network-runner-root-data/network_20240905_081528/node5/configs/genesis.json","health-check-frequency":"2s","http-port":"9658","index-enabled":"true","log-dir":"/var/folders/2g/px5t4c492nqf5pn7y2_qs6xw0000gp/T/network-runner-root-data/network_20240905_081528/node5/logs","log-display-level":"INFO","log-level":"INFO","network-id":"1337","network-max-reconnect-delay":"1s","public-ip":"127.0.0.1","staking-port":"9659","subnet-config-dir":"/var/folders/2g/px5t4c492nqf5pn7y2_qs6xw0000gp/T/network-runner-root-data/network_20240905_081528/node5/subnetConfigs","track-subnets":"2AKbBT8jFUfUsUJ2hhRiDUnAAajJdNhTKeNgEe3q77spMj1N8F,2KhsQJhH3VqS7WWMreodAAHpGfGCUNuGQDSaP2vUT29p1HELBV,2STpMLkdZQmgqYNoR4EvKLxx9n21sdMYCbmLqi3G6Rt4Ys8SBZ,2VoVDitz4SX5Q4QgPZ9Byw3yZoGjf6hCqJB3AGerQTELFhJTne,2XAE7zqeF6zXg49DToaKcmWNk82KP9XW2BaNSu4KJgrvDDADBi,2fzAQUaqigEnxFBshUwX9SFDQJWSpwkbeK9QChPBerY9rHpJAq,2hKZdtWvgT3Vv61HmEGtrPDfhK3my453WCxihdZ9VABFx7Ymnn,2qCBYBymAdCag6uLRwj2jSFsfuKsQBoGWrH2xkvDVz86giGPpW,2r4pr33uUBQxkxJkVnFQjGjVToQnpQa6CVD3j7WyKuwNa76JpV,MH6UtWKL5Lq9cKc65rahtLUUhdobY68YspyFrcquVEEgC4hUM"}, "config": {"httpConfig":{"readTimeout":30000000000,"readHeaderTimeout":30000000000,"writeHeaderTimeout":30000000000,"idleTimeout":120000000000,"apiConfig":{"indexerConfig":{"indexAPIEnabled":true,"indexAllowIncomplete":false},"adminAPIEnabled":true,"infoAPIEnabled":true,"keystoreAPIEnabled":false,"metricsAPIEnabled":true,"healthAPIEnabled":true},"httpHost":"127.0.0.1","httpPort":9658,"httpsEnabled":false,"httpAllowedOrigins":["*"],"httpAllowedHosts":["localhost"],"shutdownTimeout":10000000000,"shutdownWait":0},"ipConfig":{"publicIP":"127.0.0.1","publicIPResolutionService":"","publicIPResolutionFreq":300000000000,"listenHost":"","listenPort":9659},"stakingConfig":{"uptimeRequirement":0.8,"minValidatorStake":2000000000000,"maxValidatorStake":3000000000000000,"minDelegatorStake":25000000000,"minDelegationFee":20000,"minStakeDuration":86400000000000,"maxStakeDuration":31536000000000000,"rewardConfig":{"maxConsumptionRate":120000,"minConsumptionRate":100000,"mintingPeriod":31536000000000000,"supplyCap":720000000000000000},"sybilProtectionEnabled":true,"partialSyncPrimaryNetwork":false,"sybilProtectionDisabledWeight":100,"stakingKeyPath":"/var/folders/2g/px5t4c492nqf5pn7y2_qs6xw0000gp/T/network-runner-root-data/network_20240905_081528/node5/staking/staker.key","stakingCertPath":"/var/folders/2g/px5t4c492nqf5pn7y2_qs6xw0000gp/T/network-runner-root-data/network_20240905_081528/node5/staking/staker.crt","stakingSignerPath":"/var/folders/2g/px5t4c492nqf5pn7y2_qs6xw0000gp/T/network-runner-root-data/network_20240905_081528/node5/staking/signer.key"},"txFeeConfig":{"createAssetTxFee":1000000,"staticFeeConfig":{"txFee":1000000,"createSubnetTxFee":100000000,"transformSubnetTxFee":100000000,"createBlockchainTxFee":100000000,"addPrimaryNetworkValidatorFee":0,"addPrimaryNetworkDelegatorFee":0,"addSubnetValidatorFee":1000000,"addSubnetDelegatorFee":1000000},"dynamicFeeConfig":{"weights":[1,1,1,1],"maxCapacity":1000000,"maxPerSecond":1000,"targetPerSecond":500,"minPrice":1,"excessConversionConstant":5000}},"stateSyncConfig":{"stateSyncIDs":null,"stateSyncIPs":null},"bootstrapConfig":{"bootstrapBeaconConnectionTimeout":60000000000,"bootstrapAncestorsMaxContainersSent":2000,"bootstrapAncestorsMaxContainersReceived":2000,"bootstrapMaxTimeGetAncestors":50000000,"bootstrappers":[{"id":"NodeID-GWPcbFJZFfZreETSoWjPimr846mXEKCtu","ip":"127.0.0.1:9657"},{"id":"NodeID-7Xhw2mDxuDS44j42TCB6U5579esbSt3Lg","ip":"127.0.0.1:9651"},{"id":"NodeID-MFrZFVCXPv5iCn6M9K6XduxGTYp891xXZ","ip":"127.0.0.1:9653"},{"id":"NodeID-NFBbbJ4qCmNaCzeW7sxErhvWqvEQMnYcN","ip":"127.0.0.1:9655"}]},"databaseConfig":{"readOnly":false,"path":"/var/folders/2g/px5t4c492nqf5pn7y2_qs6xw0000gp/T/network-runner-root-data/network_20240905_081528/node5/db/network-1337","name":"leveldb"},"upgradeConfig":{"apricotPhase1Time":"2020-12-05T05:00:00Z","apricotPhase2Time":"2020-12-05T05:00:00Z","apricotPhase3Time":"2020-12-05T05:00:00Z","apricotPhase4Time":"2020-12-05T05:00:00Z","apricotPhase4MinPChainHeight":0,"apricotPhase5Time":"2020-12-05T05:00:00Z","apricotPhasePre6Time":"2020-12-05T05:00:00Z","apricotPhase6Time":"2020-12-05T05:00:00Z","apricotPhasePost6Time":"2020-12-05T05:00:00Z","banffTime":"2020-12-05T05:00:00Z","cortinaTime":"2020-12-05T05:00:00Z","cortinaXChainStopVertexID":"11111111111111111111111111111111LpoYY","durangoTime":"2020-12-05T05:00:00Z","etnaTime":"2020-12-05T05:00:00Z"},"avaxAssetID":"28VTWcsTZ55draGkmjdcS9CFFv4zC3PbvVjkyoqxzNC7Y5msRP","networkID":1337,"healthCheckFreq":2000000000,"networkConfig":{"healthConfig":{"minConnectedPeers":1,"maxTimeSinceMsgReceived":60000000000,"maxTimeSinceMsgSent":60000000000,"maxPortionSendQueueBytesFull":0.9,"maxSendFailRate":0.9,"sendFailRateHalflife":10000000000},"peerListGossipConfig":{"peerListNumValidatorIPs":15,"peerListPullGossipFreq":2000000000,"peerListBloomResetFreq":60000000000},"timeoutConfigs":{"pingPongTimeout":30000000000,"readHandshakeTimeout":15000000000},"delayConfig":{"initialReconnectDelay":1000000000,"maxReconnectDelay":1000000000},"throttlerConfig":{"inboundConnUpgradeThrottlerConfig":{"upgradeCooldown":10000000000,"maxRecentConnsUpgraded":2560},"inboundMsgThrottlerConfig":{"byteThrottlerConfig":{"vdrAllocSize":33554432,"atLargeAllocSize":6291456,"nodeMaxAtLargeBytes":2097152},"bandwidthThrottlerConfig":{"bandwidthRefillRate":524288,"bandwidthMaxBurstRate":2097152},"cpuThrottlerConfig":{"maxRecheckDelay":5000000000},"diskThrottlerConfig":{"maxRecheckDelay":5000000000},"maxProcessingMsgsPerNode":1024},"outboundMsgThrottlerConfig":{"vdrAllocSize":33554432,"atLargeAllocSize":33554432,"nodeMaxAtLargeBytes":2097152},"maxInboundConnsPerSec":256},"proxyEnabled":false,"proxyReadHeaderTimeout":3000000000,"dialerConfig":{"throttleRps":50,"connectionTimeout":30000000000},"tlsKeyLogFile":"","myNodeID":"NodeID-111111111111111111116DBWJs","myIP":null,"networkID":0,"maxClockDifference":60000000000,"pingFrequency":22500000000,"allowPrivateIPs":true,"supportedACPs":[],"objectedACPs":[],"compressionType":"zstd","uptimeMetricFreq":30000000000,"requireValidatorToConnect":false,"maximumInboundMessageTimeout":10000000000,"peerReadBufferSize":8192,"peerWriteBufferSize":8192},"adaptiveTimeoutConfig":{"initialTimeout":5000000000,"minimumTimeout":2000000000,"maximumTimeout":10000000000,"timeoutCoefficient":2,"timeoutHalflife":300000000000},"benchlistConfig":{"threshold":10,"minimumFailingDuration":150000000000,"duration":900000000000,"maxPortion":0.08333333333333333},"profilerConfig":{"dir":"/var/folders/2g/px5t4c492nqf5pn7y2_qs6xw0000gp/T/network-runner-root-data/network_20240905_081528/node5/profiles","enabled":false,"freq":900000000000,"maxNumFiles":5},"loggingConfig":{"maxSize":8,"maxFiles":7,"maxAge":0,"directory":"/var/folders/2g/px5t4c492nqf5pn7y2_qs6xw0000gp/T/network-runner-root-data/network_20240905_081528/node5/logs","compress":false,"disableWriterDisplaying":false,"logLevel":"INFO","displayLevel":"INFO","logFormat":"PLAIN"},"pluginDir":"/var/folders/2g/px5t4c492nqf5pn7y2_qs6xw0000gp/T/network-runner-root-data/network_20240905_081528/node5/plugins","fdLimit":10240,"meterVMEnabled":true,"routerHealthConfig":{"maxDropRate":1,"maxDropRateHalflife":10000000000,"maxOutstandingRequests":1024,"maxOutstandingDuration":300000000000,"maxRunTimeRequests":10000000000},"consensusShutdownTimeout":60000000000,"consensusGossipFreq":100000000,"consensusAppConcurrency":2,"trackedSubnets":["2AKbBT8jFUfUsUJ2hhRiDUnAAajJdNhTKeNgEe3q77spMj1N8F","2KhsQJhH3VqS7WWMreodAAHpGfGCUNuGQDSaP2vUT29p1HELBV","2STpMLkdZQmgqYNoR4EvKLxx9n21sdMYCbmLqi3G6Rt4Ys8SBZ","2VoVDitz4SX5Q4QgPZ9Byw3yZoGjf6hCqJB3AGerQTELFhJTne","2XAE7zqeF6zXg49DToaKcmWNk82KP9XW2BaNSu4KJgrvDDADBi","2fzAQUaqigEnxFBshUwX9SFDQJWSpwkbeK9QChPBerY9rHpJAq","2hKZdtWvgT3Vv61HmEGtrPDfhK3my453WCxihdZ9VABFx7Ymnn","2qCBYBymAdCag6uLRwj2jSFsfuKsQBoGWrH2xkvDVz86giGPpW","2r4pr33uUBQxkxJkVnFQjGjVToQnpQa6CVD3j7WyKuwNa76JpV","MH6UtWKL5Lq9cKc65rahtLUUhdobY68YspyFrcquVEEgC4hUM"],"subnetConfigs":{"11111111111111111111111111111111LpoYY":{"validatorOnly":false,"allowedNodes":[],"consensusParameters":{"k":20,"alphaPreference":15,"alphaConfidence":15,"beta":20,"concurrentRepolls":4,"optimalProcessing":10,"maxOutstandingItems":256,"maxItemProcessingTime":30000000000},"proposerMinBlockDelay":1000000000,"proposerNumHistoricalBlocks":0}},"chainAliases":null,"vmAliases":null,"systemTrackerProcessingHalflife":15000000000,"systemTrackerFrequency":500000000,"systemTrackerCPUHalflife":15000000000,"systemTrackerDiskHalflife":60000000000,"cpuTargeterConfig":{"vdrAlloc":14,"maxNonVdrUsage":11.200000000000001,"maxNonVdrNodeUsage":1.75},"diskTargeterConfig":{"vdrAlloc":1073741824000,"maxNonVdrUsage":1073741824000,"maxNonVdrNodeUsage":1073741824000},"requiredAvailableDiskSpace":536870912,"warningThresholdAvailableDiskSpace":1073741824,"traceConfig":{"exporterConfig":{"type":"unknown","endpoint":"","headers":null,"insecure":false},"enabled":false,"traceSampleRate":0,"appName":"","version":""},"useCurrentHeight":false,"chainDataDir":"/var/folders/2g/px5t4c492nqf5pn7y2_qs6xw0000gp/T/network-runner-root-data/network_20240905_081528/node5/chainData","processContextFilePath":"/var/folders/2g/px5t4c492nqf5pn7y2_qs6xw0000gp/T/network-runner-root-data/network_20240905_081528/node5/process.json"}}
[09-05|08:17:25.966] INFO node/node.go:952 initializing NAT
[09-05|08:17:25.968] INFO node/node.go:970 initializing API server
[09-05|08:17:25.969] INFO server/server.go:149 API created {"allowedOrigins": ["*"]}
[09-05|08:17:25.969] INFO node/node.go:1340 initializing metrics API
[09-05|08:17:25.969] INFO server/server.go:235 adding route {"url": "/ext/metrics", "endpoint": ""}
[09-05|08:17:25.970] INFO leveldb/db.go:205 creating leveldb {"config": {"blockCacheCapacity":12582912,"blockSize":0,"compactionExpandLimitFactor":0,"compactionGPOverlapsFactor":0,"compactionL0Trigger":0,"compactionSourceLimitFactor":0,"compactionTableSize":0,"compactionTableSizeMultiplier":0,"compactionTableSizeMultiplierPerLevel":null,"compactionTotalSize":0,"compactionTotalSizeMultiplier":0,"disableSeeksCompaction":true,"openFilesCacheCapacity":1024,"writeBuffer":6291456,"filterBitsPerKey":10,"maxManifestFileSize":9223372036854775807,"metricUpdateFrequency":10000000000}}
[09-05|08:17:26.014] INFO node/node.go:850 initializing database {"genesisHash": "2UWhdhRYYjvKFFh3peEh1smyw6uaNpheqX5gkmdTauXmn9vffP"}
[09-05|08:17:26.015] INFO node/node.go:1298 initializing keystore
[09-05|08:17:26.016] INFO node/node.go:1305 skipping keystore API initialization because it has been disabled
[09-05|08:17:26.017] INFO node/node.go:1290 initializing SharedMemory
[09-05|08:17:26.038] WARN node/node.go:497 P2P IP is private, you will not be publicly discoverable {"ip": "127.0.0.1"}
[09-05|08:17:26.038] INFO node/node.go:512 initializing networking {"ip": "127.0.0.1:9659"}
[09-05|08:17:26.040] INFO node/node.go:1464 initializing Health API
[09-05|08:17:26.040] INFO health/worker.go:115 registered new check and initialized its state to failing {"name": "health", "name": "network", "tags": ["application"]}
[09-05|08:17:26.041] INFO health/worker.go:115 registered new check and initialized its state to failing {"name": "health", "name": "router", "tags": ["application"]}
[09-05|08:17:26.041] INFO health/worker.go:115 registered new check and initialized its state to failing {"name": "health", "name": "database", "tags": ["application"]}
[09-05|08:17:26.041] INFO health/worker.go:115 registered new check and initialized its state to failing {"name": "health", "name": "diskspace", "tags": ["application"]}
[09-05|08:17:26.041] INFO server/server.go:235 adding route {"url": "/ext/health", "endpoint": ""}
[09-05|08:17:26.041] INFO server/server.go:235 adding route {"url": "/ext/health", "endpoint": "/readiness"}
[09-05|08:17:26.041] INFO server/server.go:235 adding route {"url": "/ext/health", "endpoint": "/health"}
[09-05|08:17:26.041] INFO server/server.go:235 adding route {"url": "/ext/health", "endpoint": "/liveness"}
[09-05|08:17:26.041] INFO node/node.go:1063 adding the default VM aliases
[09-05|08:17:26.043] INFO node/node.go:1207 initializing VMs
[09-05|08:17:26.043] INFO node/node.go:1359 initializing admin API
[09-05|08:17:26.043] INFO server/server.go:235 adding route {"url": "/ext/admin", "endpoint": ""}
[09-05|08:17:26.044] INFO node/node.go:1413 initializing info API
[09-05|08:17:26.044] INFO server/server.go:235 adding route {"url": "/ext/info", "endpoint": ""}
[09-05|08:17:26.044] INFO node/node.go:1549 initializing chain aliases
[09-05|08:17:26.045] INFO node/node.go:1576 initializing API aliases
[09-05|08:17:26.045] INFO node/node.go:1386 skipping profiler initialization because it has been disabled
[09-05|08:17:26.045] INFO node/node.go:928 initializing chains
[09-05|08:17:26.046] INFO health/worker.go:261 check started passing {"name": "health", "name": "router", "tags": ["application"]}
[09-05|08:17:26.047] INFO chains/manager.go:375 creating chain {"subnetID": "11111111111111111111111111111111LpoYY", "chainID": "11111111111111111111111111111111LpoYY", "vmID": "rWhpuQPF1kb72esV2momhMuTYGkEb1oL29pt2EBXWmSy4kxnT"}
[09-05|08:17:26.047] INFO health/worker.go:261 check started passing {"name": "health", "name": "diskspace", "tags": ["application"]}
[09-05|08:17:26.047] INFO health/worker.go:261 check started passing {"name": "health", "name": "database", "tags": ["application"]}
[09-05|08:17:26.048] INFO chains/manager.go:1172 creating proposervm wrapper {"activationTime": "[12-05|05:00:00.000]", "minPChainHeight": 0, "minBlockDelay": "1s", "numHistoricalBlocks": 0}
[09-05|08:17:26.068] INFO health/worker.go:115 registered new check and initialized its state to failing {"name": "health", "name": "P", "tags": ["11111111111111111111111111111111LpoYY"]}
[09-05|08:17:26.069] INFO server/server.go:210 adding route {"url": "/ext/bc/11111111111111111111111111111111LpoYY", "endpoint": ""}
[09-05|08:17:26.069] INFO indexer/index.go:93 created new index {"nextAcceptedIndex": 60}
[09-05|08:17:26.069] INFO server/server.go:235 adding route {"url": "/ext/index/P", "endpoint": "/block"}
[09-05|08:17:26.070] INFO health/worker.go:115 registered new check and initialized its state to failing {"name": "readiness", "name": "bootstrapped", "tags": ["application"]}
[09-05|08:17:26.070] INFO health/worker.go:115 registered new check and initialized its state to failing {"name": "health", "name": "bootstrapped", "tags": ["application"]}
[09-05|08:17:26.072] INFO chains/manager.go:1493 starting chain creator
[09-05|08:17:26.073] INFO node/node.go:661 writing process context {"path": "/var/folders/2g/px5t4c492nqf5pn7y2_qs6xw0000gp/T/network-runner-root-data/network_20240905_081528/node5/process.json"}
[09-05|08:17:26.081] INFO node/node.go:688 API server listening {"uri": "http://127.0.0.1:9658"}
[09-05|08:17:26.133] INFO chains/manager.go:375 creating chain {"subnetID": "11111111111111111111111111111111LpoYY", "chainID": "NeA134STyTVwife7gYeNQ6Hwi5GPGC2X7aUFvWsnusnpM2do6", "vmID": "mgj786NP7uDwBCcq6YwThhaN8FLyybkCa4zBWTQbNgmK6k9A6"}
[09-05|08:17:26.134] INFO chains/manager.go:1172 creating proposervm wrapper {"activationTime": "[12-05|05:00:00.000]", "minPChainHeight": 0, "minBlockDelay": "1s", "numHistoricalBlocks": 0}
[09-05|08:17:26.156] INFO health/worker.go:115 registered new check and initialized its state to failing {"name": "health", "name": "C", "tags": ["11111111111111111111111111111111LpoYY"]}
[09-05|08:17:26.158] INFO server/server.go:210 adding route {"url": "/ext/bc/NeA134STyTVwife7gYeNQ6Hwi5GPGC2X7aUFvWsnusnpM2do6", "endpoint": "/avax"}
[09-05|08:17:26.158] INFO server/server.go:210 adding route {"url": "/ext/bc/NeA134STyTVwife7gYeNQ6Hwi5GPGC2X7aUFvWsnusnpM2do6", "endpoint": "/rpc"}
[09-05|08:17:26.158] INFO server/server.go:210 adding route {"url": "/ext/bc/NeA134STyTVwife7gYeNQ6Hwi5GPGC2X7aUFvWsnusnpM2do6", "endpoint": "/ws"}
[09-05|08:17:26.158] INFO indexer/index.go:84 created new index {"nextAcceptedIndex": 0}
[09-05|08:17:26.158] INFO server/server.go:235 adding route {"url": "/ext/index/C", "endpoint": "/block"}
[09-05|08:17:26.158] INFO chains/manager.go:375 creating chain {"subnetID": "11111111111111111111111111111111LpoYY", "chainID": "2NuxE6iXPyM9tknyHCVkTGQVM6Bj2rYMNW7tRd4aNiXXE3oPcB", "vmID": "jvYyfQTxGMJLuGWa55kdP2p2zSUYsQ5Raupu4TW34ZAUBAbtq"}
[09-05|08:17:26.162] INFO chains/manager.go:768 creating proposervm wrapper {"activationTime": "[12-05|05:00:00.000]", "minPChainHeight": 0, "minBlockDelay": "1s", "numHistoricalBlocks": 0}
[09-05|08:17:26.163] INFO health/worker.go:115 registered new check and initialized its state to failing {"name": "health", "name": "X", "tags": ["11111111111111111111111111111111LpoYY"]}
[09-05|08:17:26.163] INFO server/server.go:210 adding route {"url": "/ext/bc/2NuxE6iXPyM9tknyHCVkTGQVM6Bj2rYMNW7tRd4aNiXXE3oPcB", "endpoint": ""}
[09-05|08:17:26.163] INFO server/server.go:210 adding route {"url": "/ext/bc/2NuxE6iXPyM9tknyHCVkTGQVM6Bj2rYMNW7tRd4aNiXXE3oPcB", "endpoint": "/wallet"}
[09-05|08:17:26.164] INFO server/server.go:210 adding route {"url": "/ext/bc/2NuxE6iXPyM9tknyHCVkTGQVM6Bj2rYMNW7tRd4aNiXXE3oPcB", "endpoint": "/events"}
[09-05|08:17:26.164] INFO indexer/index.go:84 created new index {"nextAcceptedIndex": 0}
[09-05|08:17:26.164] INFO server/server.go:235 adding route {"url": "/ext/index/X", "endpoint": "/block"}
[09-05|08:17:26.164] INFO indexer/index.go:84 created new index {"nextAcceptedIndex": 0}
[09-05|08:17:26.164] INFO server/server.go:235 adding route {"url": "/ext/index/X", "endpoint": "/vtx"}
[09-05|08:17:26.164] INFO indexer/index.go:84 created new index {"nextAcceptedIndex": 0}
[09-05|08:17:26.164] INFO server/server.go:235 adding route {"url": "/ext/index/X", "endpoint": "/tx"}
[09-05|08:17:28.047] INFO health/worker.go:261 check started passing {"name": "health", "name": "network", "tags": ["application"]}
[09-05|08:17:28.050] INFO health/worker.go:261 check started passing {"name": "health", "name": "X", "tags": ["11111111111111111111111111111111LpoYY"]}
[09-05|08:17:28.050] INFO health/worker.go:261 check started passing {"name": "health", "name": "C", "tags": ["11111111111111111111111111111111LpoYY"]}
[09-05|08:17:28.050] INFO health/worker.go:261 check started passing {"name": "health", "name": "P", "tags": ["11111111111111111111111111111111LpoYY"]}
[09-05|08:17:28.118] WARN health/health.go:110 failing check {"namespace": "health", "reason": {"C":{"message":{"engine":{"consensus":{},"vm":null},"networking":{"disconnectedValidators":[],"percentConnected":1}},"timestamp":"2024-09-05T08:17:28.050043-03:00","duration":2745459},"P":{"message":{"engine":{"consensus":{},"vm":null},"networking":{"disconnectedValidators":[],"percentConnected":1}},"timestamp":"2024-09-05T08:17:28.050208-03:00","duration":2801917},"X":{"message":{"engine":{"consensus":{},"vm":null},"networking":{"disconnectedValidators":[],"percentConnected":1}},"timestamp":"2024-09-05T08:17:28.050002-03:00","duration":2728750},"bootstrapped":{"message":["11111111111111111111111111111111LpoYY"],"error":"subnets not bootstrapped","timestamp":"2024-09-05T08:17:28.049817-03:00","duration":2347375,"contiguousFailures":1,"timeOfFirstFailure":"2024-09-05T08:17:28.049817-03:00"},"database":{"timestamp":"2024-09-05T08:17:28.047555-03:00","duration":47625},"diskspace":{"message":{"availableDiskBytes":653406068736},"timestamp":"2024-09-05T08:17:28.047401-03:00","duration":53334},"network":{"message":{"connectedPeers":4,"sendFailRate":0,"timeSinceLastMsgReceived":"1.047323s","timeSinceLastMsgSent":"1.047323s"},"timestamp":"2024-09-05T08:17:28.047471-03:00","duration":188750},"router":{"message":{"longestRunningRequest":"1.887387s","outstandingRequests":9},"timestamp":"2024-09-05T08:17:28.047494-03:00","duration":22917}}}
[09-05|08:17:31.123] WARN health/health.go:110 failing check {"namespace": "health", "reason": {"C":{"message":{"engine":{"consensus":{},"vm":null},"networking":{"disconnectedValidators":[],"percentConnected":1}},"timestamp":"2024-09-05T08:17:30.046483-03:00","duration":92500},"P":{"message":{"engine":{"consensus":{},"vm":null},"networking":{"disconnectedValidators":[],"percentConnected":1}},"timestamp":"2024-09-05T08:17:30.046533-03:00","duration":185750},"X":{"message":{"engine":{"consensus":{},"vm":null},"networking":{"disconnectedValidators":[],"percentConnected":1}},"timestamp":"2024-09-05T08:17:30.046428-03:00","duration":48292},"bootstrapped":{"message":["11111111111111111111111111111111LpoYY"],"error":"subnets not bootstrapped","timestamp":"2024-09-05T08:17:30.046373-03:00","duration":33083,"contiguousFailures":2,"timeOfFirstFailure":"2024-09-05T08:17:28.049817-03:00"},"database":{"timestamp":"2024-09-05T08:17:30.046341-03:00","duration":86333},"diskspace":{"message":{"availableDiskBytes":653406085120},"timestamp":"2024-09-05T08:17:30.04641-03:00","duration":68292},"network":{"message":{"connectedPeers":4,"sendFailRate":0,"timeSinceLastMsgReceived":"1.046279s","timeSinceLastMsgSent":"1.046279s"},"timestamp":"2024-09-05T08:17:30.046316-03:00","duration":61666},"router":{"message":{"longestRunningRequest":"1.885083291s","outstandingRequests":6},"timestamp":"2024-09-05T08:17:30.046332-03:00","duration":50000}}}
[09-05|08:17:32.047] INFO health/worker.go:261 check started passing {"name": "health", "name": "bootstrapped", "tags": ["application"]}
[09-05|08:17:32.047] INFO health/worker.go:261 check started passing {"name": "readiness", "name": "bootstrapped", "tags": ["application"]}
[09-05|08:17:59.567] INFO node/node.go:1666 shutting down node {"exitCode": 0}
[09-05|08:17:59.567] INFO health/worker.go:115 registered new check and initialized its state to failing {"name": "health", "name": "shuttingDown", "tags": ["application"]}
[09-05|08:17:59.567] INFO chains/manager.go:1524 shutting down chain manager
[09-05|08:17:59.567] INFO router/chain_router.go:360 shutting down chain router
[09-05|08:17:59.571] INFO network/network.go:1125 shutting down the p2p networking
[09-05|08:17:59.571] INFO nat/nat.go:193 Unmapped all ports
[09-05|08:17:59.572] INFO node/node.go:1715 cleaning up plugin runtimes
[09-05|08:17:59.573] INFO node/node.go:1744 finished node shutdown
[09-07|07:45:27.373] INFO node/node.go:143 initializing node {"version": "avalanchego/1.11.11", "nodeID": "NodeID-P7oB2McjBGgW2NXXWVYjV8JEDFoW9xDE5", "stakingKeyType": "RSA", "nodePOP": {"publicKey":"0xa37e938a8e1fb71286ae1a9dc81585bae5c63d8cae3b95160ce9acce621c8ee64afa0491a2c757ba24d8be2da1052090","proofOfPossession":"0x8e01fe13a6fa3ca5be4f78230b0d03ffff4741f186ddebf9a04819e8011eb9c1b81debad2e52a35ec89f4dfc517884b9075e46968d6c735f17cca3ab5c07a2cdc181233fcd8e9260d9fa7edc12572dff13972c9b3233f34258fb34d9e6b732ba"}, "providedFlags": {"api-admin-enabled":"true","bootstrap-ids":"NodeID-7Xhw2mDxuDS44j42TCB6U5579esbSt3Lg,NodeID-MFrZFVCXPv5iCn6M9K6XduxGTYp891xXZ,NodeID-NFBbbJ4qCmNaCzeW7sxErhvWqvEQMnYcN,NodeID-GWPcbFJZFfZreETSoWjPimr846mXEKCtu","bootstrap-ips":"127.0.0.1:9651,127.0.0.1:9653,127.0.0.1:9655,127.0.0.1:9657","chain-config-dir":"/home/ubuntu/.avalanche-cli/runs/network_20240907_074523/node5/chainConfigs","config-file":"/home/ubuntu/.avalanche-cli/runs/network_20240907_074523/node5/configs/config.json","data-dir":"/home/ubuntu/.avalanche-cli/runs/network_20240907_074523/node5","db-dir":"/home/ubuntu/.avalanche-cli/runs/network_20240907_074523/node5/db","genesis-file":"/home/ubuntu/.avalanche-cli/runs/network_20240907_074523/node5/configs/genesis.json","health-check-frequency":"2s","http-port":"9658","index-enabled":"true","log-dir":"/home/ubuntu/.avalanche-cli/runs/network_20240907_074523/node5/logs","log-display-level":"INFO","log-level":"INFO","network-id":"1337","network-max-reconnect-delay":"1s","plugin-dir":"/home/ubuntu/.avalanche-cli/plugins","public-ip":"127.0.0.1","staking-port":"9659","subnet-config-dir":"/home/ubuntu/.avalanche-cli/runs/network_20240907_074523/node5/subnetConfigs","track-subnets":"2AKbBT8jFUfUsUJ2hhRiDUnAAajJdNhTKeNgEe3q77spMj1N8F,2KhsQJhH3VqS7WWMreodAAHpGfGCUNuGQDSaP2vUT29p1HELBV,2STpMLkdZQmgqYNoR4EvKLxx9n21sdMYCbmLqi3G6Rt4Ys8SBZ,2VoVDitz4SX5Q4QgPZ9Byw3yZoGjf6hCqJB3AGerQTELFhJTne,2XAE7zqeF6zXg49DToaKcmWNk82KP9XW2BaNSu4KJgrvDDADBi,2fzAQUaqigEnxFBshUwX9SFDQJWSpwkbeK9QChPBerY9rHpJAq,2hKZdtWvgT3Vv61HmEGtrPDfhK3my453WCxihdZ9VABFx7Ymnn,2qCBYBymAdCag6uLRwj2jSFsfuKsQBoGWrH2xkvDVz86giGPpW,2r4pr33uUBQxkxJkVnFQjGjVToQnpQa6CVD3j7WyKuwNa76JpV,MH6UtWKL5Lq9cKc65rahtLUUhdobY68YspyFrcquVEEgC4hUM"}, "config": {"httpConfig":{"readTimeout":30000000000,"readHeaderTimeout":30000000000,"writeHeaderTimeout":30000000000,"idleTimeout":120000000000,"apiConfig":{"indexerConfig":{"indexAPIEnabled":true,"indexAllowIncomplete":false},"adminAPIEnabled":true,"infoAPIEnabled":true,"keystoreAPIEnabled":false,"metricsAPIEnabled":true,"healthAPIEnabled":true},"httpHost":"127.0.0.1","httpPort":9658,"httpsEnabled":false,"httpAllowedOrigins":["*"],"httpAllowedHosts":["localhost"],"shutdownTimeout":10000000000,"shutdownWait":0},"ipConfig":{"publicIP":"127.0.0.1","publicIPResolutionService":"","publicIPResolutionFreq":300000000000,"listenHost":"","listenPort":9659},"stakingConfig":{"uptimeRequirement":0.8,"minValidatorStake":2000000000000,"maxValidatorStake":3000000000000000,"minDelegatorStake":25000000000,"minDelegationFee":20000,"minStakeDuration":86400000000000,"maxStakeDuration":31536000000000000,"rewardConfig":{"maxConsumptionRate":120000,"minConsumptionRate":100000,"mintingPeriod":31536000000000000,"supplyCap":720000000000000000},"sybilProtectionEnabled":true,"partialSyncPrimaryNetwork":false,"sybilProtectionDisabledWeight":100,"stakingKeyPath":"/home/ubuntu/.avalanche-cli/runs/network_20240907_074523/node5/staking/staker.key","stakingCertPath":"/home/ubuntu/.avalanche-cli/runs/network_20240907_074523/node5/staking/staker.crt","stakingSignerPath":"/home/ubuntu/.avalanche-cli/runs/network_20240907_074523/node5/staking/signer.key"},"txFeeConfig":{"createAssetTxFee":1000000,"staticFeeConfig":{"txFee":1000000,"createSubnetTxFee":100000000,"transformSubnetTxFee":100000000,"createBlockchainTxFee":100000000,"addPrimaryNetworkValidatorFee":0,"addPrimaryNetworkDelegatorFee":0,"addSubnetValidatorFee":1000000,"addSubnetDelegatorFee":1000000},"dynamicFeeConfig":{"weights":[1,1,1,1],"maxCapacity":1000000,"maxPerSecond":1000,"targetPerSecond":500,"minPrice":1,"excessConversionConstant":5000}},"stateSyncConfig":{"stateSyncIDs":null,"stateSyncIPs":null},"bootstrapConfig":{"bootstrapBeaconConnectionTimeout":60000000000,"bootstrapAncestorsMaxContainersSent":2000,"bootstrapAncestorsMaxContainersReceived":2000,"bootstrapMaxTimeGetAncestors":50000000,"bootstrappers":[{"id":"NodeID-7Xhw2mDxuDS44j42TCB6U5579esbSt3Lg","ip":"127.0.0.1:9651"},{"id":"NodeID-MFrZFVCXPv5iCn6M9K6XduxGTYp891xXZ","ip":"127.0.0.1:9653"},{"id":"NodeID-NFBbbJ4qCmNaCzeW7sxErhvWqvEQMnYcN","ip":"127.0.0.1:9655"},{"id":"NodeID-GWPcbFJZFfZreETSoWjPimr846mXEKCtu","ip":"127.0.0.1:9657"}]},"databaseConfig":{"readOnly":false,"path":"/home/ubuntu/.avalanche-cli/runs/network_20240907_074523/node5/db/network-1337","name":"leveldb"},"upgradeConfig":{"apricotPhase1Time":"2020-12-05T05:00:00Z","apricotPhase2Time":"2020-12-05T05:00:00Z","apricotPhase3Time":"2020-12-05T05:00:00Z","apricotPhase4Time":"2020-12-05T05:00:00Z","apricotPhase4MinPChainHeight":0,"apricotPhase5Time":"2020-12-05T05:00:00Z","apricotPhasePre6Time":"2020-12-05T05:00:00Z","apricotPhase6Time":"2020-12-05T05:00:00Z","apricotPhasePost6Time":"2020-12-05T05:00:00Z","banffTime":"2020-12-05T05:00:00Z","cortinaTime":"2020-12-05T05:00:00Z","cortinaXChainStopVertexID":"11111111111111111111111111111111LpoYY","durangoTime":"2020-12-05T05:00:00Z","etnaTime":"2020-12-05T05:00:00Z"},"avaxAssetID":"28VTWcsTZ55draGkmjdcS9CFFv4zC3PbvVjkyoqxzNC7Y5msRP","networkID":1337,"healthCheckFreq":2000000000,"networkConfig":{"healthConfig":{"minConnectedPeers":1,"maxTimeSinceMsgReceived":60000000000,"maxTimeSinceMsgSent":60000000000,"maxPortionSendQueueBytesFull":0.9,"maxSendFailRate":0.9,"sendFailRateHalflife":10000000000},"peerListGossipConfig":{"peerListNumValidatorIPs":15,"peerListPullGossipFreq":2000000000,"peerListBloomResetFreq":60000000000},"timeoutConfigs":{"pingPongTimeout":30000000000,"readHandshakeTimeout":15000000000},"delayConfig":{"initialReconnectDelay":1000000000,"maxReconnectDelay":1000000000},"throttlerConfig":{"inboundConnUpgradeThrottlerConfig":{"upgradeCooldown":10000000000,"maxRecentConnsUpgraded":2560},"inboundMsgThrottlerConfig":{"byteThrottlerConfig":{"vdrAllocSize":33554432,"atLargeAllocSize":6291456,"nodeMaxAtLargeBytes":2097152},"bandwidthThrottlerConfig":{"bandwidthRefillRate":524288,"bandwidthMaxBurstRate":2097152},"cpuThrottlerConfig":{"maxRecheckDelay":5000000000},"diskThrottlerConfig":{"maxRecheckDelay":5000000000},"maxProcessingMsgsPerNode":1024},"outboundMsgThrottlerConfig":{"vdrAllocSize":33554432,"atLargeAllocSize":33554432,"nodeMaxAtLargeBytes":2097152},"maxInboundConnsPerSec":256},"proxyEnabled":false,"proxyReadHeaderTimeout":3000000000,"dialerConfig":{"throttleRps":50,"connectionTimeout":30000000000},"tlsKeyLogFile":"","myNodeID":"NodeID-111111111111111111116DBWJs","myIP":null,"networkID":0,"maxClockDifference":60000000000,"pingFrequency":22500000000,"allowPrivateIPs":true,"supportedACPs":[],"objectedACPs":[],"compressionType":"zstd","uptimeMetricFreq":30000000000,"requireValidatorToConnect":false,"maximumInboundMessageTimeout":10000000000,"peerReadBufferSize":8192,"peerWriteBufferSize":8192},"adaptiveTimeoutConfig":{"initialTimeout":5000000000,"minimumTimeout":2000000000,"maximumTimeout":10000000000,"timeoutCoefficient":2,"timeoutHalflife":300000000000},"benchlistConfig":{"threshold":10,"minimumFailingDuration":150000000000,"duration":900000000000,"maxPortion":0.08333333333333333},"profilerConfig":{"dir":"/home/ubuntu/.avalanche-cli/runs/network_20240907_074523/node5/profiles","enabled":false,"freq":900000000000,"maxNumFiles":5},"loggingConfig":{"maxSize":8,"maxFiles":7,"maxAge":0,"directory":"/home/ubuntu/.avalanche-cli/runs/network_20240907_074523/node5/logs","compress":false,"disableWriterDisplaying":false,"logLevel":"INFO","displayLevel":"INFO","logFormat":"PLAIN"},"pluginDir":"/home/ubuntu/.avalanche-cli/plugins","fdLimit":32768,"meterVMEnabled":true,"routerHealthConfig":{"maxDropRate":1,"maxDropRateHalflife":10000000000,"maxOutstandingRequests":1024,"maxOutstandingDuration":300000000000,"maxRunTimeRequests":10000000000},"consensusShutdownTimeout":60000000000,"consensusGossipFreq":100000000,"consensusAppConcurrency":2,"trackedSubnets":["2AKbBT8jFUfUsUJ2hhRiDUnAAajJdNhTKeNgEe3q77spMj1N8F","2KhsQJhH3VqS7WWMreodAAHpGfGCUNuGQDSaP2vUT29p1HELBV","2STpMLkdZQmgqYNoR4EvKLxx9n21sdMYCbmLqi3G6Rt4Ys8SBZ","2VoVDitz4SX5Q4QgPZ9Byw3yZoGjf6hCqJB3AGerQTELFhJTne","2XAE7zqeF6zXg49DToaKcmWNk82KP9XW2BaNSu4KJgrvDDADBi","2fzAQUaqigEnxFBshUwX9SFDQJWSpwkbeK9QChPBerY9rHpJAq","2hKZdtWvgT3Vv61HmEGtrPDfhK3my453WCxihdZ9VABFx7Ymnn","2qCBYBymAdCag6uLRwj2jSFsfuKsQBoGWrH2xkvDVz86giGPpW","2r4pr33uUBQxkxJkVnFQjGjVToQnpQa6CVD3j7WyKuwNa76JpV","MH6UtWKL5Lq9cKc65rahtLUUhdobY68YspyFrcquVEEgC4hUM"],"subnetConfigs":{"11111111111111111111111111111111LpoYY":{"validatorOnly":false,"allowedNodes":[],"consensusParameters":{"k":20,"alphaPreference":15,"alphaConfidence":15,"beta":20,"concurrentRepolls":4,"optimalProcessing":10,"maxOutstandingItems":256,"maxItemProcessingTime":30000000000},"proposerMinBlockDelay":1000000000,"proposerNumHistoricalBlocks":0}},"chainAliases":null,"vmAliases":null,"systemTrackerProcessingHalflife":15000000000,"systemTrackerFrequency":500000000,"systemTrackerCPUHalflife":15000000000,"systemTrackerDiskHalflife":60000000000,"cpuTargeterConfig":{"vdrAlloc":1,"maxNonVdrUsage":0.8,"maxNonVdrNodeUsage":0.125},"diskTargeterConfig":{"vdrAlloc":1073741824000,"maxNonVdrUsage":1073741824000,"maxNonVdrNodeUsage":1073741824000},"requiredAvailableDiskSpace":536870912,"warningThresholdAvailableDiskSpace":1073741824,"traceConfig":{"exporterConfig":{"type":"unknown","endpoint":"","headers":null,"insecure":false},"enabled":false,"traceSampleRate":0,"appName":"","version":""},"useCurrentHeight":false,"chainDataDir":"/home/ubuntu/.avalanche-cli/runs/network_20240907_074523/node5/chainData","processContextFilePath":"/home/ubuntu/.avalanche-cli/runs/network_20240907_074523/node5/process.json"}}
[09-07|07:45:27.374] INFO node/node.go:952 initializing NAT
[09-07|07:45:27.374] INFO node/node.go:970 initializing API server
[09-07|07:45:27.374] INFO server/server.go:149 API created {"allowedOrigins": ["*"]}
[09-07|07:45:27.374] INFO node/node.go:1340 initializing metrics API
[09-07|07:45:27.374] INFO server/server.go:235 adding route {"url": "/ext/metrics", "endpoint": ""}
[09-07|07:45:27.374] INFO leveldb/db.go:205 creating leveldb {"config": {"blockCacheCapacity":12582912,"blockSize":0,"compactionExpandLimitFactor":0,"compactionGPOverlapsFactor":0,"compactionL0Trigger":0,"compactionSourceLimitFactor":0,"compactionTableSize":0,"compactionTableSizeMultiplier":0,"compactionTableSizeMultiplierPerLevel":null,"compactionTotalSize":0,"compactionTotalSizeMultiplier":0,"disableSeeksCompaction":true,"openFilesCacheCapacity":1024,"writeBuffer":6291456,"filterBitsPerKey":10,"maxManifestFileSize":9223372036854775807,"metricUpdateFrequency":10000000000}}
[09-07|07:45:27.481] INFO node/node.go:850 initializing database {"genesisHash": "2UWhdhRYYjvKFFh3peEh1smyw6uaNpheqX5gkmdTauXmn9vffP"}
[09-07|07:45:27.482] INFO node/node.go:1298 initializing keystore
[09-07|07:45:27.482] INFO node/node.go:1305 skipping keystore API initialization because it has been disabled
[09-07|07:45:27.482] INFO node/node.go:1290 initializing SharedMemory
[09-07|07:45:27.482] WARN node/node.go:497 P2P IP is private, you will not be publicly discoverable {"ip": "127.0.0.1"}
[09-07|07:45:27.482] INFO node/node.go:512 initializing networking {"ip": "127.0.0.1:9659"}
[09-07|07:45:27.483] INFO node/node.go:1464 initializing Health API
[09-07|07:45:27.483] INFO health/worker.go:115 registered new check and initialized its state to failing {"name": "health", "name": "network", "tags": ["application"]}
[09-07|07:45:27.483] INFO health/worker.go:115 registered new check and initialized its state to failing {"name": "health", "name": "router", "tags": ["application"]}
[09-07|07:45:27.483] INFO health/worker.go:115 registered new check and initialized its state to failing {"name": "health", "name": "database", "tags": ["application"]}
[09-07|07:45:27.483] INFO health/worker.go:115 registered new check and initialized its state to failing {"name": "health", "name": "diskspace", "tags": ["application"]}
[09-07|07:45:27.483] INFO server/server.go:235 adding route {"url": "/ext/health", "endpoint": ""}
[09-07|07:45:27.483] INFO server/server.go:235 adding route {"url": "/ext/health", "endpoint": "/readiness"}
[09-07|07:45:27.483] INFO server/server.go:235 adding route {"url": "/ext/health", "endpoint": "/health"}
[09-07|07:45:27.483] INFO server/server.go:235 adding route {"url": "/ext/health", "endpoint": "/liveness"}
[09-07|07:45:27.483] INFO node/node.go:1063 adding the default VM aliases
[09-07|07:45:27.484] INFO node/node.go:1207 initializing VMs
[09-07|07:45:27.484] INFO node/node.go:1359 initializing admin API
[09-07|07:45:27.484] INFO server/server.go:235 adding route {"url": "/ext/admin", "endpoint": ""}
[09-07|07:45:27.484] INFO node/node.go:1413 initializing info API
[09-07|07:45:27.485] INFO server/server.go:235 adding route {"url": "/ext/info", "endpoint": ""}
[09-07|07:45:27.485] INFO node/node.go:1549 initializing chain aliases
[09-07|07:45:27.485] INFO node/node.go:1576 initializing API aliases
[09-07|07:45:27.486] INFO node/node.go:1386 skipping profiler initialization because it has been disabled
[09-07|07:45:27.486] INFO node/node.go:928 initializing chains
[09-07|07:45:27.486] INFO chains/manager.go:375 creating chain {"subnetID": "11111111111111111111111111111111LpoYY", "chainID": "11111111111111111111111111111111LpoYY", "vmID": "rWhpuQPF1kb72esV2momhMuTYGkEb1oL29pt2EBXWmSy4kxnT"}
[09-07|07:45:27.486] INFO chains/manager.go:1172 creating proposervm wrapper {"activationTime": "[12-05|05:00:00.000]", "minPChainHeight": 0, "minBlockDelay": "1s", "numHistoricalBlocks": 0}
[09-07|07:45:27.488] INFO health/worker.go:261 check started passing {"name": "health", "name": "router", "tags": ["application"]}
[09-07|07:45:27.488] INFO health/worker.go:261 check started passing {"name": "health", "name": "database", "tags": ["application"]}
[09-07|07:45:27.488] INFO health/worker.go:261 check started passing {"name": "health", "name": "diskspace", "tags": ["application"]}
[09-07|07:45:27.501] INFO health/worker.go:115 registered new check and initialized its state to failing {"name": "health", "name": "P", "tags": ["11111111111111111111111111111111LpoYY"]}
[09-07|07:45:27.501] INFO server/server.go:210 adding route {"url": "/ext/bc/11111111111111111111111111111111LpoYY", "endpoint": ""}
[09-07|07:45:27.501] INFO indexer/index.go:93 created new index {"nextAcceptedIndex": 60}
[09-07|07:45:27.501] INFO server/server.go:235 adding route {"url": "/ext/index/P", "endpoint": "/block"}
[09-07|07:45:27.501] INFO health/worker.go:115 registered new check and initialized its state to failing {"name": "readiness", "name": "bootstrapped", "tags": ["application"]}
[09-07|07:45:27.501] INFO health/worker.go:115 registered new check and initialized its state to failing {"name": "health", "name": "bootstrapped", "tags": ["application"]}
[09-07|07:45:27.502] INFO chains/manager.go:1493 starting chain creator
[09-07|07:45:27.502] INFO node/node.go:661 writing process context {"path": "/home/ubuntu/.avalanche-cli/runs/network_20240907_074523/node5/process.json"}
[09-07|07:45:27.506] INFO node/node.go:688 API server listening {"uri": "http://127.0.0.1:9658"}
[09-07|07:45:27.655] INFO chains/manager.go:375 creating chain {"subnetID": "11111111111111111111111111111111LpoYY", "chainID": "NeA134STyTVwife7gYeNQ6Hwi5GPGC2X7aUFvWsnusnpM2do6", "vmID": "mgj786NP7uDwBCcq6YwThhaN8FLyybkCa4zBWTQbNgmK6k9A6"}
[09-07|07:45:27.655] INFO chains/manager.go:1172 creating proposervm wrapper {"activationTime": "[12-05|05:00:00.000]", "minPChainHeight": 0, "minBlockDelay": "1s", "numHistoricalBlocks": 0}
[09-07|07:45:27.661] INFO health/worker.go:115 registered new check and initialized its state to failing {"name": "health", "name": "C", "tags": ["11111111111111111111111111111111LpoYY"]}
[09-07|07:45:27.661] INFO server/server.go:210 adding route {"url": "/ext/bc/NeA134STyTVwife7gYeNQ6Hwi5GPGC2X7aUFvWsnusnpM2do6", "endpoint": "/avax"}
[09-07|07:45:27.661] INFO server/server.go:210 adding route {"url": "/ext/bc/NeA134STyTVwife7gYeNQ6Hwi5GPGC2X7aUFvWsnusnpM2do6", "endpoint": "/rpc"}
[09-07|07:45:27.661] INFO server/server.go:210 adding route {"url": "/ext/bc/NeA134STyTVwife7gYeNQ6Hwi5GPGC2X7aUFvWsnusnpM2do6", "endpoint": "/ws"}
[09-07|07:45:27.662] INFO indexer/index.go:84 created new index {"nextAcceptedIndex": 0}
[09-07|07:45:27.662] INFO server/server.go:235 adding route {"url": "/ext/index/C", "endpoint": "/block"}
[09-07|07:45:27.662] INFO chains/manager.go:375 creating chain {"subnetID": "11111111111111111111111111111111LpoYY", "chainID": "2NuxE6iXPyM9tknyHCVkTGQVM6Bj2rYMNW7tRd4aNiXXE3oPcB", "vmID": "jvYyfQTxGMJLuGWa55kdP2p2zSUYsQ5Raupu4TW34ZAUBAbtq"}
[09-07|07:45:27.663] INFO chains/manager.go:768 creating proposervm wrapper {"activationTime": "[12-05|05:00:00.000]", "minPChainHeight": 0, "minBlockDelay": "1s", "numHistoricalBlocks": 0}
[09-07|07:45:27.663] INFO health/worker.go:115 registered new check and initialized its state to failing {"name": "health", "name": "X", "tags": ["11111111111111111111111111111111LpoYY"]}
[09-07|07:45:27.663] INFO server/server.go:210 adding route {"url": "/ext/bc/2NuxE6iXPyM9tknyHCVkTGQVM6Bj2rYMNW7tRd4aNiXXE3oPcB", "endpoint": "/events"}
[09-07|07:45:27.664] INFO server/server.go:210 adding route {"url": "/ext/bc/2NuxE6iXPyM9tknyHCVkTGQVM6Bj2rYMNW7tRd4aNiXXE3oPcB", "endpoint": ""}
[09-07|07:45:27.664] INFO server/server.go:210 adding route {"url": "/ext/bc/2NuxE6iXPyM9tknyHCVkTGQVM6Bj2rYMNW7tRd4aNiXXE3oPcB", "endpoint": "/wallet"}
[09-07|07:45:27.664] INFO indexer/index.go:84 created new index {"nextAcceptedIndex": 0}
[09-07|07:45:27.664] INFO server/server.go:235 adding route {"url": "/ext/index/X", "endpoint": "/block"}
[09-07|07:45:27.664] INFO indexer/index.go:84 created new index {"nextAcceptedIndex": 0}
[09-07|07:45:27.664] INFO server/server.go:235 adding route {"url": "/ext/index/X", "endpoint": "/vtx"}
[09-07|07:45:27.664] INFO indexer/index.go:84 created new index {"nextAcceptedIndex": 0}
[09-07|07:45:27.664] INFO server/server.go:235 adding route {"url": "/ext/index/X", "endpoint": "/tx"}
[09-07|07:45:29.488] INFO health/worker.go:261 check started passing {"name": "readiness", "name": "bootstrapped", "tags": ["application"]}
[09-07|07:45:29.488] INFO health/worker.go:261 check started passing {"name": "health", "name": "P", "tags": ["11111111111111111111111111111111LpoYY"]}
[09-07|07:45:29.488] INFO health/worker.go:261 check started passing {"name": "health", "name": "bootstrapped", "tags": ["application"]}
[09-07|07:45:29.488] INFO health/worker.go:261 check started passing {"name": "health", "name": "C", "tags": ["11111111111111111111111111111111LpoYY"]}
[09-07|07:45:29.489] INFO health/worker.go:261 check started passing {"name": "health", "name": "X", "tags": ["11111111111111111111111111111111LpoYY"]}
[09-07|07:45:29.489] INFO health/worker.go:261 check started passing {"name": "health", "name": "network", "tags": ["application"]}
[09-07|07:45:34.571] INFO chains/manager.go:375 creating chain {"subnetID": "2AKbBT8jFUfUsUJ2hhRiDUnAAajJdNhTKeNgEe3q77spMj1N8F", "chainID": "mm5NbUSuEF4iCd6nmEKzm2bKpYYKfbr6T74CVkc3HkLKP3qYM", "vmID": "b2sxx3ZpkgfkzmBecY4bAqmVwqVqhLTqCVrjJs4mTQkuVYhN6"}
[09-07|07:45:35.031] INFO chains/manager.go:1172 creating proposervm wrapper {"activationTime": "[12-05|05:00:00.000]", "minPChainHeight": 0, "minBlockDelay": "1s", "numHistoricalBlocks": 0}
[09-07|07:45:35.149] INFO health/worker.go:115 registered new check and initialized its state to failing {"name": "health", "name": "mm5NbUSuEF4iCd6nmEKzm2bKpYYKfbr6T74CVkc3HkLKP3qYM", "tags": ["2AKbBT8jFUfUsUJ2hhRiDUnAAajJdNhTKeNgEe3q77spMj1N8F"]}
[09-07|07:45:35.160] INFO server/server.go:210 adding route {"url": "/ext/bc/mm5NbUSuEF4iCd6nmEKzm2bKpYYKfbr6T74CVkc3HkLKP3qYM", "endpoint": "/rpc"}
[09-07|07:45:35.162] INFO server/server.go:210 adding route {"url": "/ext/bc/mm5NbUSuEF4iCd6nmEKzm2bKpYYKfbr6T74CVkc3HkLKP3qYM", "endpoint": "/ws"}
[09-07|07:45:35.489] WARN health/worker.go:252 check started failing {"name": "health", "name": "bootstrapped", "tags": ["application"], "error": "subnets not bootstrapped"}
[09-07|07:45:35.490] INFO health/worker.go:261 check started passing {"name": "health", "name": "mm5NbUSuEF4iCd6nmEKzm2bKpYYKfbr6T74CVkc3HkLKP3qYM", "tags": ["2AKbBT8jFUfUsUJ2hhRiDUnAAajJdNhTKeNgEe3q77spMj1N8F"]}
[09-07|07:45:35.599] WARN health/health.go:110 failing check {"namespace": "health", "reason": {"C":{"message":{"engine":{"consensus":{"lastAcceptedHeight":0,"lastAcceptedID":"BRAjXJSZWwhknUQ8Jod3nWre9PtiFdBn2dc9GDZtccvKFg2tW","longestProcessingBlock":"0s","processingBlocks":0},"vm":null},"networking":{"disconnectedValidators":[],"percentConnected":1}},"timestamp":"2024-09-07T07:45:35.489709613Z","duration":8898},"P":{"message":{"engine":{"consensus":{"lastAcceptedHeight":61,"lastAcceptedID":"nMgNeX9UBu5128obqKesQ74Boz4ZiKKGpQhp1aFdvjN5EmV81","longestProcessingBlock":"0s","processingBlocks":0},"vm":null},"networking":{"disconnectedValidators":[],"percentConnected":1}},"timestamp":"2024-09-07T07:45:35.489594057Z","duration":68395},"X":{"message":{"engine":{"consensus":{"lastAcceptedHeight":0,"lastAcceptedID":"237MUBy5GzA7E67wBoPHQdSh2YL5s67GyUjjurmZvzn8UYgxSS","longestProcessingBlock":"0s","processingBlocks":0},"vm":null},"networking":{"disconnectedValidators":[],"percentConnected":1}},"timestamp":"2024-09-07T07:45:35.489450676Z","duration":20365},"bootstrapped":{"message":["2AKbBT8jFUfUsUJ2hhRiDUnAAajJdNhTKeNgEe3q77spMj1N8F"],"error":"subnets not bootstrapped","timestamp":"2024-09-07T07:45:35.489625727Z","duration":19643,"contiguousFailures":1,"timeOfFirstFailure":"2024-09-07T07:45:35.489625727Z"},"database":{"timestamp":"2024-09-07T07:45:35.489604349Z","duration":7977},"diskspace":{"message":{"availableDiskBytes":5221576704},"timestamp":"2024-09-07T07:45:35.489523831Z","duration":4521},"mm5NbUSuEF4iCd6nmEKzm2bKpYYKfbr6T74CVkc3HkLKP3qYM":{"message":{"engine":{"consensus":{},"vm":{"database":null,"health":null}},"networking":{"disconnectedValidators":[],"percentConnected":1}},"timestamp":"2024-09-07T07:45:35.490511774Z","duration":1059228},"network":{"message":{"connectedPeers":4,"sendFailRate":0,"timeSinceLastMsgReceived":"489.715067ms","timeSinceLastMsgSent":"489.715067ms"},"timestamp":"2024-09-07T07:45:35.489718615Z","duration":7283},"router":{"message":{"longestRunningRequest":"310.807966ms","outstandingRequests":4},"timestamp":"2024-09-07T07:45:35.489427848Z","duration":10160}}}
[09-07|07:45:37.488] INFO health/worker.go:261 check started passing {"name": "health", "name": "bootstrapped", "tags": ["application"]}
