[09-07|07:45:35.044] INFO <mm5NbUSuEF4iCd6nmEKzm2bKpYYKfbr6T74CVkc3HkLKP3qYM Chain> subprocess/runtime.go:143 plugin handshake succeeded {"addr": "127.0.0.1:41861"}
[09-07|07:45:35.055] INFO <mm5NbUSuEF4iCd6nmEKzm2bKpYYKfbr6T74CVkc3HkLKP3qYM Chain> rpcchainvm/vm_client.go:171 grpc: serving database {"address": "127.0.0.1:41495"}
[09-07|07:45:35.062] INFO <mm5NbUSuEF4iCd6nmEKzm2bKpYYKfbr6T74CVkc3HkLKP3qYM Chain> rpcchainvm/vm_client.go:190 grpc: serving vm services {"address": "127.0.0.1:44617"}
[09-07|07:45:35.096] INFO <mm5NbUSuEF4iCd6nmEKzm2bKpYYKfbr6T74CVkc3HkLKP3qYM Chain> plugin/evm/vm.go:291 Initializing Subnet EVM VM               Version=v0.6.9 Config="{AirdropFile: SnowmanAPIEnabled:false AdminAPIEnabled:false AdminAPIDir: WarpAPIEnabled:false EnabledEthAPIs:[eth eth-filter net web3 internal-eth internal-blockchain internal-transaction] ContinuousProfilerDir: ContinuousProfilerFrequency:15m0s ContinuousProfilerMaxFiles:5 RPCGasCap:50000000 RPCTxFeeCap:100 TrieCleanCache:512 TrieDirtyCache:512 TrieDirtyCommitTarget:20 TriePrefetcherParallelism:16 SnapshotCache:256 Preimages:false SnapshotWait:false SnapshotVerify:false Pruning:true AcceptorQueueLimit:64 CommitInterval:4096 AllowMissingTries:false PopulateMissingTries:<nil> PopulateMissingTriesParallelism:1024 PruneWarpDB:false MetricsExpensiveEnabled:true LocalTxsEnabled:false TxPoolPriceLimit:1 TxPoolPriceBump:10 TxPoolAccountSlots:16 TxPoolGlobalSlots:5120 TxPoolAccountQueue:64 TxPoolGlobalQueue:1024 TxPoolLifetime:10m0s APIMaxDuration:0s WSCPURefillRate:0s WSCPUMaxStored:0s MaxBlocksPerRequest:0 AllowUnfinalizedQueries:false AllowUnprotectedTxs:false AllowUnprotectedTxHashes:[0xfefb2da535e927b85fe68eb81cb2e4a5827c905f78381a01ef2322aa9b0aee8e] KeystoreDirectory: KeystoreExternalSigner: KeystoreInsecureUnlockAllowed:false PushGossipPercentStake:0.9 PushGossipNumValidators:100 PushGossipNumPeers:0 PushRegossipNumValidators:10 PushRegossipNumPeers:0 PushGossipFrequency:100ms PullGossipFrequency:1s RegossipFrequency:30s PriorityRegossipAddresses:[] LogLevel:info LogJSONFormat:false FeeRecipient: OfflinePruning:false OfflinePruningBloomFilterSize:512 OfflinePruningDataDirectory: MaxOutboundActiveRequests:16 StateSyncEnabled:false StateSyncSkipResume:false StateSyncServerTrieCache:64 StateSyncIDs: StateSyncCommitInterval:16384 StateSyncMinBlocks:300000 StateSyncRequestSize:1024 InspectDatabase:false SkipUpgradeCheck:false AcceptedCacheSize:32 TransactionHistory:0 TxLookupLimit:0 SkipTxIndexing:false WarpOffChainMessages:[] HttpBodyLimit:0}"
[09-07|07:45:35.099] INFO <mm5NbUSuEF4iCd6nmEKzm2bKpYYKfbr6T74CVkc3HkLKP3qYM Chain> plugin/evm/vm.go:450 Config has not specified any coinbase address. Defaulting to the blackhole address.
[09-07|07:45:35.100] INFO <mm5NbUSuEF4iCd6nmEKzm2bKpYYKfbr6T74CVkc3HkLKP3qYM Chain> core/state_processor.go:238 Activating new precompile                name=warpConfig config="{\"blockTimestamp\":1725695119,\"quorumNumerator\":67,\"requirePrimaryNetworkSigners\":false}"
[09-07|07:45:35.101] INFO <mm5NbUSuEF4iCd6nmEKzm2bKpYYKfbr6T74CVkc3HkLKP3qYM Chain> triedb/hashdb/database.go:542 Persisted trie from memory database      nodes=4 size=583.00B time="11.72µs" gcnodes=0 gcsize=0.00B gctime=0s livenodes=0 livesize=0.00B
[09-07|07:45:35.104] INFO <mm5NbUSuEF4iCd6nmEKzm2bKpYYKfbr6T74CVkc3HkLKP3qYM Chain> plugin/evm/vm.go:464 "lastAccepted = 0xb5194a0c2ac8f66829f3c453fe47b9658a7ffad62bd9b9ce2504faaacb2f6dcd"
[09-07|07:45:35.105] INFO <mm5NbUSuEF4iCd6nmEKzm2bKpYYKfbr6T74CVkc3HkLKP3qYM Chain> eth/backend.go:145 Allocated memory caches                  "trie clean"=512.00MiB "trie dirty"=512.00MiB "snapshot clean"=256.00MiB
[09-07|07:45:35.109] INFO <mm5NbUSuEF4iCd6nmEKzm2bKpYYKfbr6T74CVkc3HkLKP3qYM Chain> core/rawdb/accessors_trie.go:344 State schema set to default              scheme=hash
[09-07|07:45:35.110] INFO <mm5NbUSuEF4iCd6nmEKzm2bKpYYKfbr6T74CVkc3HkLKP3qYM Chain> eth/backend.go:193 Initialising Ethereum protocol           network=1 dbversion=<nil>
[09-07|07:45:35.110] WARN <mm5NbUSuEF4iCd6nmEKzm2bKpYYKfbr6T74CVkc3HkLKP3qYM Chain> eth/backend.go:199 Upgrade blockchain database version      from=<nil> to=8
[09-07|07:45:35.114] INFO <mm5NbUSuEF4iCd6nmEKzm2bKpYYKfbr6T74CVkc3HkLKP3qYM Chain> core/genesis.go:146 Writing genesis to database
[09-07|07:45:35.114] INFO <mm5NbUSuEF4iCd6nmEKzm2bKpYYKfbr6T74CVkc3HkLKP3qYM Chain> core/state_processor.go:238 Activating new precompile                name=warpConfig config="{\"blockTimestamp\":1725695119,\"quorumNumerator\":67,\"requirePrimaryNetworkSigners\":false}"
[09-07|07:45:35.121] INFO <mm5NbUSuEF4iCd6nmEKzm2bKpYYKfbr6T74CVkc3HkLKP3qYM Chain> triedb/hashdb/database.go:542 Persisted trie from memory database      nodes=4 size=583.00B time=1.815059ms gcnodes=0 gcsize=0.00B gctime=0s livenodes=0 livesize=0.00B
[09-07|07:45:35.128] INFO <mm5NbUSuEF4iCd6nmEKzm2bKpYYKfbr6T74CVkc3HkLKP3qYM Chain> core/blockchain.go:375 
[09-07|07:45:35.128] INFO <mm5NbUSuEF4iCd6nmEKzm2bKpYYKfbr6T74CVkc3HkLKP3qYM Chain> core/blockchain.go:376 ---------------------------------------------------------------------------------------------------------------------------------------------------------
[09-07|07:45:35.128] INFO <mm5NbUSuEF4iCd6nmEKzm2bKpYYKfbr6T74CVkc3HkLKP3qYM Chain> core/blockchain.go:378 Chain ID:  1
[09-07|07:45:35.128] INFO <mm5NbUSuEF4iCd6nmEKzm2bKpYYKfbr6T74CVkc3HkLKP3qYM Chain> core/blockchain.go:378 Consensus: Dummy Consensus Engine
[09-07|07:45:35.128] INFO <mm5NbUSuEF4iCd6nmEKzm2bKpYYKfbr6T74CVkc3HkLKP3qYM Chain> core/blockchain.go:378 
[09-07|07:45:35.128] INFO <mm5NbUSuEF4iCd6nmEKzm2bKpYYKfbr6T74CVkc3HkLKP3qYM Chain> core/blockchain.go:378 Hard Forks (block based):
[09-07|07:45:35.128] INFO <mm5NbUSuEF4iCd6nmEKzm2bKpYYKfbr6T74CVkc3HkLKP3qYM Chain> core/blockchain.go:378  - Homestead:                   #0        (https://github.com/ethereum/execution-specs/blob/master/network-upgrades/mainnet-upgrades/homestead.md)
[09-07|07:45:35.128] INFO <mm5NbUSuEF4iCd6nmEKzm2bKpYYKfbr6T74CVkc3HkLKP3qYM Chain> core/blockchain.go:378  - Tangerine Whistle (EIP 150): #0        (https://github.com/ethereum/execution-specs/blob/master/network-upgrades/mainnet-upgrades/tangerine-whistle.md)
[09-07|07:45:35.128] INFO <mm5NbUSuEF4iCd6nmEKzm2bKpYYKfbr6T74CVkc3HkLKP3qYM Chain> core/blockchain.go:378  - Spurious Dragon/1 (EIP 155): #0        (https://github.com/ethereum/execution-specs/blob/master/network-upgrades/mainnet-upgrades/spurious-dragon.md)
[09-07|07:45:35.128] INFO <mm5NbUSuEF4iCd6nmEKzm2bKpYYKfbr6T74CVkc3HkLKP3qYM Chain> core/blockchain.go:378  - Spurious Dragon/2 (EIP 158): #0        (https://github.com/ethereum/execution-specs/blob/master/network-upgrades/mainnet-upgrades/spurious-dragon.md)
[09-07|07:45:35.128] INFO <mm5NbUSuEF4iCd6nmEKzm2bKpYYKfbr6T74CVkc3HkLKP3qYM Chain> core/blockchain.go:378  - Byzantium:                   #0        (https://github.com/ethereum/execution-specs/blob/master/network-upgrades/mainnet-upgrades/byzantium.md)
[09-07|07:45:35.128] INFO <mm5NbUSuEF4iCd6nmEKzm2bKpYYKfbr6T74CVkc3HkLKP3qYM Chain> core/blockchain.go:378  - Constantinople:              #0        (https://github.com/ethereum/execution-specs/blob/master/network-upgrades/mainnet-upgrades/constantinople.md)
[09-07|07:45:35.128] INFO <mm5NbUSuEF4iCd6nmEKzm2bKpYYKfbr6T74CVkc3HkLKP3qYM Chain> core/blockchain.go:378  - Petersburg:                  #0        (https://github.com/ethereum/execution-specs/blob/master/network-upgrades/mainnet-upgrades/petersburg.md)
[09-07|07:45:35.128] INFO <mm5NbUSuEF4iCd6nmEKzm2bKpYYKfbr6T74CVkc3HkLKP3qYM Chain> core/blockchain.go:378  - Istanbul:                    #0        (https://github.com/ethereum/execution-specs/blob/master/network-upgrades/mainnet-upgrades/istanbul.md)
[09-07|07:45:35.128] INFO <mm5NbUSuEF4iCd6nmEKzm2bKpYYKfbr6T74CVkc3HkLKP3qYM Chain> core/blockchain.go:378  - Muir Glacier:                #0        (https://github.com/ethereum/execution-specs/blob/master/network-upgrades/mainnet-upgrades/muir-glacier.md)
[09-07|07:45:35.128] INFO <mm5NbUSuEF4iCd6nmEKzm2bKpYYKfbr6T74CVkc3HkLKP3qYM Chain> core/blockchain.go:378 Hard forks (timestamp based):
[09-07|07:45:35.128] INFO <mm5NbUSuEF4iCd6nmEKzm2bKpYYKfbr6T74CVkc3HkLKP3qYM Chain> core/blockchain.go:378  - Cancun Timestamp:              @1607144400 (https://github.com/ethereum/execution-specs/blob/master/network-upgrades/mainnet-upgrades/cancun.md)
[09-07|07:45:35.128] INFO <mm5NbUSuEF4iCd6nmEKzm2bKpYYKfbr6T74CVkc3HkLKP3qYM Chain> core/blockchain.go:378  - Verkle Timestamp:              @nil       
[09-07|07:45:35.128] INFO <mm5NbUSuEF4iCd6nmEKzm2bKpYYKfbr6T74CVkc3HkLKP3qYM Chain> core/blockchain.go:378 Avalanche Upgrades (timestamp based):
[09-07|07:45:35.128] INFO <mm5NbUSuEF4iCd6nmEKzm2bKpYYKfbr6T74CVkc3HkLKP3qYM Chain> core/blockchain.go:378  - SubnetEVM Timestamp:          @0          (https://github.com/ava-labs/avalanchego/releases/tag/v1.10.0)
[09-07|07:45:35.129] INFO <mm5NbUSuEF4iCd6nmEKzm2bKpYYKfbr6T74CVkc3HkLKP3qYM Chain> core/blockchain.go:378  - Durango Timestamp:            @1607144400 (https://github.com/ava-labs/avalanchego/releases/tag/v1.11.0)
[09-07|07:45:35.129] INFO <mm5NbUSuEF4iCd6nmEKzm2bKpYYKfbr6T74CVkc3HkLKP3qYM Chain> core/blockchain.go:378  - Etna Timestamp:           @1607144400 (https://github.com/ava-labs/avalanchego/releases/tag/v1.12.0)
[09-07|07:45:35.129] INFO <mm5NbUSuEF4iCd6nmEKzm2bKpYYKfbr6T74CVkc3HkLKP3qYM Chain> core/blockchain.go:378 
[09-07|07:45:35.129] INFO <mm5NbUSuEF4iCd6nmEKzm2bKpYYKfbr6T74CVkc3HkLKP3qYM Chain> core/blockchain.go:378 Precompile Upgrades: {"warpConfig":{"blockTimestamp":1725695119,"quorumNumerator":67,"requirePrimaryNetworkSigners":false}}
[09-07|07:45:35.129] INFO <mm5NbUSuEF4iCd6nmEKzm2bKpYYKfbr6T74CVkc3HkLKP3qYM Chain> core/blockchain.go:378 Upgrade Config: {}
[09-07|07:45:35.129] INFO <mm5NbUSuEF4iCd6nmEKzm2bKpYYKfbr6T74CVkc3HkLKP3qYM Chain> core/blockchain.go:378 Fee Config: {"gasLimit":12000000,"targetBlockRate":2,"minBaseFee":25000000000,"targetGas":60000000,"baseFeeChangeDenominator":36,"minBlockGasCost":0,"maxBlockGasCost":1000000,"blockGasCostStep":200000}
[09-07|07:45:35.129] INFO <mm5NbUSuEF4iCd6nmEKzm2bKpYYKfbr6T74CVkc3HkLKP3qYM Chain> core/blockchain.go:378 Allow Fee Recipients: false
[09-07|07:45:35.129] INFO <mm5NbUSuEF4iCd6nmEKzm2bKpYYKfbr6T74CVkc3HkLKP3qYM Chain> core/blockchain.go:378 
[09-07|07:45:35.129] INFO <mm5NbUSuEF4iCd6nmEKzm2bKpYYKfbr6T74CVkc3HkLKP3qYM Chain> core/blockchain.go:380 ---------------------------------------------------------------------------------------------------------------------------------------------------------
[09-07|07:45:35.129] INFO <mm5NbUSuEF4iCd6nmEKzm2bKpYYKfbr6T74CVkc3HkLKP3qYM Chain> core/blockchain.go:381 
[09-07|07:45:35.138] INFO <mm5NbUSuEF4iCd6nmEKzm2bKpYYKfbr6T74CVkc3HkLKP3qYM Chain> core/blockchain.go:714 Loaded most recent local header          number=0 hash=b5194a..2f6dcd age=16s
[09-07|07:45:35.138] INFO <mm5NbUSuEF4iCd6nmEKzm2bKpYYKfbr6T74CVkc3HkLKP3qYM Chain> core/blockchain.go:715 Loaded most recent local full block      number=0 hash=b5194a..2f6dcd age=16s
[09-07|07:45:35.139] INFO <mm5NbUSuEF4iCd6nmEKzm2bKpYYKfbr6T74CVkc3HkLKP3qYM Chain> core/blockchain.go:1802 Loaded Acceptor tip                      hash=000000..000000
[09-07|07:45:35.139] INFO <mm5NbUSuEF4iCd6nmEKzm2bKpYYKfbr6T74CVkc3HkLKP3qYM Chain> core/blockchain.go:1810 Skipping state reprocessing              root=17b873..76b1f9
[09-07|07:45:35.141] INFO <mm5NbUSuEF4iCd6nmEKzm2bKpYYKfbr6T74CVkc3HkLKP3qYM Chain> core/blockchain.go:1778 Initializing snapshots                   async=false rebuild=true headHash=b5194a..2f6dcd headRoot=17b873..76b1f9
[09-07|07:45:35.142] WARN <mm5NbUSuEF4iCd6nmEKzm2bKpYYKfbr6T74CVkc3HkLKP3qYM Chain> core/state/snapshot/snapshot.go:225 Failed to load snapshot, regenerating    err="missing or corrupted snapshot, no snapshot block hash"
[09-07|07:45:35.142] INFO <mm5NbUSuEF4iCd6nmEKzm2bKpYYKfbr6T74CVkc3HkLKP3qYM Chain> core/state/snapshot/snapshot.go:793 Rebuilding state snapshot
[09-07|07:45:35.148] INFO <mm5NbUSuEF4iCd6nmEKzm2bKpYYKfbr6T74CVkc3HkLKP3qYM Chain> core/state/snapshot/snapshot.go:361 Waiting for snapshot generation          root=17b873..76b1f9
[09-07|07:45:35.148] INFO <mm5NbUSuEF4iCd6nmEKzm2bKpYYKfbr6T74CVkc3HkLKP3qYM Chain> core/state/snapshot/context.go:106 Wiper running, state snapshotting paused accounts=0 slots=0 storage=0.00B elapsed=2.782ms
[09-07|07:45:35.152] INFO <mm5NbUSuEF4iCd6nmEKzm2bKpYYKfbr6T74CVkc3HkLKP3qYM Chain> core/state/snapshot/wipe.go:133 Deleted state snapshot leftovers         kind=accounts wiped=0 elapsed=7.075ms
[09-07|07:45:35.156] INFO <mm5NbUSuEF4iCd6nmEKzm2bKpYYKfbr6T74CVkc3HkLKP3qYM Chain> core/state/snapshot/wipe.go:133 Deleted state snapshot leftovers         kind=storage  wiped=0 elapsed=4.381ms
[09-07|07:45:35.158] INFO <mm5NbUSuEF4iCd6nmEKzm2bKpYYKfbr6T74CVkc3HkLKP3qYM Chain> core/state/snapshot/generate.go:319 Generated state snapshot                 accounts=3 slots=0 storage=165.00B elapsed=1.238ms
[09-07|07:45:35.158] INFO <mm5NbUSuEF4iCd6nmEKzm2bKpYYKfbr6T74CVkc3HkLKP3qYM Chain> core/blockchain.go:543 Not warming accepted cache because there are no accepted blocks
[09-07|07:45:35.158] INFO <mm5NbUSuEF4iCd6nmEKzm2bKpYYKfbr6T74CVkc3HkLKP3qYM Chain> core/blockchain.go:568 Starting Acceptor                        "queue length"=64
[09-07|07:45:35.163] INFO <mm5NbUSuEF4iCd6nmEKzm2bKpYYKfbr6T74CVkc3HkLKP3qYM Chain> core/txpool/legacypool/legacypool.go:486 Legacy pool tip threshold updated        tip=0
[09-07|07:45:35.170] INFO <mm5NbUSuEF4iCd6nmEKzm2bKpYYKfbr6T74CVkc3HkLKP3qYM Chain> proposervm/vm.go:211 initialized proposervm {"state": "before fork"}
[09-07|07:45:35.170] INFO <mm5NbUSuEF4iCd6nmEKzm2bKpYYKfbr6T74CVkc3HkLKP3qYM Chain> snowman/engine.go:93 initializing consensus engine
[09-07|07:45:35.179] INFO <mm5NbUSuEF4iCd6nmEKzm2bKpYYKfbr6T74CVkc3HkLKP3qYM Chain> plugin/evm/vm.go:1034 Enabled APIs: eth, eth-filter, net, web3, internal-eth, internal-blockchain, internal-transaction
[09-07|07:45:35.192] INFO <mm5NbUSuEF4iCd6nmEKzm2bKpYYKfbr6T74CVkc3HkLKP3qYM Chain> bootstrap/bootstrapper.go:170 starting bootstrapper {"lastAcceptedID": "2Nkvg9kcUCNScpb1bSueMkuRFrXMn93BDfQWaUnYs5ouyiWBqw", "lastAcceptedHeight": 0}
[09-07|07:45:37.207] INFO <mm5NbUSuEF4iCd6nmEKzm2bKpYYKfbr6T74CVkc3HkLKP3qYM Chain> bootstrap/bootstrapper.go:375 starting to fetch blocks {"numKnownBlocks": 0, "numAcceptedBlocks": 1, "numMissingBlocks": 1}
[09-07|07:45:37.207] INFO <mm5NbUSuEF4iCd6nmEKzm2bKpYYKfbr6T74CVkc3HkLKP3qYM Chain> bootstrap/storage.go:195 executing blocks {"numToExecute": 0}
[09-07|07:45:37.207] INFO <mm5NbUSuEF4iCd6nmEKzm2bKpYYKfbr6T74CVkc3HkLKP3qYM Chain> bootstrap/storage.go:187 executed blocks {"numExecuted": 0, "numToExecute": 0, "halted": false, "duration": "39.563µs"}
[09-07|07:45:37.210] INFO <mm5NbUSuEF4iCd6nmEKzm2bKpYYKfbr6T74CVkc3HkLKP3qYM Chain> snowman/engine.go:513 starting consensus {"lastAcceptedID": "2Nkvg9kcUCNScpb1bSueMkuRFrXMn93BDfQWaUnYs5ouyiWBqw", "lastAcceptedHeight": 0}
[09-07|07:45:47.830] INFO <mm5NbUSuEF4iCd6nmEKzm2bKpYYKfbr6T74CVkc3HkLKP3qYM Chain> miner/worker.go:531 Commit new mining work                   number=1 hash=d98e63..89ccda uncles=0 txs=1 gas=21000 fees=0.000525 elapsed=7.004ms
[09-07|07:45:47.834] INFO <mm5NbUSuEF4iCd6nmEKzm2bKpYYKfbr6T74CVkc3HkLKP3qYM Chain> proposervm/pre_fork_block.go:228 built block {"blkID": "pq14U42QpjbFYd2PovAcWGE9HepPYeThy17oNJxWcyF2RyNos", "innerBlkID": "2epBX1BDqQXRR1n3wf9Um7kwGZ9HSR4qtxDJWYrM38mTxkS2eD", "height": 1, "pChainHeight": 60, "parentTimestamp": "[09-07|07:45:19.000]", "blockTimestamp": "[09-07|07:45:47.000]"}
[09-07|07:46:08.002] INFO <mm5NbUSuEF4iCd6nmEKzm2bKpYYKfbr6T74CVkc3HkLKP3qYM Chain> miner/worker.go:531 Commit new mining work                   number=5 hash=cba7c0..b6d36b uncles=0 txs=0 gas=0     fees=0        elapsed=1.708ms
