[09-05|08:15:32.548] INFO node/node.go:143 initializing node {"version": "avalanchego/1.11.11", "nodeID": "NodeID-NFBbbJ4qCmNaCzeW7sxErhvWqvEQMnYcN", "stakingKeyType": "RSA", "nodePOP": {"publicKey":"0xb20ab07ea5cf8b77ab50f2071a6f1d2aab693c8bd89761430cd29de9fa0dbae83a32c7697d59ff1b06995b1596c16fa6","proofOfPossession":"0xa113145564d7ac540fade2526938fbd33233957901111328c86c4cbe7ed25f678173d95c54b3342fd7b723c3ed813f2b04fecf4a317205ce65638bb34bb58bb6746e74c63e6cbe5cb25c103b290ed270146b756d3901c8b0f99d083a44572c79"}, "providedFlags": {"api-admin-enabled":"true","bootstrap-ids":"NodeID-7Xhw2mDxuDS44j42TCB6U5579esbSt3Lg,NodeID-MFrZFVCXPv5iCn6M9K6XduxGTYp891xXZ","bootstrap-ips":"127.0.0.1:9651,127.0.0.1:9653","chain-config-dir":"/var/folders/2g/px5t4c492nqf5pn7y2_qs6xw0000gp/T/network-runner-root-data/network_20240905_081528/node3/chainConfigs","config-file":"/var/folders/2g/px5t4c492nqf5pn7y2_qs6xw0000gp/T/network-runner-root-data/network_20240905_081528/node3/configs/config.json","data-dir":"/var/folders/2g/px5t4c492nqf5pn7y2_qs6xw0000gp/T/network-runner-root-data/network_20240905_081528/node3","db-dir":"/var/folders/2g/px5t4c492nqf5pn7y2_qs6xw0000gp/T/network-runner-root-data/network_20240905_081528/node3/db","genesis-file":"/var/folders/2g/px5t4c492nqf5pn7y2_qs6xw0000gp/T/network-runner-root-data/network_20240905_081528/node3/configs/genesis.json","health-check-frequency":"2s","http-port":"9654","index-enabled":"true","log-dir":"/var/folders/2g/px5t4c492nqf5pn7y2_qs6xw0000gp/T/network-runner-root-data/network_20240905_081528/node3/logs","log-display-level":"INFO","log-level":"INFO","network-id":"1337","network-max-reconnect-delay":"1s","public-ip":"127.0.0.1","staking-port":"9655","subnet-config-dir":"/var/folders/2g/px5t4c492nqf5pn7y2_qs6xw0000gp/T/network-runner-root-data/network_20240905_081528/node3/subnetConfigs"}, "config": {"httpConfig":{"readTimeout":30000000000,"readHeaderTimeout":30000000000,"writeHeaderTimeout":30000000000,"idleTimeout":120000000000,"apiConfig":{"indexerConfig":{"indexAPIEnabled":true,"indexAllowIncomplete":false},"adminAPIEnabled":true,"infoAPIEnabled":true,"keystoreAPIEnabled":false,"metricsAPIEnabled":true,"healthAPIEnabled":true},"httpHost":"127.0.0.1","httpPort":9654,"httpsEnabled":false,"httpAllowedOrigins":["*"],"httpAllowedHosts":["localhost"],"shutdownTimeout":10000000000,"shutdownWait":0},"ipConfig":{"publicIP":"127.0.0.1","publicIPResolutionService":"","publicIPResolutionFreq":300000000000,"listenHost":"","listenPort":9655},"stakingConfig":{"uptimeRequirement":0.8,"minValidatorStake":2000000000000,"maxValidatorStake":3000000000000000,"minDelegatorStake":25000000000,"minDelegationFee":20000,"minStakeDuration":86400000000000,"maxStakeDuration":31536000000000000,"rewardConfig":{"maxConsumptionRate":120000,"minConsumptionRate":100000,"mintingPeriod":31536000000000000,"supplyCap":720000000000000000},"sybilProtectionEnabled":true,"partialSyncPrimaryNetwork":false,"sybilProtectionDisabledWeight":100,"stakingKeyPath":"/var/folders/2g/px5t4c492nqf5pn7y2_qs6xw0000gp/T/network-runner-root-data/network_20240905_081528/node3/staking/staker.key","stakingCertPath":"/var/folders/2g/px5t4c492nqf5pn7y2_qs6xw0000gp/T/network-runner-root-data/network_20240905_081528/node3/staking/staker.crt","stakingSignerPath":"/var/folders/2g/px5t4c492nqf5pn7y2_qs6xw0000gp/T/network-runner-root-data/network_20240905_081528/node3/staking/signer.key"},"txFeeConfig":{"createAssetTxFee":1000000,"staticFeeConfig":{"txFee":1000000,"createSubnetTxFee":100000000,"transformSubnetTxFee":100000000,"createBlockchainTxFee":100000000,"addPrimaryNetworkValidatorFee":0,"addPrimaryNetworkDelegatorFee":0,"addSubnetValidatorFee":1000000,"addSubnetDelegatorFee":1000000},"dynamicFeeConfig":{"weights":[1,1,1,1],"maxCapacity":1000000,"maxPerSecond":1000,"targetPerSecond":500,"minPrice":1,"excessConversionConstant":5000}},"stateSyncConfig":{"stateSyncIDs":null,"stateSyncIPs":null},"bootstrapConfig":{"bootstrapBeaconConnectionTimeout":60000000000,"bootstrapAncestorsMaxContainersSent":2000,"bootstrapAncestorsMaxContainersReceived":2000,"bootstrapMaxTimeGetAncestors":50000000,"bootstrappers":[{"id":"NodeID-7Xhw2mDxuDS44j42TCB6U5579esbSt3Lg","ip":"127.0.0.1:9651"},{"id":"NodeID-MFrZFVCXPv5iCn6M9K6XduxGTYp891xXZ","ip":"127.0.0.1:9653"}]},"databaseConfig":{"readOnly":false,"path":"/var/folders/2g/px5t4c492nqf5pn7y2_qs6xw0000gp/T/network-runner-root-data/network_20240905_081528/node3/db/network-1337","name":"leveldb"},"upgradeConfig":{"apricotPhase1Time":"2020-12-05T05:00:00Z","apricotPhase2Time":"2020-12-05T05:00:00Z","apricotPhase3Time":"2020-12-05T05:00:00Z","apricotPhase4Time":"2020-12-05T05:00:00Z","apricotPhase4MinPChainHeight":0,"apricotPhase5Time":"2020-12-05T05:00:00Z","apricotPhasePre6Time":"2020-12-05T05:00:00Z","apricotPhase6Time":"2020-12-05T05:00:00Z","apricotPhasePost6Time":"2020-12-05T05:00:00Z","banffTime":"2020-12-05T05:00:00Z","cortinaTime":"2020-12-05T05:00:00Z","cortinaXChainStopVertexID":"11111111111111111111111111111111LpoYY","durangoTime":"2020-12-05T05:00:00Z","etnaTime":"2020-12-05T05:00:00Z"},"avaxAssetID":"28VTWcsTZ55draGkmjdcS9CFFv4zC3PbvVjkyoqxzNC7Y5msRP","networkID":1337,"healthCheckFreq":2000000000,"networkConfig":{"healthConfig":{"minConnectedPeers":1,"maxTimeSinceMsgReceived":60000000000,"maxTimeSinceMsgSent":60000000000,"maxPortionSendQueueBytesFull":0.9,"maxSendFailRate":0.9,"sendFailRateHalflife":10000000000},"peerListGossipConfig":{"peerListNumValidatorIPs":15,"peerListPullGossipFreq":2000000000,"peerListBloomResetFreq":60000000000},"timeoutConfigs":{"pingPongTimeout":30000000000,"readHandshakeTimeout":15000000000},"delayConfig":{"initialReconnectDelay":1000000000,"maxReconnectDelay":1000000000},"throttlerConfig":{"inboundConnUpgradeThrottlerConfig":{"upgradeCooldown":10000000000,"maxRecentConnsUpgraded":2560},"inboundMsgThrottlerConfig":{"byteThrottlerConfig":{"vdrAllocSize":33554432,"atLargeAllocSize":6291456,"nodeMaxAtLargeBytes":2097152},"bandwidthThrottlerConfig":{"bandwidthRefillRate":524288,"bandwidthMaxBurstRate":2097152},"cpuThrottlerConfig":{"maxRecheckDelay":5000000000},"diskThrottlerConfig":{"maxRecheckDelay":5000000000},"maxProcessingMsgsPerNode":1024},"outboundMsgThrottlerConfig":{"vdrAllocSize":33554432,"atLargeAllocSize":33554432,"nodeMaxAtLargeBytes":2097152},"maxInboundConnsPerSec":256},"proxyEnabled":false,"proxyReadHeaderTimeout":3000000000,"dialerConfig":{"throttleRps":50,"connectionTimeout":30000000000},"tlsKeyLogFile":"","myNodeID":"NodeID-111111111111111111116DBWJs","myIP":null,"networkID":0,"maxClockDifference":60000000000,"pingFrequency":22500000000,"allowPrivateIPs":true,"supportedACPs":[],"objectedACPs":[],"compressionType":"zstd","uptimeMetricFreq":30000000000,"requireValidatorToConnect":false,"maximumInboundMessageTimeout":10000000000,"peerReadBufferSize":8192,"peerWriteBufferSize":8192},"adaptiveTimeoutConfig":{"initialTimeout":5000000000,"minimumTimeout":2000000000,"maximumTimeout":10000000000,"timeoutCoefficient":2,"timeoutHalflife":300000000000},"benchlistConfig":{"threshold":10,"minimumFailingDuration":150000000000,"duration":900000000000,"maxPortion":0.08333333333333333},"profilerConfig":{"dir":"/var/folders/2g/px5t4c492nqf5pn7y2_qs6xw0000gp/T/network-runner-root-data/network_20240905_081528/node3/profiles","enabled":false,"freq":900000000000,"maxNumFiles":5},"loggingConfig":{"maxSize":8,"maxFiles":7,"maxAge":0,"directory":"/var/folders/2g/px5t4c492nqf5pn7y2_qs6xw0000gp/T/network-runner-root-data/network_20240905_081528/node3/logs","compress":false,"disableWriterDisplaying":false,"logLevel":"INFO","displayLevel":"INFO","logFormat":"PLAIN"},"pluginDir":"/var/folders/2g/px5t4c492nqf5pn7y2_qs6xw0000gp/T/network-runner-root-data/network_20240905_081528/node3/plugins","fdLimit":10240,"meterVMEnabled":true,"routerHealthConfig":{"maxDropRate":1,"maxDropRateHalflife":10000000000,"maxOutstandingRequests":1024,"maxOutstandingDuration":300000000000,"maxRunTimeRequests":10000000000},"consensusShutdownTimeout":60000000000,"consensusGossipFreq":100000000,"consensusAppConcurrency":2,"trackedSubnets":[],"subnetConfigs":{"11111111111111111111111111111111LpoYY":{"validatorOnly":false,"allowedNodes":[],"consensusParameters":{"k":20,"alphaPreference":15,"alphaConfidence":15,"beta":20,"concurrentRepolls":4,"optimalProcessing":10,"maxOutstandingItems":256,"maxItemProcessingTime":30000000000},"proposerMinBlockDelay":1000000000,"proposerNumHistoricalBlocks":0}},"chainAliases":null,"vmAliases":null,"systemTrackerProcessingHalflife":15000000000,"systemTrackerFrequency":500000000,"systemTrackerCPUHalflife":15000000000,"systemTrackerDiskHalflife":60000000000,"cpuTargeterConfig":{"vdrAlloc":14,"maxNonVdrUsage":11.200000000000001,"maxNonVdrNodeUsage":1.75},"diskTargeterConfig":{"vdrAlloc":1073741824000,"maxNonVdrUsage":1073741824000,"maxNonVdrNodeUsage":1073741824000},"requiredAvailableDiskSpace":536870912,"warningThresholdAvailableDiskSpace":1073741824,"traceConfig":{"exporterConfig":{"type":"unknown","endpoint":"","headers":null,"insecure":false},"enabled":false,"traceSampleRate":0,"appName":"","version":""},"useCurrentHeight":false,"chainDataDir":"/var/folders/2g/px5t4c492nqf5pn7y2_qs6xw0000gp/T/network-runner-root-data/network_20240905_081528/node3/chainData","processContextFilePath":"/var/folders/2g/px5t4c492nqf5pn7y2_qs6xw0000gp/T/network-runner-root-data/network_20240905_081528/node3/process.json"}}
[09-05|08:15:32.555] INFO node/node.go:952 initializing NAT
[09-05|08:15:32.557] INFO node/node.go:970 initializing API server
[09-05|08:15:32.558] INFO server/server.go:149 API created {"allowedOrigins": ["*"]}
[09-05|08:15:32.558] INFO node/node.go:1340 initializing metrics API
[09-05|08:15:32.558] INFO server/server.go:235 adding route {"url": "/ext/metrics", "endpoint": ""}
[09-05|08:15:32.559] INFO leveldb/db.go:205 creating leveldb {"config": {"blockCacheCapacity":12582912,"blockSize":0,"compactionExpandLimitFactor":0,"compactionGPOverlapsFactor":0,"compactionL0Trigger":0,"compactionSourceLimitFactor":0,"compactionTableSize":0,"compactionTableSizeMultiplier":0,"compactionTableSizeMultiplierPerLevel":null,"compactionTotalSize":0,"compactionTotalSizeMultiplier":0,"disableSeeksCompaction":true,"openFilesCacheCapacity":1024,"writeBuffer":6291456,"filterBitsPerKey":10,"maxManifestFileSize":9223372036854775807,"metricUpdateFrequency":10000000000}}
[09-05|08:15:32.589] INFO node/node.go:850 initializing database {"genesisHash": "2UWhdhRYYjvKFFh3peEh1smyw6uaNpheqX5gkmdTauXmn9vffP"}
[09-05|08:15:32.590] INFO node/node.go:1298 initializing keystore
[09-05|08:15:32.591] INFO node/node.go:1305 skipping keystore API initialization because it has been disabled
[09-05|08:15:32.591] INFO node/node.go:1290 initializing SharedMemory
[09-05|08:15:32.609] WARN node/node.go:497 P2P IP is private, you will not be publicly discoverable {"ip": "127.0.0.1"}
[09-05|08:15:32.610] INFO node/node.go:512 initializing networking {"ip": "127.0.0.1:9655"}
[09-05|08:15:32.612] INFO node/node.go:1464 initializing Health API
[09-05|08:15:32.613] INFO health/worker.go:115 registered new check and initialized its state to failing {"name": "health", "name": "network", "tags": ["application"]}
[09-05|08:15:32.613] INFO health/worker.go:115 registered new check and initialized its state to failing {"name": "health", "name": "router", "tags": ["application"]}
[09-05|08:15:32.613] INFO health/worker.go:115 registered new check and initialized its state to failing {"name": "health", "name": "database", "tags": ["application"]}
[09-05|08:15:32.613] INFO health/worker.go:115 registered new check and initialized its state to failing {"name": "health", "name": "diskspace", "tags": ["application"]}
[09-05|08:15:32.613] INFO server/server.go:235 adding route {"url": "/ext/health", "endpoint": ""}
[09-05|08:15:32.613] INFO server/server.go:235 adding route {"url": "/ext/health", "endpoint": "/readiness"}
[09-05|08:15:32.613] INFO server/server.go:235 adding route {"url": "/ext/health", "endpoint": "/health"}
[09-05|08:15:32.613] INFO server/server.go:235 adding route {"url": "/ext/health", "endpoint": "/liveness"}
[09-05|08:15:32.613] INFO node/node.go:1063 adding the default VM aliases
[09-05|08:15:32.615] INFO node/node.go:1207 initializing VMs
[09-05|08:15:32.616] INFO node/node.go:1359 initializing admin API
[09-05|08:15:32.616] INFO server/server.go:235 adding route {"url": "/ext/admin", "endpoint": ""}
[09-05|08:15:32.616] INFO node/node.go:1413 initializing info API
[09-05|08:15:32.617] INFO server/server.go:235 adding route {"url": "/ext/info", "endpoint": ""}
[09-05|08:15:32.617] INFO node/node.go:1549 initializing chain aliases
[09-05|08:15:32.618] INFO node/node.go:1576 initializing API aliases
[09-05|08:15:32.619] INFO node/node.go:1386 skipping profiler initialization because it has been disabled
[09-05|08:15:32.619] INFO node/node.go:928 initializing chains
[09-05|08:15:32.620] INFO health/worker.go:261 check started passing {"name": "health", "name": "diskspace", "tags": ["application"]}
[09-05|08:15:32.620] INFO chains/manager.go:375 creating chain {"subnetID": "11111111111111111111111111111111LpoYY", "chainID": "11111111111111111111111111111111LpoYY", "vmID": "rWhpuQPF1kb72esV2momhMuTYGkEb1oL29pt2EBXWmSy4kxnT"}
[09-05|08:15:32.621] INFO health/worker.go:261 check started passing {"name": "health", "name": "database", "tags": ["application"]}
[09-05|08:15:32.621] INFO health/worker.go:261 check started passing {"name": "health", "name": "router", "tags": ["application"]}
[09-05|08:15:32.622] INFO chains/manager.go:1172 creating proposervm wrapper {"activationTime": "[12-05|05:00:00.000]", "minPChainHeight": 0, "minBlockDelay": "1s", "numHistoricalBlocks": 0}
[09-05|08:15:32.663] INFO health/worker.go:115 registered new check and initialized its state to failing {"name": "health", "name": "P", "tags": ["11111111111111111111111111111111LpoYY"]}
[09-05|08:15:32.664] INFO server/server.go:210 adding route {"url": "/ext/bc/11111111111111111111111111111111LpoYY", "endpoint": ""}
[09-05|08:15:32.665] INFO indexer/index.go:84 created new index {"nextAcceptedIndex": 0}
[09-05|08:15:32.666] INFO server/server.go:235 adding route {"url": "/ext/index/P", "endpoint": "/block"}
[09-05|08:15:32.666] INFO health/worker.go:115 registered new check and initialized its state to failing {"name": "readiness", "name": "bootstrapped", "tags": ["application"]}
[09-05|08:15:32.666] INFO health/worker.go:115 registered new check and initialized its state to failing {"name": "health", "name": "bootstrapped", "tags": ["application"]}
[09-05|08:15:32.667] INFO chains/manager.go:1493 starting chain creator
[09-05|08:15:32.668] INFO node/node.go:661 writing process context {"path": "/var/folders/2g/px5t4c492nqf5pn7y2_qs6xw0000gp/T/network-runner-root-data/network_20240905_081528/node3/process.json"}
[09-05|08:15:32.677] INFO node/node.go:688 API server listening {"uri": "http://127.0.0.1:9654"}
[09-05|08:15:32.733] INFO chains/manager.go:375 creating chain {"subnetID": "11111111111111111111111111111111LpoYY", "chainID": "NeA134STyTVwife7gYeNQ6Hwi5GPGC2X7aUFvWsnusnpM2do6", "vmID": "mgj786NP7uDwBCcq6YwThhaN8FLyybkCa4zBWTQbNgmK6k9A6"}
[09-05|08:15:32.733] INFO chains/manager.go:1172 creating proposervm wrapper {"activationTime": "[12-05|05:00:00.000]", "minPChainHeight": 0, "minBlockDelay": "1s", "numHistoricalBlocks": 0}
[09-05|08:15:32.759] INFO health/worker.go:115 registered new check and initialized its state to failing {"name": "health", "name": "C", "tags": ["11111111111111111111111111111111LpoYY"]}
[09-05|08:15:32.761] INFO server/server.go:210 adding route {"url": "/ext/bc/NeA134STyTVwife7gYeNQ6Hwi5GPGC2X7aUFvWsnusnpM2do6", "endpoint": "/rpc"}
[09-05|08:15:32.761] INFO server/server.go:210 adding route {"url": "/ext/bc/NeA134STyTVwife7gYeNQ6Hwi5GPGC2X7aUFvWsnusnpM2do6", "endpoint": "/ws"}
[09-05|08:15:32.762] INFO server/server.go:210 adding route {"url": "/ext/bc/NeA134STyTVwife7gYeNQ6Hwi5GPGC2X7aUFvWsnusnpM2do6", "endpoint": "/avax"}
[09-05|08:15:32.762] INFO indexer/index.go:84 created new index {"nextAcceptedIndex": 0}
[09-05|08:15:32.762] INFO server/server.go:235 adding route {"url": "/ext/index/C", "endpoint": "/block"}
[09-05|08:15:32.762] INFO chains/manager.go:375 creating chain {"subnetID": "11111111111111111111111111111111LpoYY", "chainID": "2NuxE6iXPyM9tknyHCVkTGQVM6Bj2rYMNW7tRd4aNiXXE3oPcB", "vmID": "jvYyfQTxGMJLuGWa55kdP2p2zSUYsQ5Raupu4TW34ZAUBAbtq"}
[09-05|08:15:32.766] INFO chains/manager.go:768 creating proposervm wrapper {"activationTime": "[12-05|05:00:00.000]", "minPChainHeight": 0, "minBlockDelay": "1s", "numHistoricalBlocks": 0}
[09-05|08:15:32.768] INFO health/worker.go:115 registered new check and initialized its state to failing {"name": "health", "name": "X", "tags": ["11111111111111111111111111111111LpoYY"]}
[09-05|08:15:32.769] INFO server/server.go:210 adding route {"url": "/ext/bc/2NuxE6iXPyM9tknyHCVkTGQVM6Bj2rYMNW7tRd4aNiXXE3oPcB", "endpoint": "/events"}
[09-05|08:15:32.769] INFO server/server.go:210 adding route {"url": "/ext/bc/2NuxE6iXPyM9tknyHCVkTGQVM6Bj2rYMNW7tRd4aNiXXE3oPcB", "endpoint": ""}
[09-05|08:15:32.769] INFO server/server.go:210 adding route {"url": "/ext/bc/2NuxE6iXPyM9tknyHCVkTGQVM6Bj2rYMNW7tRd4aNiXXE3oPcB", "endpoint": "/wallet"}
[09-05|08:15:32.770] INFO indexer/index.go:84 created new index {"nextAcceptedIndex": 0}
[09-05|08:15:32.770] INFO server/server.go:235 adding route {"url": "/ext/index/X", "endpoint": "/block"}
[09-05|08:15:32.770] INFO indexer/index.go:84 created new index {"nextAcceptedIndex": 0}
[09-05|08:15:32.770] INFO server/server.go:235 adding route {"url": "/ext/index/X", "endpoint": "/vtx"}
[09-05|08:15:32.770] INFO indexer/index.go:84 created new index {"nextAcceptedIndex": 0}
[09-05|08:15:32.770] INFO server/server.go:235 adding route {"url": "/ext/index/X", "endpoint": "/tx"}
[09-05|08:15:34.423] WARN health/health.go:110 failing check {"namespace": "health", "reason": {"C":{"error":"not yet run","timestamp":"0001-01-01T00:00:00Z","duration":0},"P":{"error":"not yet run","timestamp":"0001-01-01T00:00:00Z","duration":0},"X":{"error":"not yet run","timestamp":"0001-01-01T00:00:00Z","duration":0},"bootstrapped":{"error":"not yet run","timestamp":"0001-01-01T00:00:00Z","duration":0},"database":{"timestamp":"2024-09-05T08:15:32.620788-03:00","duration":139250},"diskspace":{"message":{"availableDiskBytes":653413036032},"timestamp":"2024-09-05T08:15:32.620165-03:00","duration":346541},"network":{"message":{"connectedPeers":0,"sendFailRate":0},"error":"network layer is unhealthy reason: not connected to a minimum of 1 peer(s) only 0, no messages received from network, no messages sent to network","timestamp":"2024-09-05T08:15:32.621322-03:00","duration":1454250,"contiguousFailures":1,"timeOfFirstFailure":"2024-09-05T08:15:32.621322-03:00"},"router":{"message":{"longestRunningRequest":"0s","outstandingRequests":0},"timestamp":"2024-09-05T08:15:32.621307-03:00","duration":884041}}}
[09-05|08:15:34.620] INFO health/worker.go:261 check started passing {"name": "health", "name": "network", "tags": ["application"]}
[09-05|08:15:34.622] INFO health/worker.go:261 check started passing {"name": "health", "name": "X", "tags": ["11111111111111111111111111111111LpoYY"]}
[09-05|08:15:34.622] INFO health/worker.go:261 check started passing {"name": "health", "name": "C", "tags": ["11111111111111111111111111111111LpoYY"]}
[09-05|08:15:34.622] INFO health/worker.go:261 check started passing {"name": "health", "name": "P", "tags": ["11111111111111111111111111111111LpoYY"]}
[09-05|08:15:36.620] INFO health/worker.go:261 check started passing {"name": "health", "name": "bootstrapped", "tags": ["application"]}
[09-05|08:15:36.621] INFO health/worker.go:261 check started passing {"name": "readiness", "name": "bootstrapped", "tags": ["application"]}
[09-05|08:17:20.621] WARN health/worker.go:252 check started failing {"name": "health", "name": "C", "tags": ["11111111111111111111111111111111LpoYY"], "error": "not connected to enough stake: connected to 60.000000%; required at least 80.000000%"}
[09-05|08:17:20.622] WARN health/worker.go:252 check started failing {"name": "health", "name": "X", "tags": ["11111111111111111111111111111111LpoYY"], "error": "not connected to enough stake: connected to 60.000000%; required at least 80.000000%"}
[09-05|08:17:20.622] WARN health/worker.go:252 check started failing {"name": "health", "name": "P", "tags": ["11111111111111111111111111111111LpoYY"], "error": "not connected to enough stake: connected to 60.000000%; required at least 80.000000%"}
[09-05|08:17:21.205] INFO node/node.go:1666 shutting down node {"exitCode": 0}
[09-05|08:17:21.205] INFO health/worker.go:115 registered new check and initialized its state to failing {"name": "health", "name": "shuttingDown", "tags": ["application"]}
[09-05|08:17:21.205] INFO chains/manager.go:1524 shutting down chain manager
[09-05|08:17:21.206] INFO router/chain_router.go:360 shutting down chain router
[09-05|08:17:21.209] INFO network/network.go:1125 shutting down the p2p networking
[09-05|08:17:21.210] INFO nat/nat.go:193 Unmapped all ports
[09-05|08:17:21.211] INFO node/node.go:1715 cleaning up plugin runtimes
[09-05|08:17:21.212] INFO node/node.go:1744 finished node shutdown
[09-05|08:17:23.349] INFO node/node.go:143 initializing node {"version": "avalanchego/1.11.11", "nodeID": "NodeID-NFBbbJ4qCmNaCzeW7sxErhvWqvEQMnYcN", "stakingKeyType": "RSA", "nodePOP": {"publicKey":"0xb20ab07ea5cf8b77ab50f2071a6f1d2aab693c8bd89761430cd29de9fa0dbae83a32c7697d59ff1b06995b1596c16fa6","proofOfPossession":"0xa113145564d7ac540fade2526938fbd33233957901111328c86c4cbe7ed25f678173d95c54b3342fd7b723c3ed813f2b04fecf4a317205ce65638bb34bb58bb6746e74c63e6cbe5cb25c103b290ed270146b756d3901c8b0f99d083a44572c79"}, "providedFlags": {"api-admin-enabled":"true","bootstrap-ids":"NodeID-P7oB2McjBGgW2NXXWVYjV8JEDFoW9xDE5,NodeID-7Xhw2mDxuDS44j42TCB6U5579esbSt3Lg,NodeID-MFrZFVCXPv5iCn6M9K6XduxGTYp891xXZ,NodeID-GWPcbFJZFfZreETSoWjPimr846mXEKCtu","bootstrap-ips":"127.0.0.1:9659,127.0.0.1:9651,127.0.0.1:9653,127.0.0.1:9657","chain-config-dir":"/var/folders/2g/px5t4c492nqf5pn7y2_qs6xw0000gp/T/network-runner-root-data/network_20240905_081528/node3/chainConfigs","config-file":"/var/folders/2g/px5t4c492nqf5pn7y2_qs6xw0000gp/T/network-runner-root-data/network_20240905_081528/node3/configs/config.json","data-dir":"/var/folders/2g/px5t4c492nqf5pn7y2_qs6xw0000gp/T/network-runner-root-data/network_20240905_081528/node3","db-dir":"/var/folders/2g/px5t4c492nqf5pn7y2_qs6xw0000gp/T/network-runner-root-data/network_20240905_081528/node3/db","genesis-file":"/var/folders/2g/px5t4c492nqf5pn7y2_qs6xw0000gp/T/network-runner-root-data/network_20240905_081528/node3/configs/genesis.json","health-check-frequency":"2s","http-port":"9654","index-enabled":"true","log-dir":"/var/folders/2g/px5t4c492nqf5pn7y2_qs6xw0000gp/T/network-runner-root-data/network_20240905_081528/node3/logs","log-display-level":"INFO","log-level":"INFO","network-id":"1337","network-max-reconnect-delay":"1s","public-ip":"127.0.0.1","staking-port":"9655","subnet-config-dir":"/var/folders/2g/px5t4c492nqf5pn7y2_qs6xw0000gp/T/network-runner-root-data/network_20240905_081528/node3/subnetConfigs","track-subnets":"2AKbBT8jFUfUsUJ2hhRiDUnAAajJdNhTKeNgEe3q77spMj1N8F,2KhsQJhH3VqS7WWMreodAAHpGfGCUNuGQDSaP2vUT29p1HELBV,2STpMLkdZQmgqYNoR4EvKLxx9n21sdMYCbmLqi3G6Rt4Ys8SBZ,2VoVDitz4SX5Q4QgPZ9Byw3yZoGjf6hCqJB3AGerQTELFhJTne,2XAE7zqeF6zXg49DToaKcmWNk82KP9XW2BaNSu4KJgrvDDADBi,2fzAQUaqigEnxFBshUwX9SFDQJWSpwkbeK9QChPBerY9rHpJAq,2hKZdtWvgT3Vv61HmEGtrPDfhK3my453WCxihdZ9VABFx7Ymnn,2qCBYBymAdCag6uLRwj2jSFsfuKsQBoGWrH2xkvDVz86giGPpW,2r4pr33uUBQxkxJkVnFQjGjVToQnpQa6CVD3j7WyKuwNa76JpV,MH6UtWKL5Lq9cKc65rahtLUUhdobY68YspyFrcquVEEgC4hUM"}, "config": {"httpConfig":{"readTimeout":30000000000,"readHeaderTimeout":30000000000,"writeHeaderTimeout":30000000000,"idleTimeout":120000000000,"apiConfig":{"indexerConfig":{"indexAPIEnabled":true,"indexAllowIncomplete":false},"adminAPIEnabled":true,"infoAPIEnabled":true,"keystoreAPIEnabled":false,"metricsAPIEnabled":true,"healthAPIEnabled":true},"httpHost":"127.0.0.1","httpPort":9654,"httpsEnabled":false,"httpAllowedOrigins":["*"],"httpAllowedHosts":["localhost"],"shutdownTimeout":10000000000,"shutdownWait":0},"ipConfig":{"publicIP":"127.0.0.1","publicIPResolutionService":"","publicIPResolutionFreq":300000000000,"listenHost":"","listenPort":9655},"stakingConfig":{"uptimeRequirement":0.8,"minValidatorStake":2000000000000,"maxValidatorStake":3000000000000000,"minDelegatorStake":25000000000,"minDelegationFee":20000,"minStakeDuration":86400000000000,"maxStakeDuration":31536000000000000,"rewardConfig":{"maxConsumptionRate":120000,"minConsumptionRate":100000,"mintingPeriod":31536000000000000,"supplyCap":720000000000000000},"sybilProtectionEnabled":true,"partialSyncPrimaryNetwork":false,"sybilProtectionDisabledWeight":100,"stakingKeyPath":"/var/folders/2g/px5t4c492nqf5pn7y2_qs6xw0000gp/T/network-runner-root-data/network_20240905_081528/node3/staking/staker.key","stakingCertPath":"/var/folders/2g/px5t4c492nqf5pn7y2_qs6xw0000gp/T/network-runner-root-data/network_20240905_081528/node3/staking/staker.crt","stakingSignerPath":"/var/folders/2g/px5t4c492nqf5pn7y2_qs6xw0000gp/T/network-runner-root-data/network_20240905_081528/node3/staking/signer.key"},"txFeeConfig":{"createAssetTxFee":1000000,"staticFeeConfig":{"txFee":1000000,"createSubnetTxFee":100000000,"transformSubnetTxFee":100000000,"createBlockchainTxFee":100000000,"addPrimaryNetworkValidatorFee":0,"addPrimaryNetworkDelegatorFee":0,"addSubnetValidatorFee":1000000,"addSubnetDelegatorFee":1000000},"dynamicFeeConfig":{"weights":[1,1,1,1],"maxCapacity":1000000,"maxPerSecond":1000,"targetPerSecond":500,"minPrice":1,"excessConversionConstant":5000}},"stateSyncConfig":{"stateSyncIDs":null,"stateSyncIPs":null},"bootstrapConfig":{"bootstrapBeaconConnectionTimeout":60000000000,"bootstrapAncestorsMaxContainersSent":2000,"bootstrapAncestorsMaxContainersReceived":2000,"bootstrapMaxTimeGetAncestors":50000000,"bootstrappers":[{"id":"NodeID-P7oB2McjBGgW2NXXWVYjV8JEDFoW9xDE5","ip":"127.0.0.1:9659"},{"id":"NodeID-7Xhw2mDxuDS44j42TCB6U5579esbSt3Lg","ip":"127.0.0.1:9651"},{"id":"NodeID-MFrZFVCXPv5iCn6M9K6XduxGTYp891xXZ","ip":"127.0.0.1:9653"},{"id":"NodeID-GWPcbFJZFfZreETSoWjPimr846mXEKCtu","ip":"127.0.0.1:9657"}]},"databaseConfig":{"readOnly":false,"path":"/var/folders/2g/px5t4c492nqf5pn7y2_qs6xw0000gp/T/network-runner-root-data/network_20240905_081528/node3/db/network-1337","name":"leveldb"},"upgradeConfig":{"apricotPhase1Time":"2020-12-05T05:00:00Z","apricotPhase2Time":"2020-12-05T05:00:00Z","apricotPhase3Time":"2020-12-05T05:00:00Z","apricotPhase4Time":"2020-12-05T05:00:00Z","apricotPhase4MinPChainHeight":0,"apricotPhase5Time":"2020-12-05T05:00:00Z","apricotPhasePre6Time":"2020-12-05T05:00:00Z","apricotPhase6Time":"2020-12-05T05:00:00Z","apricotPhasePost6Time":"2020-12-05T05:00:00Z","banffTime":"2020-12-05T05:00:00Z","cortinaTime":"2020-12-05T05:00:00Z","cortinaXChainStopVertexID":"11111111111111111111111111111111LpoYY","durangoTime":"2020-12-05T05:00:00Z","etnaTime":"2020-12-05T05:00:00Z"},"avaxAssetID":"28VTWcsTZ55draGkmjdcS9CFFv4zC3PbvVjkyoqxzNC7Y5msRP","networkID":1337,"healthCheckFreq":2000000000,"networkConfig":{"healthConfig":{"minConnectedPeers":1,"maxTimeSinceMsgReceived":60000000000,"maxTimeSinceMsgSent":60000000000,"maxPortionSendQueueBytesFull":0.9,"maxSendFailRate":0.9,"sendFailRateHalflife":10000000000},"peerListGossipConfig":{"peerListNumValidatorIPs":15,"peerListPullGossipFreq":2000000000,"peerListBloomResetFreq":60000000000},"timeoutConfigs":{"pingPongTimeout":30000000000,"readHandshakeTimeout":15000000000},"delayConfig":{"initialReconnectDelay":1000000000,"maxReconnectDelay":1000000000},"throttlerConfig":{"inboundConnUpgradeThrottlerConfig":{"upgradeCooldown":10000000000,"maxRecentConnsUpgraded":2560},"inboundMsgThrottlerConfig":{"byteThrottlerConfig":{"vdrAllocSize":33554432,"atLargeAllocSize":6291456,"nodeMaxAtLargeBytes":2097152},"bandwidthThrottlerConfig":{"bandwidthRefillRate":524288,"bandwidthMaxBurstRate":2097152},"cpuThrottlerConfig":{"maxRecheckDelay":5000000000},"diskThrottlerConfig":{"maxRecheckDelay":5000000000},"maxProcessingMsgsPerNode":1024},"outboundMsgThrottlerConfig":{"vdrAllocSize":33554432,"atLargeAllocSize":33554432,"nodeMaxAtLargeBytes":2097152},"maxInboundConnsPerSec":256},"proxyEnabled":false,"proxyReadHeaderTimeout":3000000000,"dialerConfig":{"throttleRps":50,"connectionTimeout":30000000000},"tlsKeyLogFile":"","myNodeID":"NodeID-111111111111111111116DBWJs","myIP":null,"networkID":0,"maxClockDifference":60000000000,"pingFrequency":22500000000,"allowPrivateIPs":true,"supportedACPs":[],"objectedACPs":[],"compressionType":"zstd","uptimeMetricFreq":30000000000,"requireValidatorToConnect":false,"maximumInboundMessageTimeout":10000000000,"peerReadBufferSize":8192,"peerWriteBufferSize":8192},"adaptiveTimeoutConfig":{"initialTimeout":5000000000,"minimumTimeout":2000000000,"maximumTimeout":10000000000,"timeoutCoefficient":2,"timeoutHalflife":300000000000},"benchlistConfig":{"threshold":10,"minimumFailingDuration":150000000000,"duration":900000000000,"maxPortion":0.08333333333333333},"profilerConfig":{"dir":"/var/folders/2g/px5t4c492nqf5pn7y2_qs6xw0000gp/T/network-runner-root-data/network_20240905_081528/node3/profiles","enabled":false,"freq":900000000000,"maxNumFiles":5},"loggingConfig":{"maxSize":8,"maxFiles":7,"maxAge":0,"directory":"/var/folders/2g/px5t4c492nqf5pn7y2_qs6xw0000gp/T/network-runner-root-data/network_20240905_081528/node3/logs","compress":false,"disableWriterDisplaying":false,"logLevel":"INFO","displayLevel":"INFO","logFormat":"PLAIN"},"pluginDir":"/var/folders/2g/px5t4c492nqf5pn7y2_qs6xw0000gp/T/network-runner-root-data/network_20240905_081528/node3/plugins","fdLimit":10240,"meterVMEnabled":true,"routerHealthConfig":{"maxDropRate":1,"maxDropRateHalflife":10000000000,"maxOutstandingRequests":1024,"maxOutstandingDuration":300000000000,"maxRunTimeRequests":10000000000},"consensusShutdownTimeout":60000000000,"consensusGossipFreq":100000000,"consensusAppConcurrency":2,"trackedSubnets":["2AKbBT8jFUfUsUJ2hhRiDUnAAajJdNhTKeNgEe3q77spMj1N8F","2KhsQJhH3VqS7WWMreodAAHpGfGCUNuGQDSaP2vUT29p1HELBV","2STpMLkdZQmgqYNoR4EvKLxx9n21sdMYCbmLqi3G6Rt4Ys8SBZ","2VoVDitz4SX5Q4QgPZ9Byw3yZoGjf6hCqJB3AGerQTELFhJTne","2XAE7zqeF6zXg49DToaKcmWNk82KP9XW2BaNSu4KJgrvDDADBi","2fzAQUaqigEnxFBshUwX9SFDQJWSpwkbeK9QChPBerY9rHpJAq","2hKZdtWvgT3Vv61HmEGtrPDfhK3my453WCxihdZ9VABFx7Ymnn","2qCBYBymAdCag6uLRwj2jSFsfuKsQBoGWrH2xkvDVz86giGPpW","2r4pr33uUBQxkxJkVnFQjGjVToQnpQa6CVD3j7WyKuwNa76JpV","MH6UtWKL5Lq9cKc65rahtLUUhdobY68YspyFrcquVEEgC4hUM"],"subnetConfigs":{"11111111111111111111111111111111LpoYY":{"validatorOnly":false,"allowedNodes":[],"consensusParameters":{"k":20,"alphaPreference":15,"alphaConfidence":15,"beta":20,"concurrentRepolls":4,"optimalProcessing":10,"maxOutstandingItems":256,"maxItemProcessingTime":30000000000},"proposerMinBlockDelay":1000000000,"proposerNumHistoricalBlocks":0}},"chainAliases":null,"vmAliases":null,"systemTrackerProcessingHalflife":15000000000,"systemTrackerFrequency":500000000,"systemTrackerCPUHalflife":15000000000,"systemTrackerDiskHalflife":60000000000,"cpuTargeterConfig":{"vdrAlloc":14,"maxNonVdrUsage":11.200000000000001,"maxNonVdrNodeUsage":1.75},"diskTargeterConfig":{"vdrAlloc":1073741824000,"maxNonVdrUsage":1073741824000,"maxNonVdrNodeUsage":1073741824000},"requiredAvailableDiskSpace":536870912,"warningThresholdAvailableDiskSpace":1073741824,"traceConfig":{"exporterConfig":{"type":"unknown","endpoint":"","headers":null,"insecure":false},"enabled":false,"traceSampleRate":0,"appName":"","version":""},"useCurrentHeight":false,"chainDataDir":"/var/folders/2g/px5t4c492nqf5pn7y2_qs6xw0000gp/T/network-runner-root-data/network_20240905_081528/node3/chainData","processContextFilePath":"/var/folders/2g/px5t4c492nqf5pn7y2_qs6xw0000gp/T/network-runner-root-data/network_20240905_081528/node3/process.json"}}
[09-05|08:17:23.355] INFO node/node.go:952 initializing NAT
[09-05|08:17:23.357] INFO node/node.go:970 initializing API server
[09-05|08:17:23.358] INFO server/server.go:149 API created {"allowedOrigins": ["*"]}
[09-05|08:17:23.358] INFO node/node.go:1340 initializing metrics API
[09-05|08:17:23.359] INFO server/server.go:235 adding route {"url": "/ext/metrics", "endpoint": ""}
[09-05|08:17:23.359] INFO leveldb/db.go:205 creating leveldb {"config": {"blockCacheCapacity":12582912,"blockSize":0,"compactionExpandLimitFactor":0,"compactionGPOverlapsFactor":0,"compactionL0Trigger":0,"compactionSourceLimitFactor":0,"compactionTableSize":0,"compactionTableSizeMultiplier":0,"compactionTableSizeMultiplierPerLevel":null,"compactionTotalSize":0,"compactionTotalSizeMultiplier":0,"disableSeeksCompaction":true,"openFilesCacheCapacity":1024,"writeBuffer":6291456,"filterBitsPerKey":10,"maxManifestFileSize":9223372036854775807,"metricUpdateFrequency":10000000000}}
[09-05|08:17:23.402] INFO node/node.go:850 initializing database {"genesisHash": "2UWhdhRYYjvKFFh3peEh1smyw6uaNpheqX5gkmdTauXmn9vffP"}
[09-05|08:17:23.404] INFO node/node.go:1298 initializing keystore
[09-05|08:17:23.404] INFO node/node.go:1305 skipping keystore API initialization because it has been disabled
[09-05|08:17:23.405] INFO node/node.go:1290 initializing SharedMemory
[09-05|08:17:23.424] WARN node/node.go:497 P2P IP is private, you will not be publicly discoverable {"ip": "127.0.0.1"}
[09-05|08:17:23.424] INFO node/node.go:512 initializing networking {"ip": "127.0.0.1:9655"}
[09-05|08:17:23.427] INFO node/node.go:1464 initializing Health API
[09-05|08:17:23.427] INFO health/worker.go:115 registered new check and initialized its state to failing {"name": "health", "name": "network", "tags": ["application"]}
[09-05|08:17:23.427] INFO health/worker.go:115 registered new check and initialized its state to failing {"name": "health", "name": "router", "tags": ["application"]}
[09-05|08:17:23.427] INFO health/worker.go:115 registered new check and initialized its state to failing {"name": "health", "name": "database", "tags": ["application"]}
[09-05|08:17:23.427] INFO health/worker.go:115 registered new check and initialized its state to failing {"name": "health", "name": "diskspace", "tags": ["application"]}
[09-05|08:17:23.427] INFO server/server.go:235 adding route {"url": "/ext/health", "endpoint": ""}
[09-05|08:17:23.427] INFO server/server.go:235 adding route {"url": "/ext/health", "endpoint": "/readiness"}
[09-05|08:17:23.427] INFO server/server.go:235 adding route {"url": "/ext/health", "endpoint": "/health"}
[09-05|08:17:23.427] INFO server/server.go:235 adding route {"url": "/ext/health", "endpoint": "/liveness"}
[09-05|08:17:23.427] INFO node/node.go:1063 adding the default VM aliases
[09-05|08:17:23.429] INFO node/node.go:1207 initializing VMs
[09-05|08:17:23.430] INFO node/node.go:1359 initializing admin API
[09-05|08:17:23.430] INFO server/server.go:235 adding route {"url": "/ext/admin", "endpoint": ""}
[09-05|08:17:23.430] INFO node/node.go:1413 initializing info API
[09-05|08:17:23.431] INFO server/server.go:235 adding route {"url": "/ext/info", "endpoint": ""}
[09-05|08:17:23.431] INFO node/node.go:1549 initializing chain aliases
[09-05|08:17:23.431] INFO node/node.go:1576 initializing API aliases
[09-05|08:17:23.432] INFO node/node.go:1386 skipping profiler initialization because it has been disabled
[09-05|08:17:23.432] INFO node/node.go:928 initializing chains
[09-05|08:17:23.433] INFO health/worker.go:261 check started passing {"name": "health", "name": "database", "tags": ["application"]}
[09-05|08:17:23.433] INFO chains/manager.go:375 creating chain {"subnetID": "11111111111111111111111111111111LpoYY", "chainID": "11111111111111111111111111111111LpoYY", "vmID": "rWhpuQPF1kb72esV2momhMuTYGkEb1oL29pt2EBXWmSy4kxnT"}
[09-05|08:17:23.434] INFO health/worker.go:261 check started passing {"name": "health", "name": "diskspace", "tags": ["application"]}
[09-05|08:17:23.434] INFO health/worker.go:261 check started passing {"name": "health", "name": "router", "tags": ["application"]}
[09-05|08:17:23.435] INFO chains/manager.go:1172 creating proposervm wrapper {"activationTime": "[12-05|05:00:00.000]", "minPChainHeight": 0, "minBlockDelay": "1s", "numHistoricalBlocks": 0}
[09-05|08:17:23.456] INFO health/worker.go:115 registered new check and initialized its state to failing {"name": "health", "name": "P", "tags": ["11111111111111111111111111111111LpoYY"]}
[09-05|08:17:23.457] INFO server/server.go:210 adding route {"url": "/ext/bc/11111111111111111111111111111111LpoYY", "endpoint": ""}
[09-05|08:17:23.457] INFO indexer/index.go:93 created new index {"nextAcceptedIndex": 60}
[09-05|08:17:23.457] INFO server/server.go:235 adding route {"url": "/ext/index/P", "endpoint": "/block"}
[09-05|08:17:23.458] INFO health/worker.go:115 registered new check and initialized its state to failing {"name": "readiness", "name": "bootstrapped", "tags": ["application"]}
[09-05|08:17:23.458] INFO health/worker.go:115 registered new check and initialized its state to failing {"name": "health", "name": "bootstrapped", "tags": ["application"]}
[09-05|08:17:23.460] INFO chains/manager.go:1493 starting chain creator
[09-05|08:17:23.461] INFO node/node.go:661 writing process context {"path": "/var/folders/2g/px5t4c492nqf5pn7y2_qs6xw0000gp/T/network-runner-root-data/network_20240905_081528/node3/process.json"}
[09-05|08:17:23.470] INFO node/node.go:688 API server listening {"uri": "http://127.0.0.1:9654"}
[09-05|08:17:25.115] WARN health/health.go:110 failing check {"namespace": "health", "reason": {"P":{"error":"not yet run","timestamp":"0001-01-01T00:00:00Z","duration":0},"bootstrapped":{"error":"not yet run","timestamp":"0001-01-01T00:00:00Z","duration":0},"database":{"timestamp":"2024-09-05T08:17:23.433198-03:00","duration":111208},"diskspace":{"message":{"availableDiskBytes":653405605888},"timestamp":"2024-09-05T08:17:23.433449-03:00","duration":359916},"network":{"message":{"connectedPeers":0,"sendFailRate":0},"error":"network layer is unhealthy reason: not connected to a minimum of 1 peer(s) only 0, no messages received from network, no messages sent to network","timestamp":"2024-09-05T08:17:23.434136-03:00","duration":912834,"contiguousFailures":1,"timeOfFirstFailure":"2024-09-05T08:17:23.434136-03:00"},"router":{"message":{"longestRunningRequest":"0s","outstandingRequests":0},"timestamp":"2024-09-05T08:17:23.433808-03:00","duration":737667}}}
[09-05|08:17:25.433] INFO health/worker.go:261 check started passing {"name": "health", "name": "network", "tags": ["application"]}
[09-05|08:17:25.435] INFO health/worker.go:261 check started passing {"name": "health", "name": "P", "tags": ["11111111111111111111111111111111LpoYY"]}
[09-05|08:17:28.117] WARN health/health.go:110 failing check {"namespace": "health", "reason": {"P":{"message":{"engine":{"consensus":{},"vm":null},"networking":{"disconnectedValidators":[],"percentConnected":1}},"timestamp":"2024-09-05T08:17:27.433109-03:00","duration":124084},"bootstrapped":{"message":["11111111111111111111111111111111LpoYY"],"error":"subnets not bootstrapped","timestamp":"2024-09-05T08:17:27.432971-03:00","duration":29750,"contiguousFailures":2,"timeOfFirstFailure":"2024-09-05T08:17:25.43462-03:00"},"database":{"timestamp":"2024-09-05T08:17:27.433053-03:00","duration":50500},"diskspace":{"message":{"availableDiskBytes":653406068736},"timestamp":"2024-09-05T08:17:27.43306-03:00","duration":56709},"network":{"message":{"connectedPeers":4,"sendFailRate":0,"timeSinceLastMsgReceived":"432.975ms","timeSinceLastMsgSent":"432.975ms"},"timestamp":"2024-09-05T08:17:27.43302-03:00","duration":80667},"router":{"message":{"longestRunningRequest":"3.914885584s","outstandingRequests":1},"timestamp":"2024-09-05T08:17:27.432976-03:00","duration":30583}}}
[09-05|08:17:28.534] INFO chains/manager.go:375 creating chain {"subnetID": "11111111111111111111111111111111LpoYY", "chainID": "NeA134STyTVwife7gYeNQ6Hwi5GPGC2X7aUFvWsnusnpM2do6", "vmID": "mgj786NP7uDwBCcq6YwThhaN8FLyybkCa4zBWTQbNgmK6k9A6"}
[09-05|08:17:28.535] INFO chains/manager.go:1172 creating proposervm wrapper {"activationTime": "[12-05|05:00:00.000]", "minPChainHeight": 0, "minBlockDelay": "1s", "numHistoricalBlocks": 0}
[09-05|08:17:28.568] INFO health/worker.go:115 registered new check and initialized its state to failing {"name": "health", "name": "C", "tags": ["11111111111111111111111111111111LpoYY"]}
[09-05|08:17:28.570] INFO server/server.go:210 adding route {"url": "/ext/bc/NeA134STyTVwife7gYeNQ6Hwi5GPGC2X7aUFvWsnusnpM2do6", "endpoint": "/avax"}
[09-05|08:17:28.570] INFO server/server.go:210 adding route {"url": "/ext/bc/NeA134STyTVwife7gYeNQ6Hwi5GPGC2X7aUFvWsnusnpM2do6", "endpoint": "/rpc"}
[09-05|08:17:28.570] INFO server/server.go:210 adding route {"url": "/ext/bc/NeA134STyTVwife7gYeNQ6Hwi5GPGC2X7aUFvWsnusnpM2do6", "endpoint": "/ws"}
[09-05|08:17:28.570] INFO indexer/index.go:84 created new index {"nextAcceptedIndex": 0}
[09-05|08:17:28.570] INFO server/server.go:235 adding route {"url": "/ext/index/C", "endpoint": "/block"}
[09-05|08:17:28.570] INFO chains/manager.go:375 creating chain {"subnetID": "11111111111111111111111111111111LpoYY", "chainID": "2NuxE6iXPyM9tknyHCVkTGQVM6Bj2rYMNW7tRd4aNiXXE3oPcB", "vmID": "jvYyfQTxGMJLuGWa55kdP2p2zSUYsQ5Raupu4TW34ZAUBAbtq"}
[09-05|08:17:28.575] INFO chains/manager.go:768 creating proposervm wrapper {"activationTime": "[12-05|05:00:00.000]", "minPChainHeight": 0, "minBlockDelay": "1s", "numHistoricalBlocks": 0}
[09-05|08:17:28.576] INFO health/worker.go:115 registered new check and initialized its state to failing {"name": "health", "name": "X", "tags": ["11111111111111111111111111111111LpoYY"]}
[09-05|08:17:28.576] INFO server/server.go:210 adding route {"url": "/ext/bc/2NuxE6iXPyM9tknyHCVkTGQVM6Bj2rYMNW7tRd4aNiXXE3oPcB", "endpoint": ""}
[09-05|08:17:28.576] INFO server/server.go:210 adding route {"url": "/ext/bc/2NuxE6iXPyM9tknyHCVkTGQVM6Bj2rYMNW7tRd4aNiXXE3oPcB", "endpoint": "/wallet"}
[09-05|08:17:28.576] INFO server/server.go:210 adding route {"url": "/ext/bc/2NuxE6iXPyM9tknyHCVkTGQVM6Bj2rYMNW7tRd4aNiXXE3oPcB", "endpoint": "/events"}
[09-05|08:17:28.576] INFO indexer/index.go:84 created new index {"nextAcceptedIndex": 0}
[09-05|08:17:28.576] INFO server/server.go:235 adding route {"url": "/ext/index/X", "endpoint": "/block"}
[09-05|08:17:28.576] INFO indexer/index.go:84 created new index {"nextAcceptedIndex": 0}
[09-05|08:17:28.576] INFO server/server.go:235 adding route {"url": "/ext/index/X", "endpoint": "/vtx"}
[09-05|08:17:28.576] INFO indexer/index.go:84 created new index {"nextAcceptedIndex": 0}
[09-05|08:17:28.576] INFO server/server.go:235 adding route {"url": "/ext/index/X", "endpoint": "/tx"}
[09-05|08:17:29.434] INFO health/worker.go:261 check started passing {"name": "health", "name": "X", "tags": ["11111111111111111111111111111111LpoYY"]}
[09-05|08:17:29.434] INFO health/worker.go:261 check started passing {"name": "health", "name": "C", "tags": ["11111111111111111111111111111111LpoYY"]}
[09-05|08:17:31.120] WARN health/health.go:110 failing check {"namespace": "health", "reason": {"C":{"message":{"engine":{"consensus":{},"vm":null},"networking":{"disconnectedValidators":[],"percentConnected":1}},"timestamp":"2024-09-05T08:17:29.43466-03:00","duration":267750},"P":{"message":{"engine":{"consensus":{},"vm":null},"networking":{"disconnectedValidators":[],"percentConnected":1}},"timestamp":"2024-09-05T08:17:29.434108-03:00","duration":260333},"X":{"message":{"engine":{"consensus":{},"vm":null},"networking":{"disconnectedValidators":[],"percentConnected":1}},"timestamp":"2024-09-05T08:17:29.434422-03:00","duration":580584},"bootstrapped":{"message":["11111111111111111111111111111111LpoYY"],"error":"subnets not bootstrapped","timestamp":"2024-09-05T08:17:29.433987-03:00","duration":9250,"contiguousFailures":3,"timeOfFirstFailure":"2024-09-05T08:17:25.43462-03:00"},"database":{"timestamp":"2024-09-05T08:17:29.434161-03:00","duration":48000},"diskspace":{"message":{"availableDiskBytes":653406085120},"timestamp":"2024-09-05T08:17:29.434071-03:00","duration":89083},"network":{"message":{"connectedPeers":4,"sendFailRate":0,"timeSinceLastMsgReceived":"433.95ms","timeSinceLastMsgSent":"433.95ms"},"timestamp":"2024-09-05T08:17:29.433963-03:00","duration":52084},"router":{"message":{"longestRunningRequest":"861.792209ms","outstandingRequests":4},"timestamp":"2024-09-05T08:17:29.433954-03:00","duration":59166}}}
[09-05|08:17:31.433] INFO health/worker.go:261 check started passing {"name": "health", "name": "bootstrapped", "tags": ["application"]}
[09-05|08:17:31.434] INFO health/worker.go:261 check started passing {"name": "readiness", "name": "bootstrapped", "tags": ["application"]}
[09-05|08:17:59.541] INFO node/node.go:1666 shutting down node {"exitCode": 0}
[09-05|08:17:59.542] INFO health/worker.go:115 registered new check and initialized its state to failing {"name": "health", "name": "shuttingDown", "tags": ["application"]}
[09-05|08:17:59.542] INFO chains/manager.go:1524 shutting down chain manager
[09-05|08:17:59.542] INFO router/chain_router.go:360 shutting down chain router
[09-05|08:17:59.545] INFO network/network.go:1125 shutting down the p2p networking
[09-05|08:17:59.546] INFO nat/nat.go:193 Unmapped all ports
[09-05|08:17:59.547] INFO node/node.go:1715 cleaning up plugin runtimes
[09-05|08:17:59.548] INFO node/node.go:1744 finished node shutdown
[09-07|07:45:26.175] INFO node/node.go:143 initializing node {"version": "avalanchego/1.11.11", "nodeID": "NodeID-NFBbbJ4qCmNaCzeW7sxErhvWqvEQMnYcN", "stakingKeyType": "RSA", "nodePOP": {"publicKey":"0xb20ab07ea5cf8b77ab50f2071a6f1d2aab693c8bd89761430cd29de9fa0dbae83a32c7697d59ff1b06995b1596c16fa6","proofOfPossession":"0xa113145564d7ac540fade2526938fbd33233957901111328c86c4cbe7ed25f678173d95c54b3342fd7b723c3ed813f2b04fecf4a317205ce65638bb34bb58bb6746e74c63e6cbe5cb25c103b290ed270146b756d3901c8b0f99d083a44572c79"}, "providedFlags": {"api-admin-enabled":"true","bootstrap-ids":"NodeID-7Xhw2mDxuDS44j42TCB6U5579esbSt3Lg,NodeID-MFrZFVCXPv5iCn6M9K6XduxGTYp891xXZ","bootstrap-ips":"127.0.0.1:9651,127.0.0.1:9653","chain-config-dir":"/home/ubuntu/.avalanche-cli/runs/network_20240907_074523/node3/chainConfigs","config-file":"/home/ubuntu/.avalanche-cli/runs/network_20240907_074523/node3/configs/config.json","data-dir":"/home/ubuntu/.avalanche-cli/runs/network_20240907_074523/node3","db-dir":"/home/ubuntu/.avalanche-cli/runs/network_20240907_074523/node3/db","genesis-file":"/home/ubuntu/.avalanche-cli/runs/network_20240907_074523/node3/configs/genesis.json","health-check-frequency":"2s","http-port":"9654","index-enabled":"true","log-dir":"/home/ubuntu/.avalanche-cli/runs/network_20240907_074523/node3/logs","log-display-level":"INFO","log-level":"INFO","network-id":"1337","network-max-reconnect-delay":"1s","plugin-dir":"/home/ubuntu/.avalanche-cli/plugins","public-ip":"127.0.0.1","staking-port":"9655","subnet-config-dir":"/home/ubuntu/.avalanche-cli/runs/network_20240907_074523/node3/subnetConfigs","track-subnets":"2AKbBT8jFUfUsUJ2hhRiDUnAAajJdNhTKeNgEe3q77spMj1N8F,2KhsQJhH3VqS7WWMreodAAHpGfGCUNuGQDSaP2vUT29p1HELBV,2STpMLkdZQmgqYNoR4EvKLxx9n21sdMYCbmLqi3G6Rt4Ys8SBZ,2VoVDitz4SX5Q4QgPZ9Byw3yZoGjf6hCqJB3AGerQTELFhJTne,2XAE7zqeF6zXg49DToaKcmWNk82KP9XW2BaNSu4KJgrvDDADBi,2fzAQUaqigEnxFBshUwX9SFDQJWSpwkbeK9QChPBerY9rHpJAq,2hKZdtWvgT3Vv61HmEGtrPDfhK3my453WCxihdZ9VABFx7Ymnn,2qCBYBymAdCag6uLRwj2jSFsfuKsQBoGWrH2xkvDVz86giGPpW,2r4pr33uUBQxkxJkVnFQjGjVToQnpQa6CVD3j7WyKuwNa76JpV,MH6UtWKL5Lq9cKc65rahtLUUhdobY68YspyFrcquVEEgC4hUM"}, "config": {"httpConfig":{"readTimeout":30000000000,"readHeaderTimeout":30000000000,"writeHeaderTimeout":30000000000,"idleTimeout":120000000000,"apiConfig":{"indexerConfig":{"indexAPIEnabled":true,"indexAllowIncomplete":false},"adminAPIEnabled":true,"infoAPIEnabled":true,"keystoreAPIEnabled":false,"metricsAPIEnabled":true,"healthAPIEnabled":true},"httpHost":"127.0.0.1","httpPort":9654,"httpsEnabled":false,"httpAllowedOrigins":["*"],"httpAllowedHosts":["localhost"],"shutdownTimeout":10000000000,"shutdownWait":0},"ipConfig":{"publicIP":"127.0.0.1","publicIPResolutionService":"","publicIPResolutionFreq":300000000000,"listenHost":"","listenPort":9655},"stakingConfig":{"uptimeRequirement":0.8,"minValidatorStake":2000000000000,"maxValidatorStake":3000000000000000,"minDelegatorStake":25000000000,"minDelegationFee":20000,"minStakeDuration":86400000000000,"maxStakeDuration":31536000000000000,"rewardConfig":{"maxConsumptionRate":120000,"minConsumptionRate":100000,"mintingPeriod":31536000000000000,"supplyCap":720000000000000000},"sybilProtectionEnabled":true,"partialSyncPrimaryNetwork":false,"sybilProtectionDisabledWeight":100,"stakingKeyPath":"/home/ubuntu/.avalanche-cli/runs/network_20240907_074523/node3/staking/staker.key","stakingCertPath":"/home/ubuntu/.avalanche-cli/runs/network_20240907_074523/node3/staking/staker.crt","stakingSignerPath":"/home/ubuntu/.avalanche-cli/runs/network_20240907_074523/node3/staking/signer.key"},"txFeeConfig":{"createAssetTxFee":1000000,"staticFeeConfig":{"txFee":1000000,"createSubnetTxFee":100000000,"transformSubnetTxFee":100000000,"createBlockchainTxFee":100000000,"addPrimaryNetworkValidatorFee":0,"addPrimaryNetworkDelegatorFee":0,"addSubnetValidatorFee":1000000,"addSubnetDelegatorFee":1000000},"dynamicFeeConfig":{"weights":[1,1,1,1],"maxCapacity":1000000,"maxPerSecond":1000,"targetPerSecond":500,"minPrice":1,"excessConversionConstant":5000}},"stateSyncConfig":{"stateSyncIDs":null,"stateSyncIPs":null},"bootstrapConfig":{"bootstrapBeaconConnectionTimeout":60000000000,"bootstrapAncestorsMaxContainersSent":2000,"bootstrapAncestorsMaxContainersReceived":2000,"bootstrapMaxTimeGetAncestors":50000000,"bootstrappers":[{"id":"NodeID-7Xhw2mDxuDS44j42TCB6U5579esbSt3Lg","ip":"127.0.0.1:9651"},{"id":"NodeID-MFrZFVCXPv5iCn6M9K6XduxGTYp891xXZ","ip":"127.0.0.1:9653"}]},"databaseConfig":{"readOnly":false,"path":"/home/ubuntu/.avalanche-cli/runs/network_20240907_074523/node3/db/network-1337","name":"leveldb"},"upgradeConfig":{"apricotPhase1Time":"2020-12-05T05:00:00Z","apricotPhase2Time":"2020-12-05T05:00:00Z","apricotPhase3Time":"2020-12-05T05:00:00Z","apricotPhase4Time":"2020-12-05T05:00:00Z","apricotPhase4MinPChainHeight":0,"apricotPhase5Time":"2020-12-05T05:00:00Z","apricotPhasePre6Time":"2020-12-05T05:00:00Z","apricotPhase6Time":"2020-12-05T05:00:00Z","apricotPhasePost6Time":"2020-12-05T05:00:00Z","banffTime":"2020-12-05T05:00:00Z","cortinaTime":"2020-12-05T05:00:00Z","cortinaXChainStopVertexID":"11111111111111111111111111111111LpoYY","durangoTime":"2020-12-05T05:00:00Z","etnaTime":"2020-12-05T05:00:00Z"},"avaxAssetID":"28VTWcsTZ55draGkmjdcS9CFFv4zC3PbvVjkyoqxzNC7Y5msRP","networkID":1337,"healthCheckFreq":2000000000,"networkConfig":{"healthConfig":{"minConnectedPeers":1,"maxTimeSinceMsgReceived":60000000000,"maxTimeSinceMsgSent":60000000000,"maxPortionSendQueueBytesFull":0.9,"maxSendFailRate":0.9,"sendFailRateHalflife":10000000000},"peerListGossipConfig":{"peerListNumValidatorIPs":15,"peerListPullGossipFreq":2000000000,"peerListBloomResetFreq":60000000000},"timeoutConfigs":{"pingPongTimeout":30000000000,"readHandshakeTimeout":15000000000},"delayConfig":{"initialReconnectDelay":1000000000,"maxReconnectDelay":1000000000},"throttlerConfig":{"inboundConnUpgradeThrottlerConfig":{"upgradeCooldown":10000000000,"maxRecentConnsUpgraded":2560},"inboundMsgThrottlerConfig":{"byteThrottlerConfig":{"vdrAllocSize":33554432,"atLargeAllocSize":6291456,"nodeMaxAtLargeBytes":2097152},"bandwidthThrottlerConfig":{"bandwidthRefillRate":524288,"bandwidthMaxBurstRate":2097152},"cpuThrottlerConfig":{"maxRecheckDelay":5000000000},"diskThrottlerConfig":{"maxRecheckDelay":5000000000},"maxProcessingMsgsPerNode":1024},"outboundMsgThrottlerConfig":{"vdrAllocSize":33554432,"atLargeAllocSize":33554432,"nodeMaxAtLargeBytes":2097152},"maxInboundConnsPerSec":256},"proxyEnabled":false,"proxyReadHeaderTimeout":3000000000,"dialerConfig":{"throttleRps":50,"connectionTimeout":30000000000},"tlsKeyLogFile":"","myNodeID":"NodeID-111111111111111111116DBWJs","myIP":null,"networkID":0,"maxClockDifference":60000000000,"pingFrequency":22500000000,"allowPrivateIPs":true,"supportedACPs":[],"objectedACPs":[],"compressionType":"zstd","uptimeMetricFreq":30000000000,"requireValidatorToConnect":false,"maximumInboundMessageTimeout":10000000000,"peerReadBufferSize":8192,"peerWriteBufferSize":8192},"adaptiveTimeoutConfig":{"initialTimeout":5000000000,"minimumTimeout":2000000000,"maximumTimeout":10000000000,"timeoutCoefficient":2,"timeoutHalflife":300000000000},"benchlistConfig":{"threshold":10,"minimumFailingDuration":150000000000,"duration":900000000000,"maxPortion":0.08333333333333333},"profilerConfig":{"dir":"/home/ubuntu/.avalanche-cli/runs/network_20240907_074523/node3/profiles","enabled":false,"freq":900000000000,"maxNumFiles":5},"loggingConfig":{"maxSize":8,"maxFiles":7,"maxAge":0,"directory":"/home/ubuntu/.avalanche-cli/runs/network_20240907_074523/node3/logs","compress":false,"disableWriterDisplaying":false,"logLevel":"INFO","displayLevel":"INFO","logFormat":"PLAIN"},"pluginDir":"/home/ubuntu/.avalanche-cli/plugins","fdLimit":32768,"meterVMEnabled":true,"routerHealthConfig":{"maxDropRate":1,"maxDropRateHalflife":10000000000,"maxOutstandingRequests":1024,"maxOutstandingDuration":300000000000,"maxRunTimeRequests":10000000000},"consensusShutdownTimeout":60000000000,"consensusGossipFreq":100000000,"consensusAppConcurrency":2,"trackedSubnets":["2AKbBT8jFUfUsUJ2hhRiDUnAAajJdNhTKeNgEe3q77spMj1N8F","2KhsQJhH3VqS7WWMreodAAHpGfGCUNuGQDSaP2vUT29p1HELBV","2STpMLkdZQmgqYNoR4EvKLxx9n21sdMYCbmLqi3G6Rt4Ys8SBZ","2VoVDitz4SX5Q4QgPZ9Byw3yZoGjf6hCqJB3AGerQTELFhJTne","2XAE7zqeF6zXg49DToaKcmWNk82KP9XW2BaNSu4KJgrvDDADBi","2fzAQUaqigEnxFBshUwX9SFDQJWSpwkbeK9QChPBerY9rHpJAq","2hKZdtWvgT3Vv61HmEGtrPDfhK3my453WCxihdZ9VABFx7Ymnn","2qCBYBymAdCag6uLRwj2jSFsfuKsQBoGWrH2xkvDVz86giGPpW","2r4pr33uUBQxkxJkVnFQjGjVToQnpQa6CVD3j7WyKuwNa76JpV","MH6UtWKL5Lq9cKc65rahtLUUhdobY68YspyFrcquVEEgC4hUM"],"subnetConfigs":{"11111111111111111111111111111111LpoYY":{"validatorOnly":false,"allowedNodes":[],"consensusParameters":{"k":20,"alphaPreference":15,"alphaConfidence":15,"beta":20,"concurrentRepolls":4,"optimalProcessing":10,"maxOutstandingItems":256,"maxItemProcessingTime":30000000000},"proposerMinBlockDelay":1000000000,"proposerNumHistoricalBlocks":0}},"chainAliases":null,"vmAliases":null,"systemTrackerProcessingHalflife":15000000000,"systemTrackerFrequency":500000000,"systemTrackerCPUHalflife":15000000000,"systemTrackerDiskHalflife":60000000000,"cpuTargeterConfig":{"vdrAlloc":1,"maxNonVdrUsage":0.8,"maxNonVdrNodeUsage":0.125},"diskTargeterConfig":{"vdrAlloc":1073741824000,"maxNonVdrUsage":1073741824000,"maxNonVdrNodeUsage":1073741824000},"requiredAvailableDiskSpace":536870912,"warningThresholdAvailableDiskSpace":1073741824,"traceConfig":{"exporterConfig":{"type":"unknown","endpoint":"","headers":null,"insecure":false},"enabled":false,"traceSampleRate":0,"appName":"","version":""},"useCurrentHeight":false,"chainDataDir":"/home/ubuntu/.avalanche-cli/runs/network_20240907_074523/node3/chainData","processContextFilePath":"/home/ubuntu/.avalanche-cli/runs/network_20240907_074523/node3/process.json"}}
[09-07|07:45:26.177] INFO node/node.go:952 initializing NAT
[09-07|07:45:26.177] INFO node/node.go:970 initializing API server
[09-07|07:45:26.178] INFO server/server.go:149 API created {"allowedOrigins": ["*"]}
[09-07|07:45:26.178] INFO node/node.go:1340 initializing metrics API
[09-07|07:45:26.178] INFO server/server.go:235 adding route {"url": "/ext/metrics", "endpoint": ""}
[09-07|07:45:26.179] INFO leveldb/db.go:205 creating leveldb {"config": {"blockCacheCapacity":12582912,"blockSize":0,"compactionExpandLimitFactor":0,"compactionGPOverlapsFactor":0,"compactionL0Trigger":0,"compactionSourceLimitFactor":0,"compactionTableSize":0,"compactionTableSizeMultiplier":0,"compactionTableSizeMultiplierPerLevel":null,"compactionTotalSize":0,"compactionTotalSizeMultiplier":0,"disableSeeksCompaction":true,"openFilesCacheCapacity":1024,"writeBuffer":6291456,"filterBitsPerKey":10,"maxManifestFileSize":9223372036854775807,"metricUpdateFrequency":10000000000}}
[09-07|07:45:26.225] INFO node/node.go:850 initializing database {"genesisHash": "2UWhdhRYYjvKFFh3peEh1smyw6uaNpheqX5gkmdTauXmn9vffP"}
[09-07|07:45:26.225] INFO node/node.go:1298 initializing keystore
[09-07|07:45:26.226] INFO node/node.go:1305 skipping keystore API initialization because it has been disabled
[09-07|07:45:26.226] INFO node/node.go:1290 initializing SharedMemory
[09-07|07:45:26.228] WARN node/node.go:497 P2P IP is private, you will not be publicly discoverable {"ip": "127.0.0.1"}
[09-07|07:45:26.228] INFO node/node.go:512 initializing networking {"ip": "127.0.0.1:9655"}
[09-07|07:45:26.230] INFO node/node.go:1464 initializing Health API
[09-07|07:45:26.233] INFO health/worker.go:115 registered new check and initialized its state to failing {"name": "health", "name": "network", "tags": ["application"]}
[09-07|07:45:26.233] INFO health/worker.go:115 registered new check and initialized its state to failing {"name": "health", "name": "router", "tags": ["application"]}
[09-07|07:45:26.233] INFO health/worker.go:115 registered new check and initialized its state to failing {"name": "health", "name": "database", "tags": ["application"]}
[09-07|07:45:26.233] INFO health/worker.go:115 registered new check and initialized its state to failing {"name": "health", "name": "diskspace", "tags": ["application"]}
[09-07|07:45:26.233] INFO server/server.go:235 adding route {"url": "/ext/health", "endpoint": ""}
[09-07|07:45:26.233] INFO server/server.go:235 adding route {"url": "/ext/health", "endpoint": "/readiness"}
[09-07|07:45:26.233] INFO server/server.go:235 adding route {"url": "/ext/health", "endpoint": "/health"}
[09-07|07:45:26.233] INFO server/server.go:235 adding route {"url": "/ext/health", "endpoint": "/liveness"}
[09-07|07:45:26.233] INFO node/node.go:1063 adding the default VM aliases
[09-07|07:45:26.233] INFO node/node.go:1207 initializing VMs
[09-07|07:45:26.233] INFO node/node.go:1359 initializing admin API
[09-07|07:45:26.233] INFO server/server.go:235 adding route {"url": "/ext/admin", "endpoint": ""}
[09-07|07:45:26.233] INFO node/node.go:1413 initializing info API
[09-07|07:45:26.235] INFO server/server.go:235 adding route {"url": "/ext/info", "endpoint": ""}
[09-07|07:45:26.235] INFO node/node.go:1549 initializing chain aliases
[09-07|07:45:26.236] INFO node/node.go:1576 initializing API aliases
[09-07|07:45:26.237] INFO node/node.go:1386 skipping profiler initialization because it has been disabled
[09-07|07:45:26.237] INFO node/node.go:928 initializing chains
[09-07|07:45:26.237] INFO chains/manager.go:375 creating chain {"subnetID": "11111111111111111111111111111111LpoYY", "chainID": "11111111111111111111111111111111LpoYY", "vmID": "rWhpuQPF1kb72esV2momhMuTYGkEb1oL29pt2EBXWmSy4kxnT"}
[09-07|07:45:26.238] INFO health/worker.go:261 check started passing {"name": "health", "name": "database", "tags": ["application"]}
[09-07|07:45:26.238] INFO health/worker.go:261 check started passing {"name": "health", "name": "diskspace", "tags": ["application"]}
[09-07|07:45:26.238] INFO health/worker.go:261 check started passing {"name": "health", "name": "router", "tags": ["application"]}
[09-07|07:45:26.238] INFO chains/manager.go:1172 creating proposervm wrapper {"activationTime": "[12-05|05:00:00.000]", "minPChainHeight": 0, "minBlockDelay": "1s", "numHistoricalBlocks": 0}
[09-07|07:45:26.281] INFO health/worker.go:115 registered new check and initialized its state to failing {"name": "health", "name": "P", "tags": ["11111111111111111111111111111111LpoYY"]}
[09-07|07:45:26.281] INFO server/server.go:210 adding route {"url": "/ext/bc/11111111111111111111111111111111LpoYY", "endpoint": ""}
[09-07|07:45:26.282] INFO indexer/index.go:93 created new index {"nextAcceptedIndex": 60}
[09-07|07:45:26.282] INFO server/server.go:235 adding route {"url": "/ext/index/P", "endpoint": "/block"}
[09-07|07:45:26.282] INFO health/worker.go:115 registered new check and initialized its state to failing {"name": "readiness", "name": "bootstrapped", "tags": ["application"]}
[09-07|07:45:26.282] INFO health/worker.go:115 registered new check and initialized its state to failing {"name": "health", "name": "bootstrapped", "tags": ["application"]}
[09-07|07:45:26.282] INFO chains/manager.go:1493 starting chain creator
[09-07|07:45:26.283] INFO node/node.go:661 writing process context {"path": "/home/ubuntu/.avalanche-cli/runs/network_20240907_074523/node3/process.json"}
[09-07|07:45:26.291] INFO node/node.go:688 API server listening {"uri": "http://127.0.0.1:9654"}
[09-07|07:45:26.468] INFO chains/manager.go:375 creating chain {"subnetID": "11111111111111111111111111111111LpoYY", "chainID": "NeA134STyTVwife7gYeNQ6Hwi5GPGC2X7aUFvWsnusnpM2do6", "vmID": "mgj786NP7uDwBCcq6YwThhaN8FLyybkCa4zBWTQbNgmK6k9A6"}
[09-07|07:45:26.469] INFO chains/manager.go:1172 creating proposervm wrapper {"activationTime": "[12-05|05:00:00.000]", "minPChainHeight": 0, "minBlockDelay": "1s", "numHistoricalBlocks": 0}
[09-07|07:45:26.485] INFO health/worker.go:115 registered new check and initialized its state to failing {"name": "health", "name": "C", "tags": ["11111111111111111111111111111111LpoYY"]}
[09-07|07:45:26.487] INFO server/server.go:210 adding route {"url": "/ext/bc/NeA134STyTVwife7gYeNQ6Hwi5GPGC2X7aUFvWsnusnpM2do6", "endpoint": "/avax"}
[09-07|07:45:26.488] INFO server/server.go:210 adding route {"url": "/ext/bc/NeA134STyTVwife7gYeNQ6Hwi5GPGC2X7aUFvWsnusnpM2do6", "endpoint": "/rpc"}
[09-07|07:45:26.488] INFO server/server.go:210 adding route {"url": "/ext/bc/NeA134STyTVwife7gYeNQ6Hwi5GPGC2X7aUFvWsnusnpM2do6", "endpoint": "/ws"}
[09-07|07:45:26.488] INFO indexer/index.go:84 created new index {"nextAcceptedIndex": 0}
[09-07|07:45:26.488] INFO server/server.go:235 adding route {"url": "/ext/index/C", "endpoint": "/block"}
[09-07|07:45:26.488] INFO chains/manager.go:375 creating chain {"subnetID": "11111111111111111111111111111111LpoYY", "chainID": "2NuxE6iXPyM9tknyHCVkTGQVM6Bj2rYMNW7tRd4aNiXXE3oPcB", "vmID": "jvYyfQTxGMJLuGWa55kdP2p2zSUYsQ5Raupu4TW34ZAUBAbtq"}
[09-07|07:45:26.492] INFO chains/manager.go:768 creating proposervm wrapper {"activationTime": "[12-05|05:00:00.000]", "minPChainHeight": 0, "minBlockDelay": "1s", "numHistoricalBlocks": 0}
[09-07|07:45:26.493] INFO health/worker.go:115 registered new check and initialized its state to failing {"name": "health", "name": "X", "tags": ["11111111111111111111111111111111LpoYY"]}
[09-07|07:45:26.495] INFO server/server.go:210 adding route {"url": "/ext/bc/2NuxE6iXPyM9tknyHCVkTGQVM6Bj2rYMNW7tRd4aNiXXE3oPcB", "endpoint": ""}
[09-07|07:45:26.495] INFO server/server.go:210 adding route {"url": "/ext/bc/2NuxE6iXPyM9tknyHCVkTGQVM6Bj2rYMNW7tRd4aNiXXE3oPcB", "endpoint": "/wallet"}
[09-07|07:45:26.495] INFO server/server.go:210 adding route {"url": "/ext/bc/2NuxE6iXPyM9tknyHCVkTGQVM6Bj2rYMNW7tRd4aNiXXE3oPcB", "endpoint": "/events"}
[09-07|07:45:26.496] INFO indexer/index.go:84 created new index {"nextAcceptedIndex": 0}
[09-07|07:45:26.496] INFO server/server.go:235 adding route {"url": "/ext/index/X", "endpoint": "/block"}
[09-07|07:45:26.496] INFO indexer/index.go:84 created new index {"nextAcceptedIndex": 0}
[09-07|07:45:26.496] INFO server/server.go:235 adding route {"url": "/ext/index/X", "endpoint": "/vtx"}
[09-07|07:45:26.496] INFO indexer/index.go:84 created new index {"nextAcceptedIndex": 0}
[09-07|07:45:26.496] INFO server/server.go:235 adding route {"url": "/ext/index/X", "endpoint": "/tx"}
[09-07|07:45:26.931] WARN health/health.go:110 failing check {"namespace": "health", "reason": {"C":{"error":"not yet run","timestamp":"0001-01-01T00:00:00Z","duration":0},"P":{"error":"not yet run","timestamp":"0001-01-01T00:00:00Z","duration":0},"X":{"error":"not yet run","timestamp":"0001-01-01T00:00:00Z","duration":0},"bootstrapped":{"error":"not yet run","timestamp":"0001-01-01T00:00:00Z","duration":0},"database":{"timestamp":"2024-09-07T07:45:26.238195114Z","duration":16751},"diskspace":{"message":{"availableDiskBytes":5273743360},"timestamp":"2024-09-07T07:45:26.238238026Z","duration":4385},"network":{"message":{"connectedPeers":0,"sendFailRate":0},"error":"network layer is unhealthy reason: not connected to a minimum of 1 peer(s) only 0, no messages received from network, no messages sent to network","timestamp":"2024-09-07T07:45:26.238271817Z","duration":20633,"contiguousFailures":1,"timeOfFirstFailure":"2024-09-07T07:45:26.238271817Z"},"router":{"message":{"longestRunningRequest":"0s","outstandingRequests":0},"timestamp":"2024-09-07T07:45:26.238279597Z","duration":5653}}}
[09-07|07:45:28.239] INFO health/worker.go:261 check started passing {"name": "health", "name": "P", "tags": ["11111111111111111111111111111111LpoYY"]}
[09-07|07:45:28.239] INFO health/worker.go:261 check started passing {"name": "health", "name": "C", "tags": ["11111111111111111111111111111111LpoYY"]}
[09-07|07:45:28.239] INFO health/worker.go:261 check started passing {"name": "health", "name": "X", "tags": ["11111111111111111111111111111111LpoYY"]}
[09-07|07:45:28.239] INFO health/worker.go:261 check started passing {"name": "health", "name": "network", "tags": ["application"]}
[09-07|07:45:29.932] WARN health/health.go:110 failing check {"namespace": "health", "reason": {"C":{"message":{"engine":{"consensus":{},"vm":null},"networking":{"disconnectedValidators":[],"percentConnected":1}},"timestamp":"2024-09-07T07:45:28.239141769Z","duration":11687},"P":{"message":{"engine":{"consensus":{},"vm":null},"networking":{"disconnectedValidators":[],"percentConnected":1}},"timestamp":"2024-09-07T07:45:28.23904383Z","duration":124270},"X":{"message":{"engine":{"consensus":{},"vm":null},"networking":{"disconnectedValidators":[],"percentConnected":1}},"timestamp":"2024-09-07T07:45:28.239174142Z","duration":8781},"bootstrapped":{"message":["11111111111111111111111111111111LpoYY"],"error":"subnets not bootstrapped","timestamp":"2024-09-07T07:45:28.239128311Z","duration":1305,"contiguousFailures":1,"timeOfFirstFailure":"2024-09-07T07:45:28.239128311Z"},"database":{"timestamp":"2024-09-07T07:45:28.239237937Z","duration":10617},"diskspace":{"message":{"availableDiskBytes":5273497600},"timestamp":"2024-09-07T07:45:28.239245857Z","duration":6121},"network":{"message":{"connectedPeers":4,"sendFailRate":0,"timeSinceLastMsgReceived":"239.19245ms","timeSinceLastMsgSent":"239.19245ms"},"timestamp":"2024-09-07T07:45:28.239196988Z","duration":10094},"router":{"message":{"longestRunningRequest":"1.070645421s","outstandingRequests":4},"timestamp":"2024-09-07T07:45:28.239225585Z","duration":8028}}}
[09-07|07:45:30.238] INFO health/worker.go:261 check started passing {"name": "health", "name": "bootstrapped", "tags": ["application"]}
[09-07|07:45:30.239] INFO health/worker.go:261 check started passing {"name": "readiness", "name": "bootstrapped", "tags": ["application"]}
[09-07|07:45:34.601] INFO chains/manager.go:375 creating chain {"subnetID": "2AKbBT8jFUfUsUJ2hhRiDUnAAajJdNhTKeNgEe3q77spMj1N8F", "chainID": "mm5NbUSuEF4iCd6nmEKzm2bKpYYKfbr6T74CVkc3HkLKP3qYM", "vmID": "b2sxx3ZpkgfkzmBecY4bAqmVwqVqhLTqCVrjJs4mTQkuVYhN6"}
[09-07|07:45:35.048] INFO chains/manager.go:1172 creating proposervm wrapper {"activationTime": "[12-05|05:00:00.000]", "minPChainHeight": 0, "minBlockDelay": "1s", "numHistoricalBlocks": 0}
[09-07|07:45:35.170] INFO health/worker.go:115 registered new check and initialized its state to failing {"name": "health", "name": "mm5NbUSuEF4iCd6nmEKzm2bKpYYKfbr6T74CVkc3HkLKP3qYM", "tags": ["2AKbBT8jFUfUsUJ2hhRiDUnAAajJdNhTKeNgEe3q77spMj1N8F"]}
[09-07|07:45:35.180] INFO server/server.go:210 adding route {"url": "/ext/bc/mm5NbUSuEF4iCd6nmEKzm2bKpYYKfbr6T74CVkc3HkLKP3qYM", "endpoint": "/rpc"}
[09-07|07:45:35.180] INFO server/server.go:210 adding route {"url": "/ext/bc/mm5NbUSuEF4iCd6nmEKzm2bKpYYKfbr6T74CVkc3HkLKP3qYM", "endpoint": "/ws"}
[09-07|07:45:35.599] WARN health/health.go:110 failing check {"namespace": "health", "reason": {"C":{"message":{"engine":{"consensus":{"lastAcceptedHeight":0,"lastAcceptedID":"BRAjXJSZWwhknUQ8Jod3nWre9PtiFdBn2dc9GDZtccvKFg2tW","longestProcessingBlock":"0s","processingBlocks":0},"vm":null},"networking":{"disconnectedValidators":[],"percentConnected":1}},"timestamp":"2024-09-07T07:45:34.23873353Z","duration":12236},"P":{"message":{"engine":{"consensus":{"lastAcceptedHeight":60,"lastAcceptedID":"2wP4VghWa6vEGEw9QYSUNqRUZgmtQV2pJgJFiAEekZJBCWkXUi","longestProcessingBlock":"0s","processingBlocks":0},"vm":null},"networking":{"disconnectedValidators":[],"percentConnected":1}},"timestamp":"2024-09-07T07:45:34.238715112Z","duration":77703},"X":{"message":{"engine":{"consensus":{"lastAcceptedHeight":0,"lastAcceptedID":"237MUBy5GzA7E67wBoPHQdSh2YL5s67GyUjjurmZvzn8UYgxSS","longestProcessingBlock":"0s","processingBlocks":0},"vm":null},"networking":{"disconnectedValidators":[],"percentConnected":1}},"timestamp":"2024-09-07T07:45:34.238743167Z","duration":7460},"bootstrapped":{"message":[],"timestamp":"2024-09-07T07:45:34.238719653Z","duration":2763},"database":{"timestamp":"2024-09-07T07:45:34.238630579Z","duration":7446},"diskspace":{"message":{"availableDiskBytes":5221871616},"timestamp":"2024-09-07T07:45:34.238635665Z","duration":3252},"mm5NbUSuEF4iCd6nmEKzm2bKpYYKfbr6T74CVkc3HkLKP3qYM":{"error":"not yet run","timestamp":"0001-01-01T00:00:00Z","duration":0},"network":{"message":{"connectedPeers":4,"sendFailRate":0,"timeSinceLastMsgReceived":"238.601018ms","timeSinceLastMsgSent":"238.601018ms"},"timestamp":"2024-09-07T07:45:34.238605605Z","duration":7438},"router":{"message":{"longestRunningRequest":"0s","outstandingRequests":0},"timestamp":"2024-09-07T07:45:34.238620645Z","duration":3070}}}
[09-07|07:45:36.238] WARN health/worker.go:252 check started failing {"name": "health", "name": "bootstrapped", "tags": ["application"], "error": "subnets not bootstrapped"}
[09-07|07:45:36.239] INFO health/worker.go:261 check started passing {"name": "health", "name": "mm5NbUSuEF4iCd6nmEKzm2bKpYYKfbr6T74CVkc3HkLKP3qYM", "tags": ["2AKbBT8jFUfUsUJ2hhRiDUnAAajJdNhTKeNgEe3q77spMj1N8F"]}
[09-07|07:45:38.239] INFO health/worker.go:261 check started passing {"name": "health", "name": "bootstrapped", "tags": ["application"]}
