[09-05|08:15:32.624] INFO <P Chain> platformvm/vm.go:113 using VM execution config {"config": {"network":{"max-validator-set-staleness":60000000000,"target-gossip-size":20480,"push-gossip-percent-stake":0.9,"push-gossip-num-validators":100,"push-gossip-num-peers":0,"push-regossip-num-validators":10,"push-regossip-num-peers":0,"push-gossip-discarded-cache-size":16384,"push-gossip-max-regossip-frequency":30000000000,"push-gossip-frequency":500000000,"pull-gossip-poll-size":1,"pull-gossip-frequency":1500000000,"pull-gossip-throttling-period":10000000000,"pull-gossip-throttling-limit":2,"expected-bloom-filter-elements":8192,"expected-bloom-filter-false-positive-probability":0.01,"max-bloom-filter-false-positive-probability":0.05},"block-cache-size":67108864,"tx-cache-size":134217728,"transformed-subnet-tx-cache-size":4194304,"reward-utxos-cache-size":2048,"chain-cache-size":2048,"chain-db-cache-size":2048,"block-id-cache-size":8192,"fx-owner-cache-size":4194304,"subnet-manager-cache-size":4194304,"checksums-enabled":false,"mempool-prune-frequency":1800000000000}}
[09-05|08:15:32.654] INFO <P Chain> platformvm/vm.go:224 initializing last accepted {"blkID": "2ACQo7Mgm9ZEpU5jRzpWwihDdNA1pXidiQZWT6oc1PbXkCLBpd"}
[09-05|08:15:32.657] INFO <P Chain> state/state.go:2413 starting block reindexing
[09-05|08:15:32.659] INFO <P Chain> proposervm/vm.go:211 initialized proposervm {"state": "before fork"}
[09-05|08:15:32.662] INFO <P Chain> snowman/engine.go:93 initializing consensus engine
[09-05|08:15:32.663] INFO <P Chain> state/state.go:2518 finished block reindexing {"numIndicesUpdated": 0, "numIndicesChecked": 1, "duration": "6.454375ms"}
[09-05|08:15:32.667] INFO <P Chain> bootstrap/bootstrapper.go:170 starting bootstrapper {"lastAcceptedID": "2ACQo7Mgm9ZEpU5jRzpWwihDdNA1pXidiQZWT6oc1PbXkCLBpd", "lastAcceptedHeight": 0}
[09-05|08:15:32.732] INFO <P Chain> bootstrap/bootstrapper.go:375 starting to fetch blocks {"numKnownBlocks": 0, "numAcceptedBlocks": 1, "numMissingBlocks": 1}
[09-05|08:15:32.732] INFO <P Chain> bootstrap/storage.go:195 executing blocks {"numToExecute": 0}
[09-05|08:15:32.732] INFO <P Chain> bootstrap/storage.go:187 executed blocks {"numExecuted": 0, "numToExecute": 0, "halted": false, "duration": "132.25µs"}
[09-05|08:15:32.733] INFO <P Chain> bootstrap/bootstrapper.go:702 waiting for the remaining chains in this subnet to finish syncing
[09-05|08:15:36.158] INFO <P Chain> snowman/engine.go:513 starting consensus {"lastAcceptedID": "2ACQo7Mgm9ZEpU5jRzpWwihDdNA1pXidiQZWT6oc1PbXkCLBpd", "lastAcceptedHeight": 0}
[09-05|08:15:36.159] INFO <P Chain> validators/logger.go:50 node added to validator set {"subnetID": "11111111111111111111111111111111LpoYY", "nodeID": "NodeID-NFBbbJ4qCmNaCzeW7sxErhvWqvEQMnYcN", "publicKey": "0xb20ab07ea5cf8b77ab50f2071a6f1d2aab693c8bd89761430cd29de9fa0dbae83a32c7697d59ff1b06995b1596c16fa6", "txID": "CViTsEuk346sf8GYuN6ZWxmXnfkkGuywt8C1btutZ6ENKME3u", "weight": 2000000000000000}
[09-05|08:16:21.019] INFO <P Chain> proposervm/block.go:271 built block {"blkID": "2UWGfkXnDHUjb2jhhwUJou1FaEMBa9fRVcWeYAxDpJyhL5LwYE", "innerBlkID": "21ghaabiBfmHiZD5Ph8meFho6ygXh9jWaY7Ajj6UJKhWBnxYPD", "height": 2, "pChainHeight": 0, "parentTimestamp": "[09-05|08:16:20.000]", "blockTimestamp": "[09-05|08:16:21.000]"}
[09-05|08:16:22.020] INFO <P Chain> proposervm/block.go:271 built block {"blkID": "2U6RKSZqTFHDiBKhrnoFHiJki45sm1yna1FoGrP5TvnU32RDuz", "innerBlkID": "2d2wKETmxtKmn8eg5uyXPz4nniUGkvkFUyaSWnDecKpdiCuuRU", "height": 3, "pChainHeight": 0, "parentTimestamp": "[09-05|08:16:21.000]", "blockTimestamp": "[09-05|08:16:22.000]"}
[09-05|08:16:32.023] INFO <P Chain> proposervm/block.go:271 built block {"blkID": "J4JrmSWKf4jy993YqWryGx6p8xonZPPpbxaEthFduDqXZ8iRU", "innerBlkID": "qcjeRaMoshKm1T5xH4UmgjPwL9dVKpqvw1LGNZNtJx9k8iRUY", "height": 13, "pChainHeight": 0, "parentTimestamp": "[09-05|08:16:31.000]", "blockTimestamp": "[09-05|08:16:32.000]"}
[09-05|08:16:33.021] INFO <P Chain> proposervm/block.go:271 built block {"blkID": "2YPwWFFwkd2R8zaydXRhkuCbwx2mDoUWwqoNe8uXpCLPQXwB7d", "innerBlkID": "2SEFb8Bgwg4KaaRAVVkF6bJhyZr5JKuHw9eyxSHNeYph4sjV94", "height": 14, "pChainHeight": 0, "parentTimestamp": "[09-05|08:16:32.000]", "blockTimestamp": "[09-05|08:16:33.000]"}
[09-05|08:16:34.021] INFO <P Chain> proposervm/block.go:271 built block {"blkID": "2QYxUSi7JsbW4o7LPXFuP2Nok2ddhvcumruthTxbm1KPmUojS2", "innerBlkID": "4BGNvwnrjwQejySXvMZRnzpJpirWaTyqqbo1hYNmACeFYMHE1", "height": 15, "pChainHeight": 0, "parentTimestamp": "[09-05|08:16:33.000]", "blockTimestamp": "[09-05|08:16:34.000]"}
[09-05|08:16:36.022] INFO <P Chain> proposervm/block.go:271 built block {"blkID": "2FrFFENrCbyTA157H96A6VKEk6JEBKkCEpZZ6TmJDfv9GHrpLL", "innerBlkID": "2roPaHDRZJk6fovBWN6MnHwd3aUvnqMVuQpvujFxtMSaEYaecc", "height": 17, "pChainHeight": 0, "parentTimestamp": "[09-05|08:16:35.000]", "blockTimestamp": "[09-05|08:16:36.000]"}
[09-05|08:16:45.021] INFO <P Chain> proposervm/block.go:271 built block {"blkID": "2nX79tfLdcStYn9FF399NTEqYv9H2sqYk9jiCAsWmyzCyNwPhX", "innerBlkID": "2EL5kw3kQ11dV9AuaeDtELuCX7wH392YSY5bm81SmdriyTM94J", "height": 26, "pChainHeight": 0, "parentTimestamp": "[09-05|08:16:44.000]", "blockTimestamp": "[09-05|08:16:45.000]"}
[09-05|08:16:50.010] INFO <P Chain> proposervm/block.go:271 built block {"blkID": "2XNJdMNWZzqXBiQriKK9euwP27Yb5Pj1SfUzVEcQYHgMmMvka1", "innerBlkID": "c6ZnDBkZEoyDSvf8kRVdxS76ZKXAoa4uPCCrZyvXLe4ihPHiE", "height": 31, "pChainHeight": 0, "parentTimestamp": "[09-05|08:16:49.000]", "blockTimestamp": "[09-05|08:16:50.000]"}
[09-05|08:16:58.024] INFO <P Chain> proposervm/block.go:271 built block {"blkID": "yDHcJRHtRsb6CSCTjLf4eKbXUHJ3ZWCQbgVxxrwyvqdstkmVh", "innerBlkID": "DzmoYPCVHYYQba2mnZcLVmdZpsT7tM3dxrebENyddPVykmKUh", "height": 39, "pChainHeight": 0, "parentTimestamp": "[09-05|08:16:57.000]", "blockTimestamp": "[09-05|08:16:58.000]"}
[09-05|08:17:08.024] INFO <P Chain> proposervm/block.go:271 built block {"blkID": "wLedpob26nHTeQmLTSwNeqecDcDMZuzCB9hGC6ZAGMsmaEv8m", "innerBlkID": "Rp9VL8jeLyykbqzK99GAsKLr5yJX87nzx8ni5vMJCWemEdow7", "height": 49, "pChainHeight": 0, "parentTimestamp": "[09-05|08:17:07.000]", "blockTimestamp": "[09-05|08:17:08.000]"}
[09-05|08:17:12.023] INFO <P Chain> proposervm/block.go:271 built block {"blkID": "kdayTtJixMVtbvXgZzzeCNjfKQ7zMWfAekxQfe8EQvRC9C6ba", "innerBlkID": "2mrp5NF5BHpFwkiMPZkxJJVuDCPECeAXDcgLzyif8Rz1qL82uW", "height": 53, "pChainHeight": 0, "parentTimestamp": "[09-05|08:17:11.000]", "blockTimestamp": "[09-05|08:17:12.000]"}
[09-05|08:17:17.021] INFO <P Chain> proposervm/block.go:271 built block {"blkID": "3eFnNcd51rYW3dzvV1iHn4aKZtg5zrE1fMUtmbJjcScVYaHtj", "innerBlkID": "2JFgeLWq6yWqvnuyjXLLKhSXpSGv1zABAfQrLvfcainHpAGBF5", "height": 58, "pChainHeight": 0, "parentTimestamp": "[09-05|08:17:16.000]", "blockTimestamp": "[09-05|08:17:17.000]"}
[09-05|08:17:21.206] INFO <P Chain> snowman/engine.go:437 shutting down consensus engine
[09-05|08:17:21.208] INFO <P Chain> router/chain_router.go:383 chain shutdown {"shutdownDuration": "2.036542ms"}
[09-05|08:17:23.436] INFO <P Chain> platformvm/vm.go:113 using VM execution config {"config": {"network":{"max-validator-set-staleness":60000000000,"target-gossip-size":20480,"push-gossip-percent-stake":0.9,"push-gossip-num-validators":100,"push-gossip-num-peers":0,"push-regossip-num-validators":10,"push-regossip-num-peers":0,"push-gossip-discarded-cache-size":16384,"push-gossip-max-regossip-frequency":30000000000,"push-gossip-frequency":500000000,"pull-gossip-poll-size":1,"pull-gossip-frequency":1500000000,"pull-gossip-throttling-period":10000000000,"pull-gossip-throttling-limit":2,"expected-bloom-filter-elements":8192,"expected-bloom-filter-false-positive-probability":0.01,"max-bloom-filter-false-positive-probability":0.05},"block-cache-size":67108864,"tx-cache-size":134217728,"transformed-subnet-tx-cache-size":4194304,"reward-utxos-cache-size":2048,"chain-cache-size":2048,"chain-db-cache-size":2048,"block-id-cache-size":8192,"fx-owner-cache-size":4194304,"subnet-manager-cache-size":4194304,"checksums-enabled":false,"mempool-prune-frequency":1800000000000}}
[09-05|08:17:23.453] INFO <P Chain> platformvm/vm.go:224 initializing last accepted {"blkID": "257MTwp69MxJxj2vh6wYSSKtMaApL26iaqxovNWtiQKCHdaqXq"}
[09-05|08:17:23.453] INFO <P Chain> state/state.go:2398 blocks already reindexed
[09-05|08:17:23.454] INFO <P Chain> proposervm/vm.go:205 initialized proposervm {"state": "after fork", "forkHeight": 1, "lastAcceptedHeight": 60}
[09-05|08:17:23.455] INFO <P Chain> snowman/engine.go:93 initializing consensus engine
[09-05|08:17:23.458] INFO <P Chain> bootstrap/bootstrapper.go:170 starting bootstrapper {"lastAcceptedID": "2wP4VghWa6vEGEw9QYSUNqRUZgmtQV2pJgJFiAEekZJBCWkXUi", "lastAcceptedHeight": 60}
[09-05|08:17:28.532] INFO <P Chain> bootstrap/bootstrapper.go:375 starting to fetch blocks {"numKnownBlocks": 0, "numAcceptedBlocks": 1, "numMissingBlocks": 1}
[09-05|08:17:28.533] INFO <P Chain> bootstrap/storage.go:195 executing blocks {"numToExecute": 0}
[09-05|08:17:28.534] INFO <P Chain> bootstrap/storage.go:187 executed blocks {"numExecuted": 0, "numToExecute": 0, "halted": false, "duration": "247.958µs"}
[09-05|08:17:28.534] INFO <P Chain> bootstrap/bootstrapper.go:702 waiting for the remaining chains in this subnet to finish syncing
[09-05|08:17:30.584] INFO <P Chain> snowman/engine.go:513 starting consensus {"lastAcceptedID": "2wP4VghWa6vEGEw9QYSUNqRUZgmtQV2pJgJFiAEekZJBCWkXUi", "lastAcceptedHeight": 60}
[09-05|08:17:30.584] INFO <P Chain> validators/logger.go:50 node added to validator set {"subnetID": "11111111111111111111111111111111LpoYY", "nodeID": "NodeID-NFBbbJ4qCmNaCzeW7sxErhvWqvEQMnYcN", "publicKey": "0xb20ab07ea5cf8b77ab50f2071a6f1d2aab693c8bd89761430cd29de9fa0dbae83a32c7697d59ff1b06995b1596c16fa6", "txID": "CViTsEuk346sf8GYuN6ZWxmXnfkkGuywt8C1btutZ6ENKME3u", "weight": 2000000000000000}
[09-05|08:17:30.585] INFO <P Chain> validators/logger.go:50 node added to validator set {"subnetID": "2STpMLkdZQmgqYNoR4EvKLxx9n21sdMYCbmLqi3G6Rt4Ys8SBZ", "nodeID": "NodeID-NFBbbJ4qCmNaCzeW7sxErhvWqvEQMnYcN", "publicKey": null, "txID": "2LLk5bUNMFUE6GTY6UsbRSGySrNCFW8bnxTeoJMfuCFJPtmmLZ", "weight": 1000}
[09-05|08:17:30.585] INFO <P Chain> validators/logger.go:50 node added to validator set {"subnetID": "2XAE7zqeF6zXg49DToaKcmWNk82KP9XW2BaNSu4KJgrvDDADBi", "nodeID": "NodeID-NFBbbJ4qCmNaCzeW7sxErhvWqvEQMnYcN", "publicKey": null, "txID": "2xtCmw8Cy6NYBwerR9DXfMCfSkR1G1orsGTbG3hZjrz3MCkk8", "weight": 1000}
[09-05|08:17:30.585] INFO <P Chain> validators/logger.go:50 node added to validator set {"subnetID": "2hKZdtWvgT3Vv61HmEGtrPDfhK3my453WCxihdZ9VABFx7Ymnn", "nodeID": "NodeID-NFBbbJ4qCmNaCzeW7sxErhvWqvEQMnYcN", "publicKey": null, "txID": "2G5mReQtkXPZa5y6EAwaeBGEfU57haMtwCJ1qa3brs4z8RYdVb", "weight": 1000}
[09-05|08:17:30.585] INFO <P Chain> validators/logger.go:50 node added to validator set {"subnetID": "2r4pr33uUBQxkxJkVnFQjGjVToQnpQa6CVD3j7WyKuwNa76JpV", "nodeID": "NodeID-NFBbbJ4qCmNaCzeW7sxErhvWqvEQMnYcN", "publicKey": null, "txID": "q1eC3vERLX8yDsxG3rTR6rhq1DbQ8Ya9xwi9JStsQ8XrziMbn", "weight": 1000}
[09-05|08:17:30.585] INFO <P Chain> validators/logger.go:50 node added to validator set {"subnetID": "MH6UtWKL5Lq9cKc65rahtLUUhdobY68YspyFrcquVEEgC4hUM", "nodeID": "NodeID-NFBbbJ4qCmNaCzeW7sxErhvWqvEQMnYcN", "publicKey": null, "txID": "22kCsPEEjbqonqeYAYx5gUSMhaKQV4D9MK2yeppcNRb3qo3DdF", "weight": 1000}
[09-05|08:17:30.585] INFO <P Chain> validators/logger.go:50 node added to validator set {"subnetID": "2AKbBT8jFUfUsUJ2hhRiDUnAAajJdNhTKeNgEe3q77spMj1N8F", "nodeID": "NodeID-NFBbbJ4qCmNaCzeW7sxErhvWqvEQMnYcN", "publicKey": null, "txID": "a4AEY49Z3iYxxsXdTqQuJP1WdVPXAFB21REkpPVHiWKjTiPg", "weight": 1000}
[09-05|08:17:30.585] INFO <P Chain> validators/logger.go:50 node added to validator set {"subnetID": "2VoVDitz4SX5Q4QgPZ9Byw3yZoGjf6hCqJB3AGerQTELFhJTne", "nodeID": "NodeID-NFBbbJ4qCmNaCzeW7sxErhvWqvEQMnYcN", "publicKey": null, "txID": "YXT3prv9P9KL7sR2zweGR4bkxyU7qrSS4bzLiyt5yGsXA9MBj", "weight": 1000}
[09-05|08:17:30.585] INFO <P Chain> validators/logger.go:50 node added to validator set {"subnetID": "2fzAQUaqigEnxFBshUwX9SFDQJWSpwkbeK9QChPBerY9rHpJAq", "nodeID": "NodeID-NFBbbJ4qCmNaCzeW7sxErhvWqvEQMnYcN", "publicKey": null, "txID": "xqedRtoUbWxCuu1NMBeaqWa6NRjEYSEHkN1SbTj6hc9WA5i32", "weight": 1000}
[09-05|08:17:30.585] INFO <P Chain> validators/logger.go:50 node added to validator set {"subnetID": "2qCBYBymAdCag6uLRwj2jSFsfuKsQBoGWrH2xkvDVz86giGPpW", "nodeID": "NodeID-NFBbbJ4qCmNaCzeW7sxErhvWqvEQMnYcN", "publicKey": null, "txID": "2nRwEsyj1B2UNyiXeLvtfsJ98M3pFZnTWoGiNDCUfpX5rkKGTL", "weight": 1000}
[09-05|08:17:30.585] INFO <P Chain> validators/logger.go:50 node added to validator set {"subnetID": "2KhsQJhH3VqS7WWMreodAAHpGfGCUNuGQDSaP2vUT29p1HELBV", "nodeID": "NodeID-NFBbbJ4qCmNaCzeW7sxErhvWqvEQMnYcN", "publicKey": null, "txID": "nFkpTXUBoG8ehQXBYDxtaH7JpUhfXZtdkfr5wcdT7dndSeJdD", "weight": 1000}
[09-05|08:17:59.542] INFO <P Chain> snowman/engine.go:437 shutting down consensus engine
[09-05|08:17:59.544] INFO <P Chain> router/chain_router.go:383 chain shutdown {"shutdownDuration": "1.869125ms"}
[09-07|07:45:26.239] INFO <P Chain> platformvm/vm.go:113 using VM execution config {"config": {"network":{"max-validator-set-staleness":60000000000,"target-gossip-size":20480,"push-gossip-percent-stake":0.9,"push-gossip-num-validators":100,"push-gossip-num-peers":0,"push-regossip-num-validators":10,"push-regossip-num-peers":0,"push-gossip-discarded-cache-size":16384,"push-gossip-max-regossip-frequency":30000000000,"push-gossip-frequency":500000000,"pull-gossip-poll-size":1,"pull-gossip-frequency":1500000000,"pull-gossip-throttling-period":10000000000,"pull-gossip-throttling-limit":2,"expected-bloom-filter-elements":8192,"expected-bloom-filter-false-positive-probability":0.01,"max-bloom-filter-false-positive-probability":0.05},"block-cache-size":67108864,"tx-cache-size":134217728,"transformed-subnet-tx-cache-size":4194304,"reward-utxos-cache-size":2048,"chain-cache-size":2048,"chain-db-cache-size":2048,"block-id-cache-size":8192,"fx-owner-cache-size":4194304,"subnet-manager-cache-size":4194304,"checksums-enabled":false,"mempool-prune-frequency":1800000000000}}
[09-07|07:45:26.279] INFO <P Chain> platformvm/vm.go:224 initializing last accepted {"blkID": "257MTwp69MxJxj2vh6wYSSKtMaApL26iaqxovNWtiQKCHdaqXq"}
[09-07|07:45:26.280] INFO <P Chain> proposervm/vm.go:205 initialized proposervm {"state": "after fork", "forkHeight": 1, "lastAcceptedHeight": 60}
[09-07|07:45:26.280] INFO <P Chain> snowman/engine.go:93 initializing consensus engine
[09-07|07:45:26.282] INFO <P Chain> bootstrap/bootstrapper.go:170 starting bootstrapper {"lastAcceptedID": "2wP4VghWa6vEGEw9QYSUNqRUZgmtQV2pJgJFiAEekZJBCWkXUi", "lastAcceptedHeight": 60}
[09-07|07:45:26.282] INFO <P Chain> state/state.go:2398 blocks already reindexed
[09-07|07:45:26.468] INFO <P Chain> bootstrap/bootstrapper.go:375 starting to fetch blocks {"numKnownBlocks": 0, "numAcceptedBlocks": 1, "numMissingBlocks": 1}
[09-07|07:45:26.468] INFO <P Chain> bootstrap/storage.go:195 executing blocks {"numToExecute": 0}
[09-07|07:45:26.468] INFO <P Chain> bootstrap/storage.go:187 executed blocks {"numExecuted": 0, "numToExecute": 0, "halted": false, "duration": "43.71µs"}
[09-07|07:45:26.468] INFO <P Chain> bootstrap/bootstrapper.go:702 waiting for the remaining chains in this subnet to finish syncing
[09-07|07:45:29.179] INFO <P Chain> snowman/engine.go:513 starting consensus {"lastAcceptedID": "2wP4VghWa6vEGEw9QYSUNqRUZgmtQV2pJgJFiAEekZJBCWkXUi", "lastAcceptedHeight": 60}
[09-07|07:45:29.179] INFO <P Chain> validators/logger.go:50 node added to validator set {"subnetID": "11111111111111111111111111111111LpoYY", "nodeID": "NodeID-NFBbbJ4qCmNaCzeW7sxErhvWqvEQMnYcN", "publicKey": "0xb20ab07ea5cf8b77ab50f2071a6f1d2aab693c8bd89761430cd29de9fa0dbae83a32c7697d59ff1b06995b1596c16fa6", "txID": "CViTsEuk346sf8GYuN6ZWxmXnfkkGuywt8C1btutZ6ENKME3u", "weight": 2000000000000000}
[09-07|07:45:29.179] INFO <P Chain> validators/logger.go:50 node added to validator set {"subnetID": "2hKZdtWvgT3Vv61HmEGtrPDfhK3my453WCxihdZ9VABFx7Ymnn", "nodeID": "NodeID-NFBbbJ4qCmNaCzeW7sxErhvWqvEQMnYcN", "publicKey": null, "txID": "2G5mReQtkXPZa5y6EAwaeBGEfU57haMtwCJ1qa3brs4z8RYdVb", "weight": 1000}
[09-07|07:45:29.179] INFO <P Chain> validators/logger.go:50 node added to validator set {"subnetID": "2qCBYBymAdCag6uLRwj2jSFsfuKsQBoGWrH2xkvDVz86giGPpW", "nodeID": "NodeID-NFBbbJ4qCmNaCzeW7sxErhvWqvEQMnYcN", "publicKey": null, "txID": "2nRwEsyj1B2UNyiXeLvtfsJ98M3pFZnTWoGiNDCUfpX5rkKGTL", "weight": 1000}
[09-07|07:45:29.179] INFO <P Chain> validators/logger.go:50 node added to validator set {"subnetID": "2AKbBT8jFUfUsUJ2hhRiDUnAAajJdNhTKeNgEe3q77spMj1N8F", "nodeID": "NodeID-NFBbbJ4qCmNaCzeW7sxErhvWqvEQMnYcN", "publicKey": null, "txID": "a4AEY49Z3iYxxsXdTqQuJP1WdVPXAFB21REkpPVHiWKjTiPg", "weight": 1000}
[09-07|07:45:29.179] INFO <P Chain> validators/logger.go:50 node added to validator set {"subnetID": "2KhsQJhH3VqS7WWMreodAAHpGfGCUNuGQDSaP2vUT29p1HELBV", "nodeID": "NodeID-NFBbbJ4qCmNaCzeW7sxErhvWqvEQMnYcN", "publicKey": null, "txID": "nFkpTXUBoG8ehQXBYDxtaH7JpUhfXZtdkfr5wcdT7dndSeJdD", "weight": 1000}
[09-07|07:45:29.179] INFO <P Chain> validators/logger.go:50 node added to validator set {"subnetID": "2XAE7zqeF6zXg49DToaKcmWNk82KP9XW2BaNSu4KJgrvDDADBi", "nodeID": "NodeID-NFBbbJ4qCmNaCzeW7sxErhvWqvEQMnYcN", "publicKey": null, "txID": "2xtCmw8Cy6NYBwerR9DXfMCfSkR1G1orsGTbG3hZjrz3MCkk8", "weight": 1000}
[09-07|07:45:29.179] INFO <P Chain> validators/logger.go:50 node added to validator set {"subnetID": "2fzAQUaqigEnxFBshUwX9SFDQJWSpwkbeK9QChPBerY9rHpJAq", "nodeID": "NodeID-NFBbbJ4qCmNaCzeW7sxErhvWqvEQMnYcN", "publicKey": null, "txID": "xqedRtoUbWxCuu1NMBeaqWa6NRjEYSEHkN1SbTj6hc9WA5i32", "weight": 1000}
[09-07|07:45:29.179] INFO <P Chain> validators/logger.go:50 node added to validator set {"subnetID": "2r4pr33uUBQxkxJkVnFQjGjVToQnpQa6CVD3j7WyKuwNa76JpV", "nodeID": "NodeID-NFBbbJ4qCmNaCzeW7sxErhvWqvEQMnYcN", "publicKey": null, "txID": "q1eC3vERLX8yDsxG3rTR6rhq1DbQ8Ya9xwi9JStsQ8XrziMbn", "weight": 1000}
[09-07|07:45:29.179] INFO <P Chain> validators/logger.go:50 node added to validator set {"subnetID": "MH6UtWKL5Lq9cKc65rahtLUUhdobY68YspyFrcquVEEgC4hUM", "nodeID": "NodeID-NFBbbJ4qCmNaCzeW7sxErhvWqvEQMnYcN", "publicKey": null, "txID": "22kCsPEEjbqonqeYAYx5gUSMhaKQV4D9MK2yeppcNRb3qo3DdF", "weight": 1000}
[09-07|07:45:29.179] INFO <P Chain> validators/logger.go:50 node added to validator set {"subnetID": "2STpMLkdZQmgqYNoR4EvKLxx9n21sdMYCbmLqi3G6Rt4Ys8SBZ", "nodeID": "NodeID-NFBbbJ4qCmNaCzeW7sxErhvWqvEQMnYcN", "publicKey": null, "txID": "2LLk5bUNMFUE6GTY6UsbRSGySrNCFW8bnxTeoJMfuCFJPtmmLZ", "weight": 1000}
[09-07|07:45:29.179] INFO <P Chain> validators/logger.go:50 node added to validator set {"subnetID": "2VoVDitz4SX5Q4QgPZ9Byw3yZoGjf6hCqJB3AGerQTELFhJTne", "nodeID": "NodeID-NFBbbJ4qCmNaCzeW7sxErhvWqvEQMnYcN", "publicKey": null, "txID": "YXT3prv9P9KL7sR2zweGR4bkxyU7qrSS4bzLiyt5yGsXA9MBj", "weight": 1000}
