[09-05|08:15:28.041] INFO ux/output.go:13 [0;34m[;1mcreate and run local network[0;0m[0;0m
[09-05|08:15:2[09-07|07:45:23.986] INFO local/network.go:389 creating network {"node-num": 5}
[09-07|07:45:24.270] INFO local/network.go:609 adding node {"node-name": "node1", "node-dir": "/home/ubuntu/.avalanche-cli/runs/network_20240907_074523/node1", "log-dir": "/home/ubuntu/.avalanche-cli/runs/network_20240907_074523/node1/logs", "db-dir": "/home/ubuntu/.avalanche-cli/runs/network_20240907_074523/node1/db", "p2p-port": 9651, "api-port": 9650}
[09-07|07:45:24.855] INFO local/network.go:609 adding node {"node-name": "node2", "node-dir": "/home/ubuntu/.avalanche-cli/runs/network_20240907_074523/node2", "log-dir": "/home/ubuntu/.avalanche-cli/runs/network_20240907_074523/node2/logs", "db-dir": "/home/ubuntu/.avalanche-cli/runs/network_20240907_074523/node2/db", "p2p-port": 9653, "api-port": 9652}
[09-07|07:45:25.480] INFO local/network.go:609 adding node {"node-name": "node3", "node-dir": "/home/ubuntu/.avalanche-cli/runs/network_20240907_074523/node3", "log-dir": "/home/ubuntu/.avalanche-cli/runs/network_20240907_074523/node3/logs", "db-dir": "/home/ubuntu/.avalanche-cli/runs/network_20240907_074523/node3/db", "p2p-port": 9655, "api-port": 9654}
[09-07|07:45:26.186] INFO local/network.go:609 adding node {"node-name": "node4", "node-dir": "/home/ubuntu/.avalanche-cli/runs/network_20240907_074523/node4", "log-dir": "/home/ubuntu/.avalanche-cli/runs/network_20240907_074523/node4/logs", "db-dir": "/home/ubuntu/.avalanche-cli/runs/network_20240907_074523/node4/db", "p2p-port": 9657, "api-port": 9656}
[09-07|07:45:26.924] INFO local/network.go:609 adding node {"node-name": "node5", "node-dir": "/home/ubuntu/.avalanche-cli/runs/network_20240907_074523/node5", "log-dir": "/home/ubuntu/.avalanche-cli/runs/network_20240907_074523/node5/logs", "db-dir": "/home/ubuntu/.avalanche-cli/runs/network_20240907_074523/node5/db", "p2p-port": 9659, "api-port": 9658}
[09-07|07:45:26.926] INFO local/network.go:657 checking local network healthiness {"num-of-nodes": 5}
[09-07|07:45:33.012] INFO server/network.go:811 [0;36mprometheus conf file /home/ubuntu/.avalanche-cli/runs/network_20240907_074523/prometheus.yaml[0;0m
[09-07|07:45:33.012] INFO ux/output.go:13 [0;34m[;1mwaiting for all nodes to report healthy...[0;0m[0;0m
[09-07|07:45:33.012] INFO local/network.go:657 checking local network healthiness {"num-of-nodes": 5}
[09-07|07:45:33.595] INFO ux/output.go:13 [0;34m[;1mwaiting for all nodes to report healthy...[0;0m[0;0m
[09-07|07:45:33.595] INFO local/network.go:657 checking local network healthiness {"num-of-nodes": 5}
[09-07|07:45:33.607] INFO local/blockchain.go:262 [0;34m[;1mcreate and install custom chains[0;0m[0;0m
[09-07|07:45:33.607] INFO local/blockchain.go:100 getClientURI {"nodeName": "node1", "uri": "http://127.0.0.1:9650"}
[09-07|07:45:33.624] INFO local/blockchain.go:100 getClientURI {"nodeName": "node1", "uri": "http://127.0.0.1:9650"}
[09-07|07:45:33.624] INFO local/network.go:657 checking local network healthiness {"num-of-nodes": 5}
[09-07|07:45:33.627] INFO local/blockchain.go:883 [0;32madding the nodes as primary network validators[0;0m
[09-07|07:45:33.628] INFO local/blockchain.go:1423 [0;32mcreating subnets[0;0m {"num-subnets": 0}
[09-07|07:45:33.628] INFO local/blockchain.go:1523 [0;32mwaiting for the nodes to become primary validators[0;0m
[09-07|07:45:33.629] INFO local/blockchain.go:1456 [0;32madding the nodes as subnet validators[0;0m
[09-07|07:45:33.630] INFO local/blockchain.go:1632 [0;32mcreating tx for each custom chain[0;0m
[09-07|07:45:33.630] INFO local/blockchain.go:1642 creating blockchain tx {"vm-name": "MFSBlockchain", "vm-ID": "b2sxx3ZpkgfkzmBecY4bAqmVwqVqhLTqCVrjJs4mTQkuVYhN6", "bytes length of genesis": 1594}
[09-07|07:45:33.630] INFO local/blockchain.go:1686 [0;32mcreating config files for each custom chain[0;0m
[09-07|07:45:33.630] INFO local/blockchain.go:100 getClientURI {"nodeName": "node1", "uri": "http://127.0.0.1:9650"}
[09-07|07:45:33.630] INFO local/blockchain.go:1606 [0;32mreloading plugin binaries[0;0m
[09-07|07:45:34.159] INFO local/blockchain.go:1562 [0;32mwaiting for the nodes to become subnet validators[0;0m
[09-07|07:45:34.160] INFO local/blockchain.go:1767 [0;32mcreating each custom chain[0;0m
[09-07|07:45:34.160] INFO local/blockchain.go:1774 creating blockchain {"vm-name": "MFSBlockchain", "vm-ID": "b2sxx3ZpkgfkzmBecY4bAqmVwqVqhLTqCVrjJs4mTQkuVYhN6"}
[09-07|07:45:34.574] INFO local/blockchain.go:1790 created a new blockchain {"vm-name": "MFSBlockchain", "vm-ID": "b2sxx3ZpkgfkzmBecY4bAqmVwqVqhLTqCVrjJs4mTQkuVYhN6", "blockchain-ID": "mm5NbUSuEF4iCd6nmEKzm2bKpYYKfbr6T74CVkc3HkLKP3qYM"}
[09-07|07:45:34.574] INFO local/blockchain.go:662 [0;34m[;1mwaiting for custom chains to report healthy...[0;0m[0;0m
[09-07|07:45:34.574] INFO local/network.go:657 checking local network healthiness {"num-of-nodes": 5}
[09-07|07:45:34.590] INFO local/blockchain.go:100 getClientURI {"nodeName": "node1", "uri": "http://127.0.0.1:9650"}
[09-07|07:45:34.591] INFO local/blockchain.go:679 inspecting node log directory for custom chain logs {"log-dir": "/home/ubuntu/.avalanche-cli/runs/network_20240907_074523/node5/logs", "node-name": "node5"}
[09-07|07:45:34.591] INFO local/blockchain.go:681 checking log {"vm-ID": "b2sxx3ZpkgfkzmBecY4bAqmVwqVqhLTqCVrjJs4mTQkuVYhN6", "subnet-ID": "2AKbBT8jFUfUsUJ2hhRiDUnAAajJdNhTKeNgEe3q77spMj1N8F", "blockchain-ID": "mm5NbUSuEF4iCd6nmEKzm2bKpYYKfbr6T74CVkc3HkLKP3qYM", "path": "/home/ubuntu/.avalanche-cli/runs/network_20240907_074523/node5/logs/mm5NbUSuEF4iCd6nmEKzm2bKpYYKfbr6T74CVkc3HkLKP3qYM.log"}
[09-07|07:45:34.591] INFO local/blockchain.go:692 log not found yet, retrying... {"vm-ID": "b2sxx3ZpkgfkzmBecY4bAqmVwqVqhLTqCVrjJs4mTQkuVYhN6", "subnet-ID": "2AKbBT8jFUfUsUJ2hhRiDUnAAajJdNhTKeNgEe3q77spMj1N8F", "blockchain-ID": "mm5NbUSuEF4iCd6nmEKzm2bKpYYKfbr6T74CVkc3HkLKP3qYM"}
[09-07|07:45:35.591] INFO local/blockchain.go:689 found the log {"path": "/home/ubuntu/.avalanche-cli/runs/network_20240907_074523/node5/logs/mm5NbUSuEF4iCd6nmEKzm2bKpYYKfbr6T74CVkc3HkLKP3qYM.log"}
[09-07|07:45:35.591] INFO local/blockchain.go:679 inspecting node log directory for custom chain logs {"log-dir": "/home/ubuntu/.avalanche-cli/runs/network_20240907_074523/node4/logs", "node-name": "node4"}
[09-07|07:45:35.591] INFO local/blockchain.go:681 checking log {"vm-ID": "b2sxx3ZpkgfkzmBecY4bAqmVwqVqhLTqCVrjJs4mTQkuVYhN6", "subnet-ID": "2AKbBT8jFUfUsUJ2hhRiDUnAAajJdNhTKeNgEe3q77spMj1N8F", "blockchain-ID": "mm5NbUSuEF4iCd6nmEKzm2bKpYYKfbr6T74CVkc3HkLKP3qYM", "path": "/home/ubuntu/.avalanche-cli/runs/network_20240907_074523/node4/logs/mm5NbUSuEF4iCd6nmEKzm2bKpYYKfbr6T74CVkc3HkLKP3qYM.log"}
[09-07|07:45:35.591] INFO local/blockchain.go:689 found the log {"path": "/home/ubuntu/.avalanche-cli/runs/network_20240907_074523/node4/logs/mm5NbUSuEF4iCd6nmEKzm2bKpYYKfbr6T74CVkc3HkLKP3qYM.log"}
[09-07|07:45:35.591] INFO local/blockchain.go:679 inspecting node log directory for custom chain logs {"log-dir": "/home/ubuntu/.avalanche-cli/runs/network_20240907_074523/node3/logs", "node-name": "node3"}
[09-07|07:45:35.591] INFO local/blockchain.go:681 checking log {"vm-ID": "b2sxx3ZpkgfkzmBecY4bAqmVwqVqhLTqCVrjJs4mTQkuVYhN6", "subnet-ID": "2AKbBT8jFUfUsUJ2hhRiDUnAAajJdNhTKeNgEe3q77spMj1N8F", "blockchain-ID": "mm5NbUSuEF4iCd6nmEKzm2bKpYYKfbr6T74CVkc3HkLKP3qYM", "path": "/home/ubuntu/.avalanche-cli/runs/network_20240907_074523/node3/logs/mm5NbUSuEF4iCd6nmEKzm2bKpYYKfbr6T74CVkc3HkLKP3qYM.log"}
[09-07|07:45:35.591] INFO local/blockchain.go:689 found the log {"path": "/home/ubuntu/.avalanche-cli/runs/network_20240907_074523/node3/logs/mm5NbUSuEF4iCd6nmEKzm2bKpYYKfbr6T74CVkc3HkLKP3qYM.log"}
[09-07|07:45:35.592] INFO local/blockchain.go:679 inspecting node log directory for custom chain logs {"log-dir": "/home/ubuntu/.avalanche-cli/runs/network_20240907_074523/node2/logs", "node-name": "node2"}
[09-07|07:45:35.592] INFO local/blockchain.go:681 checking log {"vm-ID": "b2sxx3ZpkgfkzmBecY4bAqmVwqVqhLTqCVrjJs4mTQkuVYhN6", "subnet-ID": "2AKbBT8jFUfUsUJ2hhRiDUnAAajJdNhTKeNgEe3q77spMj1N8F", "blockchain-ID": "mm5NbUSuEF4iCd6nmEKzm2bKpYYKfbr6T74CVkc3HkLKP3qYM", "path": "/home/ubuntu/.avalanche-cli/runs/network_20240907_074523/node2/logs/mm5NbUSuEF4iCd6nmEKzm2bKpYYKfbr6T74CVkc3HkLKP3qYM.log"}
[09-07|07:45:35.592] INFO local/blockchain.go:689 found the log {"path": "/home/ubuntu/.avalanche-cli/runs/network_20240907_074523/node2/logs/mm5NbUSuEF4iCd6nmEKzm2bKpYYKfbr6T74CVkc3HkLKP3qYM.log"}
[09-07|07:45:35.592] INFO local/blockchain.go:679 inspecting node log directory for custom chain logs {"log-dir": "/home/ubuntu/.avalanche-cli/runs/network_20240907_074523/node1/logs", "node-name": "node1"}
[09-07|07:45:35.592] INFO local/blockchain.go:681 checking log {"vm-ID": "b2sxx3ZpkgfkzmBecY4bAqmVwqVqhLTqCVrjJs4mTQkuVYhN6", "subnet-ID": "2AKbBT8jFUfUsUJ2hhRiDUnAAajJdNhTKeNgEe3q77spMj1N8F", "blockchain-ID": "mm5NbUSuEF4iCd6nmEKzm2bKpYYKfbr6T74CVkc3HkLKP3qYM", "path": "/home/ubuntu/.avalanche-cli/runs/network_20240907_074523/node1/logs/mm5NbUSuEF4iCd6nmEKzm2bKpYYKfbr6T74CVkc3HkLKP3qYM.log"}
[09-07|07:45:35.592] INFO local/blockchain.go:689 found the log {"path": "/home/ubuntu/.avalanche-cli/runs/network_20240907_074523/node1/logs/mm5NbUSuEF4iCd6nmEKzm2bKpYYKfbr6T74CVkc3HkLKP3qYM.log"}
[09-07|07:45:35.592] INFO local/blockchain.go:708 [0;32mall custom chains are running!!![0;0m
[09-07|07:45:35.595] INFO local/blockchain.go:710 [0;32m[;1mall custom chains are ready on RPC server-side -- network-runner RPC client can poll and query the cluster status[0;0m[0;0m
[09-07|07:45:35.595] INFO local/blockchain.go:140 [0;34m[;1mregistering blockchain aliases[0;0m[0;0m
[09-07|07:45:35.595] INFO local/blockchain.go:147 registering blockchain alias {"alias": "MFSBlockchain", "chain-id": "mm5NbUSuEF4iCd6nmEKzm2bKpYYKfbr6T74CVkc3HkLKP3qYM"}
[09-07|07:45:35.598] INFO ux/output.go:13 [0;34m[;1mwaiting for all nodes to report healthy...[0;0m[0;0m
[09-07|07:45:35.598] INFO local/network.go:657 checking local network healthiness {"num-of-nodes": 5}
[09-07|07:45:41.616] INFO server/network.go:708 [1;34m[blockchain RPC for "b2sxx3ZpkgfkzmBecY4bAqmVwqVqhLTqCVrjJs4mTQkuVYhN6"] "http://127.0.0.1:9650/ext/bc/mm5NbUSuEF4iCd6nmEKzm2bKpYYKfbr6T74CVkc3HkLKP3qYM"[0;0m
[09-07|07:45:41.616] INFO server/network.go:708 [1;34m[blockchain RPC for "b2sxx3ZpkgfkzmBecY4bAqmVwqVqhLTqCVrjJs4mTQkuVYhN6"] "http://127.0.0.1:9652/ext/bc/mm5NbUSuEF4iCd6nmEKzm2bKpYYKfbr6T74CVkc3HkLKP3qYM"[0;0m
[09-07|07:45:41.616] INFO server/network.go:708 [1;34m[blockchain RPC for "b2sxx3ZpkgfkzmBecY4bAqmVwqVqhLTqCVrjJs4mTQkuVYhN6"] "http://127.0.0.1:9654/ext/bc/mm5NbUSuEF4iCd6nmEKzm2bKpYYKfbr6T74CVkc3HkLKP3qYM"[0;0m
[09-07|07:45:41.616] INFO server/network.go:708 [1;34m[blockchain RPC for "b2sxx3ZpkgfkzmBecY4bAqmVwqVqhLTqCVrjJs4mTQkuVYhN6"] "http://127.0.0.1:9656/ext/bc/mm5NbUSuEF4iCd6nmEKzm2bKpYYKfbr6T74CVkc3HkLKP3qYM"[0;0m
[09-07|07:45:41.616] INFO server/network.go:708 [1;34m[blockchain RPC for "b2sxx3ZpkgfkzmBecY4bAqmVwqVqhLTqCVrjJs4mTQkuVYhN6"] "http://127.0.0.1:9658/ext/bc/mm5NbUSuEF4iCd6nmEKzm2bKpYYKfbr6T74CVkc3HkLKP3qYM"[0;0m
 {"node-name": "node3", "node-ID": "NodeID-NFBbbJ4qCmNaCzeW7sxErhvWqvEQMnYcN", "subnet-ID": "2VoVDitz4SX5Q4QgPZ9Byw3yZoGjf6hCqJB3AGerQTELFhJTne", "tx-ID": "YXT3prv9P9KL7sR2zweGR4bkxyU7qrSS4bzLiyt5yGsXA9MBj"}
[09-05|08:16:48.076] INFO local/blockchain.go:1534 added node as a subnet validator to subnet {"node-name": "node4", "node-ID": "NodeID-GWPcbFJZFfZreETSoWjPimr846mXEKCtu", "subnet-ID": "2VoVDitz4SX5Q4QgPZ9Byw3yZoGjf6hCqJB3AGerQTELFhJTne", "tx-ID": "RfK3uCXPJPUHNmpsBn9D5rju9vq4cj5VMGGnsQDaf24LkMerW"}
[09-05|08:16:49.078] INFO local/blockchain.go:1534 added node as a subnet validator to subnet {"node-name": "node5", "node-ID": "NodeID-P7oB2McjBGgW2NXXWVYjV8JEDFoW9xDE5", "subnet-ID": "2VoVDitz4SX5Q4QgPZ9Byw3yZoGjf6hCqJB3AGerQTELFhJTne", "tx-ID": "2AZc17YMksnRbCUKgwN7y2CCh2dPkdem53ee279KR1LXRsvjWp"}
[09-05|08:16:50.085] INFO local/blockchain.go:1534 added node as a subnet validator to subnet {"node-name": "node1", "node-ID": "NodeID-7Xhw2mDxuDS44j42TCB6U5579esbSt3Lg", "subnet-ID": "2r4pr33uUBQxkxJkVnFQjGjVToQnpQa6CVD3j7WyKuwNa76JpV", "tx-ID": "WKmxgJjr3uFXZSab575y8rJ7PyHq5TjhMXrTgqw7LJ6wiEENP"}
[09-05|08:16:51.087] INFO local/blockchain.go:1534 added node as a subnet validator to subnet {"node-name": "node2", "node-ID": "NodeID-MFrZFVCXPv5iCn6M9K6XduxGTYp891xXZ", "subnet-ID": "2r4pr33uUBQxkxJkVnFQjGjVToQnpQa6CVD3j7WyKuwNa76JpV", "tx-ID": "VfskX2j2qTDx8euwnMhXEv8fiDoq25UtJpR2dMDncrELmLZgZ"}
[09-05|08:16:52.089] INFO local/blockchain.go:1534 added node as a subnet validator to subnet {"node-name": "node3", "node-ID": "NodeID-NFBbbJ4qCmNaCzeW7sxErhvWqvEQMnYcN", "subnet-ID": "2r4pr33uUBQxkxJkVnFQjGjVToQnpQa6CVD3j7WyKuwNa76JpV", "tx-ID": "q1eC3vERLX8yDsxG3rTR6rhq1DbQ8Ya9xwi9JStsQ8XrziMbn"}
[09-05|08:16:53.092] INFO local/blockchain.go:1534 added node as a subnet validator to subnet {"node-name": "node4", "node-ID": "NodeID-GWPcbFJZFfZreETSoWjPimr846mXEKCtu", "subnet-ID": "2r4pr33uUBQxkxJkVnFQjGjVToQnpQa6CVD3j7WyKuwNa76JpV", "tx-ID": "gXp1Fj8u4GQFvGBfxHZw6g5k4SbUoFAXJr1j8fudodnhmN6Xd"}
[09-05|08:16:54.095] INFO local/blockchain.go:1534 added node as a subnet validator to subnet {"node-name": "node5", "node-ID": "NodeID-P7oB2McjBGgW2NXXWVYjV8JEDFoW9xDE5", "subnet-ID": "2r4pr33uUBQxkxJkVnFQjGjVToQnpQa6CVD3j7WyKuwNa76JpV", "tx-ID": "4VNqxWCoijV8vumUTLgytJzYukAythNAkfB6LyvK3hhWbVBB8"}
[09-05|08:16:55.099] INFO local/blockchain.go:1534 added node as a subnet validator to subnet {"node-name": "node1", "node-ID": "NodeID-7Xhw2mDxuDS44j42TCB6U5579esbSt3Lg", "subnet-ID": "2XAE7zqeF6zXg49DToaKcmWNk82KP9XW2BaNSu4KJgrvDDADBi", "tx-ID": "EAYL5o5rZdN7bSrmXAZBkq14hKxok9VzEYLaQr4MsYmg7XT6S"}
[09-05|08:16:56.102] INFO local/blockchain.go:1534 added node as a subnet validator to subnet {"node-name": "node2", "node-ID": "NodeID-MFrZFVCXPv5iCn6M9K6XduxGTYp891xXZ", "subnet-ID": "2XAE7zqeF6zXg49DToaKcmWNk82KP9XW2BaNSu4KJgrvDDADBi", "tx-ID": "2JW4MN75YGACzdjUn4hJbJGNt43fVRGxUTarRXax5bSf8uDoDq"}
[09-05|08:16:57.105] INFO local/blockchain.go:1534 added node as a subnet validator to subnet {"node-name": "node3", "node-ID": "NodeID-NFBbbJ4qCmNaCzeW7sxErhvWqvEQMnYcN", "subnet-ID": "2XAE7zqeF6zXg49DToaKcmWNk82KP9XW2BaNSu4KJgrvDDADBi", "tx-ID": "2xtCmw8Cy6NYBwerR9DXfMCfSkR1G1orsGTbG3hZjrz3MCkk8"}
[09-05|08:16:58.107] INFO local/blockchain.go:1534 added node as a subnet validator to subnet {"node-name": "node4", "node-ID": "NodeID-GWPcbFJZFfZreETSoWjPimr846mXEKCtu", "subnet-ID": "2XAE7zqeF6zXg49DToaKcmWNk82KP9XW2BaNSu4KJgrvDDADBi", "tx-ID": "EB8x4BNnp3frhCcyZ4rbYcXPfRETWzem1gZfG9a2sV9ENSuEr"}
[09-05|08:16:59.111] INFO local/blockchain.go:1534 added node as a subnet validator to subnet {"node-name": "node5", "node-ID": "NodeID-P7oB2McjBGgW2NXXWVYjV8JEDFoW9xDE5", "subnet-ID": "2XAE7zqeF6zXg49DToaKcmWNk82KP9XW2BaNSu4KJgrvDDADBi", "tx-ID": "25V9gJ99RDukYmXJ6hGvtfaWQmLyjP1EvU1Bt9t2EipnQoRWxL"}
[09-05|08:17:00.116] INFO local/blockchain.go:1534 added node as a subnet validator to subnet {"node-name": "node1", "node-ID": "NodeID-7Xhw2mDxuDS44j42TCB6U5579esbSt3Lg", "subnet-ID": "2STpMLkdZQmgqYNoR4EvKLxx9n21sdMYCbmLqi3G6Rt4Ys8SBZ", "tx-ID": "2hDzrCvZGHgLgV4tjSB1NkBHDBMyWECT9MBaxrmTF6gVFjwQuo"}
[09-05|08:17:01.118] INFO local/blockchain.go:1534 added node as a subnet validator to subnet {"node-name": "node2", "node-ID": "NodeID-MFrZFVCXPv5iCn6M9K6XduxGTYp891xXZ", "subnet-ID": "2STpMLkdZQmgqYNoR4EvKLxx9n21sdMYCbmLqi3G6Rt4Ys8SBZ", "tx-ID": "2uwq9e73Kff3mPqpUeKofoD4iJLokzDDsUeM1phUsRuYD6aSxn"}
[09-05|08:17:02.121] INFO local/blockchain.go:1534 added node as a subnet validator to subnet {"node-name": "node3", "node-ID": "NodeID-NFBbbJ4qCmNaCzeW7sxErhvWqvEQMnYcN", "subnet-ID": "2STpMLkdZQmgqYNoR4EvKLxx9n21sdMYCbmLqi3G6Rt4Ys8SBZ", "tx-ID": "2LLk5bUNMFUE6GTY6UsbRSGySrNCFW8bnxTeoJMfuCFJPtmmLZ"}
[09-05|08:17:03.124] INFO local/blockchain.go:1534 added node as a subnet validator to subnet {"node-name": "node4", "node-ID": "NodeID-GWPcbFJZFfZreETSoWjPimr846mXEKCtu", "subnet-ID": "2STpMLkdZQmgqYNoR4EvKLxx9n21sdMYCbmLqi3G6Rt4Ys8SBZ", "tx-ID": "2qgoG9jSE16VSVCVmtS7So1LMywYRGHvkKjJ5mZWrGQ3TNFmXy"}
[09-05|08:17:04.126] INFO local/blockchain.go:1534 added node as a subnet validator to subnet {"node-name": "node5", "node-ID": "NodeID-P7oB2McjBGgW2NXXWVYjV8JEDFoW9xDE5", "subnet-ID": "2STpMLkdZQmgqYNoR4EvKLxx9n21sdMYCbmLqi3G6Rt4Ys8SBZ", "tx-ID": "2svUZYCmU58E7QouBNQGE2vYRC5RLw2vrFs1WGMGHjANuBAoLn"}
[09-05|08:17:05.131] INFO local/blockchain.go:1534 added node as a subnet validator to subnet {"node-name": "node1", "node-ID": "NodeID-7Xhw2mDxuDS44j42TCB6U5579esbSt3Lg", "subnet-ID": "2fzAQUaqigEnxFBshUwX9SFDQJWSpwkbeK9QChPBerY9rHpJAq", "tx-ID": "j5tQw6EnPB5n8CBjoEiY12MrxMMM8cqkBfQpHAVipnc1n5GNB"}
[09-05|08:17:06.134] INFO local/blockchain.go:1534 added node as a subnet validator to subnet {"node-name": "node2", "node-ID": "NodeID-MFrZFVCXPv5iCn6M9K6XduxGTYp891xXZ", "subnet-ID": "2fzAQUaqigEnxFBshUwX9SFDQJWSpwkbeK9QChPBerY9rHpJAq", "tx-ID": "MY5skwWyja4NNvXGejVUg4syDEpBDRxXLPMJbEsuYHtBM73oE"}
[09-05|08:17:07.137] INFO local/blockchain.go:1534 added node as a subnet validator to subnet {"node-name": "node3", "node-ID": "NodeID-NFBbbJ4qCmNaCzeW7sxErhvWqvEQMnYcN", "subnet-ID": "2fzAQUaqigEnxFBshUwX9SFDQJWSpwkbeK9QChPBerY9rHpJAq", "tx-ID": "xqedRtoUbWxCuu1NMBeaqWa6NRjEYSEHkN1SbTj6hc9WA5i32"}
[09-05|08:17:08.140] INFO local/blockchain.go:1534 added node as a subnet validator to subnet {"node-name": "node4", "node-ID": "NodeID-GWPcbFJZFfZreETSoWjPimr846mXEKCtu", "subnet-ID": "2fzAQUaqigEnxFBshUwX9SFDQJWSpwkbeK9QChPBerY9rHpJAq", "tx-ID": "2UZhpdXM39cGJ8sifZfaqe8xFcaCXP1nGrjTtNGRufWHDKvDZZ"}
[09-05|08:17:09.043] INFO local/blockchain.go:1534 added node as a subnet validator to subnet {"node-name": "node5", "node-ID": "NodeID-P7oB2McjBGgW2NXXWVYjV8JEDFoW9xDE5", "subnet-ID": "2fzAQUaqigEnxFBshUwX9SFDQJWSpwkbeK9QChPBerY9rHpJAq", "tx-ID": "whmEXWuCu8K4kGArxcYdLRnKQUQdX7dGdmhorLvXZjK9F8Mr"}
[09-05|08:17:10.047] INFO local/blockchain.go:1534 added node as a subnet validator to subnet {"node-name": "node1", "node-ID": "NodeID-7Xhw2mDxuDS44j42TCB6U5579esbSt3Lg", "subnet-ID": "2qCBYBymAdCag6uLRwj2jSFsfuKsQBoGWrH2xkvDVz86giGPpW", "tx-ID": "fXAsrSjb3zyaMeqoaApLZUwqz52m3dxa5jp3dfgw4cB4PLnsw"}
[09-05|08:17:11.050] INFO local/blockchain.go:1534 added node as a subnet validator to subnet {"node-name": "node2", "node-ID": "NodeID-MFrZFVCXPv5iCn6M9K6XduxGTYp891xXZ", "subnet-ID": "2qCBYBymAdCag6uLRwj2jSFsfuKsQBoGWrH2xkvDVz86giGPpW", "tx-ID": "29Ay9U7sxtjQzAfusUtUvyeHRsoQ7RR8GknhRkzLEcVautkYhY"}
[09-05|08:17:12.052] INFO local/blockchain.go:1534 added node as a subnet validator to subnet {"node-name": "node3", "node-ID": "NodeID-NFBbbJ4qCmNaCzeW7sxErhvWqvEQMnYcN", "subnet-ID": "2qCBYBymAdCag6uLRwj2jSFsfuKsQBoGWrH2xkvDVz86giGPpW", "tx-ID": "2nRwEsyj1B2UNyiXeLvtfsJ98M3pFZnTWoGiNDCUfpX5rkKGTL"}
[09-05|08:17:13.054] INFO local/blockchain.go:1534 added node as a subnet validator to subnet {"node-name": "node4", "node-ID": "NodeID-GWPcbFJZFfZreETSoWjPimr846mXEKCtu", "subnet-ID": "2qCBYBymAdCag6uLRwj2jSFsfuKsQBoGWrH2xkvDVz86giGPpW", "tx-ID": "yjxgVACbGTM7XDLU7JXKudhREy8V225zeD5PViPheEu3woust"}
[09-05|08:17:14.057] INFO local/blockchain.go:1534 added node as a subnet validator to subnet {"node-name": "node5", "node-ID": "NodeID-P7oB2McjBGgW2NXXWVYjV8JEDFoW9xDE5", "subnet-ID": "2qCBYBymAdCag6uLRwj2jSFsfuKsQBoGWrH2xkvDVz86giGPpW", "tx-ID": "eksL1G6zjoQyGrY4JjvZzGZ81uKZf3iKTM95wmX1L3CpgAKjX"}
[09-05|08:17:15.060] INFO local/blockchain.go:1534 added node as a subnet validator to subnet {"node-name": "node1", "node-ID": "NodeID-7Xhw2mDxuDS44j42TCB6U5579esbSt3Lg", "subnet-ID": "2hKZdtWvgT3Vv61HmEGtrPDfhK3my453WCxihdZ9VABFx7Ymnn", "tx-ID": "2nmbjppXSGgReH9ZDGggqPFTjUH5VsaFxZJ4CfiF2nbzmHPXyW"}
[09-05|08:17:16.063] INFO local/blockchain.go:1534 added node as a subnet validator to subnet {"node-name": "node2", "node-ID": "NodeID-MFrZFVCXPv5iCn6M9K6XduxGTYp891xXZ", "subnet-ID": "2hKZdtWvgT3Vv61HmEGtrPDfhK3my453WCxihdZ9VABFx7Ymnn", "tx-ID": "8WjwFP5TWNa1UBvVeyxqg7ERKZjZpeuWFot6ch5JsmPCcMngR"}
[09-05|08:17:17.065] INFO local/blockchain.go:1534 added node as a subnet validator to subnet {"node-name": "node3", "node-ID": "NodeID-NFBbbJ4qCmNaCzeW7sxErhvWqvEQMnYcN", "subnet-ID": "2hKZdtWvgT3Vv61HmEGtrPDfhK3my453WCxihdZ9VABFx7Ymnn", "tx-ID": "2G5mReQtkXPZa5y6EAwaeBGEfU57haMtwCJ1qa3brs4z8RYdVb"}
[09-05|08:17:18.068] INFO local/blockchain.go:1534 added node as a subnet validator to subnet {"node-name": "node4", "node-ID": "NodeID-GWPcbFJZFfZreETSoWjPimr846mXEKCtu", "subnet-ID": "2hKZdtWvgT3Vv61HmEGtrPDfhK3my453WCxihdZ9VABFx7Ymnn", "tx-ID": "oSFkUAXZAPsQfxzedT7DEd6CF5i2bsW3GfHVdv8ZjGvyZ4jjK"}
[09-05|08:17:19.070] INFO local/blockchain.go:1534 added node as a subnet validator to subnet {"node-name": "node5", "node-ID": "NodeID-P7oB2McjBGgW2NXXWVYjV8JEDFoW9xDE5", "subnet-ID": "2hKZdtWvgT3Vv61HmEGtrPDfhK3my453WCxihdZ9VABFx7Ymnn", "tx-ID": "6RaXcgeVA58r7c1WPkhWTnQCd1LT1YzQ7NKgMGsBd9hGdizWa"}
[09-05|08:17:19.070] INFO local/blockchain.go:739 [0;34m[;1mrestarting network[0;0m[0;0m
[09-05|08:17:19.070] INFO local/blockchain.go:814 [0;32mrestarting node node1 to track subnets 2AKbBT8jFUfUsUJ2hhRiDUnAAajJdNhTKeNgEe3q77spMj1N8F,2KhsQJhH3VqS7WWMreodAAHpGfGCUNuGQDSaP2vUT29p1HELBV,2STpMLkdZQmgqYNoR4EvKLxx9n21sdMYCbmLqi3G6Rt4Ys8SBZ,2VoVDitz4SX5Q4QgPZ9Byw3yZoGjf6hCqJB3AGerQTELFhJTne,2XAE7zqeF6zXg49DToaKcmWNk82KP9XW2BaNSu4KJgrvDDADBi,2fzAQUaqigEnxFBshUwX9SFDQJWSpwkbeK9QChPBerY9rHpJAq,2hKZdtWvgT3Vv61HmEGtrPDfhK3my453WCxihdZ9VABFx7Ymnn,2qCBYBymAdCag6uLRwj2jSFsfuKsQBoGWrH2xkvDVz86giGPpW,2r4pr33uUBQxkxJkVnFQjGjVToQnpQa6CVD3j7WyKuwNa76JpV,MH6UtWKL5Lq9cKc65rahtLUUhdobY68YspyFrcquVEEgC4hUM[0;0m
[09-05|08:17:19.932] INFO local/network.go:620 adding node {"node-name": "node1", "node-dir": "/var/folders/2g/px5t4c492nqf5pn7y2_qs6xw0000gp/T/network-runner-root-data/network_20240905_081528/node1", "log-dir": "/var/folders/2g/px5t4c492nqf5pn7y2_qs6xw0000gp/T/network-runner-root-data/network_20240905_081528/node1/logs", "db-dir": "/var/folders/2g/px5t4c492nqf5pn7y2_qs6xw0000gp/T/network-runner-root-data/network_20240905_081528/node1/db", "p2p-port": 9651, "api-port": 9650}
[09-05|08:17:19.932] INFO local/blockchain.go:814 [0;32mrestarting node node2 to track subnets 2AKbBT8jFUfUsUJ2hhRiDUnAAajJdNhTKeNgEe3q77spMj1N8F,2KhsQJhH3VqS7WWMreodAAHpGfGCUNuGQDSaP2vUT29p1HELBV,2STpMLkdZQmgqYNoR4EvKLxx9n21sdMYCbmLqi3G6Rt4Ys8SBZ,2VoVDitz4SX5Q4QgPZ9Byw3yZoGjf6hCqJB3AGerQTELFhJTne,2XAE7zqeF6zXg49DToaKcmWNk82KP9XW2BaNSu4KJgrvDDADBi,2fzAQUaqigEnxFBshUwX9SFDQJWSpwkbeK9QChPBerY9rHpJAq,2hKZdtWvgT3Vv61HmEGtrPDfhK3my453WCxihdZ9VABFx7Ymnn,2qCBYBymAdCag6uLRwj2jSFsfuKsQBoGWrH2xkvDVz86giGPpW,2r4pr33uUBQxkxJkVnFQjGjVToQnpQa6CVD3j7WyKuwNa76JpV,MH6UtWKL5Lq9cKc65rahtLUUhdobY68YspyFrcquVEEgC4hUM[0;0m
[09-05|08:17:21.204] INFO local/network.go:620 adding node {"node-name": "node2", "node-dir": "/var/folders/2g/px5t4c492nqf5pn7y2_qs6xw0000gp/T/network-runner-root-data/network_20240905_081528/node2", "log-dir": "/var/folders/2g/px5t4c492nqf5pn7y2_qs6xw0000gp/T/network-runner-root-data/network_20240905_081528/node2/logs", "db-dir": "/var/folders/2g/px5t4c492nqf5pn7y2_qs6xw0000gp/T/network-runner-root-data/network_20240905_081528/node2/db", "p2p-port": 9653, "api-port": 9652}
[09-05|08:17:21.204] INFO local/blockchain.go:814 [0;32mrestarting node node3 to track subnets 2AKbBT8jFUfUsUJ2hhRiDUnAAajJdNhTKeNgEe3q77spMj1N8F,2KhsQJhH3VqS7WWMreodAAHpGfGCUNuGQDSaP2vUT29p1HELBV,2STpMLkdZQmgqYNoR4EvKLxx9n21sdMYCbmLqi3G6Rt4Ys8SBZ,2VoVDitz4SX5Q4QgPZ9Byw3yZoGjf6hCqJB3AGerQTELFhJTne,2XAE7zqeF6zXg49DToaKcmWNk82KP9XW2BaNSu4KJgrvDDADBi,2fzAQUaqigEnxFBshUwX9SFDQJWSpwkbeK9QChPBerY9rHpJAq,2hKZdtWvgT3Vv61HmEGtrPDfhK3my453WCxihdZ9VABFx7Ymnn,2qCBYBymAdCag6uLRwj2jSFsfuKsQBoGWrH2xkvDVz86giGPpW,2r4pr33uUBQxkxJkVnFQjGjVToQnpQa6CVD3j7WyKuwNa76JpV,MH6UtWKL5Lq9cKc65rahtLUUhdobY68YspyFrcquVEEgC4hUM[0;0m
[09-05|08:17:22.501] INFO local/network.go:620 adding node {"node-name": "node3", "node-dir": "/var/folders/2g/px5t4c492nqf5pn7y2_qs6xw0000gp/T/network-runner-root-data/network_20240905_081528/node3", "log-dir": "/var/folders/2g/px5t4c492nqf5pn7y2_qs6xw0000gp/T/network-runner-root-data/network_20240905_081528/node3/logs", "db-dir": "/var/folders/2g/px5t4c492nqf5pn7y2_qs6xw0000gp/T/network-runner-root-data/network_20240905_081528/node3/db", "p2p-port": 9655, "api-port": 9654}
[09-05|08:17:22.506] INFO local/blockchain.go:814 [0;32mrestarting node node4 to track subnets 2AKbBT8jFUfUsUJ2hhRiDUnAAajJdNhTKeNgEe3q77spMj1N8F,2KhsQJhH3VqS7WWMreodAAHpGfGCUNuGQDSaP2vUT29p1HELBV,2STpMLkdZQmgqYNoR4EvKLxx9n21sdMYCbmLqi3G6Rt4Ys8SBZ,2VoVDitz4SX5Q4QgPZ9Byw3yZoGjf6hCqJB3AGerQTELFhJTne,2XAE7zqeF6zXg49DToaKcmWNk82KP9XW2BaNSu4KJgrvDDADBi,2fzAQUaqigEnxFBshUwX9SFDQJWSpwkbeK9QChPBerY9rHpJAq,2hKZdtWvgT3Vv61HmEGtrPDfhK3my453WCxihdZ9VABFx7Ymnn,2qCBYBymAdCag6uLRwj2jSFsfuKsQBoGWrH2xkvDVz86giGPpW,2r4pr33uUBQxkxJkVnFQjGjVToQnpQa6CVD3j7WyKuwNa76JpV,MH6UtWKL5Lq9cKc65rahtLUUhdobY68YspyFrcquVEEgC4hUM[0;0m
[09-05|08:17:23.805] INFO local/network.go:620 adding node {"node-name": "node4", "node-dir": "/var/folders/2g/px5t4c492nqf5pn7y2_qs6xw0000gp/T/network-runner-root-data/network_20240905_081528/node4", "log-dir": "/var/folders/2g/px5t4c492nqf5pn7y2_qs6xw0000gp/T/network-runner-root-data/network_20240905_081528/node4/logs", "db-dir": "/var/folders/2g/px5t4c492nqf5pn7y2_qs6xw0000gp/T/network-runner-root-data/network_20240905_081528/node4/db", "p2p-port": 9657, "api-port": 9656}
[09-05|08:17:23.806] INFO local/blockchain.go:814 [0;32mrestarting node node5 to track subnets 2AKbBT8jFUfUsUJ2hhRiDUnAAajJdNhTKeNgEe3q77spMj1N8F,2KhsQJhH3VqS7WWMreodAAHpGfGCUNuGQDSaP2vUT29p1HELBV,2STpMLkdZQmgqYNoR4EvKLxx9n21sdMYCbmLqi3G6Rt4Ys8SBZ,2VoVDitz4SX5Q4QgPZ9Byw3yZoGjf6hCqJB3AGerQTELFhJTne,2XAE7zqeF6zXg49DToaKcmWNk82KP9XW2BaNSu4KJgrvDDADBi,2fzAQUaqigEnxFBshUwX9SFDQJWSpwkbeK9QChPBerY9rHpJAq,2hKZdtWvgT3Vv61HmEGtrPDfhK3my453WCxihdZ9VABFx7Ymnn,2qCBYBymAdCag6uLRwj2jSFsfuKsQBoGWrH2xkvDVz86giGPpW,2r4pr33uUBQxkxJkVnFQjGjVToQnpQa6CVD3j7WyKuwNa76JpV,MH6UtWKL5Lq9cKc65rahtLUUhdobY68YspyFrcquVEEgC4hUM[0;0m
[09-05|08:17:25.110] INFO local/network.go:620 adding node {"node-name": "node5", "node-dir": "/var/folders/2g/px5t4c492nqf5pn7y2_qs6xw0000gp/T/network-runner-root-data/network_20240905_081528/node5", "log-dir": "/var/folders/2g/px5t4c492nqf5pn7y2_qs6xw0000gp/T/network-runner-root-data/network_20240905_081528/node5/logs", "db-dir": "/var/folders/2g/px5t4c492nqf5pn7y2_qs6xw0000gp/T/network-runner-root-data/network_20240905_081528/node5/db", "p2p-port": 9659, "api-port": 9658}
[09-05|08:17:25.110] INFO local/network.go:668 checking local network healthiness {"num-of-nodes": 5}
[09-05|08:17:34.126] INFO local/blockchain.go:1589 [0;32mwaiting for the nodes to become subnet validators[0;0m
[09-05|08:17:34.132] INFO ux/output.go:13 [0;34m[;1mwaiting for all nodes to report healthy...[0;0m[0;0m
[09-05|08:17:34.132] INFO local/network.go:668 checking local network healthiness {"num-of-nodes": 5}
[09-05|08:17:34.142] INFO ux/output.go:13 [0;32m[;1mfinished adding subnets[0;0m[0;0m
[09-05|08:17:59.579] INFO local/network.go:793 done stopping network
