#
# A fatal error has been detected by the Java Runtime Environment:
#
#  EXCEPTION_ACCESS_VIOLATION (0xc0000005) at pc=0x00007ffcfb183004, pid=30912, tid=20828
#
# JRE version: OpenJDK Runtime Environment (24.0+36) (build 24+36-3646)
# Java VM: OpenJDK 64-Bit Server VM (24+36-3646, mixed mode, emulated-client, sharing, tiered, compressed oops, compressed class ptrs, g1 gc, windows-amd64)
# Problematic frame:
# C  [libasyncProfiler.dll+0x93004]
#
# No core dump will be written. Minidumps are not enabled by default on client versions of Windows
#
# If you would like to submit a bug report, please visit:
#   https://bugreport.java.com/bugreport/crash.jsp
# The crash happened outside the Java Virtual Machine in native code.
# See problematic frame for where to report the bug.
#

---------------  S U M M A R Y ------------

Command Line: -agentlib:jdwp=transport=dt_socket,address=127.0.0.1:60884,suspend=y,server=n -agentpath:C:\Users\hello\AppData\Local\Temp\idea_libasyncProfiler_dll_temp_folder11\libasyncProfiler.dll=version,jfr,event=wall,interval=10ms,cstack=no,file=C:\Users\hello\IdeaSnapshots\MfsChainApplication_2025_04_18_160734.jfr,dbghelppath=C:\Users\hello\AppData\Local\Temp\idea_dbghelp_dll_temp_folder\dbghelp.dll,log=C:\Users\hello\AppData\Local\Temp\MfsChainApplication_2025_04_18_160734.jfr.log.txt,logLevel=DEBUG -XX:TieredStopAtLevel=1 -Dspring.output.ansi.enabled=always -Dcom.sun.management.jmxremote -Dspring.jmx.enabled=true -Dspring.liveBeansView.mbeanDomain -Dspring.application.admin.enabled=true -Dmanagement.endpoints.jmx.exposure.include=* -javaagent:C:\Users\hello\AppData\Local\JetBrains\IntelliJIdea2024.3\captureAgent\debugger-agent.jar -Dkotlinx.coroutines.debug.enable.creation.stack.trace=false -Ddebugger.agent.enable.coroutines=true -Dkotlinx.coroutines.debug.enable.flows.stack.trace=true -Dkotlinx.coroutines.debug.enable.mutable.state.flows.stack.trace=true -Dfile.encoding=UTF-8 -Dsun.stdout.encoding=UTF-8 -Dsun.stderr.encoding=UTF-8 com.example.mfschain.MfsChainApplication

Host: Intel(R) Core(TM) i7-10870H CPU @ 2.20GHz, 16 cores, 15G,  Windows 11 , 64 bit Build 26100 (10.0.26100.3775)
Time: Fri Apr 18 16:09:07 2025  Windows 11 , 64 bit Build 26100 (10.0.26100.3775) elapsed time: 93.233809 seconds (0d 0h 1m 33s)

---------------  T H R E A D  ---------------

Current thread (0x0000028c75953070):  JavaThread "Attach Listener" daemon [_thread_in_native, id=20828, stack(0x000000b9fa400000,0x000000b9fa500000) (1024K)]

Stack: [0x000000b9fa400000,0x000000b9fa500000],  sp=0x000000b9fa4fee20,  free space=1019k
Native frames: (J=compiled Java code, j=interpreted, Vv=VM code, C=native code)
C  [libasyncProfiler.dll+0x93004]  (no source info available)
C  [libasyncProfiler.dll+0x934db]  (no source info available)
C  [libasyncProfiler.dll+0x92134]  (no source info available)
C  [libasyncProfiler.dll+0x929aa]  (no source info available)
C  [libasyncProfiler.dll+0x8d561]  (no source info available)
C  [libasyncProfiler.dll+0x7ef21]  (no source info available)
C  [libasyncProfiler.dll+0x7dc38]  (no source info available)
C  [libasyncProfiler.dll+0x7db20]  (no source info available)
C  [libasyncProfiler.dll+0x84af9]  (no source info available)
V  [jvm.dll+0x57f1b7]  (no source info available)
V  [jvm.dll+0x57ff2c]  (no source info available)
V  [jvm.dll+0x14c9b7]  (no source info available)
V  [jvm.dll+0x14df81]  (no source info available)
V  [jvm.dll+0x42f566]  (no source info available)
V  [jvm.dll+0x87d8fb]  (no source info available)
V  [jvm.dll+0x72efe5]  (no source info available)
C  [ucrtbase.dll+0x37b0]  (no source info available)
C  [KERNEL32.DLL+0x2e8d7]  (no source info available)
C  [ntdll.dll+0xb14fc]  (no source info available)


siginfo: EXCEPTION_ACCESS_VIOLATION (0xc0000005), reading address 0xffffffffffffffff


Registers:
RAX=0x0000000000000010, RBX=0x0000000000000000, RCX=0xffffffffffffffff, RDX=0x007ffd0aef2ff010
RSP=0x000000b9fa4fee20, RBP=0x0000028c516c2f60, RSI=0x000000b9fa4fef90, RDI=0x0000028c516c2f60
R8 =0x0000000000000042, R9 =0x0000000703e01858, R10=0x00007ffd0b169fc0, R11=0x0000000000000050
R12=0x000000b9fa4fef90, R13=0x0000028c75ceb1c0, R14=0x0000028c75953438, R15=0x0000028c75953438
RIP=0x00007ffcfb183004, EFLAGS=0x0000000000010202

XMM[0]=0x0000000000000000 0x0000000000000000
XMM[1]=0x0000000000000000 0x0000000000000000
XMM[2]=0x0000000000000000 0x0000000000000000
XMM[3]=0x0000000000000000 0x0000000000000000
XMM[4]=0x0000000000000000 0x0000000000000000
XMM[5]=0x0000000000000000 0x0000000000000000
XMM[6]=0x0000000000000000 0x0000000000000000
XMM[7]=0x0000000000000000 0x0000000000000000
XMM[8]=0x0000000000000000 0x0000000000000000
XMM[9]=0x0000000000000000 0x0000000000000000
XMM[10]=0x0000000000000000 0x0000000000000000
XMM[11]=0x0000000000000000 0x0000000000000000
XMM[12]=0x0000000000000000 0x0000000000000000
XMM[13]=0x0000000000000000 0x0000000000000000
XMM[14]=0x0000000000000000 0x0000000000000000
XMM[15]=0x0000000000000000 0x0000000000000000
  MXCSR=0x00001fa0


Register to memory mapping:

RAX=0x0000000000000010 is an unknown value
RBX=0x0 is null
RCX=0xffffffffffffffff is an unknown value
RDX=0x007ffd0aef2ff010 is an unknown value
RSP=0x000000b9fa4fee20 is pointing into the stack for thread: 0x0000028c75953070
RBP=0x0000028c516c2f60 points into unknown readable memory: 0x0000000703e01858 | 58 18 e0 03 07 00 00 00
RSI=0x000000b9fa4fef90 is pointing into the stack for thread: 0x0000028c75953070
RDI=0x0000028c516c2f60 points into unknown readable memory: 0x0000000703e01858 | 58 18 e0 03 07 00 00 00
R8 =0x0000000000000042 is an unknown value
R9 =0x0000000703e01858 is an oop: java.lang.ref.Reference$ReferenceHandler 
{0x0000000703e01858} - klass: 'java/lang/ref/Reference$ReferenceHandler' - flags: 

 - ---- fields (total size 14 words):
 - 'threadLocalRandomProbe' 'I' @12  0 (0x00000000)
 - private volatile 'eetop' 'J' @16  2802291339264 (0x0000028c75947000)
 - private final 'tid' 'J' @24  15 (0x000000000000000f)
 - 'threadLocalRandomSeed' 'J' @32  0 (0x0000000000000000)
 - injected 'jvmti_thread_state' 'J' @40  2800496865440 (0x0000028c0a9ef0a0)
 - 'threadLocalRandomSecondarySeed' 'I' @48  0 (0x00000000)
 - injected 'jvmti_VTMS_transition_disable_count' 'I' @52  0 (0x00000000)
 - injected 'jfr_epoch' 'S' @56  0 (0x0000)
 - volatile 'interrupted' 'Z' @58  false (0x00)
 - injected 'jvmti_is_in_VTMS_transition' 'Z' @59  false (0x00)
 - private volatile 'name' 'Ljava/lang/String;' @60  "Reference Handler"{0x00000007040c4a10} (0xe0818942)
 - private volatile 'contextClassLoader' 'Ljava/lang/ClassLoader;' @64  null (0x00000000)
 - private final 'holder' 'Ljava/lang/Thread$FieldHolder;' @68  a 'java/lang/Thread$FieldHolder'{0x0000000704938c00} (0xe0927180)
 - 'threadLocals' 'Ljava/lang/ThreadLocal$ThreadLocalMap;' @72  null (0x00000000)
 - 'inheritableThreadLocals' 'Ljava/lang/ThreadLocal$ThreadLocalMap;' @76  null (0x00000000)
 - private 'scopedValueBindings' 'Ljava/lang/Object;' @80  a 'java/lang/Class'{0x0000000703e03758} = 'java/lang/Thread' (0xe07c06eb)
 - final 'interruptLock' 'Ljava/lang/Object;' @84  a 'java/lang/Object'{0x0000000704938bf0} (0xe092717e)
 - private volatile 'parkBlocker' 'Ljava/lang/Object;' @88  null (0x00000000)
 - private 'nioBlocker' 'Lsun/nio/ch/Interruptible;' @92  null (0x00000000)
 - private 'cont' 'Ljdk/internal/vm/Continuation;' @96  null (0x00000000)
 - private volatile 'uncaughtExceptionHandler' 'Ljava/lang/Thread$UncaughtExceptionHandler;' @100  null (0x00000000)
 - private 'container' 'Ljdk/internal/vm/ThreadContainer;' @104  null (0x00000000)
 - private volatile 'headStackableScopes' 'Ljdk/internal/vm/StackableScope;' @108  null (0x00000000)
R10=0x00007ffd0b169fc0 jvm.dll
R11=0x0000000000000050 is an unknown value
R12=0x000000b9fa4fef90 is pointing into the stack for thread: 0x0000028c75953070
R13=0x0000028c75ceb1c0 points into unknown readable memory: 0x00007ffd0b0da510 | 10 a5 0d 0b fd 7f 00 00
R14=0x0000028c75953438 points into unknown readable memory: 0x00007ffd0b0d17b0 | b0 17 0d 0b fd 7f 00 00
R15=0x0000028c75953438 points into unknown readable memory: 0x00007ffd0b0d17b0 | b0 17 0d 0b fd 7f 00 00

Top of Stack: (sp=0x000000b9fa4fee20)
0x000000b9fa4fee20:   000000b9fa4fef90 0000028c516c2f60   ..O.....`/lQ....
0x000000b9fa4fee30:   0000000000000000 0000028c759537c0   .........7.u....
0x000000b9fa4fee40:   000000000000003f 00007ffcfb1834db   ?........4......
0x000000b9fa4fee50:   0000000000000000 0000028c75953438   ........84.u....
0x000000b9fa4fee60:   000000b9fa4fef01 0000000000000000   ..O.............
0x000000b9fa4fee70:   0000028c5494f4f0 00007ffcfb182134   ...T....4!......
0x000000b9fa4fee80:   0000000000000000 000000000000003f   ........?.......
0x000000b9fa4fee90:   0000000000000000 000000000000003f   ........?.......
0x000000b9fa4feea0:   0000002375d03f78 0000028c5b18e940   x?.u#...@..[....
0x000000b9fa4feeb0:   0000028c5494f4f0 0000028c5494f5ec   ...T.......T....
0x000000b9fa4feec0:   0000028c5494f5ec 0000000000005b08   ...T.....[......
0x000000b9fa4feed0:   0000000000000000 0000000000000000   ................
0x000000b9fa4feee0:   0000000000000000 00007ffd0a9358e4   .........X......
0x000000b9fa4feef0:   00007ffcfb2dae00 00000000000078c0   ..-......x......
0x000000b9fa4fef00:   00007ffcfb2dae00 00000000ffffffff   ..-.............
0x000000b9fa4fef10:   0000000000000000 00007ffcfb1829aa   .........)......
0x000000b9fa4fef20:   0000028c75953438 0000000000000000   84.u............
0x000000b9fa4fef30:   000000b9fa4fef99 0000028c75ceb1c0   ..O........u....
0x000000b9fa4fef40:   00007ffd00006306 0000000000000000   .c..............
0x000000b9fa4fef50:   0000000000000000 00007ffd893ee1a9   ..........>.....
0x000000b9fa4fef60:   0000028c75953438 00007ffcfb2dae00   84.u......-.....
0x000000b9fa4fef70:   0000000000000000 00007ffcfb21bc53   ........S.!.....
0x000000b9fa4fef80:   0000000000000000 0000028c75953438   ........84.u....
0x000000b9fa4fef90:   0000028c5b00b7c0 0000028c5b00bfa0   ...[.......[....
0x000000b9fa4fefa0:   0000028c5b00bfa0 00007ffcfb2dae00   ...[......-.....
0x000000b9fa4fefb0:   0000028c75d03f78 000000b9fa4ff128   x?.u....(.O.....
0x000000b9fa4fefc0:   000000b9fa4ff260 0000000000008840   `.O.....@.......
0x000000b9fa4fefd0:   000000b9fa4ff440 00007ffcfb2dae50   @.O.....P.-.....
0x000000b9fa4fefe0:   0000000000989680 0000000000989680   ................
0x000000b9fa4feff0:   000000b9fa4ff100 00007ffcfb17d561   ..O.....a.......
0x000000b9fa4ff000:   00007ffcfb2dae00 00007ffcfb2dae58   ..-.....X.-.....
0x000000b9fa4ff010:   00007ffc00000000 003f105100000001   ............Q.?.

Instructions: (pc=0x00007ffcfb183004)
  0x00007ffcfb182f04:   cc cc cc cc cc cc cc cc cc cc cc cc cc cc cc cc
  0x00007ffcfb182f14:   cc cc cc cc cc cc cc cc cc cc cc cc cc cc cc cc
  0x00007ffcfb182f24:   cc cc cc cc cc cc cc cc cc cc cc cc cc cc cc cc
  0x00007ffcfb182f34:   cc cc cc cc cc cc cc cc cc cc cc cc cc cc cc cc
  0x00007ffcfb182f44:   cc cc cc cc cc cc cc cc cc cc cc cc cc cc cc cc
  0x00007ffcfb182f54:   cc cc cc cc cc cc cc cc cc cc cc cc cc cc cc cc
  0x00007ffcfb182f64:   cc cc cc cc cc cc cc cc cc cc cc cc cc cc cc cc
  0x00007ffcfb182f74:   cc cc cc cc cc cc cc cc cc cc cc cc cc cc cc cc
  0x00007ffcfb182f84:   cc cc cc cc cc cc cc cc cc cc cc cc 40 57 48 83
  0x00007ffcfb182f94:   ec 20 48 8b f9 48 8b 0d 30 80 15 00 48 85 c9 74
  0x00007ffcfb182fa4:   20 48 8b 01 48 8d 54 24 38 41 b8 06 00 01 00 4c
  0x00007ffcfb182fb4:   8b 48 30 41 ff d1 85 c0 75 07 48 8b 4c 24 38 eb
  0x00007ffcfb182fc4:   02 33 c9 4c 8b 05 0a 81 15 00 48 89 5c 24 30 4d
  0x00007ffcfb182fd4:   85 c0 74 4a 48 8b 01 48 8b d7 4c 8b 88 28 03 00
  0x00007ffcfb182fe4:   00 41 ff d1 48 85 c0 74 35 48 63 0d b8 3d 15 00
  0x00007ffcfb182ff4:   48 8b 14 01 48 85 d2 74 15 48 63 05 bc 3d 15 00
=>0x00007ffcfb183004:   8b 04 10 48 8b 5c 24 30 48 83 c4 20 5f c3 b8 ff
  0x00007ffcfb183014:   ff ff ff 48 8b 5c 24 30 48 83 c4 20 5f c3 80 3d
  0x00007ffcfb183024:   bb 7f 15 00 00 bb ff ff ff ff 74 20 4c 8b 0d 51
  0x00007ffcfb183034:   7c 15 00 4c 8d 44 24 38 48 8b 0d 35 7c 15 00 48
  0x00007ffcfb183044:   8b d7 41 ff d1 85 c0 0f 44 5c 24 38 8b c3 48 8b
  0x00007ffcfb183054:   5c 24 30 48 83 c4 20 5f c3 cc cc cc cc cc cc cc
  0x00007ffcfb183064:   cc cc cc cc cc cc cc cc cc cc cc cc cc cc cc cc
  0x00007ffcfb183074:   cc cc cc cc cc cc cc cc cc cc cc cc cc cc cc cc
  0x00007ffcfb183084:   cc cc cc cc cc cc cc cc cc cc cc cc 48 89 54 24
  0x00007ffcfb183094:   10 53 55 56 57 41 56 41 57 48 83 ec 28 48 8b f2
  0x00007ffcfb1830a4:   4c 8b f1 48 89 4c 24 78 45 33 ff 44 89 7c 24 68
  0x00007ffcfb1830b4:   c7 44 24 60 01 00 00 00 48 8d 4c 24 68 e8 69 3c
  0x00007ffcfb1830c4:   f7 ff 8b d8 48 8d 4c 24 60 e8 5d 3c f7 ff 8b e8
  0x00007ffcfb1830d4:   49 8b ce e8 33 f3 f6 ff 48 8b f8 90 8b c3 f0 0f
  0x00007ffcfb1830e4:   b1 2f 74 04 f3 90 eb f4 4c 89 3e 4c 89 7e 08 4c
  0x00007ffcfb1830f4:   89 7e 10 49 8b 6e 08 4d 8b 76 10 49 3b ee 0f 84


Stack slot to memory mapping:

stack at sp + 0 slots: 0x000000b9fa4fef90 is pointing into the stack for thread: 0x0000028c75953070
stack at sp + 1 slots: 0x0000028c516c2f60 points into unknown readable memory: 0x0000000703e01858 | 58 18 e0 03 07 00 00 00
stack at sp + 2 slots: 0x0 is null
stack at sp + 3 slots: 0x0000028c759537c0 points into unknown readable memory: 0x6e616c2e6176616a | 6a 61 76 61 2e 6c 61 6e
stack at sp + 4 slots: 0x000000000000003f is an unknown value
stack at sp + 5 slots: 0x00007ffcfb1834db libasyncProfiler.dll
stack at sp + 6 slots: 0x0 is null
stack at sp + 7 slots: 0x0000028c75953438 points into unknown readable memory: 0x00007ffd0b0d17b0 | b0 17 0d 0b fd 7f 00 00

Lock stack of current Java thread (top to bottom):


---------------  P R O C E S S  ---------------

Threads class SMR info:
_java_thread_list=0x0000028c55ee97e0, length=38, elements={
0x0000028c75947000, 0x0000028c75947940, 0x0000028c759522c0, 0x0000028c75953070,
0x0000028c75956f50, 0x0000028c0a8a5f60, 0x0000028c7595d4d0, 0x0000028c0a921660,
0x0000028c0aa41740, 0x0000028c0aa6be50, 0x0000028c0aa6e9c0, 0x0000028c0ab20e80,
0x0000028c50f9ad00, 0x0000028c51546dd0, 0x0000028c51549260, 0x0000028c5396fff0,
0x0000028c53970e90, 0x0000028c537287a0, 0x0000028c53cbd250, 0x0000028c546cb1c0,
0x0000028c5b1b5700, 0x0000028c5b1b7b90, 0x0000028c5b1b82e0, 0x0000028c5b1b6cf0,
0x0000028c5b1bbd60, 0x0000028c5b1ba770, 0x0000028c5b1b8a30, 0x0000028c5b1bb610,
0x0000028c5b1baec0, 0x0000028c5b1bc4b0, 0x0000028c5b1bcc00, 0x0000028c5b1b98d0,
0x0000028c5b1bd350, 0x0000028c5b1ba020, 0x0000028c5b1bff30, 0x0000028c5b1be1f0,
0x0000028c5b632c60, 0x0000028c5b633b00
}

Java Threads: ( => current thread )
  0x0000028c75947000 JavaThread "Reference Handler"          daemon [_thread_blocked, id=43984, stack(0x000000b9fa100000,0x000000b9fa200000) (1024K)]
  0x0000028c75947940 JavaThread "Finalizer"                  daemon [_thread_blocked, id=42224, stack(0x000000b9fa200000,0x000000b9fa300000) (1024K)]
  0x0000028c759522c0 JavaThread "Signal Dispatcher"          daemon [_thread_blocked, id=40704, stack(0x000000b9fa300000,0x000000b9fa400000) (1024K)]
=>0x0000028c75953070 JavaThread "Attach Listener"            daemon [_thread_in_native, id=20828, stack(0x000000b9fa400000,0x000000b9fa500000) (1024K)]
  0x0000028c75956f50 JavaThread "Service Thread"             daemon [_thread_blocked, id=43604, stack(0x000000b9fa500000,0x000000b9fa600000) (1024K)]
  0x0000028c0a8a5f60 JavaThread "Monitor Deflation Thread"   daemon [_thread_blocked, id=39096, stack(0x000000b9fa600000,0x000000b9fa700000) (1024K)]
  0x0000028c7595d4d0 JavaThread "C1 CompilerThread0"         daemon [_thread_blocked, id=42816, stack(0x000000b9fa700000,0x000000b9fa800000) (1024K)]
  0x0000028c0a921660 JavaThread "Common-Cleaner"             daemon [_thread_blocked, id=42024, stack(0x000000b9fa900000,0x000000b9faa00000) (1024K)]
  0x0000028c0aa41740 JavaThread "JDWP Transport Listener: dt_socket" daemon [_thread_blocked, id=14232, stack(0x000000b9fab00000,0x000000b9fac00000) (1024K)]
  0x0000028c0aa6be50 JavaThread "JDWP Event Helper Thread"   daemon [_thread_blocked, id=7380, stack(0x000000b9fac00000,0x000000b9fad00000) (1024K)]
  0x0000028c0aa6e9c0 JavaThread "JDWP Command Reader"        daemon [_thread_in_native, id=43388, stack(0x000000b9fad00000,0x000000b9fae00000) (1024K)]
  0x0000028c0ab20e80 JavaThread "Notification Thread"        daemon [_thread_blocked, id=20836, stack(0x000000b9fae00000,0x000000b9faf00000) (1024K)]
  0x0000028c50f9ad00 JavaThread "RMI TCP Accept-0"           daemon [_thread_in_native, id=15132, stack(0x000000b9fb000000,0x000000b9fb100000) (1024K)]
  0x0000028c51546dd0 JavaThread "RMI TCP Connection(idle)"   daemon [_thread_blocked, id=43756, stack(0x000000b9fbd00000,0x000000b9fbe00000) (1024K)]
  0x0000028c51549260 JavaThread "RMI Scheduler(0)"           daemon [_thread_blocked, id=23456, stack(0x000000b9fbe00000,0x000000b9fbf00000) (1024K)]
  0x0000028c5396fff0 JavaThread "Catalina-utility-1"                [_thread_blocked, id=43704, stack(0x000000b9fbf00000,0x000000b9fc000000) (1024K)]
  0x0000028c53970e90 JavaThread "Catalina-utility-2"                [_thread_blocked, id=28924, stack(0x000000b9fc600000,0x000000b9fc700000) (1024K)]
  0x0000028c537287a0 JavaThread "container-0"                       [_thread_blocked, id=44004, stack(0x000000b9fc700000,0x000000b9fc800000) (1024K)]
  0x0000028c53cbd250 JavaThread "Abandoned connection cleanup thread" daemon [_thread_blocked, id=26396, stack(0x000000b9fc800000,0x000000b9fc900000) (1024K)]
  0x0000028c546cb1c0 JavaThread "HikariPool-1 housekeeper"   daemon [_thread_blocked, id=29024, stack(0x000000b9fca00000,0x000000b9fcb00000) (1024K)]
  0x0000028c5b1b5700 JavaThread "http-nio-8080-exec-1"       daemon [_thread_blocked, id=41548, stack(0x000000b9fcc00000,0x000000b9fcd00000) (1024K)]
  0x0000028c5b1b7b90 JavaThread "http-nio-8080-exec-2"       daemon [_thread_blocked, id=28988, stack(0x000000b9fcd00000,0x000000b9fce00000) (1024K)]
  0x0000028c5b1b82e0 JavaThread "http-nio-8080-exec-3"       daemon [_thread_blocked, id=13424, stack(0x000000b9fce00000,0x000000b9fcf00000) (1024K)]
  0x0000028c5b1b6cf0 JavaThread "http-nio-8080-exec-4"       daemon [_thread_blocked, id=35904, stack(0x000000b9fcf00000,0x000000b9fd000000) (1024K)]
  0x0000028c5b1bbd60 JavaThread "http-nio-8080-exec-5"       daemon [_thread_blocked, id=7932, stack(0x000000b9fd000000,0x000000b9fd100000) (1024K)]
  0x0000028c5b1ba770 JavaThread "http-nio-8080-exec-6"       daemon [_thread_blocked, id=35684, stack(0x000000b9fd100000,0x000000b9fd200000) (1024K)]
  0x0000028c5b1b8a30 JavaThread "http-nio-8080-exec-7"       daemon [_thread_blocked, id=34544, stack(0x000000b9fd200000,0x000000b9fd300000) (1024K)]
  0x0000028c5b1bb610 JavaThread "http-nio-8080-exec-8"       daemon [_thread_blocked, id=43860, stack(0x000000b9fd300000,0x000000b9fd400000) (1024K)]
  0x0000028c5b1baec0 JavaThread "http-nio-8080-exec-9"       daemon [_thread_blocked, id=14976, stack(0x000000b9fd400000,0x000000b9fd500000) (1024K)]
  0x0000028c5b1bc4b0 JavaThread "http-nio-8080-exec-10"      daemon [_thread_blocked, id=41484, stack(0x000000b9fd500000,0x000000b9fd600000) (1024K)]
  0x0000028c5b1bcc00 JavaThread "http-nio-8080-Poller"       daemon [_thread_in_native, id=21132, stack(0x000000b9fd600000,0x000000b9fd700000) (1024K)]
  0x0000028c5b1b98d0 JavaThread "http-nio-8080-Acceptor"     daemon [_thread_in_native, id=15236, stack(0x000000b9fd700000,0x000000b9fd800000) (1024K)]
  0x0000028c5b1bd350 JavaThread "DestroyJavaVM"                     [_thread_blocked, id=29484, stack(0x000000b9f9900000,0x000000b9f9a00000) (1024K)]
  0x0000028c5b1ba020 JavaThread "RMI TCP Connection(idle)"   daemon [_thread_blocked, id=12264, stack(0x000000b9fd800000,0x000000b9fd900000) (1024K)]
  0x0000028c5b1bff30 JavaThread "RMI TCP Connection(idle)"   daemon [_thread_blocked, id=40072, stack(0x000000b9fda00000,0x000000b9fdb00000) (1024K)]
  0x0000028c5b1be1f0 JavaThread "RMI TCP Connection(idle)"   daemon [_thread_blocked, id=30396, stack(0x000000b9fdd00000,0x000000b9fde00000) (1024K)]
  0x0000028c5b632c60 JavaThread "WebSocket background processing" daemon [_thread_blocked, id=22852, stack(0x000000b9fc000000,0x000000b9fc100000) (1024K)]
  0x0000028c5b633b00 JavaThread "RMI TCP Connection(idle)"   daemon [_thread_blocked, id=23304, stack(0x000000b9f9600000,0x000000b9f9700000) (1024K)]
Total: 38

Other Threads:
  0x0000028c75931350 VMThread "VM Thread"                           [id=42184, stack(0x000000b9fa000000,0x000000b9fa100000) (1024K)]
  0x0000028c75918b40 WatcherThread "VM Periodic Task Thread"        [id=43460, stack(0x000000b9f9f00000,0x000000b9fa000000) (1024K)]
  0x0000028c75831390 WorkerThread "GC Thread#0"                     [id=42460, stack(0x000000b9f9a00000,0x000000b9f9b00000) (1024K)]
  0x0000028c51522f00 WorkerThread "GC Thread#1"                     [id=42956, stack(0x000000b9fb100000,0x000000b9fb200000) (1024K)]
  0x0000028c514a5b00 WorkerThread "GC Thread#2"                     [id=27116, stack(0x000000b9fb200000,0x000000b9fb300000) (1024K)]
  0x0000028c51620870 WorkerThread "GC Thread#3"                     [id=8276, stack(0x000000b9fb300000,0x000000b9fb400000) (1024K)]
  0x0000028c515e8460 WorkerThread "GC Thread#4"                     [id=43164, stack(0x000000b9fb400000,0x000000b9fb500000) (1024K)]
  0x0000028c517001f0 WorkerThread "GC Thread#5"                     [id=43632, stack(0x000000b9fb500000,0x000000b9fb600000) (1024K)]
  0x0000028c517005a0 WorkerThread "GC Thread#6"                     [id=43464, stack(0x000000b9fb600000,0x000000b9fb700000) (1024K)]
  0x0000028c51700950 WorkerThread "GC Thread#7"                     [id=22344, stack(0x000000b9fb700000,0x000000b9fb800000) (1024K)]
  0x0000028c516ffe40 WorkerThread "GC Thread#8"                     [id=29064, stack(0x000000b9fb800000,0x000000b9fb900000) (1024K)]
  0x0000028c51756c00 WorkerThread "GC Thread#9"                     [id=7936, stack(0x000000b9fb900000,0x000000b9fba00000) (1024K)]
  0x0000028c51756fb0 WorkerThread "GC Thread#10"                    [id=43384, stack(0x000000b9fba00000,0x000000b9fbb00000) (1024K)]
  0x0000028c51757360 WorkerThread "GC Thread#11"                    [id=43444, stack(0x000000b9fbb00000,0x000000b9fbc00000) (1024K)]
  0x0000028c51757ac0 WorkerThread "GC Thread#12"                    [id=10968, stack(0x000000b9fbc00000,0x000000b9fbd00000) (1024K)]
  0x0000028c75d9b260 ConcurrentGCThread "G1 Main Marker"            [id=3200, stack(0x000000b9f9b00000,0x000000b9f9c00000) (1024K)]
  0x0000028c75d9c1c0 WorkerThread "G1 Conc#0"                       [id=10488, stack(0x000000b9f9c00000,0x000000b9f9d00000) (1024K)]
  0x0000028c51759fa0 WorkerThread "G1 Conc#1"                       [id=36140, stack(0x000000b9fc400000,0x000000b9fc500000) (1024K)]
  0x0000028c51758220 WorkerThread "G1 Conc#2"                       [id=20700, stack(0x000000b9fc500000,0x000000b9fc600000) (1024K)]
  0x0000028c758fd960 ConcurrentGCThread "G1 Refine#0"               [id=13788, stack(0x000000b9f9d00000,0x000000b9f9e00000) (1024K)]
  0x0000028c758fe3f0 ConcurrentGCThread "G1 Service"                [id=44024, stack(0x000000b9f9e00000,0x000000b9f9f00000) (1024K)]
Total: 21

Threads with active compile tasks:
Total: 0

VM state: not at safepoint (normal execution)

VM Mutex/Monitor currently owned by a thread: None

Heap address: 0x0000000703a00000, size: 4038 MB, Compressed Oops mode: Zero based, Oop shift amount: 3

CDS archive(s) mapped at: [0x0000028c0b000000-0x0000028c0bd40000-0x0000028c0bd40000), size 13893632, SharedBaseAddress: 0x0000028c0b000000, ArchiveRelocationMode: 1.
Compressed class space mapped at: 0x0000028c0c000000-0x0000028c4c000000, reserved size: 1073741824
UseCompressedClassPointers 1, UseCompactObjectHeaders 0
Narrow klass pointer bits 32, Max shift 3
Narrow klass base: 0x0000028c0b000000, Narrow klass shift: 0
Encoding Range: [0x0000028c0b000000 - 0x0000028d0b000000), (4294967296 bytes)
Klass Range:    [0x0000028c0b000000 - 0x0000028c4c000000), (1090519040 bytes)
Klass ID Range:  [8 - 1090519033) (1090519025)

GC Precious Log:
 CardTable entry size: 512
 Card Set container configuration: InlinePtr #cards 4 size 8 Array Of Cards #cards 16 size 48 Howl #buckets 8 coarsen threshold 3686 Howl Bitmap #cards 512 size 80 coarsen threshold 460 Card regions per heap region 1 cards per card region 4096
 CPUs: 16 total, 16 available
 Memory: 16144M
 Large Page Support: Disabled
 NUMA Support: Disabled
 Compressed Oops: Enabled (Zero based)
 Heap Region Size: 2M
 Heap Min Capacity: 8M
 Heap Initial Capacity: 254M
 Heap Max Capacity: 4038M
 Pre-touch: Disabled
 Parallel Workers: 13
 Concurrent Workers: 3
 Concurrent Refinement Workers: 13
 Periodic GC: Disabled

Heap:
 garbage-first heap   total reserved 4134912K, committed 98304K, used 54125K [0x0000000703a00000, 0x0000000800000000)
  region size 2048K, 9 young (18432K), 2 survivors (4096K)
 Metaspace       used 82836K, committed 83584K, reserved 1179648K
  class space    used 9566K, committed 9856K, reserved 1048576K

Heap Regions: E=young(eden), S=young(survivor), O=old, HS=humongous(starts), HC=humongous(continues), CS=collection set, F=free, TAMS=top-at-mark-start, PB=parsable bottom
|   0|0x0000000703a00000, 0x0000000703c00000, 0x0000000703c00000|100%| O|  |TAMS 0x0000000703a00000| PB 0x0000000703a00000| Untracked |  0
|   1|0x0000000703c00000, 0x0000000703e00000, 0x0000000703e00000|100%| O|  |TAMS 0x0000000703c00000| PB 0x0000000703c00000| Untracked |  0
|   2|0x0000000703e00000, 0x0000000704000000, 0x0000000704000000|100%| O|  |TAMS 0x0000000703e00000| PB 0x0000000703e00000| Untracked |  0
|   3|0x0000000704000000, 0x0000000704200000, 0x0000000704200000|100%| O|  |TAMS 0x0000000704000000| PB 0x0000000704000000| Untracked |  0
|   4|0x0000000704200000, 0x0000000704400000, 0x0000000704400000|100%| O|  |TAMS 0x0000000704200000| PB 0x0000000704200000| Untracked |  0
|   5|0x0000000704400000, 0x0000000704600000, 0x0000000704600000|100%| O|  |TAMS 0x0000000704400000| PB 0x0000000704400000| Untracked |  0
|   6|0x0000000704600000, 0x0000000704800000, 0x0000000704800000|100%| O|  |TAMS 0x0000000704600000| PB 0x0000000704600000| Untracked |  0
|   7|0x0000000704800000, 0x0000000704a00000, 0x0000000704a00000|100%| O|  |TAMS 0x0000000704800000| PB 0x0000000704800000| Untracked |  0
|   8|0x0000000704a00000, 0x0000000704c00000, 0x0000000704c00000|100%| O|  |TAMS 0x0000000704a00000| PB 0x0000000704a00000| Untracked |  0
|   9|0x0000000704c00000, 0x0000000704c00000, 0x0000000704e00000|  0%| F|  |TAMS 0x0000000704c00000| PB 0x0000000704c00000| Untracked |  0
|  10|0x0000000704e00000, 0x0000000705000000, 0x0000000705000000|100%| O|  |TAMS 0x0000000704e00000| PB 0x0000000704e00000| Untracked |  0
|  11|0x0000000705000000, 0x0000000705200000, 0x0000000705200000|100%| O|  |TAMS 0x0000000705000000| PB 0x0000000705000000| Untracked |  0
|  12|0x0000000705200000, 0x0000000705400000, 0x0000000705400000|100%| O|  |TAMS 0x0000000705200000| PB 0x0000000705200000| Untracked |  0
|  13|0x0000000705400000, 0x0000000705600000, 0x0000000705600000|100%| O|  |TAMS 0x0000000705400000| PB 0x0000000705400000| Untracked |  0
|  14|0x0000000705600000, 0x0000000705800000, 0x0000000705800000|100%| O|  |TAMS 0x0000000705600000| PB 0x0000000705600000| Untracked |  0
|  15|0x0000000705800000, 0x0000000705a00000, 0x0000000705a00000|100%| O|  |TAMS 0x0000000705800000| PB 0x0000000705800000| Untracked |  0
|  16|0x0000000705a00000, 0x0000000705c00000, 0x0000000705c00000|100%| O|  |TAMS 0x0000000705a00000| PB 0x0000000705a00000| Untracked |  0
|  17|0x0000000705c00000, 0x0000000705e00000, 0x0000000705e00000|100%| O|  |TAMS 0x0000000705c00000| PB 0x0000000705c00000| Untracked |  0
|  18|0x0000000705e00000, 0x0000000706000000, 0x0000000706000000|100%| O|  |TAMS 0x0000000705e00000| PB 0x0000000705e00000| Untracked |  0
|  19|0x0000000706000000, 0x0000000706162b48, 0x0000000706200000| 69%| O|  |TAMS 0x0000000706000000| PB 0x0000000706000000| Untracked |  0
|  20|0x0000000706200000, 0x0000000706200000, 0x0000000706400000|  0%| F|  |TAMS 0x0000000706200000| PB 0x0000000706200000| Untracked |  0
|  21|0x0000000706400000, 0x0000000706400000, 0x0000000706600000|  0%| F|  |TAMS 0x0000000706400000| PB 0x0000000706400000| Untracked |  0
|  22|0x0000000706600000, 0x0000000706778940, 0x0000000706800000| 73%| S|CS|TAMS 0x0000000706600000| PB 0x0000000706600000| Complete |  0
|  23|0x0000000706800000, 0x0000000706800000, 0x0000000706a00000|  0%| F|  |TAMS 0x0000000706800000| PB 0x0000000706800000| Untracked |  0
|  24|0x0000000706a00000, 0x0000000706a00000, 0x0000000706c00000|  0%| F|  |TAMS 0x0000000706a00000| PB 0x0000000706a00000| Untracked |  0
|  25|0x0000000706c00000, 0x0000000706e00000, 0x0000000706e00000|100%| S|CS|TAMS 0x0000000706c00000| PB 0x0000000706c00000| Complete |  0
|  26|0x0000000706e00000, 0x0000000706e00000, 0x0000000707000000|  0%| F|  |TAMS 0x0000000706e00000| PB 0x0000000706e00000| Untracked |  0
|  27|0x0000000707000000, 0x0000000707000000, 0x0000000707200000|  0%| F|  |TAMS 0x0000000707000000| PB 0x0000000707000000| Untracked |  0
|  28|0x0000000707200000, 0x0000000707200000, 0x0000000707400000|  0%| F|  |TAMS 0x0000000707200000| PB 0x0000000707200000| Untracked |  0
|  29|0x0000000707400000, 0x0000000707400000, 0x0000000707600000|  0%| F|  |TAMS 0x0000000707400000| PB 0x0000000707400000| Untracked |  0
|  30|0x0000000707600000, 0x0000000707600000, 0x0000000707800000|  0%| F|  |TAMS 0x0000000707600000| PB 0x0000000707600000| Untracked |  0
|  31|0x0000000707800000, 0x0000000707800000, 0x0000000707a00000|  0%| F|  |TAMS 0x0000000707800000| PB 0x0000000707800000| Untracked |  0
|  32|0x0000000707a00000, 0x0000000707a00000, 0x0000000707c00000|  0%| F|  |TAMS 0x0000000707a00000| PB 0x0000000707a00000| Untracked |  0
|  33|0x0000000707c00000, 0x0000000707c00000, 0x0000000707e00000|  0%| F|  |TAMS 0x0000000707c00000| PB 0x0000000707c00000| Untracked |  0
|  34|0x0000000707e00000, 0x0000000707e00000, 0x0000000708000000|  0%| F|  |TAMS 0x0000000707e00000| PB 0x0000000707e00000| Untracked |  0
|  35|0x0000000708000000, 0x0000000708000000, 0x0000000708200000|  0%| F|  |TAMS 0x0000000708000000| PB 0x0000000708000000| Untracked |  0
|  36|0x0000000708200000, 0x0000000708200000, 0x0000000708400000|  0%| F|  |TAMS 0x0000000708200000| PB 0x0000000708200000| Untracked |  0
|  37|0x0000000708400000, 0x0000000708400000, 0x0000000708600000|  0%| F|  |TAMS 0x0000000708400000| PB 0x0000000708400000| Untracked |  0
|  38|0x0000000708600000, 0x0000000708600000, 0x0000000708800000|  0%| F|  |TAMS 0x0000000708600000| PB 0x0000000708600000| Untracked |  0
|  39|0x0000000708800000, 0x0000000708800000, 0x0000000708a00000|  0%| F|  |TAMS 0x0000000708800000| PB 0x0000000708800000| Untracked |  0
|  40|0x0000000708a00000, 0x0000000708a00000, 0x0000000708c00000|  0%| F|  |TAMS 0x0000000708a00000| PB 0x0000000708a00000| Untracked |  0
| 107|0x0000000711000000, 0x000000071113c740, 0x0000000711200000| 61%| E|  |TAMS 0x0000000711000000| PB 0x0000000711000000| Complete |  0
| 108|0x0000000711200000, 0x0000000711400000, 0x0000000711400000|100%| E|CS|TAMS 0x0000000711200000| PB 0x0000000711200000| Complete |  0
| 109|0x0000000711400000, 0x0000000711600000, 0x0000000711600000|100%| E|CS|TAMS 0x0000000711400000| PB 0x0000000711400000| Complete |  0
| 110|0x0000000711600000, 0x0000000711800000, 0x0000000711800000|100%| E|CS|TAMS 0x0000000711600000| PB 0x0000000711600000| Complete |  0
| 111|0x0000000711800000, 0x0000000711a00000, 0x0000000711a00000|100%| E|CS|TAMS 0x0000000711800000| PB 0x0000000711800000| Complete |  0
| 126|0x0000000713600000, 0x0000000713800000, 0x0000000713800000|100%| E|CS|TAMS 0x0000000713600000| PB 0x0000000713600000| Complete |  0
|2018|0x00000007ffe00000, 0x0000000800000000, 0x0000000800000000|100%| E|CS|TAMS 0x00000007ffe00000| PB 0x00000007ffe00000| Complete |  0

Card table byte_map: [0x0000028c037f0000,0x0000028c03fe0000] _byte_map_base: 0x0000028bfffd3000

Marking Bits: (CMBitMap*) 0x0000028c758319b0
 Bits: [0x0000028c03fe0000, 0x0000028c07ef8000)

Polling page: 0x0000028c73c20000

Metaspace:

Usage:
  Non-class:     71.55 MB used.
      Class:      9.34 MB used.
       Both:     80.89 MB used.

Virtual space:
  Non-class space:      128.00 MB reserved,      72.00 MB ( 56%) committed,  2 nodes.
      Class space:        1.00 GB reserved,       9.62 MB ( <1%) committed,  1 nodes.
             Both:        1.12 GB reserved,      81.62 MB (  7%) committed. 

Chunk freelists:
   Non-Class:  7.91 MB
       Class:  6.38 MB
        Both:  14.29 MB

MaxMetaspaceSize: unlimited
CompressedClassSpaceSize: 1.00 GB
Initial GC threshold: 21.00 MB
Current GC threshold: 127.50 MB
CDS: on
 - commit_granule_bytes: 65536.
 - commit_granule_words: 8192.
 - virtual_space_node_default_size: 8388608.
 - enlarge_chunks_in_place: 1.
UseCompressedClassPointers 1, UseCompactObjectHeaders 0
Narrow klass pointer bits 32, Max shift 3
Narrow klass base: 0x0000028c0b000000, Narrow klass shift: 0
Encoding Range: [0x0000028c0b000000 - 0x0000028d0b000000), (4294967296 bytes)
Klass Range:    [0x0000028c0b000000 - 0x0000028c4c000000), (1090519040 bytes)
Klass ID Range:  [8 - 1090519033) (1090519025)


Internal statistics:

num_allocs_failed_limit: 6.
num_arena_births: 1000.
num_arena_deaths: 0.
num_vsnodes_births: 3.
num_vsnodes_deaths: 0.
num_space_committed: 1306.
num_space_uncommitted: 0.
num_chunks_returned_to_freelist: 6.
num_chunks_taken_from_freelist: 3783.
num_chunk_merges: 6.
num_chunk_splits: 2798.
num_chunks_enlarged: 2266.
num_inconsistent_stats: 0.

CodeCache: size=49152Kb used=10711Kb max_used=14548Kb free=38440Kb
 bounds [0x0000028c00000000, 0x0000028c00e40000, 0x0000028c03000000]
 total_blobs=8177, nmethods=7434, adapters=668, full_count=0
Compilation: enabled, stopped_count=0, restarted_count=0

Compilation events (20 events):
Event: 93.113 Thread 0x0000028c7595d4d0 7536       1       java.util.concurrent.ScheduledThreadPoolExecutor$ScheduledFutureTask::compareTo (101 bytes)
Event: 93.114 Thread 0x0000028c7595d4d0 nmethod 7536 0x0000028c00664408 code [0x0000028c00664580, 0x0000028c006649c0]
Event: 93.114 Thread 0x0000028c7595d4d0 7537       1       java.util.concurrent.ThreadPoolExecutor::isShutdown (12 bytes)
Event: 93.114 Thread 0x0000028c7595d4d0 nmethod 7537 0x0000028c00664108 code [0x0000028c00664220, 0x0000028c00664308]
Event: 93.114 Thread 0x0000028c7595d4d0 7541       1       java.util.concurrent.ScheduledThreadPoolExecutor::canRunInCurrentRunState (61 bytes)
Event: 93.114 Thread 0x0000028c7595d4d0 nmethod 7541 0x0000028c00663c88 code [0x0000028c00663dc0, 0x0000028c00664080]
Event: 93.114 Thread 0x0000028c7595d4d0 7538       1       java.lang.Thread::interrupted (7 bytes)
Event: 93.114 Thread 0x0000028c7595d4d0 nmethod 7538 0x0000028c00663988 code [0x0000028c00663aa0, 0x0000028c00663ba0]
Event: 93.114 Thread 0x0000028c7595d4d0 7539       1       java.lang.Thread::getAndClearInterrupt (19 bytes)
Event: 93.114 Thread 0x0000028c7595d4d0 nmethod 7539 0x0000028c00663688 code [0x0000028c006637a0, 0x0000028c006638a8]
Event: 93.114 Thread 0x0000028c7595d4d0 7542       1       java.util.concurrent.ThreadPoolExecutor::workerCountOf (5 bytes)
Event: 93.114 Thread 0x0000028c7595d4d0 nmethod 7542 0x0000028c00663388 code [0x0000028c00663480, 0x0000028c00663530]
Event: 93.114 Thread 0x0000028c7595d4d0 7540       1       com.intellij.rt.debugger.agent.CaptureStorage::access$500 (4 bytes)
Event: 93.114 Thread 0x0000028c7595d4d0 nmethod 7540 0x0000028c00663088 code [0x0000028c00663180, 0x0000028c00663230]
Event: 93.114 Thread 0x0000028c7595d4d0 7543       1       java.util.concurrent.ThreadPoolExecutor::getQueue (5 bytes)
Event: 93.114 Thread 0x0000028c7595d4d0 nmethod 7543 0x0000028c00662d88 code [0x0000028c00662e80, 0x0000028c00662f48]
Event: 93.114 Thread 0x0000028c7595d4d0 7544       1       java.lang.Thread::setContextClassLoader (6 bytes)
Event: 93.114 Thread 0x0000028c7595d4d0 nmethod 7544 0x0000028c00662a88 code [0x0000028c00662ba0, 0x0000028c00662cc0]
Event: 93.116 Thread 0x0000028c7595d4d0 7545       1       java.lang.Thread::onSpinWait (1 bytes)
Event: 93.116 Thread 0x0000028c7595d4d0 nmethod 7545 0x0000028c00662788 code [0x0000028c00662880, 0x0000028c00662920]

GC Heap History (20 events):
Event: 3.464 GC heap before
{Heap before GC invocations=9 (full 0):
 garbage-first heap   total reserved 4134912K, committed 67584K, used 54438K [0x0000000703a00000, 0x0000000800000000)
  region size 2048K, 17 young (34816K), 2 survivors (4096K)
 Metaspace       used 40446K, committed 40896K, reserved 1114112K
  class space    used 4324K, committed 4480K, reserved 1048576K
}
Event: 3.468 GC heap after
{Heap after GC invocations=10 (full 0):
 garbage-first heap   total reserved 4134912K, committed 81920K, used 25628K [0x0000000703a00000, 0x0000000800000000)
  region size 2048K, 3 young (6144K), 3 survivors (6144K)
 Metaspace       used 40446K, committed 40896K, reserved 1114112K
  class space    used 4324K, committed 4480K, reserved 1048576K
}
Event: 4.070 GC heap before
{Heap before GC invocations=10 (full 0):
 garbage-first heap   total reserved 4134912K, committed 81920K, used 62492K [0x0000000703a00000, 0x0000000800000000)
  region size 2048K, 22 young (45056K), 3 survivors (6144K)
 Metaspace       used 49421K, committed 49920K, reserved 1114112K
  class space    used 5278K, committed 5504K, reserved 1048576K
}
Event: 4.075 GC heap after
{Heap after GC invocations=11 (full 0):
 garbage-first heap   total reserved 4134912K, committed 81920K, used 27859K [0x0000000703a00000, 0x0000000800000000)
  region size 2048K, 3 young (6144K), 3 survivors (6144K)
 Metaspace       used 49421K, committed 49920K, reserved 1114112K
  class space    used 5278K, committed 5504K, reserved 1048576K
}
Event: 4.516 GC heap before
{Heap before GC invocations=11 (full 0):
 garbage-first heap   total reserved 4134912K, committed 81920K, used 54483K [0x0000000703a00000, 0x0000000800000000)
  region size 2048K, 18 young (36864K), 3 survivors (6144K)
 Metaspace       used 56807K, committed 57216K, reserved 1114112K
  class space    used 6024K, committed 6208K, reserved 1048576K
}
Event: 4.520 GC heap after
{Heap after GC invocations=12 (full 0):
 garbage-first heap   total reserved 4134912K, committed 81920K, used 29590K [0x0000000703a00000, 0x0000000800000000)
  region size 2048K, 3 young (6144K), 3 survivors (6144K)
 Metaspace       used 56807K, committed 57216K, reserved 1114112K
  class space    used 6024K, committed 6208K, reserved 1048576K
}
Event: 5.174 GC heap before
{Heap before GC invocations=13 (full 0):
 garbage-first heap   total reserved 4134912K, committed 81920K, used 68502K [0x0000000703a00000, 0x0000000800000000)
  region size 2048K, 22 young (45056K), 3 survivors (6144K)
 Metaspace       used 64489K, committed 65024K, reserved 1114112K
  class space    used 6898K, committed 7104K, reserved 1048576K
}
Event: 5.179 GC heap after
{Heap after GC invocations=14 (full 0):
 garbage-first heap   total reserved 4134912K, committed 81920K, used 31531K [0x0000000703a00000, 0x0000000800000000)
  region size 2048K, 2 young (4096K), 2 survivors (4096K)
 Metaspace       used 64489K, committed 65024K, reserved 1114112K
  class space    used 6898K, committed 7104K, reserved 1048576K
}
Event: 5.620 GC heap before
{Heap before GC invocations=14 (full 0):
 garbage-first heap   total reserved 4134912K, committed 81920K, used 70443K [0x0000000703a00000, 0x0000000800000000)
  region size 2048K, 21 young (43008K), 2 survivors (4096K)
 Metaspace       used 69022K, committed 69568K, reserved 1114112K
  class space    used 7592K, committed 7808K, reserved 1048576K
}
Event: 5.625 GC heap after
{Heap after GC invocations=15 (full 0):
 garbage-first heap   total reserved 4134912K, committed 81920K, used 33261K [0x0000000703a00000, 0x0000000800000000)
  region size 2048K, 3 young (6144K), 3 survivors (6144K)
 Metaspace       used 69022K, committed 69568K, reserved 1114112K
  class space    used 7592K, committed 7808K, reserved 1048576K
}
Event: 5.826 GC heap before
{Heap before GC invocations=15 (full 0):
 garbage-first heap   total reserved 4134912K, committed 81920K, used 68077K [0x0000000703a00000, 0x0000000800000000)
  region size 2048K, 20 young (40960K), 3 survivors (6144K)
 Metaspace       used 71055K, committed 71616K, reserved 1114112K
  class space    used 7980K, committed 8192K, reserved 1048576K
}
Event: 5.830 GC heap after
{Heap after GC invocations=16 (full 0):
 garbage-first heap   total reserved 4134912K, committed 81920K, used 35181K [0x0000000703a00000, 0x0000000800000000)
  region size 2048K, 3 young (6144K), 3 survivors (6144K)
 Metaspace       used 71055K, committed 71616K, reserved 1114112K
  class space    used 7980K, committed 8192K, reserved 1048576K
}
Event: 6.229 GC heap before
{Heap before GC invocations=16 (full 0):
 garbage-first heap   total reserved 4134912K, committed 81920K, used 69997K [0x0000000703a00000, 0x0000000800000000)
  region size 2048K, 20 young (40960K), 3 survivors (6144K)
 Metaspace       used 75682K, committed 76224K, reserved 1179648K
  class space    used 8567K, committed 8768K, reserved 1048576K
}
Event: 6.233 GC heap after
{Heap after GC invocations=17 (full 0):
 garbage-first heap   total reserved 4134912K, committed 81920K, used 36710K [0x0000000703a00000, 0x0000000800000000)
  region size 2048K, 2 young (4096K), 2 survivors (4096K)
 Metaspace       used 75682K, committed 76224K, reserved 1179648K
  class space    used 8567K, committed 8768K, reserved 1048576K
}
Event: 6.595 GC heap before
{Heap before GC invocations=17 (full 0):
 garbage-first heap   total reserved 4134912K, committed 81920K, used 71526K [0x0000000703a00000, 0x0000000800000000)
  region size 2048K, 19 young (38912K), 2 survivors (4096K)
 Metaspace       used 77678K, committed 78272K, reserved 1179648K
  class space    used 8801K, committed 9088K, reserved 1048576K
}
Event: 6.601 GC heap after
{Heap after GC invocations=18 (full 0):
 garbage-first heap   total reserved 4134912K, committed 81920K, used 39402K [0x0000000703a00000, 0x0000000800000000)
  region size 2048K, 3 young (6144K), 3 survivors (6144K)
 Metaspace       used 77678K, committed 78272K, reserved 1179648K
  class space    used 8801K, committed 9088K, reserved 1048576K
}
Event: 6.927 GC heap before
{Heap before GC invocations=19 (full 0):
 garbage-first heap   total reserved 4134912K, committed 81920K, used 70122K [0x0000000703a00000, 0x0000000800000000)
  region size 2048K, 18 young (36864K), 3 survivors (6144K)
 Metaspace       used 78551K, committed 79232K, reserved 1179648K
  class space    used 8995K, committed 9280K, reserved 1048576K
}
Event: 6.932 GC heap after
{Heap after GC invocations=20 (full 0):
 garbage-first heap   total reserved 4134912K, committed 81920K, used 41271K [0x0000000703a00000, 0x0000000800000000)
  region size 2048K, 3 young (6144K), 3 survivors (6144K)
 Metaspace       used 78551K, committed 79232K, reserved 1179648K
  class space    used 8995K, committed 9280K, reserved 1048576K
}
Event: 7.503 GC heap before
{Heap before GC invocations=20 (full 0):
 garbage-first heap   total reserved 4134912K, committed 81920K, used 69943K [0x0000000703a00000, 0x0000000800000000)
  region size 2048K, 17 young (34816K), 3 survivors (6144K)
 Metaspace       used 80679K, committed 81344K, reserved 1179648K
  class space    used 9306K, committed 9600K, reserved 1048576K
}
Event: 7.510 GC heap after
{Heap after GC invocations=21 (full 0):
 garbage-first heap   total reserved 4134912K, committed 98304K, used 41837K [0x0000000703a00000, 0x0000000800000000)
  region size 2048K, 2 young (4096K), 2 survivors (4096K)
 Metaspace       used 80679K, committed 81344K, reserved 1179648K
  class space    used 9306K, committed 9600K, reserved 1048576K
}

Dll operation events (13 events):
Event: 0.018 Loaded shared library C:\Users\hello\.jdks\openjdk-24\bin\java.dll
Event: 0.020 Loaded shared library C:\Users\hello\.jdks\openjdk-24\bin\zip.dll
Event: 0.198 Loaded shared library C:\Users\hello\.jdks\openjdk-24\bin\instrument.dll
Event: 0.245 Loaded shared library C:\Users\hello\.jdks\openjdk-24\bin\jimage.dll
Event: 0.257 Loaded shared library C:\Users\hello\.jdks\openjdk-24\bin\net.dll
Event: 0.259 Loaded shared library C:\Users\hello\.jdks\openjdk-24\bin\nio.dll
Event: 0.271 Loaded shared library C:\Users\hello\.jdks\openjdk-24\bin\zip.dll
Event: 0.380 Loaded shared library C:\Users\hello\.jdks\openjdk-24\bin\management.dll
Event: 0.396 Loaded shared library C:\Users\hello\.jdks\openjdk-24\bin\management_ext.dll
Event: 0.682 Loaded shared library C:\Users\hello\.jdks\openjdk-24\bin\extnet.dll
Event: 1.638 Loaded shared library C:\Users\hello\.jdks\openjdk-24\bin\sunmscapi.dll
Event: 3.686 Loaded shared library C:\Users\hello\.jdks\openjdk-24\bin\verify.dll
Event: 93.120 Loaded shared library C:\Users\hello\AppData\Local\Temp\idea_libasyncProfiler_dll_temp_folder11\libasyncProfiler.dll

Deoptimization events (20 events):
Event: 93.116 Thread 0x0000028c5b633b00 DEOPT PACKING pc=0x0000028c00be0fbc sp=0x000000b9f96fe660
Event: 93.116 Thread 0x0000028c5b633b00 DEOPT UNPACKING pc=0x0000028c00055722 sp=0x000000b9f96fdba8 mode 1
Event: 93.116 Thread 0x0000028c5b633b00 DEOPT PACKING pc=0x0000028c00bdfb94 sp=0x000000b9f96fe780
Event: 93.116 Thread 0x0000028c5b633b00 DEOPT UNPACKING pc=0x0000028c00055722 sp=0x000000b9f96fdc48 mode 1
Event: 93.116 Thread 0x0000028c5b633b00 DEOPT PACKING pc=0x0000028c00bdf894 sp=0x000000b9f96fe890
Event: 93.116 Thread 0x0000028c5b633b00 DEOPT UNPACKING pc=0x0000028c00055722 sp=0x000000b9f96fdd40 mode 1
Event: 93.116 Thread 0x0000028c5b633b00 DEOPT PACKING pc=0x0000028c00b3792c sp=0x000000b9f96fe920
Event: 93.116 Thread 0x0000028c5b633b00 DEOPT UNPACKING pc=0x0000028c00055722 sp=0x000000b9f96fde38 mode 1
Event: 93.116 Thread 0x0000028c5b633b00 DEOPT PACKING pc=0x0000028c004591bc sp=0x000000b9f96fe9f0
Event: 93.116 Thread 0x0000028c5b633b00 DEOPT UNPACKING pc=0x0000028c00055722 sp=0x000000b9f96fdec8 mode 1
Event: 93.116 Thread 0x0000028c5b633b00 DEOPT PACKING pc=0x0000028c0045831c sp=0x000000b9f96fea90
Event: 93.116 Thread 0x0000028c5b633b00 DEOPT UNPACKING pc=0x0000028c00055722 sp=0x000000b9f96fdf70 mode 1
Event: 93.116 Thread 0x0000028c5b633b00 DEOPT PACKING pc=0x0000028c004576ac sp=0x000000b9f96feb50
Event: 93.116 Thread 0x0000028c5b633b00 DEOPT UNPACKING pc=0x0000028c00055722 sp=0x000000b9f96fe058 mode 1
Event: 93.116 Thread 0x0000028c5b633b00 DEOPT PACKING pc=0x0000028c00a61b8c sp=0x000000b9f96fec20
Event: 93.116 Thread 0x0000028c5b633b00 DEOPT UNPACKING pc=0x0000028c00055722 sp=0x000000b9f96fe1c0 mode 1
Event: 93.116 Thread 0x0000028c5b633b00 DEOPT PACKING pc=0x0000028c00a624bc sp=0x000000b9f96fed60
Event: 93.116 Thread 0x0000028c5b633b00 DEOPT UNPACKING pc=0x0000028c00055722 sp=0x000000b9f96fe308 mode 1
Event: 93.116 Thread 0x0000028c5b633b00 DEOPT PACKING pc=0x0000028c00458dec sp=0x000000b9f96fef00
Event: 93.116 Thread 0x0000028c5b633b00 DEOPT UNPACKING pc=0x0000028c00055722 sp=0x000000b9f96fe398 mode 1

Classes loaded (20 events):
Event: 9.997 Loading class org/apache/tomcat/websocket/server/WsFrameServer$1
Event: 9.997 Loading class org/apache/tomcat/websocket/server/WsFrameServer$1 done
Event: 10.400 Loading class org/apache/tomcat/websocket/TransformationResult
Event: 10.400 Loading class org/apache/tomcat/websocket/TransformationResult done
Event: 10.400 Loading class org/apache/tomcat/websocket/WrappedMessageHandler
Event: 10.400 Loading class org/apache/tomcat/websocket/WrappedMessageHandler done
Event: 10.400 Loading class jakarta/websocket/MessageHandler$Partial
Event: 10.400 Loading class jakarta/websocket/MessageHandler$Partial done
Event: 10.401 Loading class java/util/Formatter$FormatSpecifierParser
Event: 10.401 Loading class java/util/Formatter$FormatSpecifierParser done
Event: 10.715 Loading class com/intellij/rt/debugger/BatchEvaluatorServer
Event: 10.715 Loading class com/intellij/rt/debugger/BatchEvaluatorServer done
Event: 93.098 Loading class kotlinx/coroutines/debug/internal/DebugProbesImpl
Event: 93.098 Loading class kotlinx/coroutines/debug/internal/DebugProbesImpl done
Event: 93.113 Loading class org/apache/catalina/webresources/CachedResource
Event: 93.113 Loading class org/apache/catalina/webresources/CachedResource done
Event: 93.115 Loading class org/apache/tomcat/PeriodicEventListener
Event: 93.115 Loading class org/apache/tomcat/PeriodicEventListener done
Event: 93.116 Loading class sun/net/ConnectionResetException
Event: 93.116 Loading class sun/net/ConnectionResetException done

Classes unloaded (0 events):
No events

Classes redefined (1 events):
Event: 0.227 Thread 0x0000028c75931350 redefined class name=java.lang.Throwable, count=1

Internal exceptions (20 events):
Event: 7.098 Thread 0x0000028c757b79b0 Exception <a 'java/lang/NoSuchMethodError'{0x0000000707a805c0}: 'void java.lang.invoke.DirectMethodHandle$Holder.invokeStatic(java.lang.Object, java.lang.Object, double)'> (0x0000000707a805c0) 
thrown [s\open\src\hotspot\share\interpreter\linkResolver.cpp, line 805]
Event: 7.110 Thread 0x0000028c757b79b0 Exception <a 'java/lang/NoSuchMethodError'{0x0000000707b51c30}: 'double java.lang.invoke.DirectMethodHandle$Holder.invokeStatic(java.lang.Object, java.lang.Object, java.lang.Object)'> (0x0000000707b51c30) 
thrown [s\open\src\hotspot\share\interpreter\linkResolver.cpp, line 805]
Event: 7.132 Thread 0x0000028c757b79b0 Exception <a 'java/lang/IncompatibleClassChangeError'{0x00000007078b3b28}: Found class java.lang.Object, but interface was expected> (0x00000007078b3b28) 
thrown [s\open\src\hotspot\share\interpreter\linkResolver.cpp, line 872]
Event: 7.137 Thread 0x0000028c757b79b0 Exception <a 'java/lang/NoSuchMethodError'{0x00000007078ffbb8}: 'java.lang.Object java.lang.invoke.DirectMethodHandle$Holder.newInvokeSpecial(java.lang.Object, java.lang.Object, int, java.lang.Object, java.lang.Object)'> (0x00000007078ffbb8) 
thrown [s\open\src\hotspot\share\interpreter\linkResolver.cpp, line 805]
Event: 7.365 Thread 0x0000028c5b1ba020 Exception <a 'java/lang/NoSuchMethodError'{0x00000007074b14d8}: 'java.lang.Object java.lang.invoke.DirectMethodHandle$Holder.invokeInterface(java.lang.Object, java.lang.Object, java.lang.Object, java.lang.Object, java.lang.Object, java.lang.Object, java.lang.Object)'> (0x00000007074b14d8) 
thrown [s\open\src\hotspot\share\interpreter\linkResolver.cpp, line 805]
Event: 7.516 Thread 0x0000028c51546dd0 Exception <a 'java/lang/NoSuchMethodError'{0x00000007fff28ec0}: 'java.lang.Object java.lang.invoke.DirectMethodHandle$Holder.newInvokeSpecial(java.lang.Object, java.lang.Object, java.lang.Object, java.lang.Object, int)'> (0x00000007fff28ec0) 
thrown [s\open\src\hotspot\share\interpreter\linkResolver.cpp, line 805]
Event: 7.516 Thread 0x0000028c51546dd0 Exception <a 'java/lang/NoSuchMethodError'{0x00000007fff31998}: 'java.lang.Object java.lang.invoke.DirectMethodHandle$Holder.invokeSpecial(java.lang.Object, java.lang.Object, java.lang.Object, java.lang.Object, java.lang.Object, int)'> (0x00000007fff31998) 
thrown [s\open\src\hotspot\share\interpreter\linkResolver.cpp, line 805]
Event: 7.516 Thread 0x0000028c51546dd0 Exception <a 'java/lang/NoSuchMethodError'{0x00000007fff52408}: 'java.lang.Object java.lang.invoke.Invokers$Holder.linkToTargetMethod(java.lang.Object, java.lang.Object, java.lang.Object, int, java.lang.Object)'> (0x00000007fff52408) 
thrown [s\open\src\hotspot\share\interpreter\linkResolver.cpp, line 805]
Event: 7.521 Thread 0x0000028c5b1ba020 Exception <a 'java/lang/NoSuchMethodError'{0x000000071363cc20}: 'int java.lang.invoke.DirectMethodHandle$Holder.invokeInterface(java.lang.Object, java.lang.Object, int)'> (0x000000071363cc20) 
thrown [s\open\src\hotspot\share\interpreter\linkResolver.cpp, line 805]
Event: 9.894 Thread 0x0000028c5b1b5700 Exception <a 'java/lang/NoSuchMethodError'{0x00000007116ec690}: 'java.lang.Object java.lang.invoke.DirectMethodHandle$Holder.invokeSpecial(java.lang.Object, java.lang.Object, java.lang.Object, java.lang.Object, java.lang.Object, long)'> (0x00000007116ec690) 
thrown [s\open\src\hotspot\share\interpreter\linkResolver.cpp, line 805]
Event: 9.895 Thread 0x0000028c5b1b5700 Exception <a 'java/lang/NoSuchMethodError'{0x00000007116f5008}: 'java.lang.Object java.lang.invoke.DirectMethodHandle$Holder.invokeSpecial(java.lang.Object, java.lang.Object, java.lang.Object, java.lang.Object, java.lang.Object, java.lang.Object, long)'> (0x00000007116f5008) 
thrown [s\open\src\hotspot\share\interpreter\linkResolver.cpp, line 805]
Event: 9.895 Thread 0x0000028c5b1b5700 Exception <a 'java/lang/NoSuchMethodError'{0x00000007116fd3a0}: 'java.lang.Object java.lang.invoke.DelegatingMethodHandle$Holder.reinvoke_L(java.lang.Object, java.lang.Object, java.lang.Object, java.lang.Object, java.lang.Object, long)'> (0x00000007116fd3a0) 
thrown [s\open\src\hotspot\share\interpreter\linkResolver.cpp, line 805]
Event: 9.895 Thread 0x0000028c5b1b5700 Exception <a 'java/lang/NoSuchMethodError'{0x000000071170d7e0}: 'java.lang.Object java.lang.invoke.Invokers$Holder.linkToTargetMethod(java.lang.Object, java.lang.Object, java.lang.Object, long, java.lang.Object)'> (0x000000071170d7e0) 
thrown [s\open\src\hotspot\share\interpreter\linkResolver.cpp, line 805]
Event: 9.971 Thread 0x0000028c5b1b5700 Exception <a 'java/io/IOException'{0x00000007112df858}> (0x00000007112df858) 
thrown [s\open\src\hotspot\share\prims\jni.cpp, line 518]
Event: 9.971 Thread 0x0000028c5b1b5700 Exception <a 'java/io/IOException'{0x00000007112e37f0}> (0x00000007112e37f0) 
thrown [s\open\src\hotspot\share\prims\jni.cpp, line 518]
Event: 9.972 Thread 0x0000028c5b1b5700 Exception <a 'java/io/IOException'{0x00000007112e7910}> (0x00000007112e7910) 
thrown [s\open\src\hotspot\share\prims\jni.cpp, line 518]
Event: 9.973 Thread 0x0000028c5b1b5700 Exception <a 'java/io/IOException'{0x00000007112eba00}> (0x00000007112eba00) 
thrown [s\open\src\hotspot\share\prims\jni.cpp, line 518]
Event: 9.973 Thread 0x0000028c5b1b5700 Exception <a 'java/io/IOException'{0x00000007112efbc0}> (0x00000007112efbc0) 
thrown [s\open\src\hotspot\share\prims\jni.cpp, line 518]
Event: 10.927 Thread 0x0000028c5b1b7b90 Exception <a 'java/lang/NoSuchMethodError'{0x0000000711073bb8}: 'java.lang.Object java.lang.invoke.DelegatingMethodHandle$Holder.reinvoke_L(java.lang.Object, java.lang.Object, java.lang.Object, java.lang.Object, int, int)'> (0x0000000711073bb8) 
thrown [s\open\src\hotspot\share\interpreter\linkResolver.cpp, line 805]
Event: 93.116 Thread 0x0000028c5b633b00 Exception <a 'java/io/IOException'{0x00000007110e3be0}> (0x00000007110e3be0) 
thrown [s\open\src\hotspot\share\prims\jni.cpp, line 518]

VM Operations (20 events):
Event: 10.610 Executing VM operation: get/set locals
Event: 10.610 Executing VM operation: get/set locals done
Event: 10.610 Executing VM operation: get/set locals
Event: 10.610 Executing VM operation: get/set locals done
Event: 10.610 Executing VM operation: get/set locals
Event: 10.610 Executing VM operation: get/set locals done
Event: 10.610 Executing VM operation: get/set locals
Event: 10.610 Executing VM operation: get/set locals done
Event: 10.611 Executing VM operation: get/set locals
Event: 10.611 Executing VM operation: get/set locals done
Event: 10.611 Executing VM operation: get/set locals
Event: 10.611 Executing VM operation: get/set locals done
Event: 60.185 Executing VM operation: HandshakeAllThreads (HandshakeForDeflation)
Event: 60.185 Executing VM operation: HandshakeAllThreads (HandshakeForDeflation) done
Event: 60.185 Executing VM operation: RendezvousGCThreads
Event: 60.185 Executing VM operation: RendezvousGCThreads done
Event: 93.134 Executing VM operation: get/set locals
Event: 93.134 Executing VM operation: get/set locals done
Event: 93.135 Executing VM operation: get/set locals
Event: 93.135 Executing VM operation: get/set locals done

Memory protections (0 events):
No events

Nmethod flushes (20 events):
Event: 6.631 Thread 0x0000028c75931350 flushing  nmethod 0x0000028c00ad0108
Event: 6.631 Thread 0x0000028c75931350 flushing  nmethod 0x0000028c00add988
Event: 6.631 Thread 0x0000028c75931350 flushing  nmethod 0x0000028c00b79b08
Event: 6.631 Thread 0x0000028c75931350 flushing  nmethod 0x0000028c00bbd708
Event: 6.631 Thread 0x0000028c75931350 flushing  nmethod 0x0000028c0045b188
Event: 6.631 Thread 0x0000028c75931350 flushing  nmethod 0x0000028c005a5088
Event: 6.631 Thread 0x0000028c75931350 flushing  nmethod 0x0000028c008e9888
Event: 6.631 Thread 0x0000028c75931350 flushing  nmethod 0x0000028c00970688
Event: 6.631 Thread 0x0000028c75931350 flushing  nmethod 0x0000028c00a98488
Event: 6.631 Thread 0x0000028c75931350 flushing  nmethod 0x0000028c00b75308
Event: 6.631 Thread 0x0000028c75931350 flushing  nmethod 0x0000028c00bcd208
Event: 6.631 Thread 0x0000028c75931350 flushing  nmethod 0x0000028c00bcf788
Event: 6.631 Thread 0x0000028c75931350 flushing  nmethod 0x0000028c0027d988
Event: 6.631 Thread 0x0000028c75931350 flushing  nmethod 0x0000028c009dbd88
Event: 6.631 Thread 0x0000028c75931350 flushing  nmethod 0x0000028c00a65088
Event: 6.631 Thread 0x0000028c75931350 flushing  nmethod 0x0000028c008ecd88
Event: 6.631 Thread 0x0000028c75931350 flushing  nmethod 0x0000028c00900c08
Event: 6.631 Thread 0x0000028c75931350 flushing  nmethod 0x0000028c00965408
Event: 6.631 Thread 0x0000028c75931350 flushing  nmethod 0x0000028c00966b08
Event: 6.631 Thread 0x0000028c75931350 flushing  nmethod 0x0000028c00ac3e08

Events (20 events):
Event: 7.495 Thread 0x0000028c5b1bf090 Thread exited: 0x0000028c5b1bf090
Event: 7.496 Thread 0x0000028c5b1ba020 Thread added: 0x0000028c5b1bf090
Event: 7.496 Thread 0x0000028c5b1bff30 Thread added: 0x0000028c5b1c1520
Event: 7.496 Thread 0x0000028c5b1be1f0 Thread added: 0x0000028c5b1c0680
Event: 7.499 Thread 0x0000028c5b1c1c70 Thread exited: 0x0000028c5b1c1c70
Event: 7.500 Thread 0x0000028c51546dd0 Thread added: 0x0000028c5b1c1c70
Event: 7.531 Thread 0x0000028c5b1c1c70 Thread exited: 0x0000028c5b1c1c70
Event: 7.545 Thread 0x0000028c5b1c0680 Thread exited: 0x0000028c5b1c0680
Event: 7.548 Thread 0x0000028c5b1c1520 Thread exited: 0x0000028c5b1c1520
Event: 7.548 Thread 0x0000028c5b1bf090 Thread exited: 0x0000028c5b1bf090
Event: 9.438 Thread 0x0000028c546caa70 Thread exited: 0x0000028c546caa70
Event: 9.896 Thread 0x0000028c51eef3e0 Thread exited: 0x0000028c51eef3e0
Event: 9.896 Thread 0x0000028c52056c50 Thread exited: 0x0000028c52056c50
Event: 9.896 Thread 0x0000028c0aa37e10 Thread exited: 0x0000028c0aa37e10
Event: 9.896 Thread 0x0000028c51eee4c0 Thread exited: 0x0000028c51eee4c0
Event: 9.997 Thread 0x0000028c5b1b5700 Thread added: 0x0000028c5b632c60
Event: 15.406 Thread 0x0000028c50198490 Thread exited: 0x0000028c50198490
Event: 20.407 Thread 0x0000028c0a9effd0 Thread exited: 0x0000028c0a9effd0
Event: 25.407 Thread 0x0000028c0a89ca10 Thread exited: 0x0000028c0a89ca10
Event: 93.114 Thread 0x0000028c50f9ad00 Thread added: 0x0000028c5b633b00


Dynamic libraries:
0x00007ff6dbfa0000 - 0x00007ff6dbfae000 	C:\Users\hello\.jdks\openjdk-24\bin\java.exe
0x00007ffd8c160000 - 0x00007ffd8c3c0000 	C:\WINDOWS\SYSTEM32\ntdll.dll
0x00007ffd8b070000 - 0x00007ffd8b137000 	C:\WINDOWS\System32\KERNEL32.DLL
0x00007ffd89340000 - 0x00007ffd8970a000 	C:\WINDOWS\System32\KERNELBASE.dll
0x00007ffd89710000 - 0x00007ffd8985b000 	C:\WINDOWS\System32\ucrtbase.dll
0x00007ffd7c340000 - 0x00007ffd7c356000 	C:\Users\hello\.jdks\openjdk-24\bin\jli.dll
0x00007ffd761d0000 - 0x00007ffd761eb000 	C:\Users\hello\.jdks\openjdk-24\bin\VCRUNTIME140.dll
0x00007ffd89f60000 - 0x00007ffd8a12c000 	C:\WINDOWS\System32\USER32.dll
0x00007ffd89860000 - 0x00007ffd89887000 	C:\WINDOWS\System32\win32u.dll
0x00007ffd8b490000 - 0x00007ffd8b4ba000 	C:\WINDOWS\System32\GDI32.dll
0x00007ffd6f820000 - 0x00007ffd6fab7000 	C:\WINDOWS\WinSxS\amd64_microsoft.windows.common-controls_6595b64144ccf1df_6.0.26100.3624_none_3e086962e3345f24\COMCTL32.dll
0x00007ffd89a80000 - 0x00007ffd89bb1000 	C:\WINDOWS\System32\gdi32full.dll
0x00007ffd8b2a0000 - 0x00007ffd8b349000 	C:\WINDOWS\System32\msvcrt.dll
0x00007ffd89bc0000 - 0x00007ffd89c63000 	C:\WINDOWS\System32\msvcp_win.dll
0x00007ffd8bac0000 - 0x00007ffd8baef000 	C:\WINDOWS\System32\IMM32.DLL
0x00007ffd85c90000 - 0x00007ffd85c9c000 	C:\Users\hello\.jdks\openjdk-24\bin\vcruntime140_1.dll
0x00007ffd4e6a0000 - 0x00007ffd4e72e000 	C:\Users\hello\.jdks\openjdk-24\bin\msvcp140.dll
0x00007ffd0a4a0000 - 0x00007ffd0b242000 	C:\Users\hello\.jdks\openjdk-24\bin\server\jvm.dll
0x00007ffd8a290000 - 0x00007ffd8a342000 	C:\WINDOWS\System32\ADVAPI32.dll
0x00007ffd8b3e0000 - 0x00007ffd8b486000 	C:\WINDOWS\System32\sechost.dll
0x00007ffd8a170000 - 0x00007ffd8a286000 	C:\WINDOWS\System32\RPCRT4.dll
0x00007ffd8ad60000 - 0x00007ffd8add4000 	C:\WINDOWS\System32\WS2_32.dll
0x00007ffd89190000 - 0x00007ffd891ee000 	C:\WINDOWS\SYSTEM32\POWRPROF.dll
0x00007ffd80580000 - 0x00007ffd8058b000 	C:\WINDOWS\SYSTEM32\VERSION.dll
0x00007ffd77460000 - 0x00007ffd77496000 	C:\WINDOWS\SYSTEM32\WINMM.dll
0x00007ffd89170000 - 0x00007ffd89184000 	C:\WINDOWS\SYSTEM32\UMPDC.dll
0x00007ffd88120000 - 0x00007ffd8813a000 	C:\WINDOWS\SYSTEM32\kernel.appcore.dll
0x00007ffd76200000 - 0x00007ffd7620a000 	C:\Users\hello\.jdks\openjdk-24\bin\jimage.dll
0x00007ffd86bd0000 - 0x00007ffd86e11000 	C:\WINDOWS\SYSTEM32\DBGHELP.DLL
0x00007ffd8bd90000 - 0x00007ffd8c112000 	C:\WINDOWS\System32\combase.dll
0x00007ffd8a500000 - 0x00007ffd8a5d6000 	C:\WINDOWS\System32\OLEAUT32.dll
0x00007ffd2ce10000 - 0x00007ffd2ce49000 	C:\WINDOWS\SYSTEM32\dbgcore.DLL
0x00007ffd89950000 - 0x00007ffd899e9000 	C:\WINDOWS\System32\bcryptPrimitives.dll
0x00007ffd51e20000 - 0x00007ffd51e5c000 	C:\Users\hello\.jdks\openjdk-24\bin\jdwp.dll
0x00007ffcfb0f0000 - 0x00007ffcfb2fe000 	C:\Users\hello\AppData\Local\Temp\idea_libasyncProfiler_dll_temp_folder11\libasyncProfiler.dll
0x00007ffd5f640000 - 0x00007ffd5f64f000 	C:\Users\hello\.jdks\openjdk-24\bin\instrument.dll
0x00007ffd73580000 - 0x00007ffd7359e000 	C:\Users\hello\.jdks\openjdk-24\bin\java.dll
0x00007ffd8a360000 - 0x00007ffd8a4f6000 	C:\WINDOWS\System32\ole32.dll
0x00007ffd8a630000 - 0x00007ffd8ad59000 	C:\WINDOWS\System32\SHELL32.dll
0x00007ffd89c70000 - 0x00007ffd89dd8000 	C:\WINDOWS\System32\wintypes.dll
0x00007ffd690a0000 - 0x00007ffd690b7000 	C:\Users\hello\.jdks\openjdk-24\bin\zip.dll
0x00007ffd86fa0000 - 0x00007ffd877f2000 	C:\WINDOWS\SYSTEM32\windows.storage.dll
0x00007ffd8bc70000 - 0x00007ffd8bd5d000 	C:\WINDOWS\System32\SHCORE.dll
0x00007ffd8ba50000 - 0x00007ffd8bab4000 	C:\WINDOWS\System32\shlwapi.dll
0x00007ffd89250000 - 0x00007ffd8927f000 	C:\WINDOWS\SYSTEM32\profapi.dll
0x00007ffd5dcb0000 - 0x00007ffd5dcbc000 	C:\Users\hello\.jdks\openjdk-24\bin\dt_socket.dll
0x00007ffd87bb0000 - 0x00007ffd87be3000 	C:\WINDOWS\SYSTEM32\IPHLPAPI.DLL
0x00007ffd88640000 - 0x00007ffd886aa000 	C:\WINDOWS\system32\mswsock.dll
0x00007ffd735c0000 - 0x00007ffd735d0000 	C:\Users\hello\.jdks\openjdk-24\bin\net.dll
0x00007ffd69700000 - 0x00007ffd69716000 	C:\Users\hello\.jdks\openjdk-24\bin\nio.dll
0x00007ffd87bf0000 - 0x00007ffd87d15000 	C:\WINDOWS\SYSTEM32\DNSAPI.dll
0x00007ffd8bd60000 - 0x00007ffd8bd6a000 	C:\WINDOWS\System32\NSI.dll
0x00007ffd72320000 - 0x00007ffd7232b000 	C:\Windows\System32\rasadhlp.dll
0x00007ffd7fb70000 - 0x00007ffd7fbf5000 	C:\WINDOWS\System32\fwpuclnt.dll
0x00007ffd54d30000 - 0x00007ffd54d3a000 	C:\Users\hello\.jdks\openjdk-24\bin\management.dll
0x00007ffd54d20000 - 0x00007ffd54d2b000 	C:\Users\hello\.jdks\openjdk-24\bin\management_ext.dll
0x00007ffd8a130000 - 0x00007ffd8a138000 	C:\WINDOWS\System32\PSAPI.DLL
0x00007ffd888f0000 - 0x00007ffd8890c000 	C:\WINDOWS\SYSTEM32\CRYPTSP.dll
0x00007ffd88080000 - 0x00007ffd880ba000 	C:\WINDOWS\system32\rsaenh.dll
0x00007ffd886e0000 - 0x00007ffd8870b000 	C:\WINDOWS\SYSTEM32\USERENV.dll
0x00007ffd89220000 - 0x00007ffd89246000 	C:\WINDOWS\SYSTEM32\bcrypt.dll
0x00007ffd888e0000 - 0x00007ffd888ec000 	C:\WINDOWS\SYSTEM32\CRYPTBASE.dll
0x00007ffd19e60000 - 0x00007ffd19e78000 	C:\WINDOWS\system32\napinsp.dll
0x00007ffd19a10000 - 0x00007ffd19a22000 	C:\WINDOWS\System32\winrnr.dll
0x00007ffd199d0000 - 0x00007ffd19a00000 	C:\WINDOWS\system32\nlansp_c.dll
0x00007ffd807a0000 - 0x00007ffd807b6000 	C:\WINDOWS\system32\wshbth.dll
0x00007ffd60b70000 - 0x00007ffd60b79000 	C:\Users\hello\.jdks\openjdk-24\bin\extnet.dll
0x00007ffd696f0000 - 0x00007ffd696fe000 	C:\Users\hello\.jdks\openjdk-24\bin\sunmscapi.dll
0x00007ffd89de0000 - 0x00007ffd89f57000 	C:\WINDOWS\System32\CRYPT32.dll
0x00007ffd88b10000 - 0x00007ffd88b40000 	C:\WINDOWS\SYSTEM32\ncrypt.dll
0x00007ffd88a50000 - 0x00007ffd88a8f000 	C:\WINDOWS\SYSTEM32\NTASN1.dll
0x00007ffd53e60000 - 0x00007ffd53e70000 	C:\Users\hello\.jdks\openjdk-24\bin\verify.dll
0x00007ffd83b80000 - 0x00007ffd83b88000 	C:\WINDOWS\system32\wshunix.dll

dbghelp: loaded successfully - version: 4.0.5 - missing functions: none
symbol engine: initialized successfully - sym options: 0x614 - pdb path: .;C:\Users\hello\.jdks\openjdk-24\bin;C:\WINDOWS\SYSTEM32;C:\WINDOWS\WinSxS\amd64_microsoft.windows.common-controls_6595b64144ccf1df_6.0.26100.3624_none_3e086962e3345f24;C:\Users\hello\.jdks\openjdk-24\bin\server;C:\Users\hello\AppData\Local\Temp\idea_libasyncProfiler_dll_temp_folder11

VM Arguments:
jvm_args: -agentlib:jdwp=transport=dt_socket,address=127.0.0.1:60884,suspend=y,server=n -agentpath:C:\Users\hello\AppData\Local\Temp\idea_libasyncProfiler_dll_temp_folder11\libasyncProfiler.dll=version,jfr,event=wall,interval=10ms,cstack=no,file=C:\Users\hello\IdeaSnapshots\MfsChainApplication_2025_04_18_160734.jfr,dbghelppath=C:\Users\hello\AppData\Local\Temp\idea_dbghelp_dll_temp_folder\dbghelp.dll,log=C:\Users\hello\AppData\Local\Temp\MfsChainApplication_2025_04_18_160734.jfr.log.txt,logLevel=DEBUG -XX:TieredStopAtLevel=1 -Dspring.output.ansi.enabled=always -Dcom.sun.management.jmxremote -Dspring.jmx.enabled=true -Dspring.liveBeansView.mbeanDomain -Dspring.application.admin.enabled=true -Dmanagement.endpoints.jmx.exposure.include=* -javaagent:C:\Users\hello\AppData\Local\JetBrains\IntelliJIdea2024.3\captureAgent\debugger-agent.jar -Dkotlinx.coroutines.debug.enable.creation.stack.trace=false -Ddebugger.agent.enable.coroutines=true -Dkotlinx.coroutines.debug.enable.flows.stack.trace=true -Dkotlinx.coroutines.debug.enable.mutable.state.flows.stack.trace=true -Dfile.encoding=UTF-8 -Dsun.stdout.encoding=UTF-8 -Dsun.stderr.encoding=UTF-8 
java_command: com.example.mfschain.MfsChainApplication
java_class_path (initial): C:\Users\hello\OneDrive\\Mfschain\dce-blockchain\MFSChain\target\classes;C:\Users\hello\.m2\repository\org\springframework\boot\spring-boot-starter-web\3.4.4\spring-boot-starter-web-3.4.4.jar;C:\Users\hello\.m2\repository\org\springframework\boot\spring-boot-starter\3.4.4\spring-boot-starter-3.4.4.jar;C:\Users\hello\.m2\repository\org\springframework\boot\spring-boot\3.4.4\spring-boot-3.4.4.jar;C:\Users\hello\.m2\repository\org\springframework\boot\spring-boot-autoconfigure\3.4.4\spring-boot-autoconfigure-3.4.4.jar;C:\Users\hello\.m2\repository\org\springframework\boot\spring-boot-starter-logging\3.4.4\spring-boot-starter-logging-3.4.4.jar;C:\Users\hello\.m2\repository\ch\qos\logback\logback-classic\1.5.18\logback-classic-1.5.18.jar;C:\Users\hello\.m2\repository\ch\qos\logback\logback-core\1.5.18\logback-core-1.5.18.jar;C:\Users\hello\.m2\repository\org\apache\logging\log4j\log4j-to-slf4j\2.24.3\log4j-to-slf4j-2.24.3.jar;C:\Users\hello\.m2\repository\org\apache\logging\log4j\log4j-api\2.24.3\log4j-api-2.24.3.jar;C:\Users\hello\.m2\repository\org\slf4j\jul-to-slf4j\2.0.17\jul-to-slf4j-2.0.17.jar;C:\Users\hello\.m2\repository\org\yaml\snakeyaml\2.3\snakeyaml-2.3.jar;C:\Users\hello\.m2\repository\org\springframework\boot\spring-boot-starter-json\3.4.4\spring-boot-starter-json-3.4.4.jar;C:\Users\hello\.m2\repository\com\fasterxml\jackson\datatype\jackson-datatype-jdk8\2.18.3\jackson-datatype-jdk8-2.18.3.jar;C:\Users\hello\.m2\repository\com\fasterxml\jackson\datatype\jackson-datatype-jsr310\2.18.3\jackson-datatype-jsr310-2.18.3.jar;C:\Users\hello\.m2\repository\com\fasterxml\jackson\module\jackson-module-parameter-names\2.18.3\jackson-module-parameter-names-2.18.3.jar;C:\Users\hello\.m2\repository\org\springframework\spring-web\6.2.5\spring-web-6.2.5.jar;C:\Users\hello\.m2\repository\org\springframework\spring-beans\6.2.5\spring-beans-6.2.5.jar;C:\Users\hello\.m2\repository\org\springframework\spring-webmvc\6.2.5\spring-webmvc-6.2.5.jar;C:\Users\hello\.m2\repository\org\springframework\spring-aop\6.2.5\spring-aop-6.2.5.jar;C:\Users\hello\.m2\repository\org\springframework\spring-context\6.2.5\spring-context-6.2.5.jar;C:\Users\hello\.m2\repository\org\springframework\spring-expression\6.2.5\spring-expression-6.2.5.jar;C:\Users\hello\.m2\repository\org\springframework\boot\spring-boot-starter-websocket\3.4.4\spring-boot-starter-websocket-3.4.4.jar;C:\Users\hello\.m2\repository\org\springframework\spring-messaging\6.2.5\spring-messaging-6.2.5.jar;C:\Users\hello\.m2\repository\org\springframework\spring-websocket\6.2.5\spring-websocket-6.2.5.jar;C:\Users\hello\.m2\repository\com\fasterxml\jackson\core\jackson-databind\2.18.3\jackson-databind-2.18.3.jar;C:\Users\hello\.m2\repository\com\fasterxml\jackson\core\jackson-annotations\2.18.3\jackson-annotations-2.18.3.jar;C:\Users\hello\.m2\repository\com\fasterxml\jackson\core\jackson-core\2.18.3\jackson-core-2.18.3.jar;C:\Users\hello\.m2\repository\org\slf4j\slf4j-api\2.0.17\slf4j-api-2.0.17.jar;C:\Users\hello\.m2\repository\jakarta\xml\bind\jakarta.xml.bind-api\4.0.2\jakarta.xml.bind-api-4.0.2.jar;C:\Users\hello\.m2\repository\jakarta\activation\jakarta.activation-api\2.1.3\jakarta.activation-api-2.1.3.jar;C:\Users\hello\.m2\repository\net\bytebuddy\byte-buddy\1.15.11\byte-buddy-1.15.11.jar;C:\Users\hello\.m2\repository\org\springframework\spring-core\6.2.5\spring-core-6.2.5.jar;C:\Users\hello\.m2\repository\org\springframework\spring-jcl\6.2.5\spring-jcl-6.2.5.jar;C:\Users\hello\.m2\repository\org\projectlombok\lombok\1.18.38\lombok-1.18.38.jar;C:\Users\hello\.m2\repository\org\springframework\boot\spring-boot-starter-data-jpa\3.4.4\spring-boot-starter-data-jpa-3.4.4.jar;C:\Users\hello\.m2\repository\org\springframework\boot\spring-boot-starter-jdbc\3.4.4\spring-boot-starter-jdbc-3.4.4.jar;C:\Users\hello\.m2\repository\com\zaxxer\HikariCP\5.1.0\HikariCP-5.1.0.jar;C:\Users\hello\.m2\repository\org\springframework\spring-jdbc\6.2.5\spring-jdbc-6.2.5.jar;C:\Users\hello\.m2\repository\org\hibernate\orm\hibernate-core\6.6.11.Final\hibernate-core-6.6.11.Final.jar;C:\Users\hello\.m2\repository\jakarta\persistence\jakarta.persistence-api\3.1.0\jakarta.persistence-api-3.1.0.jar;C:\Users\hello\.m2\repository\jakarta\transaction\jakarta.transaction-api\2.0.1\jakarta.transaction-api-2.0.1.jar;C:\Users\hello\.m2\repository\org\jboss\logging\jboss-logging\3.6.1.Final\jboss-logging-3.6.1.Final.jar;C:\Users\hello\.m2\repository\org\hibernate\common\hibernate-commons-annotations\7.0.3.Final\hibernate-commons-annotations-7.0.3.Final.jar;C:\Users\hello\.m2\repository\io\smallrye\jandex\3.2.0\jandex-3.2.0.jar;C:\Users\hello\.m2\repository\com\fasterxml\classmate\1.7.0\classmate-1.7.0.jar;C:\Users\hello\.m2\repository\org\glassfish\jaxb\jaxb-runtime\4.0.5\jaxb-runtime-4.0.5.jar;C:\Users\hello\.m2\repository\org\glassfish\jaxb\jaxb-core\4.0.5\jaxb-core-4.0.5.jar;C:\Users\hello\.m2\repository\org\eclipse\angus\angus-activation\2.0.2\angus-activation-2.0.2.jar;C:\Users\hello\.m2\repository\org\glassfish\jaxb\txw2\4.0.5\txw2-4.0.5.jar;C:\Users\hello\.m2\repository\com\sun\istack\istack-commons-runtime\4.1.2\istack-commons-runtime-4.1.2.jar;C:\Users\hello\.m2\repository\jakarta\inject\jakarta.inject-api\2.0.1\jakarta.inject-api-2.0.1.jar;C:\Users\hello\.m2\repository\org\antlr\antlr4-runtime\4.13.0\antlr4-runtime-4.13.0.jar;C:\Users\hello\.m2\repository\org\springframework\data\spring-data-jpa\3.4.4\spring-data-jpa-3.4.4.jar;C:\Users\hello\.m2\repository\org\springframework\data\spring-data-commons\3.4.4\spring-data-commons-3.4.4.jar;C:\Users\hello\.m2\repository\org\springframework\spring-orm\6.2.5\spring-orm-6.2.5.jar;C:\Users\hello\.m2\repository\org\springframework\spring-tx\6.2.5\spring-tx-6.2.5.jar;C:\Users\hello\.m2\repository\org\springframework\spring-aspects\6.2.5\spring-aspects-6.2.5.jar;C:\Users\hello\.m2\repository\org\aspectj\aspectjweaver\1.9.23\aspectjweaver-1.9.23.jar;C:\Users\hello\.m2\repository\mysql\mysql-connector-java\8.0.11\mysql-connector-java-8.0.11.jar;C:\Users\hello\.m2\repository\com\google\protobuf\protobuf-java\2.6.0\protobuf-java-2.6.0.jar;C:\Users\hello\.m2\repository\com\h2database\h2\2.3.232\h2-2.3.232.jar;C:\Users\hello\.m2\repository\org\javassist\javassist\3.23.1-GA\javassist-3.23.1-GA.jar;C:\Users\hello\.m2\repository\javax\persistence\persistence-api\1.0\persistence-api-1.0.jar;C:\Users\hello\.m2\repository\org\springframework\boot\spring-boot-starter-tomcat\3.4.4\spring-boot-starter-tomcat-3.4.4.jar;C:\Users\hello\.m2\repository\jakarta\annotation\jakarta.annotation-api\2.1.1\jakarta.annotation-api-2.1.1.jar;C:\Users\hello\.m2\repository\org\apache\tomcat\embed\tomcat-embed-core\10.1.39\tomcat-embed-core-10.1.39.jar;C:\Users\hello\.m2\repository\org\apache\tomcat\embed\tomcat-embed-el\10.1.39\tomcat-embed-el-10.1.39.jar;C:\Users\hello\.m2\repository\org\apache\tomcat\embed\tomcat-embed-websocket\10.1.39\tomcat-embed-websocket-10.1.39.jar;C:\Users\hello\.m2\repository\org\springframework\boot\spring-boot-starter-thymeleaf\3.4.4\spring-boot-starter-thymeleaf-3.4.4.jar;C:\Users\hello\.m2\repository\org\thymeleaf\thymeleaf-spring6\3.1.3.RELEASE\thymeleaf-spring6-3.1.3.RELEASE.jar;C:\Users\hello\.m2\repository\org\thymeleaf\thymeleaf\3.1.3.RELEASE\thymeleaf-3.1.3.RELEASE.jar;C:\Users\hello\.m2\repository\org\attoparser\attoparser\2.0.7.RELEASE\attoparser-2.0.7.RELEASE.jar;C:\Users\hello\.m2\repository\org\unbescape\unbescape\1.1.6.RELEASE\unbescape-1.1.6.RELEASE.jar;C:\Users\hello\.m2\repository\org\json\json\20160810\json-20160810.jar;C:\Users\hello\.m2\repository\org\springframework\boot\spring-boot-starter-actuator\3.4.4\spring-boot-starter-actuator-3.4.4.jar;C:\Users\hello\.m2\repository\org\springframework\boot\spring-boot-actuator-autoconfigure\3.4.4\spring-boot-actuator-autoconfigure-3.4.4.jar;C:\Users\hello\.m2\repository\org\springframework\boot\spring-boot-actuator\3.4.4\spring-boot-actuator-3.4.4.jar;C:\Users\hello\.m2\repository\io\micrometer\micrometer-observation\1.14.5\micrometer-observation-1.14.5.jar;C:\Users\hello\.m2\repository\io\micrometer\micrometer-commons\1.14.5\micrometer-commons-1.14.5.jar;C:\Users\hello\.m2\repository\io\micrometer\micrometer-jakarta9\1.14.5\micrometer-jakarta9-1.14.5.jar;C:\Users\hello\.m2\repository\io\micrometer\micrometer-core\1.14.5\micrometer-core-1.14.5.jar;C:\Users\hello\.m2\repository\org\hdrhistogram\HdrHistogram\2.2.2\HdrHistogram-2.2.2.jar;C:\Users\hello\.m2\repository\org\latencyutils\LatencyUtils\2.0.3\LatencyUtils-2.0.3.jar;C:\Program Files\JetBrains\IntelliJ IDEA 2024.3.5\lib\idea_rt.jar
Launcher Type: SUN_STANDARD

[Global flags]
     intx CICompilerCount                          = 12                                        {product} {ergonomic}
     uint ConcGCThreads                            = 3                                         {product} {ergonomic}
     uint G1ConcRefinementThreads                  = 13                                        {product} {ergonomic}
   size_t G1HeapRegionSize                         = 2097152                                   {product} {ergonomic}
   size_t InitialHeapSize                          = 266338304                                 {product} {ergonomic}
     bool ManagementServer                         = true                                      {product} {command line}
   size_t MarkStackSize                            = 4194304                                   {product} {ergonomic}
   size_t MarkStackSizeMax                         = 536870912                                 {product} {ergonomic}
   size_t MaxHeapSize                              = 4234149888                                {product} {ergonomic}
   size_t MaxNewSize                               = 2539651072                                {product} {ergonomic}
   size_t MinHeapDeltaBytes                        = 2097152                                   {product} {ergonomic}
   size_t MinHeapSize                              = 8388608                                   {product} {ergonomic}
    uintx NonNMethodCodeHeapSize                   = 4096                                   {pd product} {ergonomic}
    uintx NonProfiledCodeHeapSize                  = 0                                      {pd product} {ergonomic}
     bool ProfileInterpreter                       = false                                  {pd product} {command line}
    uintx ProfiledCodeHeapSize                     = 0                                      {pd product} {ergonomic}
   size_t SoftMaxHeapSize                          = 4234149888                             {manageable} {ergonomic}
     intx TieredStopAtLevel                        = 1                                         {product} {command line}
     bool UseCompressedOops                        = true                           {product lp64_product} {ergonomic}
     bool UseG1GC                                  = true                                      {product} {ergonomic}
     bool UseLargePagesIndividualAllocation        = false                                  {pd product} {ergonomic}

Logging:
Log output configuration:
 #0: stdout all=warning uptime,level,tags foldmultilines=false
 #1: stderr all=off uptime,level,tags foldmultilines=false

Environment Variables:
PATH=C:\WINDOWS\system32;C:\WINDOWS;C:\WINDOWS\System32\Wbem;C:\WINDOWS\System32\WindowsPowerShell\v1.0\;C:\WINDOWS\System32\OpenSSH\;C:\Program Files\dotnet\;C:\Program Files (x86)\NVIDIA Corporation\PhysX\Common;C:\Program Files\Docker\Docker\resources\bin;C:\Program Files\Git\cmd;C:\Users\hello\AppData\Local\Microsoft\WindowsApps;C:\Users\hello\AppData\Local\Programs\Microsoft VS Code\bin
USERNAME=hello
OS=Windows_NT
PROCESSOR_IDENTIFIER=Intel64 Family 6 Model 165 Stepping 2, GenuineIntel
TMP=C:\Users\hello\AppData\Local\Temp
TEMP=C:\Users\hello\AppData\Local\Temp




Periodic native trim disabled

---------------  S Y S T E M  ---------------

OS:
 Windows 11 , 64 bit Build 26100 (10.0.26100.3775)
OS uptime: 0 days 12:06 hours
Hyper-V role detected

CPU: total 16 (initial active 16) (8 cores per cpu, 2 threads per core) family 6 model 165 stepping 2 microcode 0x100, cx8, cmov, fxsr, ht, mmx, 3dnowpref, sse, sse2, sse3, ssse3, sse4.1, sse4.2, popcnt, lzcnt, tsc, tscinvbit, avx, avx2, aes, erms, clmul, bmi1, bmi2, adx, fma, vzeroupper, clflush, clflushopt, hv, rdtscp, f16c
Processor Information for the first 16 processors :
  Max Mhz: 2208, Current Mhz: 2208, Mhz Limit: 2208

Memory: 4k page, system-wide physical 16144M (1265M free)
TotalPageFile size 32016M (AvailPageFile size 5184M)
current process WorkingSet (physical memory assigned to process): 331M, peak: 331M
current process commit charge ("private bytes"): 406M, peak: 418M

vm_info: OpenJDK 64-Bit Server VM (24+36-3646) for windows-amd64 JRE (24+36-3646), built on 2025-02-06T00:20:43Z with MS VC++ 17.6 (VS2022)

END.
