[09-05|08:15:34.053] INFO <P Chain> platformvm/vm.go:113 using VM execution config {"config": {"network":{"max-validator-set-staleness":60000000000,"target-gossip-size":20480,"push-gossip-percent-stake":0.9,"push-gossip-num-validators":100,"push-gossip-num-peers":0,"push-regossip-num-validators":10,"push-regossip-num-peers":0,"push-gossip-discarded-cache-size":16384,"push-gossip-max-regossip-frequency":30000000000,"push-gossip-frequency":500000000,"pull-gossip-poll-size":1,"pull-gossip-frequency":1500000000,"pull-gossip-throttling-period":10000000000,"pull-gossip-throttling-limit":2,"expected-bloom-filter-elements":8192,"expected-bloom-filter-false-positive-probability":0.01,"max-bloom-filter-false-positive-probability":0.05},"block-cache-size":67108864,"tx-cache-size":134217728,"transformed-subnet-tx-cache-size":4194304,"reward-utxos-cache-size":2048,"chain-cache-size":2048,"chain-db-cache-size":2048,"block-id-cache-size":8192,"fx-owner-cache-size":4194304,"subnet-manager-cache-size":4194304,"checksums-enabled":false,"mempool-prune-frequency":1800000000000}}
[09-05|08:15:34.077] INFO <P Chain> platformvm/vm.go:224 initializing last accepted {"blkID": "2ACQo7Mgm9ZEpU5jRzpWwihDdNA1pXidiQZWT6oc1PbXkCLBpd"}
[09-05|08:15:34.079] INFO <P Chain> state/state.go:2413 starting block reindexing
[09-05|08:15:34.080] INFO <P Chain> proposervm/vm.go:211 initialized proposervm {"state": "before fork"}
[09-05|08:15:34.081] INFO <P Chain> snowman/engine.go:93 initializing consensus engine
[09-05|08:15:34.082] INFO <P Chain> state/state.go:2518 finished block reindexing {"numIndicesUpdated": 0, "numIndicesChecked": 1, "duration": "3.264792ms"}
[09-05|08:15:34.085] INFO <P Chain> bootstrap/bootstrapper.go:170 starting bootstrapper {"lastAcceptedID": "2ACQo7Mgm9ZEpU5jRzpWwihDdNA1pXidiQZWT6oc1PbXkCLBpd", "lastAcceptedHeight": 0}
[09-05|08:15:34.146] INFO <P Chain> bootstrap/bootstrapper.go:375 starting to fetch blocks {"numKnownBlocks": 0, "numAcceptedBlocks": 1, "numMissingBlocks": 1}
[09-05|08:15:34.146] INFO <P Chain> bootstrap/storage.go:195 executing blocks {"numToExecute": 0}
[09-05|08:15:34.146] INFO <P Chain> bootstrap/storage.go:187 executed blocks {"numExecuted": 0, "numToExecute": 0, "halted": false, "duration": "126.458µs"}
[09-05|08:15:34.146] INFO <P Chain> bootstrap/bootstrapper.go:702 waiting for the remaining chains in this subnet to finish syncing
[09-05|08:15:36.184] INFO <P Chain> snowman/engine.go:513 starting consensus {"lastAcceptedID": "2ACQo7Mgm9ZEpU5jRzpWwihDdNA1pXidiQZWT6oc1PbXkCLBpd", "lastAcceptedHeight": 0}
[09-05|08:15:36.185] INFO <P Chain> validators/logger.go:50 node added to validator set {"subnetID": "11111111111111111111111111111111LpoYY", "nodeID": "NodeID-GWPcbFJZFfZreETSoWjPimr846mXEKCtu", "publicKey": "0xb43f74196c2b9e9980f815a99288ef76166b42e93663dcbce3526f9652cdb58b31a3d68798b08fb9806024620ca1d6cd", "txID": "zwvZoWh72MhAs4QzZ6ZuwoVcokbYocVNGi42LSirNXg2jUt83", "weight": 2000000000000000}
[09-05|08:16:24.039] INFO <P Chain> proposervm/block.go:271 built block {"blkID": "2P5QpNuUgCN6bfn7KWYaEeRdnNbxBv2fRTub7vt7nWiopxHFuN", "innerBlkID": "2WDWY81uEwDxv8Cv7Y8XoC8uAiAf1CywcEkK3ofkxrA3PyrvEz", "height": 5, "pChainHeight": 0, "parentTimestamp": "[09-05|08:16:23.000]", "blockTimestamp": "[09-05|08:16:24.000]"}
[09-05|08:16:25.033] INFO <P Chain> proposervm/block.go:271 built block {"blkID": "2Z4xty7GFndfv8p8BzvPBfWEgdtL3q9qno5grRncBxDB4sK49U", "innerBlkID": "u5P2EvjrpDgw6oxvHUcG6rbhUzjEYWMuMDCEvWHBbKREBnwgZ", "height": 6, "pChainHeight": 0, "parentTimestamp": "[09-05|08:16:24.000]", "blockTimestamp": "[09-05|08:16:25.000]"}
[09-05|08:16:26.036] INFO <P Chain> proposervm/block.go:271 built block {"blkID": "Yg1x7wER8APFZGY6AJPX3YF5LggaGbb752yXiUcKuij9U5fMQ", "innerBlkID": "3w53S4KSf73DYTjEDELmbhr5JRePhfoz2Kn5KyWaNNgB4Gt1S", "height": 7, "pChainHeight": 0, "parentTimestamp": "[09-05|08:16:25.000]", "blockTimestamp": "[09-05|08:16:26.000]"}
[09-05|08:16:31.034] INFO <P Chain> proposervm/block.go:271 built block {"blkID": "2m5s6RpXkyjukV29BELUz6QBip245GR83zYw8z5rTtQrZaMHpM", "innerBlkID": "2gQ9ckYYMvnsqJyYoV9Hs3aEMTRbAvZsHd4LBjRmiBo7Fbj97S", "height": 12, "pChainHeight": 0, "parentTimestamp": "[09-05|08:16:30.000]", "blockTimestamp": "[09-05|08:16:31.000]"}
[09-05|08:16:37.034] INFO <P Chain> proposervm/block.go:271 built block {"blkID": "Mb2rZMBJKY3DJFTUtTKeCwKmgqPbEbpr7HrLALFZrGr51iLvW", "innerBlkID": "2EUq9F2HMNzZs4LWuS3Av4Akpk3ji7no27LyMHmsV7W5G5LmzU", "height": 18, "pChainHeight": 0, "parentTimestamp": "[09-05|08:16:36.000]", "blockTimestamp": "[09-05|08:16:37.000]"}
[09-05|08:16:38.035] INFO <P Chain> proposervm/block.go:271 built block {"blkID": "2dPVS5J2aRRMXh4f91mv4hbrC7wwR4TGna5BuUVHxhH77mH96q", "innerBlkID": "GPz6YydPY4Qj5dG5xqYeKiBPHajPhxQ1Y2W1iRkUnG5PPfUQj", "height": 19, "pChainHeight": 0, "parentTimestamp": "[09-05|08:16:37.000]", "blockTimestamp": "[09-05|08:16:38.000]"}
[09-05|08:16:40.024] INFO <P Chain> proposervm/block.go:271 built block {"blkID": "27a98eNfnp564XppQuQawJaLr57dxqJEXXNCkHVHVkfTDf18BT", "innerBlkID": "xeWjEHibTppU5ycXq84k12HjcTFtdrGMKGrMxcUry8aV2ZRtb", "height": 21, "pChainHeight": 0, "parentTimestamp": "[09-05|08:16:39.000]", "blockTimestamp": "[09-05|08:16:40.000]"}
[09-05|08:16:51.039] INFO <P Chain> proposervm/block.go:271 built block {"blkID": "oCviLqWu1MhnCtAjZXYXBEgkmqVc6cSyous6GAZZsDhuihK5f", "innerBlkID": "2oSfNJ2GVYyZZNwFYTfrzrRe5FWTkCcEk4Wuk6G2ESQVDiqPeF", "height": 32, "pChainHeight": 0, "parentTimestamp": "[09-05|08:16:50.000]", "blockTimestamp": "[09-05|08:16:51.000]"}
[09-05|08:16:54.033] INFO <P Chain> proposervm/block.go:271 built block {"blkID": "iqcxbsUtGcZKxyVtXV4xB2zG1TWAiLsw7kUGP4ay8H1ZCJAXX", "innerBlkID": "uemTmF2Z67DKL1pPhqd6BrCDcnag7o2wAvTRNFqRepycWLKyS", "height": 35, "pChainHeight": 0, "parentTimestamp": "[09-05|08:16:53.000]", "blockTimestamp": "[09-05|08:16:54.000]"}
[09-05|08:16:56.034] INFO <P Chain> proposervm/block.go:271 built block {"blkID": "3356A7V8Ldp3vmkEPXBmG37mFjdpAoqhqzMD7uhxS1AHvN3pe", "innerBlkID": "2pj2StNNPSfs1zUqot7YJ1aDoW6hwbfVr3NjZd4HLxftdp8G3H", "height": 37, "pChainHeight": 0, "parentTimestamp": "[09-05|08:16:55.000]", "blockTimestamp": "[09-05|08:16:56.000]"}
[09-05|08:16:57.035] INFO <P Chain> proposervm/block.go:271 built block {"blkID": "2cLhUqmzoFXY3aHxAwJThH252QSKCF8YqPqFu262N7TupGsAcy", "innerBlkID": "4g4hnmQ7amxwYCofwfdWM4u2EzwehPJGdhpbEZYgqMtDx5Zvj", "height": 38, "pChainHeight": 0, "parentTimestamp": "[09-05|08:16:56.000]", "blockTimestamp": "[09-05|08:16:57.000]"}
[09-05|08:17:00.025] INFO <P Chain> proposervm/block.go:271 built block {"blkID": "2WYduDHgks53MF6g8vz8Lte2gPN3WnJBtaNiB1u1hZxA6oNtZd", "innerBlkID": "2AFpmtUKvRDZpRuRVtmXrNpNfGS9XsSHpxXJiqxKXZzQWdg3Fw", "height": 41, "pChainHeight": 0, "parentTimestamp": "[09-05|08:16:59.000]", "blockTimestamp": "[09-05|08:17:00.000]"}
[09-05|08:17:13.031] INFO <P Chain> proposervm/block.go:271 built block {"blkID": "2ArM8Beox4Ym9R9jsgAnp9e7TQSjzNMdG3XT9vQPHuREFKy7AX", "innerBlkID": "MLbbtLiiNGzbuGgLZ8YNL9rDdApKCquipGYNLcmBEAKWsWdS2", "height": 54, "pChainHeight": 0, "parentTimestamp": "[09-05|08:17:12.000]", "blockTimestamp": "[09-05|08:17:13.000]"}
[09-05|08:17:14.024] INFO <P Chain> proposervm/block.go:271 built block {"blkID": "255WBR4xAjSakZ1YhkWZMKbQ6tA2yhqCwefP5ba6UJzAmLaRMR", "innerBlkID": "2MYRkjVH17agu61LXYcgTsuvPhZEVP1bvxT2iu6ptR3MqtqUPF", "height": 55, "pChainHeight": 0, "parentTimestamp": "[09-05|08:17:13.000]", "blockTimestamp": "[09-05|08:17:14.000]"}
[09-05|08:17:19.032] INFO <P Chain> proposervm/block.go:271 built block {"blkID": "2wP4VghWa6vEGEw9QYSUNqRUZgmtQV2pJgJFiAEekZJBCWkXUi", "innerBlkID": "257MTwp69MxJxj2vh6wYSSKtMaApL26iaqxovNWtiQKCHdaqXq", "height": 60, "pChainHeight": 0, "parentTimestamp": "[09-05|08:17:18.000]", "blockTimestamp": "[09-05|08:17:19.000]"}
[09-05|08:17:22.508] INFO <P Chain> snowman/engine.go:437 shutting down consensus engine
[09-05|08:17:22.510] INFO <P Chain> router/chain_router.go:383 chain shutdown {"shutdownDuration": "2.420458ms"}
[09-05|08:17:24.725] INFO <P Chain> platformvm/vm.go:113 using VM execution config {"config": {"network":{"max-validator-set-staleness":60000000000,"target-gossip-size":20480,"push-gossip-percent-stake":0.9,"push-gossip-num-validators":100,"push-gossip-num-peers":0,"push-regossip-num-validators":10,"push-regossip-num-peers":0,"push-gossip-discarded-cache-size":16384,"push-gossip-max-regossip-frequency":30000000000,"push-gossip-frequency":500000000,"pull-gossip-poll-size":1,"pull-gossip-frequency":1500000000,"pull-gossip-throttling-period":10000000000,"pull-gossip-throttling-limit":2,"expected-bloom-filter-elements":8192,"expected-bloom-filter-false-positive-probability":0.01,"max-bloom-filter-false-positive-probability":0.05},"block-cache-size":67108864,"tx-cache-size":134217728,"transformed-subnet-tx-cache-size":4194304,"reward-utxos-cache-size":2048,"chain-cache-size":2048,"chain-db-cache-size":2048,"block-id-cache-size":8192,"fx-owner-cache-size":4194304,"subnet-manager-cache-size":4194304,"checksums-enabled":false,"mempool-prune-frequency":1800000000000}}
[09-05|08:17:24.742] INFO <P Chain> platformvm/vm.go:224 initializing last accepted {"blkID": "257MTwp69MxJxj2vh6wYSSKtMaApL26iaqxovNWtiQKCHdaqXq"}
[09-05|08:17:24.742] INFO <P Chain> state/state.go:2398 blocks already reindexed
[09-05|08:17:24.743] INFO <P Chain> proposervm/vm.go:205 initialized proposervm {"state": "after fork", "forkHeight": 1, "lastAcceptedHeight": 60}
[09-05|08:17:24.744] INFO <P Chain> snowman/engine.go:93 initializing consensus engine
[09-05|08:17:24.747] INFO <P Chain> bootstrap/bootstrapper.go:170 starting bootstrapper {"lastAcceptedID": "2wP4VghWa6vEGEw9QYSUNqRUZgmtQV2pJgJFiAEekZJBCWkXUi", "lastAcceptedHeight": 60}
[09-05|08:17:29.811] INFO <P Chain> bootstrap/bootstrapper.go:375 starting to fetch blocks {"numKnownBlocks": 0, "numAcceptedBlocks": 1, "numMissingBlocks": 1}
[09-05|08:17:29.813] INFO <P Chain> bootstrap/storage.go:195 executing blocks {"numToExecute": 0}
[09-05|08:17:29.813] INFO <P Chain> bootstrap/storage.go:187 executed blocks {"numExecuted": 0, "numToExecute": 0, "halted": false, "duration": "254.041µs"}
[09-05|08:17:29.814] INFO <P Chain> bootstrap/bootstrapper.go:702 waiting for the remaining chains in this subnet to finish syncing
[09-05|08:17:29.862] INFO <P Chain> snowman/engine.go:513 starting consensus {"lastAcceptedID": "2wP4VghWa6vEGEw9QYSUNqRUZgmtQV2pJgJFiAEekZJBCWkXUi", "lastAcceptedHeight": 60}
[09-05|08:17:29.863] INFO <P Chain> validators/logger.go:50 node added to validator set {"subnetID": "11111111111111111111111111111111LpoYY", "nodeID": "NodeID-GWPcbFJZFfZreETSoWjPimr846mXEKCtu", "publicKey": "0xb43f74196c2b9e9980f815a99288ef76166b42e93663dcbce3526f9652cdb58b31a3d68798b08fb9806024620ca1d6cd", "txID": "zwvZoWh72MhAs4QzZ6ZuwoVcokbYocVNGi42LSirNXg2jUt83", "weight": 2000000000000000}
[09-05|08:17:29.863] INFO <P Chain> validators/logger.go:50 node added to validator set {"subnetID": "2AKbBT8jFUfUsUJ2hhRiDUnAAajJdNhTKeNgEe3q77spMj1N8F", "nodeID": "NodeID-GWPcbFJZFfZreETSoWjPimr846mXEKCtu", "publicKey": null, "txID": "2RnsA9ndsmAyEXHqNJRHtQyMt24HUumx5GjNqSnPcZ4xmeqhX7", "weight": 1000}
[09-05|08:17:29.863] INFO <P Chain> validators/logger.go:50 node added to validator set {"subnetID": "2VoVDitz4SX5Q4QgPZ9Byw3yZoGjf6hCqJB3AGerQTELFhJTne", "nodeID": "NodeID-GWPcbFJZFfZreETSoWjPimr846mXEKCtu", "publicKey": null, "txID": "RfK3uCXPJPUHNmpsBn9D5rju9vq4cj5VMGGnsQDaf24LkMerW", "weight": 1000}
[09-05|08:17:29.863] INFO <P Chain> validators/logger.go:50 node added to validator set {"subnetID": "2XAE7zqeF6zXg49DToaKcmWNk82KP9XW2BaNSu4KJgrvDDADBi", "nodeID": "NodeID-GWPcbFJZFfZreETSoWjPimr846mXEKCtu", "publicKey": null, "txID": "EB8x4BNnp3frhCcyZ4rbYcXPfRETWzem1gZfG9a2sV9ENSuEr", "weight": 1000}
[09-05|08:17:29.863] INFO <P Chain> validators/logger.go:50 node added to validator set {"subnetID": "2fzAQUaqigEnxFBshUwX9SFDQJWSpwkbeK9QChPBerY9rHpJAq", "nodeID": "NodeID-GWPcbFJZFfZreETSoWjPimr846mXEKCtu", "publicKey": null, "txID": "2UZhpdXM39cGJ8sifZfaqe8xFcaCXP1nGrjTtNGRufWHDKvDZZ", "weight": 1000}
[09-05|08:17:29.863] INFO <P Chain> validators/logger.go:50 node added to validator set {"subnetID": "2hKZdtWvgT3Vv61HmEGtrPDfhK3my453WCxihdZ9VABFx7Ymnn", "nodeID": "NodeID-GWPcbFJZFfZreETSoWjPimr846mXEKCtu", "publicKey": null, "txID": "oSFkUAXZAPsQfxzedT7DEd6CF5i2bsW3GfHVdv8ZjGvyZ4jjK", "weight": 1000}
[09-05|08:17:29.863] INFO <P Chain> validators/logger.go:50 node added to validator set {"subnetID": "2KhsQJhH3VqS7WWMreodAAHpGfGCUNuGQDSaP2vUT29p1HELBV", "nodeID": "NodeID-GWPcbFJZFfZreETSoWjPimr846mXEKCtu", "publicKey": null, "txID": "LGoGMzmVD9CAFpGEW9aRBqnzh2TULmE1HH2KcGK6F25puALor", "weight": 1000}
[09-05|08:17:29.863] INFO <P Chain> validators/logger.go:50 node added to validator set {"subnetID": "2STpMLkdZQmgqYNoR4EvKLxx9n21sdMYCbmLqi3G6Rt4Ys8SBZ", "nodeID": "NodeID-GWPcbFJZFfZreETSoWjPimr846mXEKCtu", "publicKey": null, "txID": "2qgoG9jSE16VSVCVmtS7So1LMywYRGHvkKjJ5mZWrGQ3TNFmXy", "weight": 1000}
[09-05|08:17:29.863] INFO <P Chain> validators/logger.go:50 node added to validator set {"subnetID": "2qCBYBymAdCag6uLRwj2jSFsfuKsQBoGWrH2xkvDVz86giGPpW", "nodeID": "NodeID-GWPcbFJZFfZreETSoWjPimr846mXEKCtu", "publicKey": null, "txID": "yjxgVACbGTM7XDLU7JXKudhREy8V225zeD5PViPheEu3woust", "weight": 1000}
[09-05|08:17:29.863] INFO <P Chain> validators/logger.go:50 node added to validator set {"subnetID": "2r4pr33uUBQxkxJkVnFQjGjVToQnpQa6CVD3j7WyKuwNa76JpV", "nodeID": "NodeID-GWPcbFJZFfZreETSoWjPimr846mXEKCtu", "publicKey": null, "txID": "gXp1Fj8u4GQFvGBfxHZw6g5k4SbUoFAXJr1j8fudodnhmN6Xd", "weight": 1000}
[09-05|08:17:29.863] INFO <P Chain> validators/logger.go:50 node added to validator set {"subnetID": "MH6UtWKL5Lq9cKc65rahtLUUhdobY68YspyFrcquVEEgC4hUM", "nodeID": "NodeID-GWPcbFJZFfZreETSoWjPimr846mXEKCtu", "publicKey": null, "txID": "nsZetrQmu5UFJV25SGwbfPPYEybqwyksLY56Y9RV7UZL7mU9N", "weight": 1000}
[09-05|08:17:59.556] INFO <P Chain> snowman/engine.go:437 shutting down consensus engine
[09-05|08:17:59.557] INFO <P Chain> router/chain_router.go:383 chain shutdown {"shutdownDuration": "1.992ms"}
[09-07|07:45:26.972] INFO <P Chain> platformvm/vm.go:113 using VM execution config {"config": {"network":{"max-validator-set-staleness":60000000000,"target-gossip-size":20480,"push-gossip-percent-stake":0.9,"push-gossip-num-validators":100,"push-gossip-num-peers":0,"push-regossip-num-validators":10,"push-regossip-num-peers":0,"push-gossip-discarded-cache-size":16384,"push-gossip-max-regossip-frequency":30000000000,"push-gossip-frequency":500000000,"pull-gossip-poll-size":1,"pull-gossip-frequency":1500000000,"pull-gossip-throttling-period":10000000000,"pull-gossip-throttling-limit":2,"expected-bloom-filter-elements":8192,"expected-bloom-filter-false-positive-probability":0.01,"max-bloom-filter-false-positive-probability":0.05},"block-cache-size":67108864,"tx-cache-size":134217728,"transformed-subnet-tx-cache-size":4194304,"reward-utxos-cache-size":2048,"chain-cache-size":2048,"chain-db-cache-size":2048,"block-id-cache-size":8192,"fx-owner-cache-size":4194304,"subnet-manager-cache-size":4194304,"checksums-enabled":false,"mempool-prune-frequency":1800000000000}}
[09-07|07:45:26.997] INFO <P Chain> platformvm/vm.go:224 initializing last accepted {"blkID": "257MTwp69MxJxj2vh6wYSSKtMaApL26iaqxovNWtiQKCHdaqXq"}
[09-07|07:45:26.998] INFO <P Chain> proposervm/vm.go:205 initialized proposervm {"state": "after fork", "forkHeight": 1, "lastAcceptedHeight": 60}
[09-07|07:45:26.998] INFO <P Chain> snowman/engine.go:93 initializing consensus engine
[09-07|07:45:26.999] INFO <P Chain> bootstrap/bootstrapper.go:170 starting bootstrapper {"lastAcceptedID": "2wP4VghWa6vEGEw9QYSUNqRUZgmtQV2pJgJFiAEekZJBCWkXUi", "lastAcceptedHeight": 60}
[09-07|07:45:27.000] INFO <P Chain> state/state.go:2398 blocks already reindexed
[09-07|07:45:27.187] INFO <P Chain> bootstrap/bootstrapper.go:375 starting to fetch blocks {"numKnownBlocks": 0, "numAcceptedBlocks": 1, "numMissingBlocks": 1}
[09-07|07:45:27.187] INFO <P Chain> bootstrap/storage.go:195 executing blocks {"numToExecute": 0}
[09-07|07:45:27.187] INFO <P Chain> bootstrap/storage.go:187 executed blocks {"numExecuted": 0, "numToExecute": 0, "halted": false, "duration": "45.689µs"}
[09-07|07:45:27.187] INFO <P Chain> bootstrap/bootstrapper.go:702 waiting for the remaining chains in this subnet to finish syncing
[09-07|07:45:29.209] INFO <P Chain> snowman/engine.go:513 starting consensus {"lastAcceptedID": "2wP4VghWa6vEGEw9QYSUNqRUZgmtQV2pJgJFiAEekZJBCWkXUi", "lastAcceptedHeight": 60}
[09-07|07:45:29.209] INFO <P Chain> validators/logger.go:50 node added to validator set {"subnetID": "11111111111111111111111111111111LpoYY", "nodeID": "NodeID-GWPcbFJZFfZreETSoWjPimr846mXEKCtu", "publicKey": "0xb43f74196c2b9e9980f815a99288ef76166b42e93663dcbce3526f9652cdb58b31a3d68798b08fb9806024620ca1d6cd", "txID": "zwvZoWh72MhAs4QzZ6ZuwoVcokbYocVNGi42LSirNXg2jUt83", "weight": 2000000000000000}
[09-07|07:45:29.209] INFO <P Chain> validators/logger.go:50 node added to validator set {"subnetID": "2AKbBT8jFUfUsUJ2hhRiDUnAAajJdNhTKeNgEe3q77spMj1N8F", "nodeID": "NodeID-GWPcbFJZFfZreETSoWjPimr846mXEKCtu", "publicKey": null, "txID": "2RnsA9ndsmAyEXHqNJRHtQyMt24HUumx5GjNqSnPcZ4xmeqhX7", "weight": 1000}
[09-07|07:45:29.209] INFO <P Chain> validators/logger.go:50 node added to validator set {"subnetID": "2KhsQJhH3VqS7WWMreodAAHpGfGCUNuGQDSaP2vUT29p1HELBV", "nodeID": "NodeID-GWPcbFJZFfZreETSoWjPimr846mXEKCtu", "publicKey": null, "txID": "LGoGMzmVD9CAFpGEW9aRBqnzh2TULmE1HH2KcGK6F25puALor", "weight": 1000}
[09-07|07:45:29.209] INFO <P Chain> validators/logger.go:50 node added to validator set {"subnetID": "2VoVDitz4SX5Q4QgPZ9Byw3yZoGjf6hCqJB3AGerQTELFhJTne", "nodeID": "NodeID-GWPcbFJZFfZreETSoWjPimr846mXEKCtu", "publicKey": null, "txID": "RfK3uCXPJPUHNmpsBn9D5rju9vq4cj5VMGGnsQDaf24LkMerW", "weight": 1000}
[09-07|07:45:29.209] INFO <P Chain> validators/logger.go:50 node added to validator set {"subnetID": "2XAE7zqeF6zXg49DToaKcmWNk82KP9XW2BaNSu4KJgrvDDADBi", "nodeID": "NodeID-GWPcbFJZFfZreETSoWjPimr846mXEKCtu", "publicKey": null, "txID": "EB8x4BNnp3frhCcyZ4rbYcXPfRETWzem1gZfG9a2sV9ENSuEr", "weight": 1000}
[09-07|07:45:29.209] INFO <P Chain> validators/logger.go:50 node added to validator set {"subnetID": "2fzAQUaqigEnxFBshUwX9SFDQJWSpwkbeK9QChPBerY9rHpJAq", "nodeID": "NodeID-GWPcbFJZFfZreETSoWjPimr846mXEKCtu", "publicKey": null, "txID": "2UZhpdXM39cGJ8sifZfaqe8xFcaCXP1nGrjTtNGRufWHDKvDZZ", "weight": 1000}
[09-07|07:45:29.209] INFO <P Chain> validators/logger.go:50 node added to validator set {"subnetID": "2hKZdtWvgT3Vv61HmEGtrPDfhK3my453WCxihdZ9VABFx7Ymnn", "nodeID": "NodeID-GWPcbFJZFfZreETSoWjPimr846mXEKCtu", "publicKey": null, "txID": "oSFkUAXZAPsQfxzedT7DEd6CF5i2bsW3GfHVdv8ZjGvyZ4jjK", "weight": 1000}
[09-07|07:45:29.209] INFO <P Chain> validators/logger.go:50 node added to validator set {"subnetID": "2qCBYBymAdCag6uLRwj2jSFsfuKsQBoGWrH2xkvDVz86giGPpW", "nodeID": "NodeID-GWPcbFJZFfZreETSoWjPimr846mXEKCtu", "publicKey": null, "txID": "yjxgVACbGTM7XDLU7JXKudhREy8V225zeD5PViPheEu3woust", "weight": 1000}
[09-07|07:45:29.209] INFO <P Chain> validators/logger.go:50 node added to validator set {"subnetID": "2STpMLkdZQmgqYNoR4EvKLxx9n21sdMYCbmLqi3G6Rt4Ys8SBZ", "nodeID": "NodeID-GWPcbFJZFfZreETSoWjPimr846mXEKCtu", "publicKey": null, "txID": "2qgoG9jSE16VSVCVmtS7So1LMywYRGHvkKjJ5mZWrGQ3TNFmXy", "weight": 1000}
[09-07|07:45:29.209] INFO <P Chain> validators/logger.go:50 node added to validator set {"subnetID": "2r4pr33uUBQxkxJkVnFQjGjVToQnpQa6CVD3j7WyKuwNa76JpV", "nodeID": "NodeID-GWPcbFJZFfZreETSoWjPimr846mXEKCtu", "publicKey": null, "txID": "gXp1Fj8u4GQFvGBfxHZw6g5k4SbUoFAXJr1j8fudodnhmN6Xd", "weight": 1000}
[09-07|07:45:29.210] INFO <P Chain> validators/logger.go:50 node added to validator set {"subnetID": "MH6UtWKL5Lq9cKc65rahtLUUhdobY68YspyFrcquVEEgC4hUM", "nodeID": "NodeID-GWPcbFJZFfZreETSoWjPimr846mXEKCtu", "publicKey": null, "txID": "nsZetrQmu5UFJV25SGwbfPPYEybqwyksLY56Y9RV7UZL7mU9N", "weight": 1000}
[09-07|07:45:34.498] INFO <P Chain> proposervm/block.go:271 built block {"blkID": "nMgNeX9UBu5128obqKesQ74Boz4ZiKKGpQhp1aFdvjN5EmV81", "innerBlkID": "2gdEMMBx1nsdqaE8ZZJDSmHDL59RLx3WkfJKRtPmz5HJLpan4W", "height": 61, "pChainHeight": 60, "parentTimestamp": "[09-05|11:17:19.000]", "blockTimestamp": "[09-07|07:45:34.000]"}
